#
# There is insufficient memory for the Java Runtime Environment to continue.
# Native memory allocation (malloc) failed to allocate 131088 bytes for Chunk::new
# Possible reasons:
#   The system is out of physical RAM or swap space
#   In 32 bit mode, the process size limit was hit
# Possible solutions:
#   Reduce memory load on the system
#   Increase physical memory or swap space
#   Check if swap backing store is full
#   Use 64 bit Java on a 64 bit OS
#   Decrease Java heap size (-Xmx/-Xms)
#   Decrease number of Java threads
#   Decrease Java thread stack sizes (-Xss)
#   Set larger code cache with -XX:ReservedCodeCacheSize=
# This output file may be truncated or incomplete.
#
#  Out of Memory Error (allocation.cpp:323), pid=7604, tid=7344
#
# JRE version: Java(TM) SE Runtime Environment (7.0_79-b15) (build 1.7.0_79-b15)
# Java VM: Java HotSpot(TM) 64-Bit Server VM (24.79-b02 mixed mode windows-amd64 compressed oops)
# Failed to write core dump. Minidumps are not enabled by default on client versions of Windows
#

---------------  T H R E A D  ---------------

Current thread (0x000000000259d800):  JavaThread "C2 CompilerThread0" daemon [_thread_in_native, id=7344, stack(0x000000000ae90000,0x000000000af90000)]

Stack: [0x000000000ae90000,0x000000000af90000]
[error occurred during error reporting (printing stack bounds), id 0xc0000005]


Current CompileTask:
C2:   4170  354             com.android.dx.ssa.back.FirstFitLocalCombiningAllocator::handleNormalUnassociated (99 bytes)


---------------  P R O C E S S  ---------------

Java Threads: ( => current thread )
  0x000000000ab10000 JavaThread "pool-1-thread-4" [_thread_blocked, id=8160, stack(0x000000000b690000,0x000000000b790000)]
  0x000000000ab0d000 JavaThread "pool-1-thread-3" [_thread_blocked, id=7852, stack(0x000000000b590000,0x000000000b690000)]
  0x000000000ab0c800 JavaThread "pool-1-thread-2" [_thread_blocked, id=7832, stack(0x000000000b490000,0x000000000b590000)]
  0x000000000ab0b800 JavaThread "pool-2-thread-1" [_thread_blocked, id=6008, stack(0x000000000b390000,0x000000000b490000)]
  0x000000000ab08800 JavaThread "pool-1-thread-1" [_thread_blocked, id=6736, stack(0x000000000b290000,0x000000000b390000)]
  0x00000000025aa800 JavaThread "Service Thread" daemon [_thread_blocked, id=4020, stack(0x000000000b090000,0x000000000b190000)]
  0x00000000025a7800 JavaThread "C2 CompilerThread1" daemon [_thread_in_vm, id=3612, stack(0x000000000af90000,0x000000000b090000)]
=>0x000000000259d800 JavaThread "C2 CompilerThread0" daemon [_thread_in_native, id=7344, stack(0x000000000ae90000,0x000000000af90000)]
  0x000000000259d000 JavaThread "Attach Listener" daemon [_thread_blocked, id=2124, stack(0x000000000ad90000,0x000000000ae90000)]
  0x0000000002598000 JavaThread "Signal Dispatcher" daemon [_thread_blocked, id=7724, stack(0x000000000ac90000,0x000000000ad90000)]
  0x00000000088af800 JavaThread "Finalizer" daemon [_thread_blocked, id=5904, stack(0x000000000a790000,0x000000000a890000)]
  0x00000000088a9000 JavaThread "Reference Handler" daemon [_thread_blocked, id=7960, stack(0x000000000a690000,0x000000000a790000)]
  0x00000000024b0800 JavaThread "main" [_thread_blocked, id=5044, stack(0x00000000023b0000,0x00000000024b0000)]

Other Threads:
  0x00000000088a5800 VMThread [stack: 0x000000000a590000,0x000000000a690000] [id=5696]
  0x00000000025ae800 WatcherThread [stack: 0x000000000b190000,0x000000000b290000] [id=7292]

VM state:not at safepoint (normal execution)

VM Mutex/Monitor currently owned by a thread: None

Heap
 PSYoungGen      total 38400K, used 26905K [0x00000000eaa80000, 0x00000000ed500000, 0x0000000100000000)
  eden space 33280K, 65% used [0x00000000eaa80000,0x00000000ebfc7a90,0x00000000ecb00000)
  from space 5120K, 99% used [0x00000000ed000000,0x00000000ed4feaa8,0x00000000ed500000)
  to   space 5120K, 0% used [0x00000000ecb00000,0x00000000ecb00000,0x00000000ed000000)
 ParOldGen       total 86016K, used 7365K [0x00000000c0000000, 0x00000000c5400000, 0x00000000eaa80000)
  object space 86016K, 8% used [0x00000000c0000000,0x00000000c07316c8,0x00000000c5400000)
 PSPermGen       total 21504K, used 5801K [0x00000000bae00000, 0x00000000bc300000, 0x00000000c0000000)
  object space 21504K, 26% used [0x00000000bae00000,0x00000000bb3aa648,0x00000000bc300000)

Card table byte_map: [0x0000000005670000,0x00000000058a0000] byte_map_base: 0x0000000005099000

Polling page: 0x0000000000a70000

Code Cache  [0x00000000025b0000, 0x0000000002820000, 0x00000000055b0000)
 total_blobs=603 nmethods=366 adapters=189 free_code_cache=47533Kb largest_free_block=48652544

Compilation events (10 events):
Event: 3.996 Thread 0x00000000025a7800 nmethod 348 0x000000000273b390 code [0x000000000273b4e0, 0x000000000273b578]
Event: 3.996 Thread 0x00000000025a7800  350             com.android.dx.ssa.back.LivenessAnalyzer::coInterferePhis (128 bytes)
Event: 4.041 Thread 0x00000000025a7800 nmethod 350 0x000000000273b890 code [0x000000000273baa0, 0x000000000273cb88]
Event: 4.041 Thread 0x00000000025a7800  351             com.android.dx.util.IntList::<init> (6 bytes)
Event: 4.042 Thread 0x00000000025a7800 nmethod 351 0x000000000273b050 code [0x000000000273b1a0, 0x000000000273b2b8]
Event: 4.042 Thread 0x00000000025a7800  352             com.android.dx.util.BitIntSet::has (28 bytes)
Event: 4.043 Thread 0x00000000025a7800 nmethod 352 0x000000000273ad90 code [0x000000000273aec0, 0x000000000273af78]
Event: 4.043 Thread 0x00000000025a7800  353   !         com.android.dx.cf.cst.ConstantPoolParser::parse0 (731 bytes)
Event: 4.070 Thread 0x000000000259d800 nmethod 349 0x000000000273f3d0 code [0x000000000273f6a0, 0x00000000027411a0]
Event: 4.071 Thread 0x000000000259d800  354             com.android.dx.ssa.back.FirstFitLocalCombiningAllocator::handleNormalUnassociated (99 bytes)

GC Heap History (4 events):
Event: 1.753 GC heap before
{Heap before GC invocations=1 (full 0):
 PSYoungGen      total 38400K, used 33280K [0x00000000eaa80000, 0x00000000ed500000, 0x0000000100000000)
  eden space 33280K, 100% used [0x00000000eaa80000,0x00000000ecb00000,0x00000000ecb00000)
  from space 5120K, 0% used [0x00000000ed000000,0x00000000ed000000,0x00000000ed500000)
  to   space 5120K, 0% used [0x00000000ecb00000,0x00000000ecb00000,0x00000000ed000000)
 ParOldGen       total 86016K, used 0K [0x00000000c0000000, 0x00000000c5400000, 0x00000000eaa80000)
  object space 86016K, 0% used [0x00000000c0000000,0x00000000c0000000,0x00000000c5400000)
 PSPermGen       total 21504K, used 5731K [0x00000000bae00000, 0x00000000bc300000, 0x00000000c0000000)
  object space 21504K, 26% used [0x00000000bae00000,0x00000000bb398c10,0x00000000bc300000)
Event: 2.120 GC heap after
Heap after GC invocations=1 (full 0):
 PSYoungGen      total 38400K, used 5095K [0x00000000eaa80000, 0x00000000ed500000, 0x0000000100000000)
  eden space 33280K, 0% used [0x00000000eaa80000,0x00000000eaa80000,0x00000000ecb00000)
  from space 5120K, 99% used [0x00000000ecb00000,0x00000000ecff9c78,0x00000000ed000000)
  to   space 5120K, 0% used [0x00000000ed000000,0x00000000ed000000,0x00000000ed500000)
 ParOldGen       total 86016K, used 1847K [0x00000000c0000000, 0x00000000c5400000, 0x00000000eaa80000)
  object space 86016K, 2% used [0x00000000c0000000,0x00000000c01cdd78,0x00000000c5400000)
 PSPermGen       total 21504K, used 5731K [0x00000000bae00000, 0x00000000bc300000, 0x00000000c0000000)
  object space 21504K, 26% used [0x00000000bae00000,0x00000000bb398c10,0x00000000bc300000)
}
Event: 3.320 GC heap before
{Heap before GC invocations=2 (full 0):
 PSYoungGen      total 38400K, used 38375K [0x00000000eaa80000, 0x00000000ed500000, 0x0000000100000000)
  eden space 33280K, 100% used [0x00000000eaa80000,0x00000000ecb00000,0x00000000ecb00000)
  from space 5120K, 99% used [0x00000000ecb00000,0x00000000ecff9c78,0x00000000ed000000)
  to   space 5120K, 0% used [0x00000000ed000000,0x00000000ed000000,0x00000000ed500000)
 ParOldGen       total 86016K, used 1847K [0x00000000c0000000, 0x00000000c5400000, 0x00000000eaa80000)
  object space 86016K, 2% used [0x00000000c0000000,0x00000000c01cdd78,0x00000000c5400000)
 PSPermGen       total 21504K, used 5789K [0x00000000bae00000, 0x00000000bc300000, 0x00000000c0000000)
  object space 21504K, 26% used [0x00000000bae00000,0x00000000bb3a7600,0x00000000bc300000)
Event: 3.418 GC heap after
Heap after GC invocations=2 (full 0):
 PSYoungGen      total 38400K, used 5114K [0x00000000eaa80000, 0x00000000ed500000, 0x0000000100000000)
  eden space 33280K, 0% used [0x00000000eaa80000,0x00000000eaa80000,0x00000000ecb00000)
  from space 5120K, 99% used [0x00000000ed000000,0x00000000ed4feaa8,0x00000000ed500000)
  to   space 5120K, 0% used [0x00000000ecb00000,0x00000000ecb00000,0x00000000ed000000)
 ParOldGen       total 86016K, used 7365K [0x00000000c0000000, 0x00000000c5400000, 0x00000000eaa80000)
  object space 86016K, 8% used [0x00000000c0000000,0x00000000c07316c8,0x00000000c5400000)
 PSPermGen       total 21504K, used 5789K [0x00000000bae00000, 0x00000000bc300000, 0x00000000c0000000)
  object space 21504K, 26% used [0x00000000bae00000,0x00000000bb3a7600,0x00000000bc300000)
}

Deoptimization events (9 events):
Event: 1.033 Thread 0x000000000ab08800 Uncommon trap: reason=class_check action=maybe_recompile pc=0x0000000002629ef4 method=com.android.dx.ssa.NormalSsaInsn.accept(Lcom/android/dx/ssa/SsaInsn$Visitor;)V @ 9
Event: 1.079 Thread 0x00000000024b0800 Uncommon trap: reason=null_check action=make_not_entrant pc=0x000000000262c9c8 method=com.android.dx.rop.code.LocalItem.equals(Ljava/lang/Object;)Z @ 1
Event: 1.309 Thread 0x000000000ab10000 Uncommon trap: reason=unreached action=reinterpret pc=0x000000000262e604 method=com.android.dx.rop.cst.Constant.compareTo(Lcom/android/dx/rop/cst/Constant;)I @ 12
Event: 1.494 Thread 0x000000000ab08800 Uncommon trap: reason=unreached action=reinterpret pc=0x00000000026615e8 method=com.android.dx.ssa.SsaConverter.placePhiFunctions(Lcom/android/dx/ssa/SsaMethod;Lcom/android/dx/ssa/LocalVariableInfo;I)V @ 327
Event: 1.494 Thread 0x000000000ab08800 Uncommon trap: reason=unloaded action=reinterpret pc=0x0000000002668608 method=com.android.dx.ssa.SsaRenamer$BlockRenamer.visitMoveInsn(Lcom/android/dx/ssa/NormalSsaInsn;)V @ 208
Event: 1.502 Thread 0x000000000ab10000 Uncommon trap: reason=null_check action=make_not_entrant pc=0x000000000266dc58 method=com.android.dx.rop.code.RegisterSpec.equals(Ljava/lang/Object;)Z @ 1
Event: 3.194 Thread 0x000000000ab0d000 Uncommon trap: reason=null_check action=make_not_entrant pc=0x00000000026b5a70 method=com.android.dx.cf.code.Ropper$CatchInfo.getSetup(Lcom/android/dx/rop/type/Type;)Lcom/android/dx/cf/code/Ropper$ExceptionHandlerSetup; @ 10
Event: 3.229 Thread 0x000000000ab10000 Uncommon trap: reason=null_check action=make_not_entrant pc=0x00000000026246d0 method=com.android.dx.rop.type.Type.equals(Ljava/lang/Object;)Z @ 8
Event: 3.232 Thread 0x00000000024b0800 Uncommon trap: reason=null_check action=make_not_entrant pc=0x00000000026c1ac8 method=com.android.dx.rop.type.Type.putIntern(Lcom/android/dx/rop/type/Type;)Lcom/android/dx/rop/type/Type; @ 18

Internal exceptions (10 events):
Event: 1.096 Thread 0x00000000024b0800 Threw 0x00000000eb6a02a8 at C:\re\jdk7u79\2331\hotspot\src\share\vm\prims\jvm.cpp:1304
Event: 1.210 Thread 0x00000000024b0800 Threw 0x00000000eba17308 at C:\re\jdk7u79\2331\hotspot\src\share\vm\prims\jvm.cpp:1304
Event: 1.277 Thread 0x00000000024b0800 Threw 0x00000000ebb03828 at C:\re\jdk7u79\2331\hotspot\src\share\vm\prims\jvm.cpp:1304
Event: 1.278 Thread 0x00000000024b0800 Threw 0x00000000ebb0d7d8 at C:\re\jdk7u79\2331\hotspot\src\share\vm\prims\jvm.cpp:1304
Event: 1.279 Thread 0x00000000024b0800 Threw 0x00000000ebb0fc70 at C:\re\jdk7u79\2331\hotspot\src\share\vm\prims\jvm.cpp:1304
Event: 1.502 Thread 0x000000000ab10000 Implicit null exception at 0x000000000266d010 to 0x000000000266dc2d
Event: 3.194 Thread 0x000000000ab0d000 Implicit null exception at 0x00000000026b3a48 to 0x00000000026b5a65
Event: 3.229 Thread 0x000000000ab10000 Implicit null exception at 0x00000000026245d2 to 0x00000000026246c2
Event: 3.232 Thread 0x00000000024b0800 Implicit null exception at 0x00000000026c13e3 to 0x00000000026c1abd
Event: 3.810 Thread 0x000000000ab0d000 Threw 0x00000000eb8a17f0 at C:\re\jdk7u79\2331\hotspot\src\share\vm\prims\jvm.cpp:1304

Events (10 events):
Event: 3.229 Thread 0x000000000ab10000 Uncommon trap: trap_request=0xfffffff4 fr.pc=0x00000000026246d0
Event: 3.229 Thread 0x000000000ab10000 DEOPT PACKING pc=0x00000000026246d0 sp=0x000000000b78ee80
Event: 3.229 Thread 0x000000000ab10000 DEOPT UNPACKING pc=0x00000000025e75a4 sp=0x000000000b78ee18 mode 2
Event: 3.232 Thread 0x00000000024b0800 Uncommon trap: trap_request=0xfffffff4 fr.pc=0x00000000026c1ac8
Event: 3.232 Thread 0x00000000024b0800 DEOPT PACKING pc=0x00000000026c1ac8 sp=0x00000000024ae6a0
Event: 3.232 Thread 0x00000000024b0800 DEOPT UNPACKING pc=0x00000000025e75a4 sp=0x00000000024ae5c0 mode 2
Event: 3.320 Executing VM operation: ParallelGCFailedAllocation
Event: 3.418 Executing VM operation: ParallelGCFailedAllocation done
Event: 3.810 loading class 0x000000000ab06560
Event: 3.810 loading class 0x000000000ab06560 done


Dynamic libraries:
0x00007ff71bbd0000 - 0x00007ff71bc03000 	C:\Program Files\Java\jdk1.7.0_79\bin\java.exe
0x00007ff892520000 - 0x00007ff8926cc000 	C:\WINDOWS\SYSTEM32\ntdll.dll
0x00007ff88fdc0000 - 0x00007ff88fefe000 	C:\WINDOWS\system32\KERNEL32.DLL
0x00007ff88fa30000 - 0x00007ff88fb45000 	C:\WINDOWS\system32\KERNELBASE.dll
0x00007ff88e210000 - 0x00007ff88e29e000 	C:\WINDOWS\system32\apphelp.dll
0x00007ff879ed0000 - 0x00007ff879f23000 	C:\WINDOWS\AppPatch\AppPatch64\AcGenral.DLL
0x00007ff8916b0000 - 0x00007ff89175a000 	C:\WINDOWS\system32\msvcrt.dll
0x00007ff88f440000 - 0x00007ff88f46e000 	C:\WINDOWS\SYSTEM32\SspiCli.dll
0x00007ff8922a0000 - 0x00007ff8922f4000 	C:\WINDOWS\system32\SHLWAPI.dll
0x00007ff891430000 - 0x00007ff8915a7000 	C:\WINDOWS\system32\USER32.dll
0x00007ff891890000 - 0x00007ff891a24000 	C:\WINDOWS\system32\ole32.dll
0x00007ff88ff00000 - 0x00007ff891418000 	C:\WINDOWS\system32\SHELL32.dll
0x00007ff88ec10000 - 0x00007ff88ec31000 	C:\WINDOWS\SYSTEM32\USERENV.dll
0x00007ff891d80000 - 0x00007ff891e2a000 	C:\WINDOWS\system32\ADVAPI32.dll
0x00007ff887180000 - 0x00007ff88719e000 	C:\WINDOWS\SYSTEM32\MPR.dll
0x00007ff891a40000 - 0x00007ff891b81000 	C:\WINDOWS\system32\RPCRT4.dll
0x00007ff892240000 - 0x00007ff892299000 	C:\WINDOWS\SYSTEM32\sechost.dll
0x00007ff892010000 - 0x00007ff892221000 	C:\WINDOWS\SYSTEM32\combase.dll
0x00007ff88fba0000 - 0x00007ff88fcf1000 	C:\WINDOWS\system32\GDI32.dll
0x00007ff88f670000 - 0x00007ff88f685000 	C:\WINDOWS\SYSTEM32\profapi.dll
0x00007ff88dbe0000 - 0x00007ff88dc92000 	C:\WINDOWS\SYSTEM32\SHCORE.dll
0x00007ff8915b0000 - 0x00007ff8915e6000 	C:\WINDOWS\system32\IMM32.DLL
0x00007ff891bc0000 - 0x00007ff891d12000 	C:\WINDOWS\system32\MSCTF.dll
0x00007ff88c720000 - 0x00007ff88c99a000 	C:\WINDOWS\WinSxS\amd64_microsoft.windows.common-controls_6595b64144ccf1df_6.0.9600.17810_none_6240b9c7ecbd0bda\COMCTL32.dll
0x0000000076de0000 - 0x0000000076eb2000 	C:\Program Files\Java\jdk1.7.0_79\jre\bin\msvcr100.dll
0x0000000076060000 - 0x0000000076835000 	C:\Program Files\Java\jdk1.7.0_79\jre\bin\server\jvm.dll
0x00007ff8871a0000 - 0x00007ff8871a9000 	C:\WINDOWS\SYSTEM32\WSOCK32.dll
0x00007ff88a6f0000 - 0x00007ff88a712000 	C:\WINDOWS\SYSTEM32\WINMM.dll
0x00007ff891420000 - 0x00007ff891427000 	C:\WINDOWS\system32\PSAPI.DLL
0x00007ff891d20000 - 0x00007ff891d7a000 	C:\WINDOWS\system32\WS2_32.dll
0x00007ff88a6c0000 - 0x00007ff88a6ea000 	C:\WINDOWS\SYSTEM32\WINMMBASE.dll
0x00007ff891bb0000 - 0x00007ff891bb9000 	C:\WINDOWS\system32\NSI.dll
0x00007ff88fb50000 - 0x00007ff88fb9f000 	C:\WINDOWS\SYSTEM32\cfgmgr32.dll
0x00007ff88e460000 - 0x00007ff88e488000 	C:\WINDOWS\SYSTEM32\DEVOBJ.dll
0x0000000077570000 - 0x000000007757f000 	C:\Program Files\Java\jdk1.7.0_79\jre\bin\verify.dll
0x0000000077540000 - 0x0000000077568000 	C:\Program Files\Java\jdk1.7.0_79\jre\bin\java.dll
0x0000000077520000 - 0x0000000077535000 	C:\Program Files\Java\jdk1.7.0_79\jre\bin\zip.dll
0x0000000077500000 - 0x000000007751a000 	C:\Program Files\Java\jdk1.7.0_79\jre\bin\net.dll
0x00007ff88ee80000 - 0x00007ff88eed9000 	C:\WINDOWS\system32\mswsock.dll
0x00000000774e0000 - 0x00000000774f1000 	C:\Program Files\Java\jdk1.7.0_79\jre\bin\nio.dll

VM Arguments:
jvm_args: -Xmx1024M -Dfile.encoding=windows-1252 -Duser.country=AR -Duser.language=es -Duser.variant 
java_command: com.android.dx.command.Main --dex --num-threads=4 --output F:\Proyecto Transporte\Proyectos\AppBase\app\build\intermediates\pre-dexed\debug\classes-6ce2a97ac0f6d2c57f3c15e9765f1317c1ed417b.jar F:\Proyecto Transporte\Proyectos\AppBase\app\build\intermediates\exploded-aar\com.google.android.gms\play-services-base\7.5.0\jars\classes.jar
Launcher Type: SUN_STANDARD

Environment Variables:
PATH=C:\ProgramData\Oracle\Java\javapath;C:\Program Files (x86)\HP SimplePass\x64;C:\Program Files (x86)\HP SimplePass\;C:\Program Files (x86)\Intel\iCLS Client\;C:\Program Files\Intel\iCLS Client\;C:\WINDOWS\system32;C:\WINDOWS;C:\WINDOWS\System32\Wbem;C:\WINDOWS\System32\WindowsPowerShell\v1.0\;C:\Program Files (x86)\Intel\OpenCL SDK\2.0\bin\x86;C:\Program Files (x86)\Intel\OpenCL SDK\2.0\bin\x64;C:\Program Files\Intel\Intel(R) Management Engine Components\DAL;C:\Program Files\Intel\Intel(R) Management Engine Components\IPT;C:\Program Files (x86)\Intel\Intel(R) Management Engine Components\DAL;C:\Program Files (x86)\Intel\Intel(R) Management Engine Components\IPT;C:\Program Files\TortoiseSVN\bin;C:\Program Files (x86)\Skype\Phone\;C:\Program Files (x86)\Subversion\bin
USERNAME=soled_000
OS=Windows_NT
PROCESSOR_IDENTIFIER=Intel64 Family 6 Model 58 Stepping 9, GenuineIntel



---------------  S Y S T E M  ---------------

OS: Windows 8.1 , 64 bit Build 9600 

CPU:total 8 (4 cores per cpu, 2 threads per core) family 6 model 58 stepping 9, cmov, cx8, fxsr, mmx, sse, sse2, sse3, ssse3, sse4.1, sse4.2, popcnt, avx, aes, erms, ht, tsc, tscinvbit, tscinv

Memory: 4k page, physical 8280028k(2437780k free), swap 8280028k(10944k free)

vm_info: Java HotSpot(TM) 64-Bit Server VM (24.79-b02) for windows-amd64 JRE (1.7.0_79-b15), built on Apr 10 2015 12:36:16 by "java_re" with unknown MS VC++:1600

time: Tue Jun 30 12:08:32 2015
elapsed time: 4 seconds

