#
# There is insufficient memory for the Java Runtime Environment to continue.
# Native memory allocation (malloc) failed to allocate 590016 bytes for Chunk::new
# Possible reasons:
#   The system is out of physical RAM or swap space
#   In 32 bit mode, the process size limit was hit
# Possible solutions:
#   Reduce memory load on the system
#   Increase physical memory or swap space
#   Check if swap backing store is full
#   Use 64 bit Java on a 64 bit OS
#   Decrease Java heap size (-Xmx/-Xms)
#   Decrease number of Java threads
#   Decrease Java thread stack sizes (-Xss)
#   Set larger code cache with -XX:ReservedCodeCacheSize=
# This output file may be truncated or incomplete.
#
#  Out of Memory Error (allocation.cpp:323), pid=7580, tid=4968
#
# JRE version: Java(TM) SE Runtime Environment (7.0_79-b15) (build 1.7.0_79-b15)
# Java VM: Java HotSpot(TM) 64-Bit Server VM (24.79-b02 mixed mode windows-amd64 compressed oops)
# Failed to write core dump. Minidumps are not enabled by default on client versions of Windows
#

---------------  T H R E A D  ---------------

Current thread (0x0000000002297800):  JavaThread "C2 CompilerThread1" daemon [_thread_in_native, id=4968, stack(0x000000000ac70000,0x000000000ad70000)]

Stack: [0x000000000ac70000,0x000000000ad70000]
[error occurred during error reporting (printing stack bounds), id 0xc0000005]


[error occurred during error reporting (printing native stack), id 0xc0000005]


Current CompileTask:
C2:   4230  228             com.android.dx.ssa.back.IdenticalBlockCombiner::process (323 bytes)


---------------  P R O C E S S  ---------------

Java Threads: ( => current thread )
  0x000000000a80b000 JavaThread "pool-1-thread-4" [_thread_in_Java, id=8184, stack(0x000000000b370000,0x000000000b470000)]
  0x000000000a7f6800 JavaThread "pool-1-thread-3" [_thread_in_Java, id=1200, stack(0x000000000b270000,0x000000000b370000)]
  0x000000000a7f5800 JavaThread "pool-1-thread-2" [_thread_in_vm, id=2376, stack(0x000000000b170000,0x000000000b270000)]
  0x000000000a7f5000 JavaThread "pool-2-thread-1" [_thread_blocked, id=7100, stack(0x000000000b070000,0x000000000b170000)]
  0x000000000a74a000 JavaThread "pool-1-thread-1" [_thread_in_Java, id=8068, stack(0x000000000af70000,0x000000000b070000)]
  0x000000000229d800 JavaThread "Service Thread" daemon [_thread_blocked, id=7192, stack(0x000000000ad70000,0x000000000ae70000)]
=>0x0000000002297800 JavaThread "C2 CompilerThread1" daemon [_thread_in_native, id=4968, stack(0x000000000ac70000,0x000000000ad70000)]
  0x000000000228d800 JavaThread "C2 CompilerThread0" daemon [_thread_in_native, id=7516, stack(0x000000000ab70000,0x000000000ac70000)]
  0x000000000228d000 JavaThread "Attach Listener" daemon [_thread_blocked, id=7640, stack(0x000000000aa70000,0x000000000ab70000)]
  0x0000000002288000 JavaThread "Signal Dispatcher" daemon [_thread_blocked, id=7672, stack(0x000000000a970000,0x000000000aa70000)]
  0x000000000859f800 JavaThread "Finalizer" daemon [_thread_blocked, id=4660, stack(0x000000000a470000,0x000000000a570000)]
  0x0000000008599000 JavaThread "Reference Handler" daemon [_thread_blocked, id=2368, stack(0x000000000a370000,0x000000000a470000)]
  0x00000000021a0800 JavaThread "main" [_thread_in_Java, id=2408, stack(0x00000000020a0000,0x00000000021a0000)]

Other Threads:
  0x0000000008595800 VMThread [stack: 0x000000000a270000,0x000000000a370000] [id=6564]
  0x000000000a59d000 WatcherThread [stack: 0x000000000ae70000,0x000000000af70000] [id=1764]

VM state:not at safepoint (normal execution)

VM Mutex/Monitor currently owned by a thread: None

Heap
 PSYoungGen      total 38400K, used 29783K [0x00000000eaa80000, 0x00000000ed500000, 0x0000000100000000)
  eden space 33280K, 74% used [0x00000000eaa80000,0x00000000ec298768,0x00000000ecb00000)
  from space 5120K, 99% used [0x00000000ecb00000,0x00000000ecffd520,0x00000000ed000000)
  to   space 5120K, 0% used [0x00000000ed000000,0x00000000ed000000,0x00000000ed500000)
 ParOldGen       total 86016K, used 1468K [0x00000000c0000000, 0x00000000c5400000, 0x00000000eaa80000)
  object space 86016K, 1% used [0x00000000c0000000,0x00000000c016f1d8,0x00000000c5400000)
 PSPermGen       total 21504K, used 5773K [0x00000000bae00000, 0x00000000bc300000, 0x00000000c0000000)
  object space 21504K, 26% used [0x00000000bae00000,0x00000000bb3a34a0,0x00000000bc300000)

Card table byte_map: [0x0000000005360000,0x0000000005590000] byte_map_base: 0x0000000004d89000

Polling page: 0x0000000000a10000

Code Cache  [0x00000000022a0000, 0x0000000002510000, 0x00000000052a0000)
 total_blobs=464 nmethods=227 adapters=189 free_code_cache=48230Kb largest_free_block=49359104

Compilation events (10 events):
Event: 4.044 Thread 0x0000000002297800 nmethod 223 0x000000000237f910 code [0x000000000237fa40, 0x000000000237fa98]
Event: 4.044 Thread 0x0000000002297800  224             java.util.HashMap::<init> (9 bytes)
Event: 4.045 Thread 0x0000000002297800 nmethod 224 0x0000000002372210 code [0x0000000002372360, 0x0000000002372418]
Event: 4.045 Thread 0x0000000002297800  225             com.android.dx.ssa.SCCP::simulateBlock (54 bytes)
Event: 4.049 Thread 0x0000000002297800 nmethod 225 0x000000000237ec10 code [0x000000000237ed80, 0x000000000237efb8]
Event: 4.049 Thread 0x0000000002297800  226             com.android.dx.ssa.DeadCodeRemover::isCircularNoSideEffect (140 bytes)
Event: 4.115 Thread 0x0000000002297800 nmethod 226 0x0000000002386890 code [0x0000000002386ac0, 0x0000000002387b20]
Event: 4.115 Thread 0x0000000002297800  227             com.android.dx.rop.code.LocalVariableExtractor::processBlock (327 bytes)
Event: 4.166 Thread 0x0000000002297800 nmethod 227 0x0000000002389a10 code [0x0000000002389cc0, 0x000000000238b248]
Event: 4.166 Thread 0x0000000002297800  228             com.android.dx.ssa.back.IdenticalBlockCombiner::process (323 bytes)

GC Heap History (2 events):
Event: 3.273 GC heap before
{Heap before GC invocations=1 (full 0):
 PSYoungGen      total 38400K, used 33280K [0x00000000eaa80000, 0x00000000ed500000, 0x0000000100000000)
  eden space 33280K, 100% used [0x00000000eaa80000,0x00000000ecb00000,0x00000000ecb00000)
  from space 5120K, 0% used [0x00000000ed000000,0x00000000ed000000,0x00000000ed500000)
  to   space 5120K, 0% used [0x00000000ecb00000,0x00000000ecb00000,0x00000000ed000000)
 ParOldGen       total 86016K, used 0K [0x00000000c0000000, 0x00000000c5400000, 0x00000000eaa80000)
  object space 86016K, 0% used [0x00000000c0000000,0x00000000c0000000,0x00000000c5400000)
 PSPermGen       total 21504K, used 5724K [0x00000000bae00000, 0x00000000bc300000, 0x00000000c0000000)
  object space 21504K, 26% used [0x00000000bae00000,0x00000000bb3973f0,0x00000000bc300000)
Event: 3.408 GC heap after
Heap after GC invocations=1 (full 0):
 PSYoungGen      total 38400K, used 5109K [0x00000000eaa80000, 0x00000000ed500000, 0x0000000100000000)
  eden space 33280K, 0% used [0x00000000eaa80000,0x00000000eaa80000,0x00000000ecb00000)
  from space 5120K, 99% used [0x00000000ecb00000,0x00000000ecffd520,0x00000000ed000000)
  to   space 5120K, 0% used [0x00000000ed000000,0x00000000ed000000,0x00000000ed500000)
 ParOldGen       total 86016K, used 1468K [0x00000000c0000000, 0x00000000c5400000, 0x00000000eaa80000)
  object space 86016K, 1% used [0x00000000c0000000,0x00000000c016f1d8,0x00000000c5400000)
 PSPermGen       total 21504K, used 5724K [0x00000000bae00000, 0x00000000bc300000, 0x00000000c0000000)
  object space 21504K, 26% used [0x00000000bae00000,0x00000000bb3973f0,0x00000000bc300000)
}

Deoptimization events (8 events):
Event: 2.152 Thread 0x000000000a7f6800 Uncommon trap: reason=class_check action=maybe_recompile pc=0x00000000023109d8 method=com.android.dx.ssa.NormalSsaInsn.accept(Lcom/android/dx/ssa/SsaInsn$Visitor;)V @ 9
Event: 2.197 Thread 0x00000000021a0800 Uncommon trap: reason=null_check action=make_not_entrant pc=0x000000000231cd94 method=com.android.dx.rop.code.LocalItem.equals(Ljava/lang/Object;)Z @ 1
Event: 3.819 Thread 0x000000000a7f5800 Uncommon trap: reason=unreached action=reinterpret pc=0x000000000232e7c4 method=com.android.dx.rop.cst.Constant.compareTo(Lcom/android/dx/rop/cst/Constant;)I @ 12
Event: 4.005 Thread 0x00000000021a0800 Uncommon trap: reason=null_check action=make_not_entrant pc=0x000000000232d310 method=com.android.dx.rop.type.Type.equals(Ljava/lang/Object;)Z @ 8
Event: 4.013 Thread 0x00000000021a0800 Uncommon trap: reason=bimorphic action=maybe_recompile pc=0x000000000235c8a8 method=java.util.HashMap.put(Ljava/lang/Object;Ljava/lang/Object;)Ljava/lang/Object; @ 83
Event: 4.013 Thread 0x00000000021a0800 Uncommon trap: reason=bimorphic action=maybe_recompile pc=0x000000000235c8a8 method=java.util.HashMap.put(Ljava/lang/Object;Ljava/lang/Object;)Ljava/lang/Object; @ 83
Event: 4.047 Thread 0x00000000021a0800 Uncommon trap: reason=bimorphic action=maybe_recompile pc=0x000000000238301c method=com.android.dx.ssa.SCCP.simulatePhi(Lcom/android/dx/ssa/PhiInsn;)V @ 124
Event: 4.047 Thread 0x00000000021a0800 Uncommon trap: reason=bimorphic action=maybe_recompile pc=0x000000000235c8a8 method=java.util.HashMap.put(Ljava/lang/Object;Ljava/lang/Object;)Ljava/lang/Object; @ 83

Internal exceptions (10 events):
Event: 2.000 Thread 0x000000000a7f5800 Threw 0x00000000eb3aec60 at C:\re\jdk7u79\2331\hotspot\src\share\vm\prims\jvm.cpp:1304
Event: 2.050 Thread 0x000000000a7f6800 Threw 0x00000000eb21e5d8 at C:\re\jdk7u79\2331\hotspot\src\share\vm\prims\jvm.cpp:1304
Event: 2.072 Thread 0x000000000a7f6800 Threw 0x00000000eb2589b0 at C:\re\jdk7u79\2331\hotspot\src\share\vm\prims\jvm.cpp:1304
Event: 2.121 Thread 0x000000000a7f5800 Threw 0x00000000eb442b38 at C:\re\jdk7u79\2331\hotspot\src\share\vm\prims\jvm.cpp:1304
Event: 2.197 Thread 0x00000000021a0800 Implicit null exception at 0x000000000231ca21 to 0x000000000231cd79
Event: 2.237 Thread 0x00000000021a0800 Threw 0x00000000eb73f290 at C:\re\jdk7u79\2331\hotspot\src\share\vm\prims\jvm.cpp:1304
Event: 2.239 Thread 0x00000000021a0800 Threw 0x00000000eb749240 at C:\re\jdk7u79\2331\hotspot\src\share\vm\prims\jvm.cpp:1304
Event: 2.240 Thread 0x00000000021a0800 Threw 0x00000000eb74b6d8 at C:\re\jdk7u79\2331\hotspot\src\share\vm\prims\jvm.cpp:1304
Event: 2.818 Thread 0x00000000021a0800 Threw 0x00000000ec7160f0 at C:\re\jdk7u79\2331\hotspot\src\share\vm\prims\jvm.cpp:1304
Event: 4.005 Thread 0x00000000021a0800 Implicit null exception at 0x000000000232d212 to 0x000000000232d302

Events (10 events):
Event: 4.013 Thread 0x00000000021a0800 DEOPT UNPACKING pc=0x00000000022d75a4 sp=0x000000000219e328 mode 2
Event: 4.013 Thread 0x00000000021a0800 Uncommon trap: trap_request=0xffffffc6 fr.pc=0x000000000235c8a8
Event: 4.013 Thread 0x00000000021a0800 DEOPT PACKING pc=0x000000000235c8a8 sp=0x000000000219e380
Event: 4.013 Thread 0x00000000021a0800 DEOPT UNPACKING pc=0x00000000022d75a4 sp=0x000000000219e328 mode 2
Event: 4.047 Thread 0x00000000021a0800 Uncommon trap: trap_request=0xffffffc6 fr.pc=0x000000000238301c
Event: 4.047 Thread 0x00000000021a0800 DEOPT PACKING pc=0x000000000238301c sp=0x000000000219e400
Event: 4.047 Thread 0x00000000021a0800 DEOPT UNPACKING pc=0x00000000022d75a4 sp=0x000000000219e3a8 mode 2
Event: 4.047 Thread 0x00000000021a0800 Uncommon trap: trap_request=0xffffffc6 fr.pc=0x000000000235c8a8
Event: 4.047 Thread 0x00000000021a0800 DEOPT PACKING pc=0x000000000235c8a8 sp=0x000000000219e380
Event: 4.047 Thread 0x00000000021a0800 DEOPT UNPACKING pc=0x00000000022d75a4 sp=0x000000000219e328 mode 2


Dynamic libraries:
0x00007ff71bbd0000 - 0x00007ff71bc03000 	C:\Program Files\Java\jdk1.7.0_79\bin\java.exe
0x00007ff892520000 - 0x00007ff8926cc000 	C:\WINDOWS\SYSTEM32\ntdll.dll
0x00007ff88fdc0000 - 0x00007ff88fefe000 	C:\WINDOWS\system32\KERNEL32.DLL
0x00007ff88fa30000 - 0x00007ff88fb45000 	C:\WINDOWS\system32\KERNELBASE.dll
0x00007ff88e210000 - 0x00007ff88e29e000 	C:\WINDOWS\system32\apphelp.dll
0x00007ff879ed0000 - 0x00007ff879f23000 	C:\WINDOWS\AppPatch\AppPatch64\AcGenral.DLL
0x00007ff8916b0000 - 0x00007ff89175a000 	C:\WINDOWS\system32\msvcrt.dll
0x00007ff88f440000 - 0x00007ff88f46e000 	C:\WINDOWS\SYSTEM32\SspiCli.dll
0x00007ff8922a0000 - 0x00007ff8922f4000 	C:\WINDOWS\system32\SHLWAPI.dll
0x00007ff891430000 - 0x00007ff8915a7000 	C:\WINDOWS\system32\USER32.dll
0x00007ff891890000 - 0x00007ff891a24000 	C:\WINDOWS\system32\ole32.dll
0x00007ff88ff00000 - 0x00007ff891418000 	C:\WINDOWS\system32\SHELL32.dll
0x00007ff88ec10000 - 0x00007ff88ec31000 	C:\WINDOWS\SYSTEM32\USERENV.dll
0x00007ff891d80000 - 0x00007ff891e2a000 	C:\WINDOWS\system32\ADVAPI32.dll
0x00007ff887180000 - 0x00007ff88719e000 	C:\WINDOWS\SYSTEM32\MPR.dll
0x00007ff891a40000 - 0x00007ff891b81000 	C:\WINDOWS\system32\RPCRT4.dll
0x00007ff892240000 - 0x00007ff892299000 	C:\WINDOWS\SYSTEM32\sechost.dll
0x00007ff892010000 - 0x00007ff892221000 	C:\WINDOWS\SYSTEM32\combase.dll
0x00007ff88fba0000 - 0x00007ff88fcf1000 	C:\WINDOWS\system32\GDI32.dll
0x00007ff88f670000 - 0x00007ff88f685000 	C:\WINDOWS\SYSTEM32\profapi.dll
0x00007ff88dbe0000 - 0x00007ff88dc92000 	C:\WINDOWS\SYSTEM32\SHCORE.dll
0x00007ff8915b0000 - 0x00007ff8915e6000 	C:\WINDOWS\system32\IMM32.DLL
0x00007ff891bc0000 - 0x00007ff891d12000 	C:\WINDOWS\system32\MSCTF.dll
0x00007ff88c720000 - 0x00007ff88c99a000 	C:\WINDOWS\WinSxS\amd64_microsoft.windows.common-controls_6595b64144ccf1df_6.0.9600.17810_none_6240b9c7ecbd0bda\COMCTL32.dll
0x0000000076de0000 - 0x0000000076eb2000 	C:\Program Files\Java\jdk1.7.0_79\jre\bin\msvcr100.dll
0x0000000076060000 - 0x0000000076835000 	C:\Program Files\Java\jdk1.7.0_79\jre\bin\server\jvm.dll
0x00007ff8871a0000 - 0x00007ff8871a9000 	C:\WINDOWS\SYSTEM32\WSOCK32.dll
0x00007ff88a6f0000 - 0x00007ff88a712000 	C:\WINDOWS\SYSTEM32\WINMM.dll
0x00007ff891420000 - 0x00007ff891427000 	C:\WINDOWS\system32\PSAPI.DLL
0x00007ff891d20000 - 0x00007ff891d7a000 	C:\WINDOWS\system32\WS2_32.dll
0x00007ff88a6c0000 - 0x00007ff88a6ea000 	C:\WINDOWS\SYSTEM32\WINMMBASE.dll
0x00007ff891bb0000 - 0x00007ff891bb9000 	C:\WINDOWS\system32\NSI.dll
0x00007ff88fb50000 - 0x00007ff88fb9f000 	C:\WINDOWS\SYSTEM32\cfgmgr32.dll
0x00007ff88e460000 - 0x00007ff88e488000 	C:\WINDOWS\SYSTEM32\DEVOBJ.dll
0x0000000077570000 - 0x000000007757f000 	C:\Program Files\Java\jdk1.7.0_79\jre\bin\verify.dll
0x0000000077540000 - 0x0000000077568000 	C:\Program Files\Java\jdk1.7.0_79\jre\bin\java.dll
0x0000000077520000 - 0x0000000077535000 	C:\Program Files\Java\jdk1.7.0_79\jre\bin\zip.dll
0x0000000077500000 - 0x000000007751a000 	C:\Program Files\Java\jdk1.7.0_79\jre\bin\net.dll
0x00007ff88ee80000 - 0x00007ff88eed9000 	C:\WINDOWS\system32\mswsock.dll
0x00000000774e0000 - 0x00000000774f1000 	C:\Program Files\Java\jdk1.7.0_79\jre\bin\nio.dll

VM Arguments:
jvm_args: -Xmx1024M -Dfile.encoding=windows-1252 -Duser.country=AR -Duser.language=es -Duser.variant 
java_command: com.android.dx.command.Main --dex --num-threads=4 --output F:\Proyecto Transporte\Proyectos\AppBase\app\build\intermediates\pre-dexed\debug\classes-9f9fe7db9ca85b445bda3e04dddcca51f1ad3e6c.jar F:\Proyecto Transporte\Proyectos\AppBase\app\build\intermediates\exploded-aar\com.google.android.gms\play-services-cast\7.5.0\jars\classes.jar
Launcher Type: SUN_STANDARD

Environment Variables:
PATH=C:\ProgramData\Oracle\Java\javapath;C:\Program Files (x86)\HP SimplePass\x64;C:\Program Files (x86)\HP SimplePass\;C:\Program Files (x86)\Intel\iCLS Client\;C:\Program Files\Intel\iCLS Client\;C:\WINDOWS\system32;C:\WINDOWS;C:\WINDOWS\System32\Wbem;C:\WINDOWS\System32\WindowsPowerShell\v1.0\;C:\Program Files (x86)\Intel\OpenCL SDK\2.0\bin\x86;C:\Program Files (x86)\Intel\OpenCL SDK\2.0\bin\x64;C:\Program Files\Intel\Intel(R) Management Engine Components\DAL;C:\Program Files\Intel\Intel(R) Management Engine Components\IPT;C:\Program Files (x86)\Intel\Intel(R) Management Engine Components\DAL;C:\Program Files (x86)\Intel\Intel(R) Management Engine Components\IPT;C:\Program Files\TortoiseSVN\bin;C:\Program Files (x86)\Skype\Phone\;C:\Program Files (x86)\Subversion\bin
USERNAME=soled_000
OS=Windows_NT
PROCESSOR_IDENTIFIER=Intel64 Family 6 Model 58 Stepping 9, GenuineIntel



---------------  S Y S T E M  ---------------

OS: Windows 8.1 , 64 bit Build 9600 

CPU:total 8 (4 cores per cpu, 2 threads per core) family 6 model 58 stepping 9, cmov, cx8, fxsr, mmx, sse, sse2, sse3, ssse3, sse4.1, sse4.2, popcnt, avx, aes, erms, ht, tsc, tscinvbit, tscinv

Memory: 4k page, physical 8280028k(2626096k free), swap 8280028k(5056k free)

vm_info: Java HotSpot(TM) 64-Bit Server VM (24.79-b02) for windows-amd64 JRE (1.7.0_79-b15), built on Apr 10 2015 12:36:16 by "java_re" with unknown MS VC++:1600

time: Tue Jun 30 12:13:45 2015
elapsed time: 4 seconds

