#
# There is insufficient memory for the Java Runtime Environment to continue.
# Native memory allocation (malloc) failed to allocate 137200 bytes for Chunk::new
# Possible reasons:
#   The system is out of physical RAM or swap space
#   In 32 bit mode, the process size limit was hit
# Possible solutions:
#   Reduce memory load on the system
#   Increase physical memory or swap space
#   Check if swap backing store is full
#   Use 64 bit Java on a 64 bit OS
#   Decrease Java heap size (-Xmx/-Xms)
#   Decrease number of Java threads
#   Decrease Java thread stack sizes (-Xss)
#   Set larger code cache with -XX:ReservedCodeCacheSize=
# This output file may be truncated or incomplete.
#
#  Out of Memory Error (allocation.cpp:323), pid=7396, tid=6696
#
# JRE version: Java(TM) SE Runtime Environment (7.0_79-b15) (build 1.7.0_79-b15)
# Java VM: Java HotSpot(TM) 64-Bit Server VM (24.79-b02 mixed mode windows-amd64 compressed oops)
# Failed to write core dump. Minidumps are not enabled by default on client versions of Windows
#

---------------  T H R E A D  ---------------

Current thread (0x000000000205f800):  JavaThread "C2 CompilerThread1" daemon [_thread_in_native, id=6696, stack(0x000000000aa30000,0x000000000ab30000)]

Stack: [0x000000000aa30000,0x000000000ab30000]
[error occurred during error reporting (printing stack bounds), id 0xc0000005]


Current CompileTask:
C2:   6722  451 %           com.android.dx.dex.cf.CfTranslator::translate0 @ 141 (259 bytes)


---------------  P R O C E S S  ---------------

Java Threads: ( => current thread )
  0x000000000a5a3800 JavaThread "pool-1-thread-4" [_thread_blocked, id=5908, stack(0x000000000b130000,0x000000000b230000)]
  0x000000000a477800 JavaThread "pool-1-thread-3" [_thread_blocked, id=8008, stack(0x000000000b030000,0x000000000b130000)]
  0x000000000a476800 JavaThread "pool-1-thread-2" [_thread_blocked, id=7968, stack(0x000000000af30000,0x000000000b030000)]
  0x000000000a5f9800 JavaThread "pool-2-thread-1" [_thread_blocked, id=7664, stack(0x000000000ae30000,0x000000000af30000)]
  0x000000000a41a800 JavaThread "pool-1-thread-1" [_thread_blocked, id=7972, stack(0x000000000ad30000,0x000000000ae30000)]
  0x0000000002060000 JavaThread "Service Thread" daemon [_thread_blocked, id=7224, stack(0x000000000ab30000,0x000000000ac30000)]
=>0x000000000205f800 JavaThread "C2 CompilerThread1" daemon [_thread_in_native, id=6696, stack(0x000000000aa30000,0x000000000ab30000)]
  0x000000000205d800 JavaThread "C2 CompilerThread0" daemon [_thread_in_native, id=7548, stack(0x000000000a930000,0x000000000aa30000)]
  0x000000000205d000 JavaThread "Attach Listener" daemon [_thread_blocked, id=7784, stack(0x000000000a830000,0x000000000a930000)]
  0x0000000002058000 JavaThread "Signal Dispatcher" daemon [_thread_blocked, id=7312, stack(0x000000000a730000,0x000000000a830000)]
  0x000000000836a000 JavaThread "Finalizer" daemon [_thread_blocked, id=2916, stack(0x000000000a230000,0x000000000a330000)]
  0x0000000008369000 JavaThread "Reference Handler" daemon [_thread_blocked, id=4664, stack(0x000000000a130000,0x000000000a230000)]
  0x0000000001f70800 JavaThread "main" [_thread_blocked, id=6300, stack(0x0000000001db0000,0x0000000001eb0000)]

Other Threads:
  0x0000000008365800 VMThread [stack: 0x000000000a030000,0x000000000a130000] [id=7744]
  0x0000000002066800 WatcherThread [stack: 0x000000000ac30000,0x000000000ad30000] [id=3936]

VM state:not at safepoint (normal execution)

VM Mutex/Monitor currently owned by a thread: None

Heap
 PSYoungGen      total 71680K, used 41116K [0x00000000eaa80000, 0x00000000ef580000, 0x0000000100000000)
  eden space 66560K, 54% used [0x00000000eaa80000,0x00000000ecda9640,0x00000000eeb80000)
  from space 5120K, 99% used [0x00000000ef080000,0x00000000ef57dc88,0x00000000ef580000)
  to   space 5120K, 0% used [0x00000000eeb80000,0x00000000eeb80000,0x00000000ef080000)
 ParOldGen       total 86016K, used 5967K [0x00000000c0000000, 0x00000000c5400000, 0x00000000eaa80000)
  object space 86016K, 6% used [0x00000000c0000000,0x00000000c05d3cb8,0x00000000c5400000)
 PSPermGen       total 21504K, used 5789K [0x00000000bae00000, 0x00000000bc300000, 0x00000000c0000000)
  object space 21504K, 26% used [0x00000000bae00000,0x00000000bb3a7448,0x00000000bc300000)

Card table byte_map: [0x0000000005130000,0x0000000005360000] byte_map_base: 0x0000000004b59000

Polling page: 0x00000000004d0000

Code Cache  [0x0000000002070000, 0x00000000022e0000, 0x0000000005070000)
 total_blobs=684 nmethods=447 adapters=189 free_code_cache=47351Kb largest_free_block=48452416

Compilation events (10 events):
Event: 6.692 Thread 0x000000000205d800 nmethod 447 0x0000000002231210 code [0x0000000002231340, 0x0000000002231398]
Event: 6.692 Thread 0x000000000205f800 nmethod 446 0x0000000002230f10 code [0x0000000002231060, 0x0000000002231178]
Event: 6.701 Thread 0x000000000205d800  448             com.android.dx.rop.cst.CstKnownNull::getType (4 bytes)
Event: 6.701 Thread 0x000000000205f800  449             com.android.dx.cf.code.ExecutionStack::<init> (34 bytes)
Event: 6.701 Thread 0x000000000205d800 nmethod 448 0x0000000002230d10 code [0x0000000002230e40, 0x0000000002230e98]
Event: 6.702 Thread 0x000000000205d800  450             com.android.dx.util.LabeledList::getMaxLabel (47 bytes)
Event: 6.703 Thread 0x000000000205f800 nmethod 449 0x00000000022308d0 code [0x0000000002230a20, 0x0000000002230c18]
Event: 6.703 Thread 0x000000000205f800  451 %           com.android.dx.dex.cf.CfTranslator::translate0 @ 141 (259 bytes)
Event: 6.705 Thread 0x000000000205d800 nmethod 450 0x0000000002230490 code [0x00000000022305e0, 0x0000000002230758]
Event: 6.706 Thread 0x000000000205d800  452   !         com.android.dx.cf.code.Ropper::doit (126 bytes)

GC Heap History (4 events):
Event: 3.139 GC heap before
{Heap before GC invocations=1 (full 0):
 PSYoungGen      total 38400K, used 33280K [0x00000000eaa80000, 0x00000000ed500000, 0x0000000100000000)
  eden space 33280K, 100% used [0x00000000eaa80000,0x00000000ecb00000,0x00000000ecb00000)
  from space 5120K, 0% used [0x00000000ed000000,0x00000000ed000000,0x00000000ed500000)
  to   space 5120K, 0% used [0x00000000ecb00000,0x00000000ecb00000,0x00000000ed000000)
 ParOldGen       total 86016K, used 0K [0x00000000c0000000, 0x00000000c5400000, 0x00000000eaa80000)
  object space 86016K, 0% used [0x00000000c0000000,0x00000000c0000000,0x00000000c5400000)
 PSPermGen       total 21504K, used 5709K [0x00000000bae00000, 0x00000000bc300000, 0x00000000c0000000)
  object space 21504K, 26% used [0x00000000bae00000,0x00000000bb3935c0,0x00000000bc300000)
Event: 3.803 GC heap after
Heap after GC invocations=1 (full 0):
 PSYoungGen      total 38400K, used 5095K [0x00000000eaa80000, 0x00000000ef580000, 0x0000000100000000)
  eden space 33280K, 0% used [0x00000000eaa80000,0x00000000eaa80000,0x00000000ecb00000)
  from space 5120K, 99% used [0x00000000ecb00000,0x00000000ecff9c78,0x00000000ed000000)
  to   space 5120K, 0% used [0x00000000ef080000,0x00000000ef080000,0x00000000ef580000)
 ParOldGen       total 86016K, used 1586K [0x00000000c0000000, 0x00000000c5400000, 0x00000000eaa80000)
  object space 86016K, 1% used [0x00000000c0000000,0x00000000c018caa0,0x00000000c5400000)
 PSPermGen       total 21504K, used 5709K [0x00000000bae00000, 0x00000000bc300000, 0x00000000c0000000)
  object space 21504K, 26% used [0x00000000bae00000,0x00000000bb3935c0,0x00000000bc300000)
}
Event: 5.813 GC heap before
{Heap before GC invocations=2 (full 0):
 PSYoungGen      total 38400K, used 38375K [0x00000000eaa80000, 0x00000000ef580000, 0x0000000100000000)
  eden space 33280K, 100% used [0x00000000eaa80000,0x00000000ecb00000,0x00000000ecb00000)
  from space 5120K, 99% used [0x00000000ecb00000,0x00000000ecff9c78,0x00000000ed000000)
  to   space 5120K, 0% used [0x00000000ef080000,0x00000000ef080000,0x00000000ef580000)
 ParOldGen       total 86016K, used 1586K [0x00000000c0000000, 0x00000000c5400000, 0x00000000eaa80000)
  object space 86016K, 1% used [0x00000000c0000000,0x00000000c018caa0,0x00000000c5400000)
 PSPermGen       total 21504K, used 5775K [0x00000000bae00000, 0x00000000bc300000, 0x00000000c0000000)
  object space 21504K, 26% used [0x00000000bae00000,0x00000000bb3a3c28,0x00000000bc300000)
Event: 5.961 GC heap after
Heap after GC invocations=2 (full 0):
 PSYoungGen      total 71680K, used 5111K [0x00000000eaa80000, 0x00000000ef580000, 0x0000000100000000)
  eden space 66560K, 0% used [0x00000000eaa80000,0x00000000eaa80000,0x00000000eeb80000)
  from space 5120K, 99% used [0x00000000ef080000,0x00000000ef57dc88,0x00000000ef580000)
  to   space 5120K, 0% used [0x00000000eeb80000,0x00000000eeb80000,0x00000000ef080000)
 ParOldGen       total 86016K, used 5967K [0x00000000c0000000, 0x00000000c5400000, 0x00000000eaa80000)
  object space 86016K, 6% used [0x00000000c0000000,0x00000000c05d3cb8,0x00000000c5400000)
 PSPermGen       total 21504K, used 5775K [0x00000000bae00000, 0x00000000bc300000, 0x00000000c0000000)
  object space 21504K, 26% used [0x00000000bae00000,0x00000000bb3a3c28,0x00000000bc300000)
}

Deoptimization events (8 events):
Event: 1.192 Thread 0x000000000a41a800 Uncommon trap: reason=null_check action=make_not_entrant pc=0x00000000020ebbec method=com.android.dx.rop.code.LocalItem.equals(Ljava/lang/Object;)Z @ 1
Event: 1.862 Thread 0x000000000a41a800 Uncommon trap: reason=null_check action=make_not_entrant pc=0x00000000020ed2d0 method=com.android.dx.rop.type.Type.equals(Ljava/lang/Object;)Z @ 8
Event: 2.688 Thread 0x000000000a41a800 Uncommon trap: reason=unreached action=reinterpret pc=0x0000000002100b84 method=com.android.dx.rop.cst.Constant.compareTo(Lcom/android/dx/rop/cst/Constant;)I @ 12
Event: 3.931 Thread 0x000000000a5a3800 Uncommon trap: reason=null_check action=make_not_entrant pc=0x00000000021606f4 method=com.android.dx.rop.code.RegisterSpec.equals(Ljava/lang/Object;)Z @ 1
Event: 3.962 Thread 0x000000000a41a800 Uncommon trap: reason=unreached action=reinterpret pc=0x0000000002147bf0 method=com.android.dx.ssa.SCCP.simulateBranch(Lcom/android/dx/ssa/SsaInsn;)V @ 132
Event: 4.678 Thread 0x0000000001f70800 Uncommon trap: reason=null_check action=make_not_entrant pc=0x0000000002185a38 method=com.android.dx.rop.type.Type.putIntern(Lcom/android/dx/rop/type/Type;)Lcom/android/dx/rop/type/Type; @ 18
Event: 5.541 Thread 0x000000000a477800 Uncommon trap: reason=class_check action=maybe_recompile pc=0x0000000002178690 method=com.android.dx.cf.code.Ropper.processBlock(Lcom/android/dx/cf/code/ByteBlock;Lcom/android/dx/cf/code/Frame;[I)V @ 777
Event: 6.379 Thread 0x000000000a477800 Uncommon trap: reason=null_check action=make_not_entrant pc=0x0000000002234c00 method=com.android.dx.dex.file.FieldIdsSection.intern(Lcom/android/dx/rop/cst/CstFieldRef;)Lcom/android/dx/dex/file/FieldIdItem; @ 26

Internal exceptions (10 events):
Event: 0.893 Thread 0x000000000a477800 Threw 0x00000000eb0d6a58 at C:\re\jdk7u79\2331\hotspot\src\share\vm\prims\jvm.cpp:1304
Event: 0.894 Thread 0x000000000a477800 Threw 0x00000000eb0db1b8 at C:\re\jdk7u79\2331\hotspot\src\share\vm\prims\jvm.cpp:1304
Event: 0.912 Thread 0x000000000a5a3800 Threw 0x00000000eb1382f0 at C:\re\jdk7u79\2331\hotspot\src\share\vm\prims\jvm.cpp:1304
Event: 0.912 Thread 0x000000000a41a800 Threw 0x00000000eb052770 at C:\re\jdk7u79\2331\hotspot\src\share\vm\prims\jvm.cpp:1304
Event: 0.936 Thread 0x000000000a5a3800 Threw 0x00000000eb14f5e0 at C:\re\jdk7u79\2331\hotspot\src\share\vm\prims\jvm.cpp:1304
Event: 1.192 Thread 0x000000000a41a800 Implicit null exception at 0x00000000020eb871 to 0x00000000020ebbc9
Event: 1.862 Thread 0x000000000a41a800 Implicit null exception at 0x00000000020ed1d2 to 0x00000000020ed2c2
Event: 3.931 Thread 0x000000000a5a3800 Implicit null exception at 0x000000000215fc9e to 0x00000000021606cd
Event: 3.976 Thread 0x000000000a476800 Threw 0x00000000eaeabe68 at C:\re\jdk7u79\2331\hotspot\src\share\vm\prims\jvm.cpp:1304
Event: 4.678 Thread 0x0000000001f70800 Implicit null exception at 0x0000000002185347 to 0x0000000002185a29

Events (10 events):
Event: 5.993 Executing VM operation: RevokeBias
Event: 5.993 Executing VM operation: RevokeBias done
Event: 5.993 Executing VM operation: RevokeBias
Event: 5.993 Executing VM operation: RevokeBias done
Event: 5.993 Executing VM operation: BulkRevokeBias
Event: 5.993 Executing VM operation: BulkRevokeBias done
Event: 6.053 Thread 0x000000000205f800 flushing nmethod 0x00000000021009d0
Event: 6.379 Thread 0x000000000a477800 Uncommon trap: trap_request=0xfffffff4 fr.pc=0x0000000002234c00
Event: 6.379 Thread 0x000000000a477800 DEOPT PACKING pc=0x0000000002234c00 sp=0x000000000b12eff0
Event: 6.379 Thread 0x000000000a477800 DEOPT UNPACKING pc=0x00000000020a75a4 sp=0x000000000b12ef38 mode 2


Dynamic libraries:
0x00007ff71bbd0000 - 0x00007ff71bc03000 	C:\Program Files\Java\jdk1.7.0_79\bin\java.exe
0x00007ff892520000 - 0x00007ff8926cc000 	C:\WINDOWS\SYSTEM32\ntdll.dll
0x00007ff88fdc0000 - 0x00007ff88fefe000 	C:\WINDOWS\system32\KERNEL32.DLL
0x00007ff88fa30000 - 0x00007ff88fb45000 	C:\WINDOWS\system32\KERNELBASE.dll
0x00007ff88e210000 - 0x00007ff88e29e000 	C:\WINDOWS\system32\apphelp.dll
0x00007ff879ed0000 - 0x00007ff879f23000 	C:\WINDOWS\AppPatch\AppPatch64\AcGenral.DLL
0x00007ff8916b0000 - 0x00007ff89175a000 	C:\WINDOWS\system32\msvcrt.dll
0x00007ff88f440000 - 0x00007ff88f46e000 	C:\WINDOWS\SYSTEM32\SspiCli.dll
0x00007ff8922a0000 - 0x00007ff8922f4000 	C:\WINDOWS\system32\SHLWAPI.dll
0x00007ff891430000 - 0x00007ff8915a7000 	C:\WINDOWS\system32\USER32.dll
0x00007ff891890000 - 0x00007ff891a24000 	C:\WINDOWS\system32\ole32.dll
0x00007ff88ff00000 - 0x00007ff891418000 	C:\WINDOWS\system32\SHELL32.dll
0x00007ff88ec10000 - 0x00007ff88ec31000 	C:\WINDOWS\SYSTEM32\USERENV.dll
0x00007ff891d80000 - 0x00007ff891e2a000 	C:\WINDOWS\system32\ADVAPI32.dll
0x00007ff887180000 - 0x00007ff88719e000 	C:\WINDOWS\SYSTEM32\MPR.dll
0x00007ff891a40000 - 0x00007ff891b81000 	C:\WINDOWS\system32\RPCRT4.dll
0x00007ff892240000 - 0x00007ff892299000 	C:\WINDOWS\SYSTEM32\sechost.dll
0x00007ff892010000 - 0x00007ff892221000 	C:\WINDOWS\SYSTEM32\combase.dll
0x00007ff88fba0000 - 0x00007ff88fcf1000 	C:\WINDOWS\system32\GDI32.dll
0x00007ff88f670000 - 0x00007ff88f685000 	C:\WINDOWS\SYSTEM32\profapi.dll
0x00007ff88dbe0000 - 0x00007ff88dc92000 	C:\WINDOWS\SYSTEM32\SHCORE.dll
0x00007ff8915b0000 - 0x00007ff8915e6000 	C:\WINDOWS\system32\IMM32.DLL
0x00007ff891bc0000 - 0x00007ff891d12000 	C:\WINDOWS\system32\MSCTF.dll
0x00007ff88c720000 - 0x00007ff88c99a000 	C:\WINDOWS\WinSxS\amd64_microsoft.windows.common-controls_6595b64144ccf1df_6.0.9600.17810_none_6240b9c7ecbd0bda\COMCTL32.dll
0x0000000076de0000 - 0x0000000076eb2000 	C:\Program Files\Java\jdk1.7.0_79\jre\bin\msvcr100.dll
0x0000000076060000 - 0x0000000076835000 	C:\Program Files\Java\jdk1.7.0_79\jre\bin\server\jvm.dll
0x00007ff8871a0000 - 0x00007ff8871a9000 	C:\WINDOWS\SYSTEM32\WSOCK32.dll
0x00007ff88a6f0000 - 0x00007ff88a712000 	C:\WINDOWS\SYSTEM32\WINMM.dll
0x00007ff891420000 - 0x00007ff891427000 	C:\WINDOWS\system32\PSAPI.DLL
0x00007ff891d20000 - 0x00007ff891d7a000 	C:\WINDOWS\system32\WS2_32.dll
0x00007ff88a6c0000 - 0x00007ff88a6ea000 	C:\WINDOWS\SYSTEM32\WINMMBASE.dll
0x00007ff891bb0000 - 0x00007ff891bb9000 	C:\WINDOWS\system32\NSI.dll
0x00007ff88fb50000 - 0x00007ff88fb9f000 	C:\WINDOWS\SYSTEM32\cfgmgr32.dll
0x00007ff88e460000 - 0x00007ff88e488000 	C:\WINDOWS\SYSTEM32\DEVOBJ.dll
0x0000000077570000 - 0x000000007757f000 	C:\Program Files\Java\jdk1.7.0_79\jre\bin\verify.dll
0x0000000077540000 - 0x0000000077568000 	C:\Program Files\Java\jdk1.7.0_79\jre\bin\java.dll
0x0000000077520000 - 0x0000000077535000 	C:\Program Files\Java\jdk1.7.0_79\jre\bin\zip.dll
0x0000000077500000 - 0x000000007751a000 	C:\Program Files\Java\jdk1.7.0_79\jre\bin\net.dll
0x00007ff88ee80000 - 0x00007ff88eed9000 	C:\WINDOWS\system32\mswsock.dll
0x00000000774e0000 - 0x00000000774f1000 	C:\Program Files\Java\jdk1.7.0_79\jre\bin\nio.dll

VM Arguments:
jvm_args: -Xmx1024M -Dfile.encoding=windows-1252 -Duser.country=AR -Duser.language=es -Duser.variant 
java_command: com.android.dx.command.Main --dex --num-threads=4 --output F:\Proyecto Transporte\Proyectos\AppBase\app\build\intermediates\pre-dexed\debug\classes-0e04ccd8ec0de8581318fc663c492a4307ad74f7.jar F:\Proyecto Transporte\Proyectos\AppBase\app\build\intermediates\exploded-aar\com.google.android.gms\play-services-games\7.5.0\jars\classes.jar
Launcher Type: SUN_STANDARD

Environment Variables:
PATH=C:\ProgramData\Oracle\Java\javapath;C:\Program Files (x86)\HP SimplePass\x64;C:\Program Files (x86)\HP SimplePass\;C:\Program Files (x86)\Intel\iCLS Client\;C:\Program Files\Intel\iCLS Client\;C:\WINDOWS\system32;C:\WINDOWS;C:\WINDOWS\System32\Wbem;C:\WINDOWS\System32\WindowsPowerShell\v1.0\;C:\Program Files (x86)\Intel\OpenCL SDK\2.0\bin\x86;C:\Program Files (x86)\Intel\OpenCL SDK\2.0\bin\x64;C:\Program Files\Intel\Intel(R) Management Engine Components\DAL;C:\Program Files\Intel\Intel(R) Management Engine Components\IPT;C:\Program Files (x86)\Intel\Intel(R) Management Engine Components\DAL;C:\Program Files (x86)\Intel\Intel(R) Management Engine Components\IPT;C:\Program Files\TortoiseSVN\bin;C:\Program Files (x86)\Skype\Phone\;C:\Program Files (x86)\Subversion\bin
USERNAME=soled_000
OS=Windows_NT
PROCESSOR_IDENTIFIER=Intel64 Family 6 Model 58 Stepping 9, GenuineIntel



---------------  S Y S T E M  ---------------

OS: Windows 8.1 , 64 bit Build 9600 

CPU:total 8 (4 cores per cpu, 2 threads per core) family 6 model 58 stepping 9, cmov, cx8, fxsr, mmx, sse, sse2, sse3, ssse3, sse4.1, sse4.2, popcnt, avx, aes, erms, ht, tsc, tscinvbit, tscinv

Memory: 4k page, physical 8280028k(2704252k free), swap 8280028k(4868k free)

vm_info: Java HotSpot(TM) 64-Bit Server VM (24.79-b02) for windows-amd64 JRE (1.7.0_79-b15), built on Apr 10 2015 12:36:16 by "java_re" with unknown MS VC++:1600

time: Tue Jun 30 12:09:25 2015
elapsed time: 6 seconds

