#
# There is insufficient memory for the Java Runtime Environment to continue.
# Native memory allocation (malloc) failed to allocate 262016 bytes for Chunk::new
# Possible reasons:
#   The system is out of physical RAM or swap space
#   In 32 bit mode, the process size limit was hit
# Possible solutions:
#   Reduce memory load on the system
#   Increase physical memory or swap space
#   Check if swap backing store is full
#   Use 64 bit Java on a 64 bit OS
#   Decrease Java heap size (-Xmx/-Xms)
#   Decrease number of Java threads
#   Decrease Java thread stack sizes (-Xss)
#   Set larger code cache with -XX:ReservedCodeCacheSize=
# This output file may be truncated or incomplete.
#
#  Out of Memory Error (allocation.cpp:323), pid=7516, tid=1872
#
# JRE version: Java(TM) SE Runtime Environment (7.0_79-b15) (build 1.7.0_79-b15)
# Java VM: Java HotSpot(TM) 64-Bit Server VM (24.79-b02 mixed mode windows-amd64 compressed oops)
# Failed to write core dump. Minidumps are not enabled by default on client versions of Windows
#

---------------  T H R E A D  ---------------

Current thread (0x00000000020a6800):  JavaThread "C2 CompilerThread0" daemon [_thread_in_native, id=1872, stack(0x000000000a8d0000,0x000000000a9d0000)]

Stack: [0x000000000a8d0000,0x000000000a9d0000]
[error occurred during error reporting (printing stack bounds), id 0xc0000005]


[error occurred during error reporting (printing native stack), id 0xc0000005]


Current CompileTask:
C2:  10880  856             sun.security.provider.SHA::implCompress (491 bytes)


---------------  P R O C E S S  ---------------

Java Threads: ( => current thread )
  0x00000000020ab000 JavaThread "Service Thread" daemon [_thread_blocked, id=6300, stack(0x000000000aad0000,0x000000000abd0000)]
  0x00000000020a8800 JavaThread "C2 CompilerThread1" daemon [_thread_blocked, id=6608, stack(0x000000000a9d0000,0x000000000aad0000)]
=>0x00000000020a6800 JavaThread "C2 CompilerThread0" daemon [_thread_in_native, id=1872, stack(0x000000000a8d0000,0x000000000a9d0000)]
  0x00000000020a6000 JavaThread "Attach Listener" daemon [_thread_blocked, id=6360, stack(0x000000000a7d0000,0x000000000a8d0000)]
  0x00000000020a1000 JavaThread "Signal Dispatcher" daemon [_thread_blocked, id=3880, stack(0x000000000a6d0000,0x000000000a7d0000)]
  0x00000000082ef800 JavaThread "Finalizer" daemon [_thread_blocked, id=4840, stack(0x000000000a1d0000,0x000000000a2d0000)]
  0x00000000082e9000 JavaThread "Reference Handler" daemon [_thread_blocked, id=7760, stack(0x000000000a0d0000,0x000000000a1d0000)]
  0x0000000001fb0800 JavaThread "main" [_thread_in_Java, id=6232, stack(0x0000000001e00000,0x0000000001f00000)]

Other Threads:
  0x00000000082e5800 VMThread [stack: 0x0000000009fd0000,0x000000000a0d0000] [id=6832]
  0x000000000a2fa800 WatcherThread [stack: 0x000000000abd0000,0x000000000acd0000] [id=4876]

VM state:not at safepoint (normal execution)

VM Mutex/Monitor currently owned by a thread: None

Heap
 PSYoungGen      total 154112K, used 107758K [0x00000000eaa80000, 0x00000000f5580000, 0x0000000100000000)
  eden space 133120K, 69% used [0x00000000eaa80000,0x00000000f04d63b0,0x00000000f2c80000)
  from space 20992K, 72% used [0x00000000f4100000,0x00000000f4fe5528,0x00000000f5580000)
  to   space 20992K, 0% used [0x00000000f2c80000,0x00000000f2c80000,0x00000000f4100000)
 ParOldGen       total 86016K, used 38679K [0x00000000c0000000, 0x00000000c5400000, 0x00000000eaa80000)
  object space 86016K, 44% used [0x00000000c0000000,0x00000000c25c5fa8,0x00000000c5400000)
 PSPermGen       total 21504K, used 6496K [0x00000000bae00000, 0x00000000bc300000, 0x00000000c0000000)
  object space 21504K, 30% used [0x00000000bae00000,0x00000000bb4582e8,0x00000000bc300000)

Card table byte_map: [0x00000000050b0000,0x00000000052e0000] byte_map_base: 0x0000000004ad9000

Polling page: 0x0000000000450000

Code Cache  [0x00000000020b0000, 0x00000000023b0000, 0x00000000050b0000)
 total_blobs=1081 nmethods=839 adapters=194 free_code_cache=46172Kb largest_free_block=47241408

Compilation events (10 events):
Event: 10.780 Thread 0x00000000020a6800 nmethod 850 0x00000000022d0d50 code [0x00000000022d0ec0, 0x00000000022d1138]
Event: 10.785 Thread 0x00000000020a8800  852             com.android.dx.dex.file.MixedItemSection::writeTo0 (155 bytes)
Event: 10.786 Thread 0x00000000020a6800  853             java.util.concurrent.locks.AbstractQueuedSynchronizer::getState (5 bytes)
Event: 10.786 Thread 0x00000000020a6800 nmethod 853 0x00000000022d3310 code [0x00000000022d3440, 0x00000000022d3498]
Event: 10.792 Thread 0x00000000020a6800  854             java.util.Properties$LineReader::readLine (452 bytes)
Event: 10.796 Thread 0x00000000020a8800 nmethod 852 0x00000000022cc5d0 code [0x00000000022cc780, 0x00000000022cce90]
Event: 10.806 Thread 0x00000000020a6800 nmethod 854 0x000000000239e2d0 code [0x000000000239e460, 0x000000000239ec58]
Event: 10.860 Thread 0x00000000020a8800  855             java.util.HashMap::put (142 bytes)
Event: 10.867 Thread 0x00000000020a6800  856             sun.security.provider.SHA::implCompress (491 bytes)
Event: 10.875 Thread 0x00000000020a8800 nmethod 855 0x00000000023a1250 code [0x00000000023a1480, 0x00000000023a1e50]

GC Heap History (10 events):
Event: 2.358 GC heap before
{Heap before GC invocations=2 (full 0):
 PSYoungGen      total 38400K, used 38391K [0x00000000eaa80000, 0x00000000ef580000, 0x0000000100000000)
  eden space 33280K, 100% used [0x00000000eaa80000,0x00000000ecb00000,0x00000000ecb00000)
  from space 5120K, 99% used [0x00000000ecb00000,0x00000000ecffdc88,0x00000000ed000000)
  to   space 5120K, 0% used [0x00000000ef080000,0x00000000ef080000,0x00000000ef580000)
 ParOldGen       total 86016K, used 1651K [0x00000000c0000000, 0x00000000c5400000, 0x00000000eaa80000)
  object space 86016K, 1% used [0x00000000c0000000,0x00000000c019cf58,0x00000000c5400000)
 PSPermGen       total 21504K, used 5790K [0x00000000bae00000, 0x00000000bc300000, 0x00000000c0000000)
  object space 21504K, 26% used [0x00000000bae00000,0x00000000bb3a7820,0x00000000bc300000)
Event: 2.446 GC heap after
Heap after GC invocations=2 (full 0):
 PSYoungGen      total 71680K, used 5111K [0x00000000eaa80000, 0x00000000ef580000, 0x0000000100000000)
  eden space 66560K, 0% used [0x00000000eaa80000,0x00000000eaa80000,0x00000000eeb80000)
  from space 5120K, 99% used [0x00000000ef080000,0x00000000ef57dc88,0x00000000ef580000)
  to   space 5120K, 0% used [0x00000000eeb80000,0x00000000eeb80000,0x00000000ef080000)
 ParOldGen       total 86016K, used 7089K [0x00000000c0000000, 0x00000000c5400000, 0x00000000eaa80000)
  object space 86016K, 8% used [0x00000000c0000000,0x00000000c06ec7a0,0x00000000c5400000)
 PSPermGen       total 21504K, used 5790K [0x00000000bae00000, 0x00000000bc300000, 0x00000000c0000000)
  object space 21504K, 26% used [0x00000000bae00000,0x00000000bb3a7820,0x00000000bc300000)
}
Event: 3.807 GC heap before
{Heap before GC invocations=3 (full 0):
 PSYoungGen      total 71680K, used 71671K [0x00000000eaa80000, 0x00000000ef580000, 0x0000000100000000)
  eden space 66560K, 100% used [0x00000000eaa80000,0x00000000eeb80000,0x00000000eeb80000)
  from space 5120K, 99% used [0x00000000ef080000,0x00000000ef57dc88,0x00000000ef580000)
  to   space 5120K, 0% used [0x00000000eeb80000,0x00000000eeb80000,0x00000000ef080000)
 ParOldGen       total 86016K, used 7089K [0x00000000c0000000, 0x00000000c5400000, 0x00000000eaa80000)
  object space 86016K, 8% used [0x00000000c0000000,0x00000000c06ec7a0,0x00000000c5400000)
 PSPermGen       total 21504K, used 5842K [0x00000000bae00000, 0x00000000bc300000, 0x00000000c0000000)
  object space 21504K, 27% used [0x00000000bae00000,0x00000000bb3b4978,0x00000000bc300000)
Event: 3.906 GC heap after
Heap after GC invocations=3 (full 0):
 PSYoungGen      total 71680K, used 5104K [0x00000000eaa80000, 0x00000000ef580000, 0x0000000100000000)
  eden space 66560K, 0% used [0x00000000eaa80000,0x00000000eaa80000,0x00000000eeb80000)
  from space 5120K, 99% used [0x00000000eeb80000,0x00000000ef07c038,0x00000000ef080000)
  to   space 5120K, 0% used [0x00000000ef080000,0x00000000ef080000,0x00000000ef580000)
 ParOldGen       total 86016K, used 17366K [0x00000000c0000000, 0x00000000c5400000, 0x00000000eaa80000)
  object space 86016K, 20% used [0x00000000c0000000,0x00000000c10f5ba0,0x00000000c5400000)
 PSPermGen       total 21504K, used 5842K [0x00000000bae00000, 0x00000000bc300000, 0x00000000c0000000)
  object space 21504K, 27% used [0x00000000bae00000,0x00000000bb3b4978,0x00000000bc300000)
}
Event: 4.854 GC heap before
{Heap before GC invocations=4 (full 0):
 PSYoungGen      total 71680K, used 71664K [0x00000000eaa80000, 0x00000000ef580000, 0x0000000100000000)
  eden space 66560K, 100% used [0x00000000eaa80000,0x00000000eeb80000,0x00000000eeb80000)
  from space 5120K, 99% used [0x00000000eeb80000,0x00000000ef07c038,0x00000000ef080000)
  to   space 5120K, 0% used [0x00000000ef080000,0x00000000ef080000,0x00000000ef580000)
 ParOldGen       total 86016K, used 17366K [0x00000000c0000000, 0x00000000c5400000, 0x00000000eaa80000)
  object space 86016K, 20% used [0x00000000c0000000,0x00000000c10f5ba0,0x00000000c5400000)
 PSPermGen       total 21504K, used 5885K [0x00000000bae00000, 0x00000000bc300000, 0x00000000c0000000)
  object space 21504K, 27% used [0x00000000bae00000,0x00000000bb3bf7d0,0x00000000bc300000)
Event: 5.428 GC heap after
Heap after GC invocations=4 (full 0):
 PSYoungGen      total 71680K, used 5104K [0x00000000eaa80000, 0x00000000f3680000, 0x0000000100000000)
  eden space 66560K, 0% used [0x00000000eaa80000,0x00000000eaa80000,0x00000000eeb80000)
  from space 5120K, 99% used [0x00000000ef080000,0x00000000ef57c1f0,0x00000000ef580000)
  to   space 5120K, 0% used [0x00000000eeb80000,0x00000000eeb80000,0x00000000ef080000)
 ParOldGen       total 86016K, used 27957K [0x00000000c0000000, 0x00000000c5400000, 0x00000000eaa80000)
  object space 86016K, 32% used [0x00000000c0000000,0x00000000c1b4d778,0x00000000c5400000)
 PSPermGen       total 21504K, used 5885K [0x00000000bae00000, 0x00000000bc300000, 0x00000000c0000000)
  object space 21504K, 27% used [0x00000000bae00000,0x00000000bb3bf7d0,0x00000000bc300000)
}
Event: 6.070 GC heap before
{Heap before GC invocations=5 (full 0):
 PSYoungGen      total 71680K, used 71664K [0x00000000eaa80000, 0x00000000f3680000, 0x0000000100000000)
  eden space 66560K, 100% used [0x00000000eaa80000,0x00000000eeb80000,0x00000000eeb80000)
  from space 5120K, 99% used [0x00000000ef080000,0x00000000ef57c1f0,0x00000000ef580000)
  to   space 5120K, 0% used [0x00000000eeb80000,0x00000000eeb80000,0x00000000ef080000)
 ParOldGen       total 86016K, used 27957K [0x00000000c0000000, 0x00000000c5400000, 0x00000000eaa80000)
  object space 86016K, 32% used [0x00000000c0000000,0x00000000c1b4d778,0x00000000c5400000)
 PSPermGen       total 21504K, used 5901K [0x00000000bae00000, 0x00000000bc300000, 0x00000000c0000000)
  object space 21504K, 27% used [0x00000000bae00000,0x00000000bb3c3590,0x00000000bc300000)
Event: 6.253 GC heap after
Heap after GC invocations=5 (full 0):
 PSYoungGen      total 71680K, used 5089K [0x00000000eaa80000, 0x00000000f5580000, 0x0000000100000000)
  eden space 66560K, 0% used [0x00000000eaa80000,0x00000000eaa80000,0x00000000eeb80000)
  from space 5120K, 99% used [0x00000000eeb80000,0x00000000ef078520,0x00000000ef080000)
  to   space 20992K, 0% used [0x00000000f4100000,0x00000000f4100000,0x00000000f5580000)
 ParOldGen       total 86016K, used 38679K [0x00000000c0000000, 0x00000000c5400000, 0x00000000eaa80000)
  object space 86016K, 44% used [0x00000000c0000000,0x00000000c25c5fa8,0x00000000c5400000)
 PSPermGen       total 21504K, used 5901K [0x00000000bae00000, 0x00000000bc300000, 0x00000000c0000000)
  object space 21504K, 27% used [0x00000000bae00000,0x00000000bb3c3590,0x00000000bc300000)
}
Event: 7.498 GC heap before
{Heap before GC invocations=6 (full 0):
 PSYoungGen      total 71680K, used 71649K [0x00000000eaa80000, 0x00000000f5580000, 0x0000000100000000)
  eden space 66560K, 100% used [0x00000000eaa80000,0x00000000eeb80000,0x00000000eeb80000)
  from space 5120K, 99% used [0x00000000eeb80000,0x00000000ef078520,0x00000000ef080000)
  to   space 20992K, 0% used [0x00000000f4100000,0x00000000f4100000,0x00000000f5580000)
 ParOldGen       total 86016K, used 38679K [0x00000000c0000000, 0x00000000c5400000, 0x00000000eaa80000)
  object space 86016K, 44% used [0x00000000c0000000,0x00000000c25c5fa8,0x00000000c5400000)
 PSPermGen       total 21504K, used 5918K [0x00000000bae00000, 0x00000000bc300000, 0x00000000c0000000)
  object space 21504K, 27% used [0x00000000bae00000,0x00000000bb3c79b8,0x00000000bc300000)
Event: 7.895 GC heap after
Heap after GC invocations=6 (full 0):
 PSYoungGen      total 154112K, used 15253K [0x00000000eaa80000, 0x00000000f5580000, 0x0000000100000000)
  eden space 133120K, 0% used [0x00000000eaa80000,0x00000000eaa80000,0x00000000f2c80000)
  from space 20992K, 72% used [0x00000000f4100000,0x00000000f4fe5528,0x00000000f5580000)
  to   space 20992K, 0% used [0x00000000f2c80000,0x00000000f2c80000,0x00000000f4100000)
 ParOldGen       total 86016K, used 38679K [0x00000000c0000000, 0x00000000c5400000, 0x00000000eaa80000)
  object space 86016K, 44% used [0x00000000c0000000,0x00000000c25c5fa8,0x00000000c5400000)
 PSPermGen       total 21504K, used 5918K [0x00000000bae00000, 0x00000000bc300000, 0x00000000c0000000)
  object space 21504K, 27% used [0x00000000bae00000,0x00000000bb3c79b8,0x00000000bc300000)
}

Deoptimization events (10 events):
Event: 10.860 Thread 0x0000000001fb0800 Uncommon trap: reason=class_check action=maybe_recompile pc=0x000000000216df60 method=java.util.HashMap.<init>(IF)V @ 115
Event: 10.860 Thread 0x0000000001fb0800 Uncommon trap: reason=class_check action=maybe_recompile pc=0x00000000022e4760 method=java.util.HashMap.put(Ljava/lang/Object;Ljava/lang/Object;)Ljava/lang/Object; @ 137
Event: 10.860 Thread 0x0000000001fb0800 Uncommon trap: reason=class_check action=maybe_recompile pc=0x000000000229d658 method=java.util.HashMap.addEntry(ILjava/lang/Object;Ljava/lang/Object;I)V @ 65
Event: 10.860 Thread 0x0000000001fb0800 Uncommon trap: reason=class_check action=maybe_recompile pc=0x00000000022e4760 method=java.util.HashMap.put(Ljava/lang/Object;Ljava/lang/Object;)Ljava/lang/Object; @ 137
Event: 10.860 Thread 0x0000000001fb0800 Uncommon trap: reason=class_check action=maybe_recompile pc=0x000000000229d658 method=java.util.HashMap.addEntry(ILjava/lang/Object;Ljava/lang/Object;I)V @ 65
Event: 10.860 Thread 0x0000000001fb0800 Uncommon trap: reason=class_check action=maybe_recompile pc=0x00000000022e4760 method=java.util.HashMap.put(Ljava/lang/Object;Ljava/lang/Object;)Ljava/lang/Object; @ 137
Event: 10.860 Thread 0x0000000001fb0800 Uncommon trap: reason=class_check action=maybe_recompile pc=0x000000000229d658 method=java.util.HashMap.addEntry(ILjava/lang/Object;Ljava/lang/Object;I)V @ 65
Event: 10.860 Thread 0x0000000001fb0800 Uncommon trap: reason=class_check action=maybe_recompile pc=0x00000000022e4760 method=java.util.HashMap.put(Ljava/lang/Object;Ljava/lang/Object;)Ljava/lang/Object; @ 137
Event: 10.860 Thread 0x0000000001fb0800 Uncommon trap: reason=class_check action=maybe_recompile pc=0x000000000229d658 method=java.util.HashMap.addEntry(ILjava/lang/Object;Ljava/lang/Object;I)V @ 65
Event: 10.861 Thread 0x0000000001fb0800 Uncommon trap: reason=class_check action=maybe_recompile pc=0x000000000216df60 method=java.util.HashMap.<init>(IF)V @ 115

Internal exceptions (10 events):
Event: 9.763 Thread 0x0000000001fb0800 Threw 0x00000000ef703b58 at C:\re\jdk7u79\2331\hotspot\src\share\vm\prims\jvm.cpp:1304
Event: 9.809 Thread 0x0000000001fb0800 Threw 0x00000000ef762010 at C:\re\jdk7u79\2331\hotspot\src\share\vm\prims\jvm.cpp:1304
Event: 10.335 Thread 0x0000000001fb0800 Threw 0x00000000f00f43f0 at C:\re\jdk7u79\2331\hotspot\src\share\vm\prims\jvm.cpp:1304
Event: 10.337 Thread 0x0000000001fb0800 Threw 0x00000000f0100020 at C:\re\jdk7u79\2331\hotspot\src\share\vm\prims\jvm.cpp:1304
Event: 10.338 Thread 0x0000000001fb0800 Threw 0x00000000f0102c48 at C:\re\jdk7u79\2331\hotspot\src\share\vm\prims\jvm.cpp:1304
Event: 10.360 Thread 0x0000000001fb0800 Threw 0x00000000f01de840 at C:\re\jdk7u79\2331\hotspot\src\share\vm\prims\jvm.cpp:1304
Event: 10.419 Thread 0x0000000001fb0800 Threw 0x00000000f03a5b60 at C:\re\jdk7u79\2331\hotspot\src\share\vm\prims\jvm.cpp:1304
Event: 10.420 Thread 0x0000000001fb0800 Threw 0x00000000f03ab088 at C:\re\jdk7u79\2331\hotspot\src\share\vm\prims\jvm.cpp:1304
Event: 10.430 Thread 0x0000000001fb0800 Threw 0x00000000f03b0e00 at C:\re\jdk7u79\2331\hotspot\src\share\vm\prims\jvm.cpp:1304
Event: 10.786 Thread 0x0000000001fb0800 Threw 0x00000000f0457b68 at C:\re\jdk7u79\2331\hotspot\src\share\vm\prims\jvm.cpp:1304

Events (10 events):
Event: 10.865 loading class 0x000000000a530250
Event: 10.865 loading class 0x00000000082f3350
Event: 10.865 loading class 0x00000000082f3350 done
Event: 10.865 loading class 0x000000000a530250 done
Event: 10.865 loading class 0x000000000a5902b0
Event: 10.865 loading class 0x000000000a5902b0 done
Event: 10.865 loading class 0x000000000a58f480
Event: 10.865 loading class 0x000000000a58f480 done
Event: 10.865 loading class 0x00000000082f3320
Event: 10.865 loading class 0x00000000082f3320 done


Dynamic libraries:
0x00007ff70f950000 - 0x00007ff70f983000 	C:\Program Files\Java\jdk1.7.0_79\bin\java.exe
0x00007ff9f8a60000 - 0x00007ff9f8c0c000 	C:\WINDOWS\SYSTEM32\ntdll.dll
0x00007ff9f6770000 - 0x00007ff9f68ae000 	C:\WINDOWS\system32\KERNEL32.DLL
0x00007ff9f5f70000 - 0x00007ff9f6085000 	C:\WINDOWS\system32\KERNELBASE.dll
0x00007ff9f44a0000 - 0x00007ff9f452e000 	C:\WINDOWS\system32\apphelp.dll
0x00007ff9e6750000 - 0x00007ff9e67a3000 	C:\WINDOWS\AppPatch\AppPatch64\AcGenral.DLL
0x00007ff9f60e0000 - 0x00007ff9f618a000 	C:\WINDOWS\system32\msvcrt.dll
0x00007ff9f5980000 - 0x00007ff9f59ae000 	C:\WINDOWS\SYSTEM32\SspiCli.dll
0x00007ff9f85e0000 - 0x00007ff9f8634000 	C:\WINDOWS\system32\SHLWAPI.dll
0x00007ff9f8640000 - 0x00007ff9f87b7000 	C:\WINDOWS\system32\USER32.dll
0x00007ff9f6d10000 - 0x00007ff9f6ea4000 	C:\WINDOWS\system32\ole32.dll
0x00007ff9f70c0000 - 0x00007ff9f85d8000 	C:\WINDOWS\system32\SHELL32.dll
0x00007ff9f5150000 - 0x00007ff9f5171000 	C:\WINDOWS\SYSTEM32\USERENV.dll
0x00007ff9f7010000 - 0x00007ff9f70ba000 	C:\WINDOWS\system32\ADVAPI32.dll
0x00007ff9ec360000 - 0x00007ff9ec37e000 	C:\WINDOWS\SYSTEM32\MPR.dll
0x00007ff9f6230000 - 0x00007ff9f6371000 	C:\WINDOWS\system32\RPCRT4.dll
0x00007ff9f6920000 - 0x00007ff9f6979000 	C:\WINDOWS\SYSTEM32\sechost.dll
0x00007ff9f6990000 - 0x00007ff9f6ba1000 	C:\WINDOWS\SYSTEM32\combase.dll
0x00007ff9f6bb0000 - 0x00007ff9f6d01000 	C:\WINDOWS\system32\GDI32.dll
0x00007ff9f5bb0000 - 0x00007ff9f5bc5000 	C:\WINDOWS\SYSTEM32\profapi.dll
0x00007ff9f4180000 - 0x00007ff9f4232000 	C:\WINDOWS\SYSTEM32\SHCORE.dll
0x00007ff9f61f0000 - 0x00007ff9f6226000 	C:\WINDOWS\system32\IMM32.DLL
0x00007ff9f6eb0000 - 0x00007ff9f7002000 	C:\WINDOWS\system32\MSCTF.dll
0x00007ff9f3800000 - 0x00007ff9f3a7a000 	C:\WINDOWS\WinSxS\amd64_microsoft.windows.common-controls_6595b64144ccf1df_6.0.9600.17810_none_6240b9c7ecbd0bda\COMCTL32.dll
0x000000005b7b0000 - 0x000000005b882000 	C:\Program Files\Java\jdk1.7.0_79\jre\bin\msvcr100.dll
0x000000005bba0000 - 0x000000005c375000 	C:\Program Files\Java\jdk1.7.0_79\jre\bin\server\jvm.dll
0x00007ff9eb7d0000 - 0x00007ff9eb7d9000 	C:\WINDOWS\SYSTEM32\WSOCK32.dll
0x00007ff9f0ce0000 - 0x00007ff9f0d02000 	C:\WINDOWS\SYSTEM32\WINMM.dll
0x00007ff9f88a0000 - 0x00007ff9f88a7000 	C:\WINDOWS\system32\PSAPI.DLL
0x00007ff9f6190000 - 0x00007ff9f61ea000 	C:\WINDOWS\system32\WS2_32.dll
0x00007ff9f0cb0000 - 0x00007ff9f0cda000 	C:\WINDOWS\SYSTEM32\WINMMBASE.dll
0x00007ff9f64c0000 - 0x00007ff9f64c9000 	C:\WINDOWS\system32\NSI.dll
0x00007ff9f6090000 - 0x00007ff9f60df000 	C:\WINDOWS\SYSTEM32\cfgmgr32.dll
0x00007ff9f49b0000 - 0x00007ff9f49d8000 	C:\WINDOWS\SYSTEM32\DEVOBJ.dll
0x000000005bb90000 - 0x000000005bb9f000 	C:\Program Files\Java\jdk1.7.0_79\jre\bin\verify.dll
0x000000005bb60000 - 0x000000005bb88000 	C:\Program Files\Java\jdk1.7.0_79\jre\bin\java.dll
0x000000005bb40000 - 0x000000005bb55000 	C:\Program Files\Java\jdk1.7.0_79\jre\bin\zip.dll
0x000000005bb20000 - 0x000000005bb3a000 	C:\Program Files\Java\jdk1.7.0_79\jre\bin\net.dll
0x00007ff9f53c0000 - 0x00007ff9f5419000 	C:\WINDOWS\system32\mswsock.dll
0x000000005bb00000 - 0x000000005bb11000 	C:\Program Files\Java\jdk1.7.0_79\jre\bin\nio.dll

VM Arguments:
jvm_args: -Xmx1024M -Dfile.encoding=windows-1252 -Duser.country=AR -Duser.language=es -Duser.variant 
java_command: com.android.dx.command.Main --dex --num-threads=4 --output F:\Proyecto Transporte\Proyectos\AppBase\app\build\intermediates\pre-dexed\debug\classes-139767547c3e39d522c4ea5b298749f82b33c8cb.jar F:\Proyecto Transporte\Proyectos\AppBase\app\build\intermediates\exploded-aar\com.google.android.gms\play-services-ads\7.5.0\jars\classes.jar
Launcher Type: SUN_STANDARD

Environment Variables:
PATH=C:\ProgramData\Oracle\Java\javapath;C:\Program Files (x86)\HP SimplePass\x64;C:\Program Files (x86)\HP SimplePass\;C:\Program Files (x86)\Intel\iCLS Client\;C:\Program Files\Intel\iCLS Client\;C:\WINDOWS\system32;C:\WINDOWS;C:\WINDOWS\System32\Wbem;C:\WINDOWS\System32\WindowsPowerShell\v1.0\;C:\Program Files (x86)\Intel\OpenCL SDK\2.0\bin\x86;C:\Program Files (x86)\Intel\OpenCL SDK\2.0\bin\x64;C:\Program Files\Intel\Intel(R) Management Engine Components\DAL;C:\Program Files\Intel\Intel(R) Management Engine Components\IPT;C:\Program Files (x86)\Intel\Intel(R) Management Engine Components\DAL;C:\Program Files (x86)\Intel\Intel(R) Management Engine Components\IPT;C:\Program Files\TortoiseSVN\bin;C:\Program Files (x86)\Skype\Phone\;C:\Program Files (x86)\Subversion\bin
USERNAME=soled_000
OS=Windows_NT
PROCESSOR_IDENTIFIER=Intel64 Family 6 Model 58 Stepping 9, GenuineIntel



---------------  S Y S T E M  ---------------

OS: Windows 8.1 , 64 bit Build 9600 

CPU:total 8 (4 cores per cpu, 2 threads per core) family 6 model 58 stepping 9, cmov, cx8, fxsr, mmx, sse, sse2, sse3, ssse3, sse4.1, sse4.2, popcnt, avx, aes, erms, ht, tsc, tscinvbit, tscinv

Memory: 4k page, physical 8280028k(1937336k free), swap 8280028k(4948k free)

vm_info: Java HotSpot(TM) 64-Bit Server VM (24.79-b02) for windows-amd64 JRE (1.7.0_79-b15), built on Apr 10 2015 12:36:16 by "java_re" with unknown MS VC++:1600

time: Fri Jun 26 15:20:31 2015
elapsed time: 10 seconds

