#
# There is insufficient memory for the Java Runtime Environment to continue.
# Native memory allocation (malloc) failed to allocate 719168 bytes for Chunk::new
# Possible reasons:
#   The system is out of physical RAM or swap space
#   In 32 bit mode, the process size limit was hit
# Possible solutions:
#   Reduce memory load on the system
#   Increase physical memory or swap space
#   Check if swap backing store is full
#   Use 64 bit Java on a 64 bit OS
#   Decrease Java heap size (-Xmx/-Xms)
#   Decrease number of Java threads
#   Decrease Java thread stack sizes (-Xss)
#   Set larger code cache with -XX:ReservedCodeCacheSize=
# This output file may be truncated or incomplete.
#
#  Out of Memory Error (allocation.cpp:323), pid=7480, tid=3416
#
# JRE version: Java(TM) SE Runtime Environment (7.0_79-b15) (build 1.7.0_79-b15)
# Java VM: Java HotSpot(TM) 64-Bit Server VM (24.79-b02 mixed mode windows-amd64 compressed oops)
# Failed to write core dump. Minidumps are not enabled by default on client versions of Windows
#

---------------  T H R E A D  ---------------

Current thread (0x0000000002847800):  JavaThread "C2 CompilerThread1" daemon [_thread_in_native, id=3416, stack(0x000000000b250000,0x000000000b350000)]

Stack: [0x000000000b250000,0x000000000b350000]
[error occurred during error reporting (printing stack bounds), id 0xc0000005]


Current CompileTask:
C2:   6102  437   !         com.android.dx.cf.code.Ropper::processBlock (1101 bytes)


---------------  P R O C E S S  ---------------

Java Threads: ( => current thread )
  0x000000000284a000 JavaThread "Service Thread" daemon [_thread_blocked, id=5208, stack(0x000000000b350000,0x000000000b450000)]
=>0x0000000002847800 JavaThread "C2 CompilerThread1" daemon [_thread_in_native, id=3416, stack(0x000000000b250000,0x000000000b350000)]
  0x000000000283d800 JavaThread "C2 CompilerThread0" daemon [_thread_in_native, id=1144, stack(0x000000000b150000,0x000000000b250000)]
  0x000000000ab71000 JavaThread "Attach Listener" daemon [_thread_blocked, id=3272, stack(0x000000000b050000,0x000000000b150000)]
  0x000000000ab70800 JavaThread "Signal Dispatcher" daemon [_thread_blocked, id=3976, stack(0x000000000af50000,0x000000000b050000)]
  0x0000000008b70800 JavaThread "Finalizer" daemon [_thread_blocked, id=8000, stack(0x000000000aa50000,0x000000000ab50000)]
  0x0000000008b69000 JavaThread "Reference Handler" daemon [_thread_blocked, id=6240, stack(0x000000000a950000,0x000000000aa50000)]
  0x0000000002750800 JavaThread "main" [_thread_in_vm, id=2788, stack(0x0000000002650000,0x0000000002750000)]

Other Threads:
  0x0000000008b65800 VMThread [stack: 0x000000000a850000,0x000000000a950000] [id=4456]
  0x000000000284e800 WatcherThread [stack: 0x000000000b450000,0x000000000b550000] [id=6532]

VM state:not at safepoint (normal execution)

VM Mutex/Monitor currently owned by a thread: None

Heap
 PSYoungGen      total 71680K, used 35989K [0x00000000eaa80000, 0x00000000ef580000, 0x0000000100000000)
  eden space 66560K, 46% used [0x00000000eaa80000,0x00000000ec8aba40,0x00000000eeb80000)
  from space 5120K, 99% used [0x00000000ef080000,0x00000000ef579c78,0x00000000ef580000)
  to   space 5120K, 0% used [0x00000000eeb80000,0x00000000eeb80000,0x00000000ef080000)
 ParOldGen       total 86016K, used 6614K [0x00000000c0000000, 0x00000000c5400000, 0x00000000eaa80000)
  object space 86016K, 7% used [0x00000000c0000000,0x00000000c0675a70,0x00000000c5400000)
 PSPermGen       total 21504K, used 5903K [0x00000000bae00000, 0x00000000bc300000, 0x00000000c0000000)
  object space 21504K, 27% used [0x00000000bae00000,0x00000000bb3c3f00,0x00000000bc300000)

Card table byte_map: [0x0000000005910000,0x0000000005b40000] byte_map_base: 0x0000000005339000

Polling page: 0x0000000002550000

Code Cache  [0x0000000002850000, 0x0000000002ac0000, 0x0000000005850000)
 total_blobs=688 nmethods=451 adapters=189 free_code_cache=47276Kb largest_free_block=48378432

Compilation events (10 events):
Event: 5.988 Thread 0x000000000283d800 nmethod 452 0x0000000002a26190 code [0x0000000002a262c0, 0x0000000002a26318]
Event: 5.988 Thread 0x000000000283d800  453             com.android.dx.rop.cst.CstType::getClassType (5 bytes)
Event: 5.988 Thread 0x000000000283d800 nmethod 453 0x0000000002a25f90 code [0x0000000002a260c0, 0x0000000002a26118]
Event: 5.988 Thread 0x000000000283d800  454             java.util.TreeMap::successor (66 bytes)
Event: 5.990 Thread 0x000000000283d800 nmethod 454 0x0000000002a25cd0 code [0x0000000002a25e00, 0x0000000002a25eb8]
Event: 5.990 Thread 0x000000000283d800  455             com.android.dx.util.ByteArray::<init> (81 bytes)
Event: 5.991 Thread 0x000000000283d800 nmethod 455 0x0000000002a259d0 code [0x0000000002a25b20, 0x0000000002a25bd8]
Event: 5.991 Thread 0x000000000283d800  456             com.android.dx.ssa.SsaBasicBlock::getParent (5 bytes)
Event: 5.991 Thread 0x000000000283d800 nmethod 456 0x0000000002a257d0 code [0x0000000002a25900, 0x0000000002a25958]
Event: 5.991 Thread 0x000000000283d800  457             com.android.dx.rop.code.Rops::ropFor (771 bytes)

GC Heap History (4 events):
Event: 3.842 GC heap before
{Heap before GC invocations=1 (full 0):
 PSYoungGen      total 38400K, used 33280K [0x00000000eaa80000, 0x00000000ed500000, 0x0000000100000000)
  eden space 33280K, 100% used [0x00000000eaa80000,0x00000000ecb00000,0x00000000ecb00000)
  from space 5120K, 0% used [0x00000000ed000000,0x00000000ed000000,0x00000000ed500000)
  to   space 5120K, 0% used [0x00000000ecb00000,0x00000000ecb00000,0x00000000ed000000)
 ParOldGen       total 86016K, used 0K [0x00000000c0000000, 0x00000000c5400000, 0x00000000eaa80000)
  object space 86016K, 0% used [0x00000000c0000000,0x00000000c0000000,0x00000000c5400000)
 PSPermGen       total 21504K, used 5741K [0x00000000bae00000, 0x00000000bc300000, 0x00000000c0000000)
  object space 21504K, 26% used [0x00000000bae00000,0x00000000bb39b448,0x00000000bc300000)
Event: 3.954 GC heap after
Heap after GC invocations=1 (full 0):
 PSYoungGen      total 38400K, used 5095K [0x00000000eaa80000, 0x00000000ef580000, 0x0000000100000000)
  eden space 33280K, 0% used [0x00000000eaa80000,0x00000000eaa80000,0x00000000ecb00000)
  from space 5120K, 99% used [0x00000000ecb00000,0x00000000ecff9de8,0x00000000ed000000)
  to   space 5120K, 0% used [0x00000000ef080000,0x00000000ef080000,0x00000000ef580000)
 ParOldGen       total 86016K, used 1742K [0x00000000c0000000, 0x00000000c5400000, 0x00000000eaa80000)
  object space 86016K, 2% used [0x00000000c0000000,0x00000000c01b3970,0x00000000c5400000)
 PSPermGen       total 21504K, used 5741K [0x00000000bae00000, 0x00000000bc300000, 0x00000000c0000000)
  object space 21504K, 26% used [0x00000000bae00000,0x00000000bb39b448,0x00000000bc300000)
}
Event: 4.976 GC heap before
{Heap before GC invocations=2 (full 0):
 PSYoungGen      total 38400K, used 38375K [0x00000000eaa80000, 0x00000000ef580000, 0x0000000100000000)
  eden space 33280K, 100% used [0x00000000eaa80000,0x00000000ecb00000,0x00000000ecb00000)
  from space 5120K, 99% used [0x00000000ecb00000,0x00000000ecff9de8,0x00000000ed000000)
  to   space 5120K, 0% used [0x00000000ef080000,0x00000000ef080000,0x00000000ef580000)
 ParOldGen       total 86016K, used 1742K [0x00000000c0000000, 0x00000000c5400000, 0x00000000eaa80000)
  object space 86016K, 2% used [0x00000000c0000000,0x00000000c01b3970,0x00000000c5400000)
 PSPermGen       total 21504K, used 5817K [0x00000000bae00000, 0x00000000bc300000, 0x00000000c0000000)
  object space 21504K, 27% used [0x00000000bae00000,0x00000000bb3ae738,0x00000000bc300000)
Event: 5.142 GC heap after
Heap after GC invocations=2 (full 0):
 PSYoungGen      total 71680K, used 5095K [0x00000000eaa80000, 0x00000000ef580000, 0x0000000100000000)
  eden space 66560K, 0% used [0x00000000eaa80000,0x00000000eaa80000,0x00000000eeb80000)
  from space 5120K, 99% used [0x00000000ef080000,0x00000000ef579c78,0x00000000ef580000)
  to   space 5120K, 0% used [0x00000000eeb80000,0x00000000eeb80000,0x00000000ef080000)
 ParOldGen       total 86016K, used 6614K [0x00000000c0000000, 0x00000000c5400000, 0x00000000eaa80000)
  object space 86016K, 7% used [0x00000000c0000000,0x00000000c0675a70,0x00000000c5400000)
 PSPermGen       total 21504K, used 5817K [0x00000000bae00000, 0x00000000bc300000, 0x00000000c0000000)
  object space 21504K, 27% used [0x00000000bae00000,0x00000000bb3ae738,0x00000000bc300000)
}

Deoptimization events (10 events):
Event: 4.487 Thread 0x000000000adac800 Uncommon trap: reason=class_check action=maybe_recompile pc=0x000000000297d424 method=com.android.dx.cf.code.BytecodeArray.parseInstruction(ILcom/android/dx/cf/code/BytecodeArray$Visitor;)I @ 1035
Event: 4.711 Thread 0x0000000002750800 Uncommon trap: reason=null_check action=make_not_entrant pc=0x00000000029a5c1c method=com.android.dx.dex.file.MethodIdsSection.intern(Lcom/android/dx/rop/cst/CstBaseMethodRef;)Lcom/android/dx/dex/file/MethodIdItem; @ 26
Event: 4.719 Thread 0x000000000adac800 Uncommon trap: reason=bimorphic action=maybe_recompile pc=0x000000000292c6c4 method=java.util.HashMap.put(Ljava/lang/Object;Ljava/lang/Object;)Ljava/lang/Object; @ 83
Event: 4.728 Thread 0x000000000adac800 Uncommon trap: reason=null_check action=make_not_entrant pc=0x00000000029a5c1c method=com.android.dx.dex.file.MethodIdsSection.intern(Lcom/android/dx/rop/cst/CstBaseMethodRef;)Lcom/android/dx/dex/file/MethodIdItem; @ 26
Event: 4.808 Thread 0x000000000ada6000 Uncommon trap: reason=unreached action=reinterpret pc=0x000000000291ea44 method=com.android.dx.ssa.SCCP.simulateBranch(Lcom/android/dx/ssa/SsaInsn;)V @ 132
Event: 4.809 Thread 0x000000000ada6000 Uncommon trap: reason=unloaded action=reinterpret pc=0x000000000295f438 method=com.android.dx.ssa.LiteralOpUpgrader$1.visitNonMoveInsn(Lcom/android/dx/ssa/NormalSsaInsn;)V @ 72
Event: 5.323 Thread 0x000000000adac000 Uncommon trap: reason=null_check action=make_not_entrant pc=0x00000000029d26e4 method=com.android.dx.ssa.SsaRenamer.getLocalForNewReg(I)Lcom/android/dx/rop/code/LocalItem; @ 19
Event: 5.801 Thread 0x0000000002750800 Uncommon trap: reason=bimorphic action=maybe_recompile pc=0x000000000292c6c4 method=java.util.HashMap.put(Ljava/lang/Object;Ljava/lang/Object;)Ljava/lang/Object; @ 83
Event: 5.801 Thread 0x0000000002750800 Uncommon trap: reason=bimorphic action=maybe_recompile pc=0x000000000292c6c4 method=java.util.HashMap.put(Ljava/lang/Object;Ljava/lang/Object;)Ljava/lang/Object; @ 83
Event: 5.801 Thread 0x0000000002750800 Uncommon trap: reason=bimorphic action=maybe_recompile pc=0x000000000292c6c4 method=java.util.HashMap.put(Ljava/lang/Object;Ljava/lang/Object;)Ljava/lang/Object; @ 83

Internal exceptions (10 events):
Event: 2.565 Thread 0x000000000ada6000 Threw 0x00000000ebbfd410 at C:\re\jdk7u79\2331\hotspot\src\share\vm\prims\jvm.cpp:1304
Event: 2.862 Thread 0x0000000002750800 Threw 0x00000000ebd469d8 at C:\re\jdk7u79\2331\hotspot\src\share\vm\prims\jvm.cpp:1304
Event: 3.430 Thread 0x0000000002750800 Implicit null exception at 0x000000000290b9db to 0x000000000290c0d9
Event: 3.463 Thread 0x0000000002750800 Threw 0x00000000ec55bfd8 at C:\re\jdk7u79\2331\hotspot\src\share\vm\prims\jvm.cpp:1304
Event: 4.711 Thread 0x0000000002750800 Implicit null exception at 0x00000000029a52dc to 0x00000000029a5c0d
Event: 4.728 Thread 0x000000000adac800 Implicit null exception at 0x00000000029a52dc to 0x00000000029a5c0d
Event: 4.809 Thread 0x000000000ada6000 Threw 0x00000000ec980da8 at C:\re\jdk7u79\2331\hotspot\src\share\vm\prims\jvm.cpp:1304
Event: 5.323 Thread 0x000000000adac000 Implicit null exception at 0x00000000029d12be to 0x00000000029d26ad
Event: 5.359 Thread 0x000000000ada6000 Threw 0x00000000eb5d96b8 at C:\re\jdk7u79\2331\hotspot\src\share\vm\prims\jvm.cpp:1304
Event: 5.809 Thread 0x0000000002750800 Threw 0x00000000ec309560 at C:\re\jdk7u79\2331\hotspot\src\share\vm\prims\jvm.cpp:1304

Events (10 events):
Event: 5.801 Thread 0x0000000002750800 DEOPT UNPACKING pc=0x00000000028875a4 sp=0x000000000274f308 mode 2
Event: 5.801 Thread 0x0000000002750800 Uncommon trap: trap_request=0xffffffc6 fr.pc=0x000000000292c6c4
Event: 5.801 Thread 0x0000000002750800 DEOPT PACKING pc=0x000000000292c6c4 sp=0x000000000274f360
Event: 5.801 Thread 0x0000000002750800 DEOPT UNPACKING pc=0x00000000028875a4 sp=0x000000000274f308 mode 2
Event: 5.801 Thread 0x0000000002750800 Uncommon trap: trap_request=0xffffffc6 fr.pc=0x000000000292c6c4
Event: 5.801 Thread 0x0000000002750800 DEOPT PACKING pc=0x000000000292c6c4 sp=0x000000000274f360
Event: 5.801 Thread 0x0000000002750800 DEOPT UNPACKING pc=0x00000000028875a4 sp=0x000000000274f308 mode 2
Event: 5.809 loading class 0x000000000adbec30
Event: 5.809 loading class 0x000000000adbec30 done
Event: 5.869 Thread 0x000000000ada7000 Thread exited: 0x000000000ada7000


Dynamic libraries:
0x00007ff6a8190000 - 0x00007ff6a81c3000 	C:\Program Files\Java\jdk1.7.0_79\bin\java.exe
0x00007ffc88860000 - 0x00007ffc88a0c000 	C:\WINDOWS\SYSTEM32\ntdll.dll
0x00007ffc87eb0000 - 0x00007ffc87fee000 	C:\WINDOWS\system32\KERNEL32.DLL
0x00007ffc85b80000 - 0x00007ffc85c95000 	C:\WINDOWS\system32\KERNELBASE.dll
0x00007ffc84550000 - 0x00007ffc845de000 	C:\WINDOWS\system32\apphelp.dll
0x00007ffc6a5c0000 - 0x00007ffc6a613000 	C:\WINDOWS\AppPatch\AppPatch64\AcGenral.DLL
0x00007ffc87b50000 - 0x00007ffc87bfa000 	C:\WINDOWS\system32\msvcrt.dll
0x00007ffc85780000 - 0x00007ffc857ae000 	C:\WINDOWS\SYSTEM32\SspiCli.dll
0x00007ffc87af0000 - 0x00007ffc87b44000 	C:\WINDOWS\system32\SHLWAPI.dll
0x00007ffc877d0000 - 0x00007ffc87947000 	C:\WINDOWS\system32\USER32.dll
0x00007ffc87950000 - 0x00007ffc87ae4000 	C:\WINDOWS\system32\ole32.dll
0x00007ffc85ee0000 - 0x00007ffc873f8000 	C:\WINDOWS\system32\SHELL32.dll
0x00007ffc84f50000 - 0x00007ffc84f71000 	C:\WINDOWS\SYSTEM32\USERENV.dll
0x00007ffc87e00000 - 0x00007ffc87eaa000 	C:\WINDOWS\system32\ADVAPI32.dll
0x00007ffc7b4b0000 - 0x00007ffc7b4ce000 	C:\WINDOWS\SYSTEM32\MPR.dll
0x00007ffc87620000 - 0x00007ffc87761000 	C:\WINDOWS\system32\RPCRT4.dll
0x00007ffc87770000 - 0x00007ffc877c9000 	C:\WINDOWS\SYSTEM32\sechost.dll
0x00007ffc88450000 - 0x00007ffc88661000 	C:\WINDOWS\SYSTEM32\combase.dll
0x00007ffc87ff0000 - 0x00007ffc88141000 	C:\WINDOWS\system32\GDI32.dll
0x00007ffc859b0000 - 0x00007ffc859c5000 	C:\WINDOWS\SYSTEM32\profapi.dll
0x00007ffc83f20000 - 0x00007ffc83fd2000 	C:\WINDOWS\SYSTEM32\SHCORE.dll
0x00007ffc87dc0000 - 0x00007ffc87df6000 	C:\WINDOWS\system32\IMM32.DLL
0x00007ffc87c00000 - 0x00007ffc87d52000 	C:\WINDOWS\system32\MSCTF.dll
0x00007ffc83600000 - 0x00007ffc8387a000 	C:\WINDOWS\WinSxS\amd64_microsoft.windows.common-controls_6595b64144ccf1df_6.0.9600.17810_none_6240b9c7ecbd0bda\COMCTL32.dll
0x0000000074e50000 - 0x0000000074f22000 	C:\Program Files\Java\jdk1.7.0_79\jre\bin\msvcr100.dll
0x00000000752e0000 - 0x0000000075ab5000 	C:\Program Files\Java\jdk1.7.0_79\jre\bin\server\jvm.dll
0x00007ffc6c070000 - 0x00007ffc6c079000 	C:\WINDOWS\SYSTEM32\WSOCK32.dll
0x00007ffc80ac0000 - 0x00007ffc80ae2000 	C:\WINDOWS\SYSTEM32\WINMM.dll
0x00007ffc88150000 - 0x00007ffc88157000 	C:\WINDOWS\system32\PSAPI.DLL
0x00007ffc87d60000 - 0x00007ffc87dba000 	C:\WINDOWS\system32\WS2_32.dll
0x00007ffc80a90000 - 0x00007ffc80aba000 	C:\WINDOWS\SYSTEM32\WINMMBASE.dll
0x00007ffc88160000 - 0x00007ffc88169000 	C:\WINDOWS\system32\NSI.dll
0x00007ffc85a80000 - 0x00007ffc85acf000 	C:\WINDOWS\SYSTEM32\cfgmgr32.dll
0x00007ffc847d0000 - 0x00007ffc847f8000 	C:\WINDOWS\SYSTEM32\DEVOBJ.dll
0x0000000076030000 - 0x000000007603f000 	C:\Program Files\Java\jdk1.7.0_79\jre\bin\verify.dll
0x0000000076000000 - 0x0000000076028000 	C:\Program Files\Java\jdk1.7.0_79\jre\bin\java.dll
0x0000000075fe0000 - 0x0000000075ff5000 	C:\Program Files\Java\jdk1.7.0_79\jre\bin\zip.dll
0x0000000075fc0000 - 0x0000000075fda000 	C:\Program Files\Java\jdk1.7.0_79\jre\bin\net.dll
0x00007ffc851c0000 - 0x00007ffc85219000 	C:\WINDOWS\system32\mswsock.dll
0x0000000075fa0000 - 0x0000000075fb1000 	C:\Program Files\Java\jdk1.7.0_79\jre\bin\nio.dll

VM Arguments:
jvm_args: -Xmx1024M -Dfile.encoding=windows-1252 -Duser.country=AR -Duser.language=es -Duser.variant 
java_command: com.android.dx.command.Main --dex --num-threads=4 --output F:\Proyecto Transporte\Proyectos\AppBase\app\build\intermediates\pre-dexed\debug\internal_impl-22.2.0-0507fbc9f3be16ee244693ae339d37950f8565ef.jar F:\Proyecto Transporte\Proyectos\AppBase\app\build\intermediates\exploded-aar\com.android.support\support-v4\22.2.0\jars\libs\internal_impl-22.2.0.jar
Launcher Type: SUN_STANDARD

Environment Variables:
PATH=C:\ProgramData\Oracle\Java\javapath;C:\Program Files (x86)\HP SimplePass\x64;C:\Program Files (x86)\HP SimplePass\;C:\Program Files (x86)\Intel\iCLS Client\;C:\Program Files\Intel\iCLS Client\;C:\WINDOWS\system32;C:\WINDOWS;C:\WINDOWS\System32\Wbem;C:\WINDOWS\System32\WindowsPowerShell\v1.0\;C:\Program Files (x86)\Intel\OpenCL SDK\2.0\bin\x86;C:\Program Files (x86)\Intel\OpenCL SDK\2.0\bin\x64;C:\Program Files\Intel\Intel(R) Management Engine Components\DAL;C:\Program Files\Intel\Intel(R) Management Engine Components\IPT;C:\Program Files (x86)\Intel\Intel(R) Management Engine Components\DAL;C:\Program Files (x86)\Intel\Intel(R) Management Engine Components\IPT;C:\Program Files\TortoiseSVN\bin;C:\Program Files (x86)\Skype\Phone\;C:\Program Files (x86)\Subversion\bin
USERNAME=soled_000
OS=Windows_NT
PROCESSOR_IDENTIFIER=Intel64 Family 6 Model 58 Stepping 9, GenuineIntel



---------------  S Y S T E M  ---------------

OS: Windows 8.1 , 64 bit Build 9600 

CPU:total 8 (4 cores per cpu, 2 threads per core) family 6 model 58 stepping 9, cmov, cx8, fxsr, mmx, sse, sse2, sse3, ssse3, sse4.1, sse4.2, popcnt, avx, aes, erms, ht, tsc, tscinvbit, tscinv

Memory: 4k page, physical 8280028k(2216240k free), swap 8280028k(7144k free)

vm_info: Java HotSpot(TM) 64-Bit Server VM (24.79-b02) for windows-amd64 JRE (1.7.0_79-b15), built on Apr 10 2015 12:36:16 by "java_re" with unknown MS VC++:1600

time: Wed Jul 08 10:14:14 2015
elapsed time: 6 seconds

