#
# There is insufficient memory for the Java Runtime Environment to continue.
# Native memory allocation (malloc) failed to allocate 416096 bytes for Chunk::new
# Possible reasons:
#   The system is out of physical RAM or swap space
#   In 32 bit mode, the process size limit was hit
# Possible solutions:
#   Reduce memory load on the system
#   Increase physical memory or swap space
#   Check if swap backing store is full
#   Use 64 bit Java on a 64 bit OS
#   Decrease Java heap size (-Xmx/-Xms)
#   Decrease number of Java threads
#   Decrease Java thread stack sizes (-Xss)
#   Set larger code cache with -XX:ReservedCodeCacheSize=
# This output file may be truncated or incomplete.
#
#  Out of Memory Error (allocation.cpp:323), pid=5864, tid=2592
#
# JRE version: Java(TM) SE Runtime Environment (7.0_79-b15) (build 1.7.0_79-b15)
# Java VM: Java HotSpot(TM) 64-Bit Server VM (24.79-b02 mixed mode windows-amd64 compressed oops)
# Failed to write core dump. Minidumps are not enabled by default on client versions of Windows
#

---------------  T H R E A D  ---------------

Current thread (0x0000000002c77800):  JavaThread "C2 CompilerThread1" daemon [_thread_in_native, id=2592, stack(0x000000000b6b0000,0x000000000b7b0000)]

Stack: [0x000000000b6b0000,0x000000000b7b0000]
[error occurred during error reporting (printing stack bounds), id 0xc0000005]


[error occurred during error reporting (printing native stack), id 0xc0000005]


Current CompileTask:
C2:   1915  238             com.android.dx.ssa.SCCP::simulateStmt (481 bytes)


---------------  P R O C E S S  ---------------

Java Threads: ( => current thread )
  0x000000000b258800 JavaThread "pool-1-thread-4" [_thread_in_Java, id=224, stack(0x000000000bdb0000,0x000000000beb0000)]
  0x000000000b257800 JavaThread "pool-1-thread-3" [_thread_in_Java, id=4432, stack(0x000000000bcb0000,0x000000000bdb0000)]
  0x000000000b16a800 JavaThread "pool-1-thread-2" [_thread_in_Java, id=9000, stack(0x000000000bbb0000,0x000000000bcb0000)]
  0x000000000b0a1000 JavaThread "pool-2-thread-1" [_thread_blocked, id=8296, stack(0x000000000bab0000,0x000000000bbb0000)]
  0x000000000b2ad800 JavaThread "pool-1-thread-1" [_thread_in_Java, id=8980, stack(0x000000000b9b0000,0x000000000bab0000)]
  0x0000000002c7d800 JavaThread "Service Thread" daemon [_thread_blocked, id=6052, stack(0x000000000b7b0000,0x000000000b8b0000)]
=>0x0000000002c77800 JavaThread "C2 CompilerThread1" daemon [_thread_in_native, id=2592, stack(0x000000000b6b0000,0x000000000b7b0000)]
  0x0000000002c6d800 JavaThread "C2 CompilerThread0" daemon [_thread_in_native, id=4320, stack(0x000000000b5b0000,0x000000000b6b0000)]
  0x0000000002c6d000 JavaThread "Attach Listener" daemon [_thread_blocked, id=2024, stack(0x000000000b4b0000,0x000000000b5b0000)]
  0x0000000002c68000 JavaThread "Signal Dispatcher" daemon [_thread_blocked, id=8356, stack(0x000000000b3b0000,0x000000000b4b0000)]
  0x0000000008fcf800 JavaThread "Finalizer" daemon [_thread_blocked, id=4992, stack(0x000000000aeb0000,0x000000000afb0000)]
  0x0000000008fc9000 JavaThread "Reference Handler" daemon [_thread_blocked, id=7472, stack(0x000000000adb0000,0x000000000aeb0000)]
  0x0000000002b80800 JavaThread "main" [_thread_blocked, id=3744, stack(0x0000000002a60000,0x0000000002b60000)]

Other Threads:
  0x0000000008fc5800 VMThread [stack: 0x000000000acb0000,0x000000000adb0000] [id=6420]
  0x000000000afdd000 WatcherThread [stack: 0x000000000b8b0000,0x000000000b9b0000] [id=7244]

VM state:not at safepoint (normal execution)

VM Mutex/Monitor currently owned by a thread: None

Heap
 PSYoungGen      total 38400K, used 11731K [0x00000000eaa80000, 0x00000000ed500000, 0x0000000100000000)
  eden space 33280K, 19% used [0x00000000eaa80000,0x00000000eb0fa8f0,0x00000000ecb00000)
  from space 5120K, 99% used [0x00000000ecb00000,0x00000000ecffa4c0,0x00000000ed000000)
  to   space 5120K, 0% used [0x00000000ed000000,0x00000000ed000000,0x00000000ed500000)
 ParOldGen       total 86016K, used 1573K [0x00000000c0000000, 0x00000000c5400000, 0x00000000eaa80000)
  object space 86016K, 1% used [0x00000000c0000000,0x00000000c0189518,0x00000000c5400000)
 PSPermGen       total 21504K, used 5744K [0x00000000bae00000, 0x00000000bc300000, 0x00000000c0000000)
  object space 21504K, 26% used [0x00000000bae00000,0x00000000bb39c1a8,0x00000000bc300000)

Card table byte_map: [0x0000000005d40000,0x0000000005f70000] byte_map_base: 0x0000000005769000

Polling page: 0x00000000011d0000

Code Cache  [0x0000000002c80000, 0x0000000002ef0000, 0x0000000005c80000)
 total_blobs=475 nmethods=238 adapters=189 free_code_cache=48193Kb largest_free_block=49317888

Compilation events (10 events):
Event: 1.891 Thread 0x0000000002c6d800 nmethod 233 0x0000000002d4b990 code [0x0000000002d4bb00, 0x0000000002d4beb8]
Event: 1.891 Thread 0x0000000002c6d800  235             com.android.dx.cf.code.ByteOps::opInfo (6 bytes)
Event: 1.892 Thread 0x0000000002c6d800 nmethod 235 0x0000000002d4b790 code [0x0000000002d4b8c0, 0x0000000002d4b918]
Event: 1.892 Thread 0x0000000002c6d800  236             com.android.dx.ssa.SsaBasicBlock::getCountPhiInsns (45 bytes)
Event: 1.895 Thread 0x0000000002c6d800 nmethod 236 0x0000000002d6df10 code [0x0000000002d6e060, 0x0000000002d6e258]
Event: 1.895 Thread 0x0000000002c6d800  237             com.android.dx.ssa.SsaMethod$1::visitNonMoveInsn (26 bytes)
Event: 1.896 Thread 0x0000000002c77800 nmethod 234 0x0000000002d64d50 code [0x0000000002d64f40, 0x0000000002d65610]
Event: 1.896 Thread 0x0000000002c77800  238             com.android.dx.ssa.SCCP::simulateStmt (481 bytes)
Event: 1.896 Thread 0x0000000002c6d800 nmethod 237 0x0000000002d6e510 code [0x0000000002d6e660, 0x0000000002d6e758]
Event: 1.896 Thread 0x0000000002c6d800  239             com.android.dx.ssa.back.SsaToRop::removePhiFunctions (83 bytes)

GC Heap History (2 events):
Event: 1.848 GC heap before
{Heap before GC invocations=1 (full 0):
 PSYoungGen      total 38400K, used 33280K [0x00000000eaa80000, 0x00000000ed500000, 0x0000000100000000)
  eden space 33280K, 100% used [0x00000000eaa80000,0x00000000ecb00000,0x00000000ecb00000)
  from space 5120K, 0% used [0x00000000ed000000,0x00000000ed000000,0x00000000ed500000)
  to   space 5120K, 0% used [0x00000000ecb00000,0x00000000ecb00000,0x00000000ed000000)
 ParOldGen       total 86016K, used 0K [0x00000000c0000000, 0x00000000c5400000, 0x00000000eaa80000)
  object space 86016K, 0% used [0x00000000c0000000,0x00000000c0000110,0x00000000c5400000)
 PSPermGen       total 21504K, used 5730K [0x00000000bae00000, 0x00000000bc300000, 0x00000000c0000000)
  object space 21504K, 26% used [0x00000000bae00000,0x00000000bb398b78,0x00000000bc300000)
Event: 1.880 GC heap after
Heap after GC invocations=1 (full 0):
 PSYoungGen      total 38400K, used 5097K [0x00000000eaa80000, 0x00000000ed500000, 0x0000000100000000)
  eden space 33280K, 0% used [0x00000000eaa80000,0x00000000eaa80000,0x00000000ecb00000)
  from space 5120K, 99% used [0x00000000ecb00000,0x00000000ecffa4c0,0x00000000ed000000)
  to   space 5120K, 0% used [0x00000000ed000000,0x00000000ed000000,0x00000000ed500000)
 ParOldGen       total 86016K, used 1573K [0x00000000c0000000, 0x00000000c5400000, 0x00000000eaa80000)
  object space 86016K, 1% used [0x00000000c0000000,0x00000000c0189518,0x00000000c5400000)
 PSPermGen       total 21504K, used 5730K [0x00000000bae00000, 0x00000000bc300000, 0x00000000c0000000)
  object space 21504K, 26% used [0x00000000bae00000,0x00000000bb398b78,0x00000000bc300000)
}

Deoptimization events (4 events):
Event: 0.831 Thread 0x000000000b16a800 Uncommon trap: reason=class_check action=maybe_recompile pc=0x0000000002cf5574 method=com.android.dx.ssa.NormalSsaInsn.accept(Lcom/android/dx/ssa/SsaInsn$Visitor;)V @ 9
Event: 0.939 Thread 0x000000000b2ad800 Uncommon trap: reason=null_check action=make_not_entrant pc=0x0000000002d00dd0 method=com.android.dx.rop.code.LocalItem.equals(Ljava/lang/Object;)Z @ 1
Event: 1.402 Thread 0x000000000b2ad800 Uncommon trap: reason=null_check action=make_not_entrant pc=0x0000000002d3c7f4 method=com.android.dx.rop.code.RegisterSpec.equals(Ljava/lang/Object;)Z @ 1
Event: 1.476 Thread 0x0000000002b80800 Uncommon trap: reason=unreached action=reinterpret pc=0x0000000002cf9c44 method=com.android.dx.rop.cst.Constant.compareTo(Lcom/android/dx/rop/cst/Constant;)I @ 12

Internal exceptions (10 events):
Event: 0.475 Thread 0x000000000b16a800 Threw 0x00000000eb308748 at C:\re\jdk7u79\2331\hotspot\src\share\vm\prims\jvm.cpp:1304
Event: 0.480 Thread 0x0000000002b80800 Threw 0x00000000eb3b7090 at C:\re\jdk7u79\2331\hotspot\src\share\vm\prims\jvm.cpp:1304
Event: 0.485 Thread 0x0000000002b80800 Threw 0x00000000eb3c0dd8 at C:\re\jdk7u79\2331\hotspot\src\share\vm\prims\jvm.cpp:1304
Event: 0.819 Thread 0x0000000002b80800 Threw 0x00000000eb8dbf58 at C:\re\jdk7u79\2331\hotspot\src\share\vm\prims\jvm.cpp:1304
Event: 0.843 Thread 0x0000000002b80800 Threw 0x00000000eb937d68 at C:\re\jdk7u79\2331\hotspot\src\share\vm\prims\jvm.cpp:1304
Event: 0.939 Thread 0x000000000b2ad800 Implicit null exception at 0x0000000002d00a63 to 0x0000000002d00db5
Event: 1.216 Thread 0x0000000002b80800 Threw 0x00000000ebd4ade8 at C:\re\jdk7u79\2331\hotspot\src\share\vm\prims\jvm.cpp:1304
Event: 1.228 Thread 0x0000000002b80800 Threw 0x00000000ec00b8b0 at C:\re\jdk7u79\2331\hotspot\src\share\vm\prims\jvm.cpp:1304
Event: 1.402 Thread 0x000000000b2ad800 Implicit null exception at 0x0000000002d3b803 to 0x0000000002d3c7c9
Event: 1.475 Thread 0x0000000002b80800 Threw 0x00000000ec418870 at C:\re\jdk7u79\2331\hotspot\src\share\vm\prims\jvm.cpp:1304

Events (10 events):
Event: 1.476 Thread 0x0000000002b80800 DEOPT PACKING pc=0x0000000002cf9c44 sp=0x0000000002b5e430
Event: 1.476 Thread 0x0000000002b80800 DEOPT UNPACKING pc=0x0000000002cb75a4 sp=0x0000000002b5e3d0 mode 2
Event: 1.847 Executing VM operation: ParallelGCFailedAllocation
Event: 1.848 Executing VM operation: ParallelGCFailedAllocation done
Event: 1.848 Executing VM operation: ParallelGCSystemGC
Event: 1.880 Executing VM operation: ParallelGCSystemGC done
Event: 1.895 loading class 0x0000000002c00430
Event: 1.895 loading class 0x0000000002c00430 done
Event: 1.895 loading class 0x0000000002c00400
Event: 1.895 loading class 0x0000000002c00400 done


Dynamic libraries:
0x00007ff6ff140000 - 0x00007ff6ff173000 	C:\Program Files\Java\jdk1.7.0_79\bin\java.exe
0x00007ffd8b210000 - 0x00007ffd8b3bc000 	C:\WINDOWS\SYSTEM32\ntdll.dll
0x00007ffd88cf0000 - 0x00007ffd88e2e000 	C:\WINDOWS\system32\KERNEL32.DLL
0x00007ffd88770000 - 0x00007ffd88885000 	C:\WINDOWS\system32\KERNELBASE.dll
0x00007ffd86f00000 - 0x00007ffd86f8e000 	C:\WINDOWS\system32\apphelp.dll
0x00007ffd72110000 - 0x00007ffd72163000 	C:\WINDOWS\AppPatch\AppPatch64\AcGenral.DLL
0x00007ffd8b160000 - 0x00007ffd8b20a000 	C:\WINDOWS\system32\msvcrt.dll
0x00007ffd88130000 - 0x00007ffd8815e000 	C:\WINDOWS\SYSTEM32\SspiCli.dll
0x00007ffd88c50000 - 0x00007ffd88ca4000 	C:\WINDOWS\system32\SHLWAPI.dll
0x00007ffd8af20000 - 0x00007ffd8b097000 	C:\WINDOWS\system32\USER32.dll
0x00007ffd88890000 - 0x00007ffd88a24000 	C:\WINDOWS\system32\ole32.dll
0x00007ffd88f90000 - 0x00007ffd8a4a8000 	C:\WINDOWS\system32\SHELL32.dll
0x00007ffd87900000 - 0x00007ffd87921000 	C:\WINDOWS\SYSTEM32\USERENV.dll
0x00007ffd8a8e0000 - 0x00007ffd8a98a000 	C:\WINDOWS\system32\ADVAPI32.dll
0x00007ffd7ff20000 - 0x00007ffd7ff3e000 	C:\WINDOWS\SYSTEM32\MPR.dll
0x00007ffd8adc0000 - 0x00007ffd8af01000 	C:\WINDOWS\system32\RPCRT4.dll
0x00007ffd8b0a0000 - 0x00007ffd8b0f9000 	C:\WINDOWS\SYSTEM32\sechost.dll
0x00007ffd88a30000 - 0x00007ffd88c41000 	C:\WINDOWS\SYSTEM32\combase.dll
0x00007ffd8a5a0000 - 0x00007ffd8a6f1000 	C:\WINDOWS\system32\GDI32.dll
0x00007ffd88360000 - 0x00007ffd88375000 	C:\WINDOWS\SYSTEM32\profapi.dll
0x00007ffd86b60000 - 0x00007ffd86c12000 	C:\WINDOWS\SYSTEM32\SHCORE.dll
0x00007ffd88cb0000 - 0x00007ffd88ce6000 	C:\WINDOWS\system32\IMM32.DLL
0x00007ffd88e30000 - 0x00007ffd88f82000 	C:\WINDOWS\system32\MSCTF.dll
0x00007ffd86040000 - 0x00007ffd862ba000 	C:\WINDOWS\WinSxS\amd64_microsoft.windows.common-controls_6595b64144ccf1df_6.0.9600.17810_none_6240b9c7ecbd0bda\COMCTL32.dll
0x00000000631d0000 - 0x00000000632a2000 	C:\Program Files\Java\jdk1.7.0_79\jre\bin\msvcr100.dll
0x00000000635f0000 - 0x0000000063dc5000 	C:\Program Files\Java\jdk1.7.0_79\jre\bin\server\jvm.dll
0x00007ffd72ae0000 - 0x00007ffd72ae9000 	C:\WINDOWS\SYSTEM32\WSOCK32.dll
0x00007ffd83c50000 - 0x00007ffd83c72000 	C:\WINDOWS\SYSTEM32\WINMM.dll
0x00007ffd8a580000 - 0x00007ffd8a587000 	C:\WINDOWS\system32\PSAPI.DLL
0x00007ffd8abb0000 - 0x00007ffd8ac0a000 	C:\WINDOWS\system32\WS2_32.dll
0x00007ffd83c20000 - 0x00007ffd83c4a000 	C:\WINDOWS\SYSTEM32\WINMMBASE.dll
0x00007ffd8af10000 - 0x00007ffd8af19000 	C:\WINDOWS\system32\NSI.dll
0x00007ffd88540000 - 0x00007ffd8858f000 	C:\WINDOWS\SYSTEM32\cfgmgr32.dll
0x00007ffd87160000 - 0x00007ffd87188000 	C:\WINDOWS\SYSTEM32\DEVOBJ.dll
0x00000000635e0000 - 0x00000000635ef000 	C:\Program Files\Java\jdk1.7.0_79\jre\bin\verify.dll
0x00000000635b0000 - 0x00000000635d8000 	C:\Program Files\Java\jdk1.7.0_79\jre\bin\java.dll
0x0000000063590000 - 0x00000000635a5000 	C:\Program Files\Java\jdk1.7.0_79\jre\bin\zip.dll
0x0000000063570000 - 0x000000006358a000 	C:\Program Files\Java\jdk1.7.0_79\jre\bin\net.dll
0x00007ffd87b70000 - 0x00007ffd87bc9000 	C:\WINDOWS\system32\mswsock.dll
0x0000000063550000 - 0x0000000063561000 	C:\Program Files\Java\jdk1.7.0_79\jre\bin\nio.dll

VM Arguments:
jvm_args: -Xmx1024M -Dfile.encoding=windows-1252 -Duser.country=AR -Duser.language=es -Duser.variant 
java_command: com.android.dx.command.Main --dex --num-threads=4 --output F:\Proyecto Transporte\Proyectos\AppBase\app\build\intermediates\pre-dexed\debug\classes-b0327b2169008bdb36ef3fb732b62afca02d1150.jar F:\Proyecto Transporte\Proyectos\AppBase\app\build\intermediates\exploded-aar\com.google.android.gms\play-services-appindexing\7.5.0\jars\classes.jar
Launcher Type: SUN_STANDARD

Environment Variables:
PATH=C:\ProgramData\Oracle\Java\javapath;C:\Program Files (x86)\HP SimplePass\x64;C:\Program Files (x86)\HP SimplePass\;C:\Program Files (x86)\Intel\iCLS Client\;C:\Program Files\Intel\iCLS Client\;C:\WINDOWS\system32;C:\WINDOWS;C:\WINDOWS\System32\Wbem;C:\WINDOWS\System32\WindowsPowerShell\v1.0\;C:\Program Files (x86)\Intel\OpenCL SDK\2.0\bin\x86;C:\Program Files (x86)\Intel\OpenCL SDK\2.0\bin\x64;C:\Program Files\Intel\Intel(R) Management Engine Components\DAL;C:\Program Files\Intel\Intel(R) Management Engine Components\IPT;C:\Program Files (x86)\Intel\Intel(R) Management Engine Components\DAL;C:\Program Files (x86)\Intel\Intel(R) Management Engine Components\IPT;C:\Program Files\TortoiseSVN\bin;C:\Program Files (x86)\Skype\Phone\;C:\Program Files (x86)\Subversion\bin
USERNAME=soled_000
OS=Windows_NT
PROCESSOR_IDENTIFIER=Intel64 Family 6 Model 58 Stepping 9, GenuineIntel



---------------  S Y S T E M  ---------------

OS: Windows 8.1 , 64 bit Build 9600 

CPU:total 8 (4 cores per cpu, 2 threads per core) family 6 model 58 stepping 9, cmov, cx8, fxsr, mmx, sse, sse2, sse3, ssse3, sse4.1, sse4.2, popcnt, avx, aes, erms, ht, tsc, tscinvbit, tscinv

Memory: 4k page, physical 8280028k(2566736k free), swap 8280028k(4160k free)

vm_info: Java HotSpot(TM) 64-Bit Server VM (24.79-b02) for windows-amd64 JRE (1.7.0_79-b15), built on Apr 10 2015 12:36:16 by "java_re" with unknown MS VC++:1600

time: Thu Jun 25 14:58:28 2015
elapsed time: 1 seconds

