#
# There is insufficient memory for the Java Runtime Environment to continue.
# Native memory allocation (malloc) failed to allocate 120256 bytes for Chunk::new
# Possible reasons:
#   The system is out of physical RAM or swap space
#   In 32 bit mode, the process size limit was hit
# Possible solutions:
#   Reduce memory load on the system
#   Increase physical memory or swap space
#   Check if swap backing store is full
#   Use 64 bit Java on a 64 bit OS
#   Decrease Java heap size (-Xmx/-Xms)
#   Decrease number of Java threads
#   Decrease Java thread stack sizes (-Xss)
#   Set larger code cache with -XX:ReservedCodeCacheSize=
# This output file may be truncated or incomplete.
#
#  Out of Memory Error (allocation.cpp:323), pid=4020, tid=2512
#
# JRE version: Java(TM) SE Runtime Environment (7.0_79-b15) (build 1.7.0_79-b15)
# Java VM: Java HotSpot(TM) 64-Bit Server VM (24.79-b02 mixed mode windows-amd64 compressed oops)
# Failed to write core dump. Minidumps are not enabled by default on client versions of Windows
#

---------------  T H R E A D  ---------------

Current thread (0x0000000002a26000):  JavaThread "C2 CompilerThread0" daemon [_thread_in_native, id=2512, stack(0x000000000b320000,0x000000000b420000)]

Stack: [0x000000000b320000,0x000000000b420000]
[error occurred during error reporting (printing stack bounds), id 0xc0000005]


[error occurred during error reporting (printing native stack), id 0xc0000005]


Current CompileTask:
C2:   6735  568             com.android.dx.dex.code.RopTranslator$TranslationVisitor::visitThrowingCstInsn (225 bytes)


---------------  P R O C E S S  ---------------

Java Threads: ( => current thread )
  0x000000000af95800 JavaThread "pool-1-thread-4" [_thread_blocked, id=4660, stack(0x000000000bb20000,0x000000000bc20000)]
  0x000000000af93000 JavaThread "pool-1-thread-3" [_thread_blocked, id=8180, stack(0x000000000ba20000,0x000000000bb20000)]
  0x000000000ae52800 JavaThread "pool-1-thread-2" [_thread_blocked, id=2732, stack(0x000000000b920000,0x000000000ba20000)]
  0x000000000ae50800 JavaThread "pool-2-thread-1" [_thread_blocked, id=7820, stack(0x000000000b820000,0x000000000b920000)]
  0x000000000ae50000 JavaThread "pool-1-thread-1" [_thread_blocked, id=8188, stack(0x000000000b720000,0x000000000b820000)]
  0x0000000002a28800 JavaThread "Service Thread" daemon [_thread_blocked, id=216, stack(0x000000000b520000,0x000000000b620000)]
  0x0000000002a28000 JavaThread "C2 CompilerThread1" daemon [_thread_in_native, id=7348, stack(0x000000000b420000,0x000000000b520000)]
=>0x0000000002a26000 JavaThread "C2 CompilerThread0" daemon [_thread_in_native, id=2512, stack(0x000000000b320000,0x000000000b420000)]
  0x0000000002a25000 JavaThread "Attach Listener" daemon [_thread_blocked, id=7380, stack(0x000000000b220000,0x000000000b320000)]
  0x000000000ad41000 JavaThread "Signal Dispatcher" daemon [_thread_blocked, id=6772, stack(0x000000000b120000,0x000000000b220000)]
  0x0000000008d4f800 JavaThread "Finalizer" daemon [_thread_blocked, id=7768, stack(0x000000000ac20000,0x000000000ad20000)]
  0x0000000008d49000 JavaThread "Reference Handler" daemon [_thread_blocked, id=904, stack(0x000000000ab20000,0x000000000ac20000)]
  0x0000000002930800 JavaThread "main" [_thread_blocked, id=2624, stack(0x00000000027b0000,0x00000000028b0000)]

Other Threads:
  0x0000000008d45800 VMThread [stack: 0x000000000aa20000,0x000000000ab20000] [id=7700]
  0x0000000002a2e800 WatcherThread [stack: 0x000000000b620000,0x000000000b720000] [id=876]

VM state:not at safepoint (normal execution)

VM Mutex/Monitor currently owned by a thread: None

Heap
 PSYoungGen      total 71680K, used 29724K [0x00000000eaa80000, 0x00000000f3680000, 0x0000000100000000)
  eden space 66560K, 36% used [0x00000000eaa80000,0x00000000ec28afd0,0x00000000eeb80000)
  from space 5120K, 99% used [0x00000000eeb80000,0x00000000ef07c038,0x00000000ef080000)
  to   space 5120K, 0% used [0x00000000f3180000,0x00000000f3180000,0x00000000f3680000)
 ParOldGen       total 86016K, used 17968K [0x00000000c0000000, 0x00000000c5400000, 0x00000000eaa80000)
  object space 86016K, 20% used [0x00000000c0000000,0x00000000c118c1e0,0x00000000c5400000)
 PSPermGen       total 21504K, used 5858K [0x00000000bae00000, 0x00000000bc300000, 0x00000000c0000000)
  object space 21504K, 27% used [0x00000000bae00000,0x00000000bb3b8b60,0x00000000bc300000)

Card table byte_map: [0x0000000005b10000,0x0000000005d40000] byte_map_base: 0x0000000005539000

Polling page: 0x0000000000e10000

Code Cache  [0x0000000002b10000, 0x0000000002d80000, 0x0000000005b10000)
 total_blobs=800 nmethods=563 adapters=189 free_code_cache=46932Kb largest_free_block=48018432

Compilation events (10 events):
Event: 6.659 Thread 0x0000000002a26000 nmethod 557 0x0000000002d3e350 code [0x0000000002d3e5e0, 0x0000000002d40490]
Event: 6.671 Thread 0x0000000002a28000 nmethod 563 0x0000000002d41a90 code [0x0000000002d41ca0, 0x0000000002d43378]
Event: 6.673 Thread 0x0000000002a26000  564             com.android.dx.rop.type.StdTypeList::getType (6 bytes)
Event: 6.674 Thread 0x0000000002a26000 nmethod 564 0x0000000002d2e550 code [0x0000000002d2e6a0, 0x0000000002d2e758]
Event: 6.693 Thread 0x0000000002a28000  565             com.android.dx.util.ByteArray::slice (30 bytes)
Event: 6.695 Thread 0x0000000002a28000 nmethod 565 0x0000000002d2f6d0 code [0x0000000002d2f820, 0x0000000002d2f9b8]
Event: 6.705 Thread 0x0000000002a26000  566             com.android.dx.cf.direct.AttributeListParser::parseIfNecessary (12 bytes)
Event: 6.710 Thread 0x0000000002a26000 nmethod 566 0x0000000002d2ec50 code [0x0000000002d2edc0, 0x0000000002d2f1a8]
Event: 6.729 Thread 0x0000000002a26000  568             com.android.dx.dex.code.RopTranslator$TranslationVisitor::visitThrowingCstInsn (225 bytes)
Event: 6.729 Thread 0x0000000002a28000  567             com.android.dx.dex.code.RopTranslator$LocalVariableAwareTranslationVisitor::visitThrowingCstInsn (11 bytes)

GC Heap History (6 events):
Event: 2.606 GC heap before
{Heap before GC invocations=1 (full 0):
 PSYoungGen      total 38400K, used 33280K [0x00000000eaa80000, 0x00000000ed500000, 0x0000000100000000)
  eden space 33280K, 100% used [0x00000000eaa80000,0x00000000ecb00000,0x00000000ecb00000)
  from space 5120K, 0% used [0x00000000ed000000,0x00000000ed000000,0x00000000ed500000)
  to   space 5120K, 0% used [0x00000000ecb00000,0x00000000ecb00000,0x00000000ed000000)
 ParOldGen       total 86016K, used 0K [0x00000000c0000000, 0x00000000c5400000, 0x00000000eaa80000)
  object space 86016K, 0% used [0x00000000c0000000,0x00000000c0000000,0x00000000c5400000)
 PSPermGen       total 21504K, used 5708K [0x00000000bae00000, 0x00000000bc300000, 0x00000000c0000000)
  object space 21504K, 26% used [0x00000000bae00000,0x00000000bb393178,0x00000000bc300000)
Event: 3.150 GC heap after
Heap after GC invocations=1 (full 0):
 PSYoungGen      total 38400K, used 5114K [0x00000000eaa80000, 0x00000000ef580000, 0x0000000100000000)
  eden space 33280K, 0% used [0x00000000eaa80000,0x00000000eaa80000,0x00000000ecb00000)
  from space 5120K, 99% used [0x00000000ecb00000,0x00000000ecffeaa8,0x00000000ed000000)
  to   space 5120K, 0% used [0x00000000ef080000,0x00000000ef080000,0x00000000ef580000)
 ParOldGen       total 86016K, used 1866K [0x00000000c0000000, 0x00000000c5400000, 0x00000000eaa80000)
  object space 86016K, 2% used [0x00000000c0000000,0x00000000c01d2b60,0x00000000c5400000)
 PSPermGen       total 21504K, used 5708K [0x00000000bae00000, 0x00000000bc300000, 0x00000000c0000000)
  object space 21504K, 26% used [0x00000000bae00000,0x00000000bb393178,0x00000000bc300000)
}
Event: 3.778 GC heap before
{Heap before GC invocations=2 (full 0):
 PSYoungGen      total 38400K, used 38394K [0x00000000eaa80000, 0x00000000ef580000, 0x0000000100000000)
  eden space 33280K, 100% used [0x00000000eaa80000,0x00000000ecb00000,0x00000000ecb00000)
  from space 5120K, 99% used [0x00000000ecb00000,0x00000000ecffeaa8,0x00000000ed000000)
  to   space 5120K, 0% used [0x00000000ef080000,0x00000000ef080000,0x00000000ef580000)
 ParOldGen       total 86016K, used 1866K [0x00000000c0000000, 0x00000000c5400000, 0x00000000eaa80000)
  object space 86016K, 2% used [0x00000000c0000000,0x00000000c01d2b60,0x00000000c5400000)
 PSPermGen       total 21504K, used 5786K [0x00000000bae00000, 0x00000000bc300000, 0x00000000c0000000)
  object space 21504K, 26% used [0x00000000bae00000,0x00000000bb3a69a8,0x00000000bc300000)
Event: 4.122 GC heap after
Heap after GC invocations=2 (full 0):
 PSYoungGen      total 71680K, used 5088K [0x00000000eaa80000, 0x00000000ef580000, 0x0000000100000000)
  eden space 66560K, 0% used [0x00000000eaa80000,0x00000000eaa80000,0x00000000eeb80000)
  from space 5120K, 99% used [0x00000000ef080000,0x00000000ef578028,0x00000000ef580000)
  to   space 5120K, 0% used [0x00000000eeb80000,0x00000000eeb80000,0x00000000ef080000)
 ParOldGen       total 86016K, used 7042K [0x00000000c0000000, 0x00000000c5400000, 0x00000000eaa80000)
  object space 86016K, 8% used [0x00000000c0000000,0x00000000c06e0a00,0x00000000c5400000)
 PSPermGen       total 21504K, used 5786K [0x00000000bae00000, 0x00000000bc300000, 0x00000000c0000000)
  object space 21504K, 26% used [0x00000000bae00000,0x00000000bb3a69a8,0x00000000bc300000)
}
Event: 5.959 GC heap before
{Heap before GC invocations=3 (full 0):
 PSYoungGen      total 71680K, used 71648K [0x00000000eaa80000, 0x00000000ef580000, 0x0000000100000000)
  eden space 66560K, 100% used [0x00000000eaa80000,0x00000000eeb80000,0x00000000eeb80000)
  from space 5120K, 99% used [0x00000000ef080000,0x00000000ef578028,0x00000000ef580000)
  to   space 5120K, 0% used [0x00000000eeb80000,0x00000000eeb80000,0x00000000ef080000)
 ParOldGen       total 86016K, used 7042K [0x00000000c0000000, 0x00000000c5400000, 0x00000000eaa80000)
  object space 86016K, 8% used [0x00000000c0000000,0x00000000c06e0a00,0x00000000c5400000)
 PSPermGen       total 21504K, used 5833K [0x00000000bae00000, 0x00000000bc300000, 0x00000000c0000000)
  object space 21504K, 27% used [0x00000000bae00000,0x00000000bb3b2630,0x00000000bc300000)
Event: 6.078 GC heap after
Heap after GC invocations=3 (full 0):
 PSYoungGen      total 71680K, used 5104K [0x00000000eaa80000, 0x00000000f3680000, 0x0000000100000000)
  eden space 66560K, 0% used [0x00000000eaa80000,0x00000000eaa80000,0x00000000eeb80000)
  from space 5120K, 99% used [0x00000000eeb80000,0x00000000ef07c038,0x00000000ef080000)
  to   space 5120K, 0% used [0x00000000f3180000,0x00000000f3180000,0x00000000f3680000)
 ParOldGen       total 86016K, used 17968K [0x00000000c0000000, 0x00000000c5400000, 0x00000000eaa80000)
  object space 86016K, 20% used [0x00000000c0000000,0x00000000c118c1e0,0x00000000c5400000)
 PSPermGen       total 21504K, used 5833K [0x00000000bae00000, 0x00000000bc300000, 0x00000000c0000000)
  object space 21504K, 27% used [0x00000000bae00000,0x00000000bb3b2630,0x00000000bc300000)
}

Deoptimization events (10 events):
Event: 3.665 Thread 0x000000000af93000 Uncommon trap: reason=bimorphic action=maybe_recompile pc=0x0000000002c2922c method=com.android.dx.cf.code.BytecodeArray.parseInstruction(ILcom/android/dx/cf/code/BytecodeArray$Visitor;)I @ 907
Event: 3.665 Thread 0x000000000af93000 Uncommon trap: reason=bimorphic action=maybe_recompile pc=0x0000000002c292ac method=com.android.dx.cf.code.BytecodeArray.parseInstruction(ILcom/android/dx/cf/code/BytecodeArray$Visitor;)I @ 923
Event: 3.665 Thread 0x000000000af93000 Uncommon trap: reason=bimorphic action=maybe_recompile pc=0x0000000002c292ac method=com.android.dx.cf.code.BytecodeArray.parseInstruction(ILcom/android/dx/cf/code/BytecodeArray$Visitor;)I @ 923
Event: 4.314 Thread 0x0000000002930800 Uncommon trap: reason=unloaded action=reinterpret pc=0x0000000002c3742c method=com.android.dx.ssa.LiteralOpUpgrader$1.visitNonMoveInsn(Lcom/android/dx/ssa/NormalSsaInsn;)V @ 72
Event: 5.341 Thread 0x000000000af93000 Uncommon trap: reason=null_check action=make_not_entrant pc=0x0000000002cc90f4 method=com.android.dx.dex.file.MethodIdsSection.intern(Lcom/android/dx/rop/cst/CstBaseMethodRef;)Lcom/android/dx/dex/file/MethodIdItem; @ 26
Event: 5.791 Thread 0x000000000ae52800 Uncommon trap: reason=bimorphic action=maybe_recompile pc=0x0000000002c519ac method=com.android.dx.ssa.LiteralOpUpgrader.tryReplacingWithConstant(Lcom/android/dx/ssa/NormalSsaInsn;)Z @ 52
Event: 5.792 Thread 0x000000000ae52800 Uncommon trap: reason=class_check action=maybe_recompile pc=0x0000000002cb7ab0 method=com.android.dx.ssa.ConstCollector.getConstsSortedByCountUse()Ljava/util/ArrayList; @ 168
Event: 5.792 Thread 0x000000000ae52800 Uncommon trap: reason=unreached action=reinterpret pc=0x0000000002c5c500 method=com.android.dx.dex.code.RopToDop.dopFor(Lcom/android/dx/rop/code/Insn;)Lcom/android/dx/dex/code/Dop; @ 747
Event: 5.895 Thread 0x000000000af93000 Uncommon trap: reason=null_check action=make_not_entrant pc=0x0000000002d143fc method=com.android.dx.dex.file.FieldIdsSection.intern(Lcom/android/dx/rop/cst/CstFieldRef;)Lcom/android/dx/dex/file/FieldIdItem; @ 26
Event: 6.414 Thread 0x000000000af93000 Uncommon trap: reason=unreached action=reinterpret pc=0x0000000002ce14d8 method=com.android.dx.cf.code.BytecodeArray.parseInstruction(ILcom/android/dx/cf/code/BytecodeArray$Visitor;)I @ 1198

Internal exceptions (10 events):
Event: 0.781 Thread 0x0000000002930800 Threw 0x00000000eb798790 at C:\re\jdk7u79\2331\hotspot\src\share\vm\prims\jvm.cpp:1304
Event: 0.782 Thread 0x0000000002930800 Threw 0x00000000eb79bb98 at C:\re\jdk7u79\2331\hotspot\src\share\vm\prims\jvm.cpp:1304
Event: 0.787 Thread 0x0000000002930800 Threw 0x00000000eb7c7288 at C:\re\jdk7u79\2331\hotspot\src\share\vm\prims\jvm.cpp:1304
Event: 0.997 Thread 0x000000000ae52800 Implicit null exception at 0x0000000002b8d317 to 0x0000000002b8d545
Event: 2.053 Thread 0x000000000af93000 Implicit null exception at 0x0000000002be6de1 to 0x0000000002be7a35
Event: 3.233 Thread 0x0000000002930800 Implicit null exception at 0x0000000002c04b47 to 0x0000000002c05229
Event: 3.405 Thread 0x0000000002930800 Threw 0x00000000ebcbd4f0 at C:\re\jdk7u79\2331\hotspot\src\share\vm\prims\jvm.cpp:1304
Event: 3.665 Thread 0x000000000af93000 Threw 0x00000000ec6cad98 at C:\re\jdk7u79\2331\hotspot\src\share\vm\prims\jvm.cpp:1304
Event: 4.314 Thread 0x0000000002930800 Threw 0x00000000eb0e9af0 at C:\re\jdk7u79\2331\hotspot\src\share\vm\prims\jvm.cpp:1304
Event: 5.743 Thread 0x000000000af93000 Threw 0x00000000edaaefd0 at C:\re\jdk7u79\2331\hotspot\src\share\vm\prims\jvm.cpp:1304

Events (10 events):
Event: 6.082 Executing VM operation: RevokeBias done
Event: 6.082 Executing VM operation: RevokeBias
Event: 6.082 Executing VM operation: RevokeBias done
Event: 6.082 Executing VM operation: RevokeBias
Event: 6.082 Executing VM operation: RevokeBias done
Event: 6.082 Executing VM operation: BulkRevokeBias
Event: 6.082 Executing VM operation: BulkRevokeBias done
Event: 6.414 Thread 0x000000000af93000 Uncommon trap: trap_request=0xffffffad fr.pc=0x0000000002ce14d8
Event: 6.414 Thread 0x000000000af93000 DEOPT PACKING pc=0x0000000002ce14d8 sp=0x000000000bb1e9c0
Event: 6.414 Thread 0x000000000af93000 DEOPT UNPACKING pc=0x0000000002b475a4 sp=0x000000000bb1e968 mode 2


Dynamic libraries:
0x00007ff71bbd0000 - 0x00007ff71bc03000 	C:\Program Files\Java\jdk1.7.0_79\bin\java.exe
0x00007ff892520000 - 0x00007ff8926cc000 	C:\WINDOWS\SYSTEM32\ntdll.dll
0x00007ff88fdc0000 - 0x00007ff88fefe000 	C:\WINDOWS\system32\KERNEL32.DLL
0x00007ff88fa30000 - 0x00007ff88fb45000 	C:\WINDOWS\system32\KERNELBASE.dll
0x00007ff88e210000 - 0x00007ff88e29e000 	C:\WINDOWS\system32\apphelp.dll
0x00007ff879ed0000 - 0x00007ff879f23000 	C:\WINDOWS\AppPatch\AppPatch64\AcGenral.DLL
0x00007ff8916b0000 - 0x00007ff89175a000 	C:\WINDOWS\system32\msvcrt.dll
0x00007ff88f440000 - 0x00007ff88f46e000 	C:\WINDOWS\SYSTEM32\SspiCli.dll
0x00007ff8922a0000 - 0x00007ff8922f4000 	C:\WINDOWS\system32\SHLWAPI.dll
0x00007ff891430000 - 0x00007ff8915a7000 	C:\WINDOWS\system32\USER32.dll
0x00007ff891890000 - 0x00007ff891a24000 	C:\WINDOWS\system32\ole32.dll
0x00007ff88ff00000 - 0x00007ff891418000 	C:\WINDOWS\system32\SHELL32.dll
0x00007ff88ec10000 - 0x00007ff88ec31000 	C:\WINDOWS\SYSTEM32\USERENV.dll
0x00007ff891d80000 - 0x00007ff891e2a000 	C:\WINDOWS\system32\ADVAPI32.dll
0x00007ff887180000 - 0x00007ff88719e000 	C:\WINDOWS\SYSTEM32\MPR.dll
0x00007ff891a40000 - 0x00007ff891b81000 	C:\WINDOWS\system32\RPCRT4.dll
0x00007ff892240000 - 0x00007ff892299000 	C:\WINDOWS\SYSTEM32\sechost.dll
0x00007ff892010000 - 0x00007ff892221000 	C:\WINDOWS\SYSTEM32\combase.dll
0x00007ff88fba0000 - 0x00007ff88fcf1000 	C:\WINDOWS\system32\GDI32.dll
0x00007ff88f670000 - 0x00007ff88f685000 	C:\WINDOWS\SYSTEM32\profapi.dll
0x00007ff88dbe0000 - 0x00007ff88dc92000 	C:\WINDOWS\SYSTEM32\SHCORE.dll
0x00007ff8915b0000 - 0x00007ff8915e6000 	C:\WINDOWS\system32\IMM32.DLL
0x00007ff891bc0000 - 0x00007ff891d12000 	C:\WINDOWS\system32\MSCTF.dll
0x00007ff88c720000 - 0x00007ff88c99a000 	C:\WINDOWS\WinSxS\amd64_microsoft.windows.common-controls_6595b64144ccf1df_6.0.9600.17810_none_6240b9c7ecbd0bda\COMCTL32.dll
0x0000000076de0000 - 0x0000000076eb2000 	C:\Program Files\Java\jdk1.7.0_79\jre\bin\msvcr100.dll
0x0000000076060000 - 0x0000000076835000 	C:\Program Files\Java\jdk1.7.0_79\jre\bin\server\jvm.dll
0x00007ff8871a0000 - 0x00007ff8871a9000 	C:\WINDOWS\SYSTEM32\WSOCK32.dll
0x00007ff88a6f0000 - 0x00007ff88a712000 	C:\WINDOWS\SYSTEM32\WINMM.dll
0x00007ff891420000 - 0x00007ff891427000 	C:\WINDOWS\system32\PSAPI.DLL
0x00007ff891d20000 - 0x00007ff891d7a000 	C:\WINDOWS\system32\WS2_32.dll
0x00007ff88a6c0000 - 0x00007ff88a6ea000 	C:\WINDOWS\SYSTEM32\WINMMBASE.dll
0x00007ff891bb0000 - 0x00007ff891bb9000 	C:\WINDOWS\system32\NSI.dll
0x00007ff88fb50000 - 0x00007ff88fb9f000 	C:\WINDOWS\SYSTEM32\cfgmgr32.dll
0x00007ff88e460000 - 0x00007ff88e488000 	C:\WINDOWS\SYSTEM32\DEVOBJ.dll
0x0000000077570000 - 0x000000007757f000 	C:\Program Files\Java\jdk1.7.0_79\jre\bin\verify.dll
0x0000000077540000 - 0x0000000077568000 	C:\Program Files\Java\jdk1.7.0_79\jre\bin\java.dll
0x0000000077520000 - 0x0000000077535000 	C:\Program Files\Java\jdk1.7.0_79\jre\bin\zip.dll
0x0000000077500000 - 0x000000007751a000 	C:\Program Files\Java\jdk1.7.0_79\jre\bin\net.dll
0x00007ff88ee80000 - 0x00007ff88eed9000 	C:\WINDOWS\system32\mswsock.dll
0x00000000774e0000 - 0x00000000774f1000 	C:\Program Files\Java\jdk1.7.0_79\jre\bin\nio.dll

VM Arguments:
jvm_args: -Xmx1024M -Dfile.encoding=windows-1252 -Duser.country=AR -Duser.language=es -Duser.variant 
java_command: com.android.dx.command.Main --dex --num-threads=4 --output F:\Proyecto Transporte\Proyectos\AppBase\app\build\intermediates\pre-dexed\debug\classes-d8ea4089483edd9fb11280e5915bbaa9f075fd76.jar F:\Proyecto Transporte\Proyectos\AppBase\app\build\intermediates\exploded-aar\com.google.android.gms\play-services-fitness\7.5.0\jars\classes.jar
Launcher Type: SUN_STANDARD

Environment Variables:
PATH=C:\ProgramData\Oracle\Java\javapath;C:\Program Files (x86)\HP SimplePass\x64;C:\Program Files (x86)\HP SimplePass\;C:\Program Files (x86)\Intel\iCLS Client\;C:\Program Files\Intel\iCLS Client\;C:\WINDOWS\system32;C:\WINDOWS;C:\WINDOWS\System32\Wbem;C:\WINDOWS\System32\WindowsPowerShell\v1.0\;C:\Program Files (x86)\Intel\OpenCL SDK\2.0\bin\x86;C:\Program Files (x86)\Intel\OpenCL SDK\2.0\bin\x64;C:\Program Files\Intel\Intel(R) Management Engine Components\DAL;C:\Program Files\Intel\Intel(R) Management Engine Components\IPT;C:\Program Files (x86)\Intel\Intel(R) Management Engine Components\DAL;C:\Program Files (x86)\Intel\Intel(R) Management Engine Components\IPT;C:\Program Files\TortoiseSVN\bin;C:\Program Files (x86)\Skype\Phone\;C:\Program Files (x86)\Subversion\bin
USERNAME=soled_000
OS=Windows_NT
PROCESSOR_IDENTIFIER=Intel64 Family 6 Model 58 Stepping 9, GenuineIntel



---------------  S Y S T E M  ---------------

OS: Windows 8.1 , 64 bit Build 9600 

CPU:total 8 (4 cores per cpu, 2 threads per core) family 6 model 58 stepping 9, cmov, cx8, fxsr, mmx, sse, sse2, sse3, ssse3, sse4.1, sse4.2, popcnt, avx, aes, erms, ht, tsc, tscinvbit, tscinv

Memory: 4k page, physical 8280028k(2697392k free), swap 8280028k(4744k free)

vm_info: Java HotSpot(TM) 64-Bit Server VM (24.79-b02) for windows-amd64 JRE (1.7.0_79-b15), built on Apr 10 2015 12:36:16 by "java_re" with unknown MS VC++:1600

time: Tue Jun 30 12:09:25 2015
elapsed time: 6 seconds

