#
# There is insufficient memory for the Java Runtime Environment to continue.
# Native memory allocation (malloc) failed to allocate 194000 bytes for Chunk::new
# Possible reasons:
#   The system is out of physical RAM or swap space
#   In 32 bit mode, the process size limit was hit
# Possible solutions:
#   Reduce memory load on the system
#   Increase physical memory or swap space
#   Check if swap backing store is full
#   Use 64 bit Java on a 64 bit OS
#   Decrease Java heap size (-Xmx/-Xms)
#   Decrease number of Java threads
#   Decrease Java thread stack sizes (-Xss)
#   Set larger code cache with -XX:ReservedCodeCacheSize=
# This output file may be truncated or incomplete.
#
#  Out of Memory Error (allocation.cpp:323), pid=236, tid=6952
#
# JRE version: Java(TM) SE Runtime Environment (7.0_79-b15) (build 1.7.0_79-b15)
# Java VM: Java HotSpot(TM) 64-Bit Server VM (24.79-b02 mixed mode windows-amd64 compressed oops)
# Failed to write core dump. Minidumps are not enabled by default on client versions of Windows
#

---------------  T H R E A D  ---------------

Current thread (0x0000000002ac7800):  JavaThread "C2 CompilerThread1" daemon [_thread_in_native, id=6952, stack(0x000000000b430000,0x000000000b530000)]

Stack: [0x000000000b430000,0x000000000b530000]
[error occurred during error reporting (printing stack bounds), id 0xc0000005]


[error occurred during error reporting (printing native stack), id 0xc0000005]


Current CompileTask:
C2:   2262   63             com.android.dx.ssa.SsaBasicBlock::forEachInsn (37 bytes)


---------------  P R O C E S S  ---------------

Java Threads: ( => current thread )
  0x000000000af9d800 JavaThread "pool-1-thread-4" [_thread_in_Java, id=4624, stack(0x000000000bb30000,0x000000000bc30000)]
  0x000000000af9a800 JavaThread "pool-1-thread-3" [_thread_in_Java, id=7652, stack(0x000000000ba30000,0x000000000bb30000)]
  0x000000000af94000 JavaThread "pool-1-thread-2" [_thread_in_Java, id=7852, stack(0x000000000b930000,0x000000000ba30000)]
  0x000000000af93800 JavaThread "pool-2-thread-1" [_thread_blocked, id=552, stack(0x000000000b830000,0x000000000b930000)]
  0x000000000af92800 JavaThread "pool-1-thread-1" [_thread_in_Java, id=1532, stack(0x000000000b730000,0x000000000b830000)]
  0x0000000002aca000 JavaThread "Service Thread" daemon [_thread_blocked, id=6632, stack(0x000000000b530000,0x000000000b630000)]
=>0x0000000002ac7800 JavaThread "C2 CompilerThread1" daemon [_thread_in_native, id=6952, stack(0x000000000b430000,0x000000000b530000)]
  0x0000000002abd800 JavaThread "C2 CompilerThread0" daemon [_thread_in_native, id=4004, stack(0x000000000b330000,0x000000000b430000)]
  0x0000000002abd000 JavaThread "Attach Listener" daemon [_thread_blocked, id=6668, stack(0x000000000b230000,0x000000000b330000)]
  0x0000000002ab8000 JavaThread "Signal Dispatcher" daemon [_thread_blocked, id=4088, stack(0x000000000b130000,0x000000000b230000)]
  0x0000000008d40800 JavaThread "Finalizer" daemon [_thread_blocked, id=1660, stack(0x000000000ac30000,0x000000000ad30000)]
  0x0000000008d39000 JavaThread "Reference Handler" daemon [_thread_blocked, id=500, stack(0x000000000ab30000,0x000000000ac30000)]
  0x00000000029d0800 JavaThread "main" [_thread_in_Java, id=5964, stack(0x00000000027d0000,0x00000000028d0000)]

Other Threads:
  0x0000000008d35800 VMThread [stack: 0x000000000aa30000,0x000000000ab30000] [id=8076]
  0x0000000002ace800 WatcherThread [stack: 0x000000000b630000,0x000000000b730000] [id=5808]

VM state:not at safepoint (normal execution)

VM Mutex/Monitor currently owned by a thread: None

Heap
 PSYoungGen      total 38400K, used 13627K [0x00000000eaa80000, 0x00000000ed500000, 0x0000000100000000)
  eden space 33280K, 40% used [0x00000000eaa80000,0x00000000eb7cee20,0x00000000ecb00000)
  from space 5120K, 0% used [0x00000000ed000000,0x00000000ed000000,0x00000000ed500000)
  to   space 5120K, 0% used [0x00000000ecb00000,0x00000000ecb00000,0x00000000ed000000)
 ParOldGen       total 86016K, used 0K [0x00000000c0000000, 0x00000000c5400000, 0x00000000eaa80000)
  object space 86016K, 0% used [0x00000000c0000000,0x00000000c0000000,0x00000000c5400000)
 PSPermGen       total 21504K, used 5505K [0x00000000bae00000, 0x00000000bc300000, 0x00000000c0000000)
  object space 21504K, 25% used [0x00000000bae00000,0x00000000bb360490,0x00000000bc300000)

Card table byte_map: [0x0000000005ad0000,0x0000000005d00000] byte_map_base: 0x00000000054f9000

Polling page: 0x0000000001080000

Code Cache  [0x0000000002ad0000, 0x0000000002d40000, 0x0000000005ad0000)
 total_blobs=306 nmethods=69 adapters=189 free_code_cache=48648Kb largest_free_block=49790464

Compilation events (10 events):
Event: 2.254 Thread 0x0000000002abd800 nmethod 66 0x0000000002b4b490 code [0x0000000002b4b5e0, 0x0000000002b4b6a8]
Event: 2.255 Thread 0x0000000002abd800   67             com.android.dx.ssa.NormalSsaInsn::isNormalMoveInsn (20 bytes)
Event: 2.255 Thread 0x0000000002abd800 nmethod 67 0x0000000002b4b250 code [0x0000000002b4b380, 0x0000000002b4b3f8]
Event: 2.255 Thread 0x0000000002abd800   68             java.util.BitSet::get (69 bytes)
Event: 2.256 Thread 0x0000000002abd800 nmethod 68 0x0000000002b4af90 code [0x0000000002b4b0c0, 0x0000000002b4b178]
Event: 2.256 Thread 0x0000000002abd800   69             java.util.BitSet::set (58 bytes)
Event: 2.258 Thread 0x0000000002abd800 nmethod 69 0x0000000002b4ab50 code [0x0000000002b4aca0, 0x0000000002b4ae08]
Event: 2.258 Thread 0x0000000002abd800   70             com.android.dx.ssa.NormalSsaInsn::getOpcode (8 bytes)
Event: 2.259 Thread 0x0000000002abd800 nmethod 70 0x0000000002b4a910 code [0x0000000002b4aa40, 0x0000000002b4aab8]
Event: 2.259 Thread 0x0000000002abd800   71             com.android.dx.ssa.SsaMethod::computeReachability (131 bytes)

GC Heap History (0 events):
No events

Deoptimization events (5 events):
Event: 2.192 Thread 0x000000000af92800 Uncommon trap: reason=class_check action=maybe_recompile pc=0x0000000002b46098 method=com.android.dx.ssa.NormalSsaInsn.accept(Lcom/android/dx/ssa/SsaInsn$Visitor;)V @ 9
Event: 2.192 Thread 0x000000000af92800 Uncommon trap: reason=class_check action=maybe_recompile pc=0x0000000002b46098 method=com.android.dx.ssa.NormalSsaInsn.accept(Lcom/android/dx/ssa/SsaInsn$Visitor;)V @ 9
Event: 2.192 Thread 0x000000000af92800 Uncommon trap: reason=class_check action=maybe_recompile pc=0x0000000002b46098 method=com.android.dx.ssa.NormalSsaInsn.accept(Lcom/android/dx/ssa/SsaInsn$Visitor;)V @ 9
Event: 2.192 Thread 0x000000000af92800 Uncommon trap: reason=class_check action=maybe_recompile pc=0x0000000002b46098 method=com.android.dx.ssa.NormalSsaInsn.accept(Lcom/android/dx/ssa/SsaInsn$Visitor;)V @ 9
Event: 2.244 Thread 0x00000000029d0800 Uncommon trap: reason=null_check action=make_not_entrant pc=0x0000000002b52284 method=com.android.dx.rop.code.LocalItem.equals(Ljava/lang/Object;)Z @ 1

Internal exceptions (10 events):
Event: 2.073 Thread 0x000000000af92800 Threw 0x00000000eb404318 at C:\re\jdk7u79\2331\hotspot\src\share\vm\prims\jvm.cpp:1304
Event: 2.074 Thread 0x000000000af92800 Threw 0x00000000eb407a20 at C:\re\jdk7u79\2331\hotspot\src\share\vm\prims\jvm.cpp:1304
Event: 2.077 Thread 0x000000000af9a800 Threw 0x00000000eb12e510 at C:\re\jdk7u79\2331\hotspot\src\share\vm\prims\jvm.cpp:1304
Event: 2.078 Thread 0x00000000029d0800 Threw 0x00000000eb044368 at C:\re\jdk7u79\2331\hotspot\src\share\vm\prims\jvm.cpp:1304
Event: 2.079 Thread 0x000000000af9a800 Threw 0x00000000eb1349a8 at C:\re\jdk7u79\2331\hotspot\src\share\vm\prims\jvm.cpp:1304
Event: 2.083 Thread 0x000000000af92800 Threw 0x00000000eb41cfa0 at C:\re\jdk7u79\2331\hotspot\src\share\vm\prims\jvm.cpp:1304
Event: 2.086 Thread 0x000000000af92800 Threw 0x00000000eb423e78 at C:\re\jdk7u79\2331\hotspot\src\share\vm\prims\jvm.cpp:1304
Event: 2.101 Thread 0x000000000af94000 Threw 0x00000000eb36ad90 at C:\re\jdk7u79\2331\hotspot\src\share\vm\prims\jvm.cpp:1304
Event: 2.171 Thread 0x00000000029d0800 Threw 0x00000000eb697478 at C:\re\jdk7u79\2331\hotspot\src\share\vm\prims\jvm.cpp:1304
Event: 2.244 Thread 0x00000000029d0800 Implicit null exception at 0x0000000002b51afc to 0x0000000002b52269

Events (10 events):
Event: 2.192 Thread 0x000000000af92800 DEOPT PACKING pc=0x0000000002b46098 sp=0x000000000b82ece0
Event: 2.192 Thread 0x000000000af92800 DEOPT UNPACKING pc=0x0000000002b075a4 sp=0x000000000b82ec30 mode 2
Event: 2.192 Thread 0x000000000af92800 Uncommon trap: trap_request=0xffffffde fr.pc=0x0000000002b46098
Event: 2.192 Thread 0x000000000af92800 DEOPT PACKING pc=0x0000000002b46098 sp=0x000000000b82ece0
Event: 2.192 Thread 0x000000000af92800 DEOPT UNPACKING pc=0x0000000002b075a4 sp=0x000000000b82ec30 mode 2
Event: 2.195 loading class 0x0000000002a563d0
Event: 2.195 loading class 0x0000000002a563d0 done
Event: 2.244 Thread 0x00000000029d0800 Uncommon trap: trap_request=0xfffffff4 fr.pc=0x0000000002b52284
Event: 2.244 Thread 0x00000000029d0800 DEOPT PACKING pc=0x0000000002b52284 sp=0x00000000028ce140
Event: 2.244 Thread 0x00000000029d0800 DEOPT UNPACKING pc=0x0000000002b075a4 sp=0x00000000028cded0 mode 2


Dynamic libraries:
0x00007ff6a8190000 - 0x00007ff6a81c3000 	C:\Program Files\Java\jdk1.7.0_79\bin\java.exe
0x00007ffc88860000 - 0x00007ffc88a0c000 	C:\WINDOWS\SYSTEM32\ntdll.dll
0x00007ffc87eb0000 - 0x00007ffc87fee000 	C:\WINDOWS\system32\KERNEL32.DLL
0x00007ffc85b80000 - 0x00007ffc85c95000 	C:\WINDOWS\system32\KERNELBASE.dll
0x00007ffc84550000 - 0x00007ffc845de000 	C:\WINDOWS\system32\apphelp.dll
0x00007ffc6a5c0000 - 0x00007ffc6a613000 	C:\WINDOWS\AppPatch\AppPatch64\AcGenral.DLL
0x00007ffc87b50000 - 0x00007ffc87bfa000 	C:\WINDOWS\system32\msvcrt.dll
0x00007ffc85780000 - 0x00007ffc857ae000 	C:\WINDOWS\SYSTEM32\SspiCli.dll
0x00007ffc87af0000 - 0x00007ffc87b44000 	C:\WINDOWS\system32\SHLWAPI.dll
0x00007ffc877d0000 - 0x00007ffc87947000 	C:\WINDOWS\system32\USER32.dll
0x00007ffc87950000 - 0x00007ffc87ae4000 	C:\WINDOWS\system32\ole32.dll
0x00007ffc85ee0000 - 0x00007ffc873f8000 	C:\WINDOWS\system32\SHELL32.dll
0x00007ffc84f50000 - 0x00007ffc84f71000 	C:\WINDOWS\SYSTEM32\USERENV.dll
0x00007ffc87e00000 - 0x00007ffc87eaa000 	C:\WINDOWS\system32\ADVAPI32.dll
0x00007ffc7b4b0000 - 0x00007ffc7b4ce000 	C:\WINDOWS\SYSTEM32\MPR.dll
0x00007ffc87620000 - 0x00007ffc87761000 	C:\WINDOWS\system32\RPCRT4.dll
0x00007ffc87770000 - 0x00007ffc877c9000 	C:\WINDOWS\SYSTEM32\sechost.dll
0x00007ffc88450000 - 0x00007ffc88661000 	C:\WINDOWS\SYSTEM32\combase.dll
0x00007ffc87ff0000 - 0x00007ffc88141000 	C:\WINDOWS\system32\GDI32.dll
0x00007ffc859b0000 - 0x00007ffc859c5000 	C:\WINDOWS\SYSTEM32\profapi.dll
0x00007ffc83f20000 - 0x00007ffc83fd2000 	C:\WINDOWS\SYSTEM32\SHCORE.dll
0x00007ffc87dc0000 - 0x00007ffc87df6000 	C:\WINDOWS\system32\IMM32.DLL
0x00007ffc87c00000 - 0x00007ffc87d52000 	C:\WINDOWS\system32\MSCTF.dll
0x00007ffc83600000 - 0x00007ffc8387a000 	C:\WINDOWS\WinSxS\amd64_microsoft.windows.common-controls_6595b64144ccf1df_6.0.9600.17810_none_6240b9c7ecbd0bda\COMCTL32.dll
0x0000000074e50000 - 0x0000000074f22000 	C:\Program Files\Java\jdk1.7.0_79\jre\bin\msvcr100.dll
0x00000000752e0000 - 0x0000000075ab5000 	C:\Program Files\Java\jdk1.7.0_79\jre\bin\server\jvm.dll
0x00007ffc6c070000 - 0x00007ffc6c079000 	C:\WINDOWS\SYSTEM32\WSOCK32.dll
0x00007ffc80ac0000 - 0x00007ffc80ae2000 	C:\WINDOWS\SYSTEM32\WINMM.dll
0x00007ffc88150000 - 0x00007ffc88157000 	C:\WINDOWS\system32\PSAPI.DLL
0x00007ffc87d60000 - 0x00007ffc87dba000 	C:\WINDOWS\system32\WS2_32.dll
0x00007ffc80a90000 - 0x00007ffc80aba000 	C:\WINDOWS\SYSTEM32\WINMMBASE.dll
0x00007ffc88160000 - 0x00007ffc88169000 	C:\WINDOWS\system32\NSI.dll
0x00007ffc85a80000 - 0x00007ffc85acf000 	C:\WINDOWS\SYSTEM32\cfgmgr32.dll
0x00007ffc847d0000 - 0x00007ffc847f8000 	C:\WINDOWS\SYSTEM32\DEVOBJ.dll
0x0000000076030000 - 0x000000007603f000 	C:\Program Files\Java\jdk1.7.0_79\jre\bin\verify.dll
0x0000000076000000 - 0x0000000076028000 	C:\Program Files\Java\jdk1.7.0_79\jre\bin\java.dll
0x0000000075fe0000 - 0x0000000075ff5000 	C:\Program Files\Java\jdk1.7.0_79\jre\bin\zip.dll
0x0000000075fc0000 - 0x0000000075fda000 	C:\Program Files\Java\jdk1.7.0_79\jre\bin\net.dll
0x00007ffc851c0000 - 0x00007ffc85219000 	C:\WINDOWS\system32\mswsock.dll
0x0000000075fa0000 - 0x0000000075fb1000 	C:\Program Files\Java\jdk1.7.0_79\jre\bin\nio.dll

VM Arguments:
jvm_args: -Xmx1024M -Dfile.encoding=windows-1252 -Duser.country=AR -Duser.language=es -Duser.variant 
java_command: com.android.dx.command.Main --dex --num-threads=4 --output F:\Proyecto Transporte\Proyectos\AppBase\app\build\intermediates\pre-dexed\debug\gson-2.2.4-da35ec18a8913bdb5f7d1faa23641f800087d734.jar F:\Users\Soledad\.gradle\caches\modules-2\files-2.1\com.google.code.gson\gson\2.2.4\a60a5e993c98c864010053cb901b7eab25306568\gson-2.2.4.jar
Launcher Type: SUN_STANDARD

Environment Variables:
PATH=C:\ProgramData\Oracle\Java\javapath;C:\Program Files (x86)\HP SimplePass\x64;C:\Program Files (x86)\HP SimplePass\;C:\Program Files (x86)\Intel\iCLS Client\;C:\Program Files\Intel\iCLS Client\;C:\WINDOWS\system32;C:\WINDOWS;C:\WINDOWS\System32\Wbem;C:\WINDOWS\System32\WindowsPowerShell\v1.0\;C:\Program Files (x86)\Intel\OpenCL SDK\2.0\bin\x86;C:\Program Files (x86)\Intel\OpenCL SDK\2.0\bin\x64;C:\Program Files\Intel\Intel(R) Management Engine Components\DAL;C:\Program Files\Intel\Intel(R) Management Engine Components\IPT;C:\Program Files (x86)\Intel\Intel(R) Management Engine Components\DAL;C:\Program Files (x86)\Intel\Intel(R) Management Engine Components\IPT;C:\Program Files\TortoiseSVN\bin;C:\Program Files (x86)\Skype\Phone\;C:\Program Files (x86)\Subversion\bin
USERNAME=soled_000
OS=Windows_NT
PROCESSOR_IDENTIFIER=Intel64 Family 6 Model 58 Stepping 9, GenuineIntel



---------------  S Y S T E M  ---------------

OS: Windows 8.1 , 64 bit Build 9600 

CPU:total 8 (4 cores per cpu, 2 threads per core) family 6 model 58 stepping 9, cmov, cx8, fxsr, mmx, sse, sse2, sse3, ssse3, sse4.1, sse4.2, popcnt, avx, aes, erms, ht, tsc, tscinvbit, tscinv

Memory: 4k page, physical 8280028k(2191636k free), swap 8280028k(5040k free)

vm_info: Java HotSpot(TM) 64-Bit Server VM (24.79-b02) for windows-amd64 JRE (1.7.0_79-b15), built on Apr 10 2015 12:36:16 by "java_re" with unknown MS VC++:1600

time: Wed Jul 08 10:14:14 2015
elapsed time: 2 seconds

