#
# There is insufficient memory for the Java Runtime Environment to continue.
# Native memory allocation (malloc) failed to allocate 309936 bytes for Chunk::new
# Possible reasons:
#   The system is out of physical RAM or swap space
#   In 32 bit mode, the process size limit was hit
# Possible solutions:
#   Reduce memory load on the system
#   Increase physical memory or swap space
#   Check if swap backing store is full
#   Use 64 bit Java on a 64 bit OS
#   Decrease Java heap size (-Xmx/-Xms)
#   Decrease number of Java threads
#   Decrease Java thread stack sizes (-Xss)
#   Set larger code cache with -XX:ReservedCodeCacheSize=
# This output file may be truncated or incomplete.
#
#  Out of Memory Error (allocation.cpp:323), pid=724, tid=7708
#
# JRE version: Java(TM) SE Runtime Environment (7.0_79-b15) (build 1.7.0_79-b15)
# Java VM: Java HotSpot(TM) 64-Bit Server VM (24.79-b02 mixed mode windows-amd64 compressed oops)
# Failed to write core dump. Minidumps are not enabled by default on client versions of Windows
#

---------------  T H R E A D  ---------------

Current thread (0x0000000001f9e000):  JavaThread "C2 CompilerThread0" daemon [_thread_in_native, id=7708, stack(0x000000000a830000,0x000000000a930000)]

Stack: [0x000000000a830000,0x000000000a930000]
[error occurred during error reporting (printing stack bounds), id 0xc0000005]


[error occurred during error reporting (printing native stack), id 0xc0000005]


Current CompileTask:
C2:   3107  214             com.android.dx.ssa.SsaBasicBlock::newFromRop (183 bytes)


---------------  P R O C E S S  ---------------

Java Threads: ( => current thread )
  0x000000000a406000 JavaThread "pool-1-thread-4" [_thread_in_Java, id=4572, stack(0x000000000b030000,0x000000000b130000)]
  0x000000000a416800 JavaThread "pool-1-thread-3" [_thread_in_Java, id=1508, stack(0x000000000af30000,0x000000000b030000)]
  0x000000000a416000 JavaThread "pool-1-thread-2" [_thread_in_Java, id=8068, stack(0x000000000ae30000,0x000000000af30000)]
  0x000000000a415000 JavaThread "pool-2-thread-1" [_thread_blocked, id=4524, stack(0x000000000ad30000,0x000000000ae30000)]
  0x000000000a414800 JavaThread "pool-1-thread-1" [_thread_in_vm, id=4500, stack(0x000000000ac30000,0x000000000ad30000)]
  0x0000000001fad800 JavaThread "Service Thread" daemon [_thread_blocked, id=7956, stack(0x000000000aa30000,0x000000000ab30000)]
  0x0000000001fa7800 JavaThread "C2 CompilerThread1" daemon [_thread_in_native, id=7288, stack(0x000000000a930000,0x000000000aa30000)]
=>0x0000000001f9e000 JavaThread "C2 CompilerThread0" daemon [_thread_in_native, id=7708, stack(0x000000000a830000,0x000000000a930000)]
  0x0000000001f9d000 JavaThread "Attach Listener" daemon [_thread_blocked, id=7436, stack(0x000000000a730000,0x000000000a830000)]
  0x000000000a251000 JavaThread "Signal Dispatcher" daemon [_thread_blocked, id=2400, stack(0x000000000a630000,0x000000000a730000)]
  0x0000000008240000 JavaThread "Finalizer" daemon [_thread_blocked, id=1760, stack(0x000000000a130000,0x000000000a230000)]
  0x0000000008239000 JavaThread "Reference Handler" daemon [_thread_blocked, id=7860, stack(0x000000000a030000,0x000000000a130000)]
  0x0000000001eb0800 JavaThread "main" [_thread_in_Java, id=7308, stack(0x0000000001db0000,0x0000000001eb0000)]

Other Threads:
  0x0000000008235800 VMThread [stack: 0x0000000009f30000,0x000000000a030000] [id=7632]
  0x000000000a25d000 WatcherThread [stack: 0x000000000ab30000,0x000000000ac30000] [id=3432]

VM state:not at safepoint (normal execution)

VM Mutex/Monitor currently owned by a thread: None

Heap
 PSYoungGen      total 38400K, used 30686K [0x00000000eaa80000, 0x00000000ed500000, 0x0000000100000000)
  eden space 33280K, 92% used [0x00000000eaa80000,0x00000000ec877848,0x00000000ecb00000)
  from space 5120K, 0% used [0x00000000ed000000,0x00000000ed000000,0x00000000ed500000)
  to   space 5120K, 0% used [0x00000000ecb00000,0x00000000ecb00000,0x00000000ed000000)
 ParOldGen       total 86016K, used 0K [0x00000000c0000000, 0x00000000c5400000, 0x00000000eaa80000)
  object space 86016K, 0% used [0x00000000c0000000,0x00000000c0000000,0x00000000c5400000)
 PSPermGen       total 21504K, used 5713K [0x00000000bae00000, 0x00000000bc300000, 0x00000000c0000000)
  object space 21504K, 26% used [0x00000000bae00000,0x00000000bb394780,0x00000000bc300000)

Card table byte_map: [0x0000000004fb0000,0x00000000051e0000] byte_map_base: 0x00000000049d9000

Polling page: 0x0000000000510000

Code Cache  [0x0000000001fb0000, 0x0000000002220000, 0x0000000004fb0000)
 total_blobs=449 nmethods=212 adapters=189 free_code_cache=48328Kb largest_free_block=49453440

Compilation events (10 events):
Event: 3.084 Thread 0x0000000001f9e000 nmethod 209 0x0000000002075450 code [0x00000000020755a0, 0x0000000002075658]
Event: 3.084 Thread 0x0000000001f9e000  210             com.android.dx.rop.code.Rop::isCallLike (5 bytes)
Event: 3.084 Thread 0x0000000001f9e000 nmethod 210 0x0000000002062550 code [0x0000000002062680, 0x00000000020626d8]
Event: 3.084 Thread 0x0000000001f9e000  211             com.android.dx.rop.code.RegisterSpecList::set (7 bytes)
Event: 3.085 Thread 0x0000000001f9e000 nmethod 211 0x0000000002077f50 code [0x00000000020780a0, 0x0000000002078198]
Event: 3.085 Thread 0x0000000001f9e000  212             com.android.dx.rop.code.BasicBlockList::forEachInsn (39 bytes)
Event: 3.089 Thread 0x0000000001f9e000 nmethod 212 0x0000000002077750 code [0x00000000020778a0, 0x0000000002077b38]
Event: 3.089 Thread 0x0000000001f9e000  213   !         com.android.dx.util.IntList::set (53 bytes)
Event: 3.090 Thread 0x0000000001f9e000 nmethod 213 0x0000000002075110 code [0x0000000002075260, 0x0000000002075338]
Event: 3.090 Thread 0x0000000001f9e000  214             com.android.dx.ssa.SsaBasicBlock::newFromRop (183 bytes)

GC Heap History (0 events):
No events

Deoptimization events (8 events):
Event: 2.091 Thread 0x000000000a416000 Uncommon trap: reason=class_check action=maybe_recompile pc=0x000000000202e964 method=com.android.dx.ssa.NormalSsaInsn.accept(Lcom/android/dx/ssa/SsaInsn$Visitor;)V @ 9
Event: 2.140 Thread 0x000000000a416800 Uncommon trap: reason=null_check action=make_not_entrant pc=0x00000000020286f0 method=com.android.dx.rop.code.LocalItem.equals(Ljava/lang/Object;)Z @ 1
Event: 2.140 Thread 0x000000000a416000 Uncommon trap: reason=class_check action=maybe_recompile pc=0x000000000202e964 method=com.android.dx.ssa.NormalSsaInsn.accept(Lcom/android/dx/ssa/SsaInsn$Visitor;)V @ 9
Event: 2.140 Thread 0x000000000a416000 Uncommon trap: reason=class_check action=maybe_recompile pc=0x000000000202e964 method=com.android.dx.ssa.NormalSsaInsn.accept(Lcom/android/dx/ssa/SsaInsn$Visitor;)V @ 9
Event: 2.345 Thread 0x000000000a416000 Uncommon trap: reason=class_check action=maybe_recompile pc=0x000000000202e964 method=com.android.dx.ssa.NormalSsaInsn.accept(Lcom/android/dx/ssa/SsaInsn$Visitor;)V @ 9
Event: 2.742 Thread 0x000000000a416000 Uncommon trap: reason=unreached action=reinterpret pc=0x00000000020363c4 method=com.android.dx.rop.cst.Constant.compareTo(Lcom/android/dx/rop/cst/Constant;)I @ 12
Event: 3.038 Thread 0x000000000a414800 Uncommon trap: reason=unreached action=reinterpret pc=0x000000000207c8f8 method=com.android.dx.ssa.SCCP.simulateBranch(Lcom/android/dx/ssa/SsaInsn;)V @ 132
Event: 3.093 Thread 0x000000000a406000 Uncommon trap: reason=null_check action=make_not_entrant pc=0x0000000002083bfc method=com.android.dx.rop.code.RegisterSpec.equals(Ljava/lang/Object;)Z @ 1

Internal exceptions (10 events):
Event: 1.942 Thread 0x000000000a414800 Threw 0x00000000eb20c138 at C:\re\jdk7u79\2331\hotspot\src\share\vm\prims\jvm.cpp:1304
Event: 1.951 Thread 0x000000000a416800 Threw 0x00000000eb3467d0 at C:\re\jdk7u79\2331\hotspot\src\share\vm\prims\jvm.cpp:1304
Event: 1.957 Thread 0x000000000a416800 Threw 0x00000000eb354a48 at C:\re\jdk7u79\2331\hotspot\src\share\vm\prims\jvm.cpp:1304
Event: 2.140 Thread 0x000000000a416800 Implicit null exception at 0x0000000002028383 to 0x00000000020286d5
Event: 2.141 Thread 0x0000000001eb0800 Threw 0x00000000eb62be10 at C:\re\jdk7u79\2331\hotspot\src\share\vm\prims\jvm.cpp:1304
Event: 2.144 Thread 0x0000000001eb0800 Threw 0x00000000eb63e840 at C:\re\jdk7u79\2331\hotspot\src\share\vm\prims\jvm.cpp:1304
Event: 2.151 Thread 0x000000000a416800 Threw 0x00000000eb767d10 at C:\re\jdk7u79\2331\hotspot\src\share\vm\prims\jvm.cpp:1304
Event: 2.958 Thread 0x0000000001eb0800 Threw 0x00000000ec22e2c0 at C:\re\jdk7u79\2331\hotspot\src\share\vm\prims\jvm.cpp:1304
Event: 3.039 Thread 0x000000000a414800 Threw 0x00000000ec42bd50 at C:\re\jdk7u79\2331\hotspot\src\share\vm\prims\jvm.cpp:1304
Event: 3.093 Thread 0x000000000a406000 Implicit null exception at 0x0000000002083016 to 0x0000000002083bd5

Events (10 events):
Event: 2.958 loading class 0x000000000a2e8a20
Event: 2.958 loading class 0x000000000a2e8a20 done
Event: 3.038 Thread 0x000000000a414800 Uncommon trap: trap_request=0xffffffad fr.pc=0x000000000207c8f8
Event: 3.038 Thread 0x000000000a414800 DEOPT PACKING pc=0x000000000207c8f8 sp=0x000000000ad2ecd0
Event: 3.038 Thread 0x000000000a414800 DEOPT UNPACKING pc=0x0000000001fe75a4 sp=0x000000000ad2ec78 mode 2
Event: 3.039 loading class 0x000000000a4b49a0
Event: 3.039 loading class 0x000000000a4b49a0 done
Event: 3.093 Thread 0x000000000a406000 Uncommon trap: trap_request=0xfffffff4 fr.pc=0x0000000002083bfc
Event: 3.093 Thread 0x000000000a406000 DEOPT PACKING pc=0x0000000002083bfc sp=0x000000000b12ef50
Event: 3.093 Thread 0x000000000a406000 DEOPT UNPACKING pc=0x0000000001fe75a4 sp=0x000000000b12ee78 mode 2


Dynamic libraries:
0x00007ff71bbd0000 - 0x00007ff71bc03000 	C:\Program Files\Java\jdk1.7.0_79\bin\java.exe
0x00007ff892520000 - 0x00007ff8926cc000 	C:\WINDOWS\SYSTEM32\ntdll.dll
0x00007ff88fdc0000 - 0x00007ff88fefe000 	C:\WINDOWS\system32\KERNEL32.DLL
0x00007ff88fa30000 - 0x00007ff88fb45000 	C:\WINDOWS\system32\KERNELBASE.dll
0x00007ff88e210000 - 0x00007ff88e29e000 	C:\WINDOWS\system32\apphelp.dll
0x00007ff879ed0000 - 0x00007ff879f23000 	C:\WINDOWS\AppPatch\AppPatch64\AcGenral.DLL
0x00007ff8916b0000 - 0x00007ff89175a000 	C:\WINDOWS\system32\msvcrt.dll
0x00007ff88f440000 - 0x00007ff88f46e000 	C:\WINDOWS\SYSTEM32\SspiCli.dll
0x00007ff8922a0000 - 0x00007ff8922f4000 	C:\WINDOWS\system32\SHLWAPI.dll
0x00007ff891430000 - 0x00007ff8915a7000 	C:\WINDOWS\system32\USER32.dll
0x00007ff891890000 - 0x00007ff891a24000 	C:\WINDOWS\system32\ole32.dll
0x00007ff88ff00000 - 0x00007ff891418000 	C:\WINDOWS\system32\SHELL32.dll
0x00007ff88ec10000 - 0x00007ff88ec31000 	C:\WINDOWS\SYSTEM32\USERENV.dll
0x00007ff891d80000 - 0x00007ff891e2a000 	C:\WINDOWS\system32\ADVAPI32.dll
0x00007ff887180000 - 0x00007ff88719e000 	C:\WINDOWS\SYSTEM32\MPR.dll
0x00007ff891a40000 - 0x00007ff891b81000 	C:\WINDOWS\system32\RPCRT4.dll
0x00007ff892240000 - 0x00007ff892299000 	C:\WINDOWS\SYSTEM32\sechost.dll
0x00007ff892010000 - 0x00007ff892221000 	C:\WINDOWS\SYSTEM32\combase.dll
0x00007ff88fba0000 - 0x00007ff88fcf1000 	C:\WINDOWS\system32\GDI32.dll
0x00007ff88f670000 - 0x00007ff88f685000 	C:\WINDOWS\SYSTEM32\profapi.dll
0x00007ff88dbe0000 - 0x00007ff88dc92000 	C:\WINDOWS\SYSTEM32\SHCORE.dll
0x00007ff8915b0000 - 0x00007ff8915e6000 	C:\WINDOWS\system32\IMM32.DLL
0x00007ff891bc0000 - 0x00007ff891d12000 	C:\WINDOWS\system32\MSCTF.dll
0x00007ff88c720000 - 0x00007ff88c99a000 	C:\WINDOWS\WinSxS\amd64_microsoft.windows.common-controls_6595b64144ccf1df_6.0.9600.17810_none_6240b9c7ecbd0bda\COMCTL32.dll
0x0000000076de0000 - 0x0000000076eb2000 	C:\Program Files\Java\jdk1.7.0_79\jre\bin\msvcr100.dll
0x0000000076060000 - 0x0000000076835000 	C:\Program Files\Java\jdk1.7.0_79\jre\bin\server\jvm.dll
0x00007ff8871a0000 - 0x00007ff8871a9000 	C:\WINDOWS\SYSTEM32\WSOCK32.dll
0x00007ff88a6f0000 - 0x00007ff88a712000 	C:\WINDOWS\SYSTEM32\WINMM.dll
0x00007ff891420000 - 0x00007ff891427000 	C:\WINDOWS\system32\PSAPI.DLL
0x00007ff891d20000 - 0x00007ff891d7a000 	C:\WINDOWS\system32\WS2_32.dll
0x00007ff88a6c0000 - 0x00007ff88a6ea000 	C:\WINDOWS\SYSTEM32\WINMMBASE.dll
0x00007ff891bb0000 - 0x00007ff891bb9000 	C:\WINDOWS\system32\NSI.dll
0x00007ff88fb50000 - 0x00007ff88fb9f000 	C:\WINDOWS\SYSTEM32\cfgmgr32.dll
0x00007ff88e460000 - 0x00007ff88e488000 	C:\WINDOWS\SYSTEM32\DEVOBJ.dll
0x0000000077570000 - 0x000000007757f000 	C:\Program Files\Java\jdk1.7.0_79\jre\bin\verify.dll
0x0000000077540000 - 0x0000000077568000 	C:\Program Files\Java\jdk1.7.0_79\jre\bin\java.dll
0x0000000077520000 - 0x0000000077535000 	C:\Program Files\Java\jdk1.7.0_79\jre\bin\zip.dll
0x0000000077500000 - 0x000000007751a000 	C:\Program Files\Java\jdk1.7.0_79\jre\bin\net.dll
0x00007ff88ee80000 - 0x00007ff88eed9000 	C:\WINDOWS\system32\mswsock.dll
0x00000000774e0000 - 0x00000000774f1000 	C:\Program Files\Java\jdk1.7.0_79\jre\bin\nio.dll

VM Arguments:
jvm_args: -Xmx1024M -Dfile.encoding=windows-1252 -Duser.country=AR -Duser.language=es -Duser.variant 
java_command: com.android.dx.command.Main --dex --num-threads=4 --output F:\Proyecto Transporte\Proyectos\AppBase\app\build\intermediates\pre-dexed\debug\classes-5c323f9350d610c73bf3b1374d5c50fafc98ea67.jar F:\Proyecto Transporte\Proyectos\AppBase\app\build\intermediates\exploded-aar\com.google.android.gms\play-services-drive\7.5.0\jars\classes.jar
Launcher Type: SUN_STANDARD

Environment Variables:
PATH=C:\ProgramData\Oracle\Java\javapath;C:\Program Files (x86)\HP SimplePass\x64;C:\Program Files (x86)\HP SimplePass\;C:\Program Files (x86)\Intel\iCLS Client\;C:\Program Files\Intel\iCLS Client\;C:\WINDOWS\system32;C:\WINDOWS;C:\WINDOWS\System32\Wbem;C:\WINDOWS\System32\WindowsPowerShell\v1.0\;C:\Program Files (x86)\Intel\OpenCL SDK\2.0\bin\x86;C:\Program Files (x86)\Intel\OpenCL SDK\2.0\bin\x64;C:\Program Files\Intel\Intel(R) Management Engine Components\DAL;C:\Program Files\Intel\Intel(R) Management Engine Components\IPT;C:\Program Files (x86)\Intel\Intel(R) Management Engine Components\DAL;C:\Program Files (x86)\Intel\Intel(R) Management Engine Components\IPT;C:\Program Files\TortoiseSVN\bin;C:\Program Files (x86)\Skype\Phone\;C:\Program Files (x86)\Subversion\bin
USERNAME=soled_000
OS=Windows_NT
PROCESSOR_IDENTIFIER=Intel64 Family 6 Model 58 Stepping 9, GenuineIntel



---------------  S Y S T E M  ---------------

OS: Windows 8.1 , 64 bit Build 9600 

CPU:total 8 (4 cores per cpu, 2 threads per core) family 6 model 58 stepping 9, cmov, cx8, fxsr, mmx, sse, sse2, sse3, ssse3, sse4.1, sse4.2, popcnt, avx, aes, erms, ht, tsc, tscinvbit, tscinv

Memory: 4k page, physical 8280028k(2421468k free), swap 8280028k(5292k free)

vm_info: Java HotSpot(TM) 64-Bit Server VM (24.79-b02) for windows-amd64 JRE (1.7.0_79-b15), built on Apr 10 2015 12:36:16 by "java_re" with unknown MS VC++:1600

time: Tue Jun 30 12:08:32 2015
elapsed time: 3 seconds

