#
# There is insufficient memory for the Java Runtime Environment to continue.
# Native memory allocation (malloc) failed to allocate 1085616 bytes for Chunk::new
# Possible reasons:
#   The system is out of physical RAM or swap space
#   In 32 bit mode, the process size limit was hit
# Possible solutions:
#   Reduce memory load on the system
#   Increase physical memory or swap space
#   Check if swap backing store is full
#   Use 64 bit Java on a 64 bit OS
#   Decrease Java heap size (-Xmx/-Xms)
#   Decrease number of Java threads
#   Decrease Java thread stack sizes (-Xss)
#   Set larger code cache with -XX:ReservedCodeCacheSize=
# This output file may be truncated or incomplete.
#
#  Out of Memory Error (allocation.cpp:323), pid=1820, tid=2736
#
# JRE version: Java(TM) SE Runtime Environment (7.0_79-b15) (build 1.7.0_79-b15)
# Java VM: Java HotSpot(TM) 64-Bit Server VM (24.79-b02 mixed mode windows-amd64 compressed oops)
# Failed to write core dump. Minidumps are not enabled by default on client versions of Windows
#

---------------  T H R E A D  ---------------

Current thread (0x0000000002db6800):  JavaThread "C2 CompilerThread0" daemon [_thread_in_native, id=2736, stack(0x000000000b6a0000,0x000000000b7a0000)]

Stack: [0x000000000b6a0000,0x000000000b7a0000]
[error occurred during error reporting (printing stack bounds), id 0xc0000005]


[error occurred during error reporting (printing native stack), id 0xc0000005]


Current CompileTask:
C2:   2857  220             com.android.dx.ssa.SCCP::simulateBlock (54 bytes)


---------------  P R O C E S S  ---------------

Java Threads: ( => current thread )
  0x000000000b336000 JavaThread "pool-1-thread-4" [_thread_in_Java, id=7480, stack(0x000000000bea0000,0x000000000bfa0000)]
  0x000000000b286800 JavaThread "pool-1-thread-3" [_thread_in_Java, id=7520, stack(0x000000000bda0000,0x000000000bea0000)]
  0x000000000b374000 JavaThread "pool-1-thread-2" [_thread_in_Java, id=6104, stack(0x000000000bca0000,0x000000000bda0000)]
  0x000000000b373800 JavaThread "pool-2-thread-1" [_thread_blocked, id=6396, stack(0x000000000bba0000,0x000000000bca0000)]
  0x000000000b377000 JavaThread "pool-1-thread-1" [_thread_in_Java, id=3460, stack(0x000000000baa0000,0x000000000bba0000)]
  0x000000000b0c5800 JavaThread "Service Thread" daemon [_thread_blocked, id=5916, stack(0x000000000b8a0000,0x000000000b9a0000)]
  0x0000000002dbb800 JavaThread "C2 CompilerThread1" daemon [_thread_in_native, id=7508, stack(0x000000000b7a0000,0x000000000b8a0000)]
=>0x0000000002db6800 JavaThread "C2 CompilerThread0" daemon [_thread_in_native, id=2736, stack(0x000000000b6a0000,0x000000000b7a0000)]
  0x0000000002db6000 JavaThread "Attach Listener" daemon [_thread_blocked, id=6324, stack(0x000000000b5a0000,0x000000000b6a0000)]
  0x000000000b0c1000 JavaThread "Signal Dispatcher" daemon [_thread_blocked, id=5372, stack(0x000000000b4a0000,0x000000000b5a0000)]
  0x00000000090c0000 JavaThread "Finalizer" daemon [_thread_blocked, id=1476, stack(0x000000000afa0000,0x000000000b0a0000)]
  0x00000000090b9800 JavaThread "Reference Handler" daemon [_thread_blocked, id=3812, stack(0x000000000aea0000,0x000000000afa0000)]
  0x0000000002cc0800 JavaThread "main" [_thread_in_Java, id=6060, stack(0x0000000002af0000,0x0000000002bf0000)]

Other Threads:
  0x00000000090b5800 VMThread [stack: 0x000000000ada0000,0x000000000aea0000] [id=1752]
  0x000000000b0cf000 WatcherThread [stack: 0x000000000b9a0000,0x000000000baa0000] [id=6712]

VM state:not at safepoint (normal execution)

VM Mutex/Monitor currently owned by a thread: None

Heap
 PSYoungGen      total 38400K, used 14614K [0x00000000eaa80000, 0x00000000ed500000, 0x0000000100000000)
  eden space 33280K, 28% used [0x00000000eaa80000,0x00000000eb3c7c38,0x00000000ecb00000)
  from space 5120K, 99% used [0x00000000ecb00000,0x00000000ecffddd8,0x00000000ed000000)
  to   space 5120K, 0% used [0x00000000ed000000,0x00000000ed000000,0x00000000ed500000)
 ParOldGen       total 86016K, used 1713K [0x00000000c0000000, 0x00000000c5400000, 0x00000000eaa80000)
  object space 86016K, 1% used [0x00000000c0000000,0x00000000c01ac4b0,0x00000000c5400000)
 PSPermGen       total 21504K, used 5747K [0x00000000bae00000, 0x00000000bc300000, 0x00000000c0000000)
  object space 21504K, 26% used [0x00000000bae00000,0x00000000bb39cd50,0x00000000bc300000)

Card table byte_map: [0x0000000005e80000,0x00000000060b0000] byte_map_base: 0x00000000058a9000

Polling page: 0x00000000011f0000

Code Cache  [0x0000000002dc0000, 0x0000000003030000, 0x0000000005dc0000)
 total_blobs=456 nmethods=219 adapters=189 free_code_cache=48287Kb largest_free_block=49406208

Compilation events (10 events):
Event: 2.609 Thread 0x0000000002db6800 nmethod 215 0x0000000002e90590 code [0x0000000002e906e0, 0x0000000002e907f8]
Event: 2.609 Thread 0x0000000002db6800  216             com.android.dx.ssa.SsaBasicBlock::forEachPhiInsn (54 bytes)
Event: 2.616 Thread 0x0000000002db6800 nmethod 216 0x0000000002e8fad0 code [0x0000000002e8fc60, 0x0000000002e90028]
Event: 2.616 Thread 0x0000000002db6800  217             java.util.HashMap::<init> (9 bytes)
Event: 2.617 Thread 0x0000000002db6800 nmethod 217 0x0000000002e8f810 code [0x0000000002e8f960, 0x0000000002e8fa18]
Event: 2.617 Thread 0x0000000002db6800  218             com.android.dx.ssa.back.IdenticalBlockCombiner::process (323 bytes)
Event: 2.687 Thread 0x0000000002db6800 nmethod 218 0x0000000002e99c50 code [0x0000000002e99f20, 0x0000000002e9bd98]
Event: 2.688 Thread 0x0000000002db6800  219             com.android.dx.ssa.SsaBasicBlock::newFromRop (183 bytes)
Event: 2.738 Thread 0x0000000002db6800 nmethod 219 0x0000000002e9eed0 code [0x0000000002e9f160, 0x0000000002ea06a0]
Event: 2.738 Thread 0x0000000002db6800  220             com.android.dx.ssa.SCCP::simulateBlock (54 bytes)

GC Heap History (2 events):
Event: 2.010 GC heap before
{Heap before GC invocations=1 (full 0):
 PSYoungGen      total 38400K, used 33280K [0x00000000eaa80000, 0x00000000ed500000, 0x0000000100000000)
  eden space 33280K, 100% used [0x00000000eaa80000,0x00000000ecb00000,0x00000000ecb00000)
  from space 5120K, 0% used [0x00000000ed000000,0x00000000ed000000,0x00000000ed500000)
  to   space 5120K, 0% used [0x00000000ecb00000,0x00000000ecb00000,0x00000000ed000000)
 ParOldGen       total 86016K, used 0K [0x00000000c0000000, 0x00000000c5400000, 0x00000000eaa80000)
  object space 86016K, 0% used [0x00000000c0000000,0x00000000c0000000,0x00000000c5400000)
 PSPermGen       total 21504K, used 5723K [0x00000000bae00000, 0x00000000bc300000, 0x00000000c0000000)
  object space 21504K, 26% used [0x00000000bae00000,0x00000000bb396fd8,0x00000000bc300000)
Event: 2.579 GC heap after
Heap after GC invocations=1 (full 0):
 PSYoungGen      total 38400K, used 5111K [0x00000000eaa80000, 0x00000000ed500000, 0x0000000100000000)
  eden space 33280K, 0% used [0x00000000eaa80000,0x00000000eaa80000,0x00000000ecb00000)
  from space 5120K, 99% used [0x00000000ecb00000,0x00000000ecffddd8,0x00000000ed000000)
  to   space 5120K, 0% used [0x00000000ed000000,0x00000000ed000000,0x00000000ed500000)
 ParOldGen       total 86016K, used 1713K [0x00000000c0000000, 0x00000000c5400000, 0x00000000eaa80000)
  object space 86016K, 1% used [0x00000000c0000000,0x00000000c01ac4b0,0x00000000c5400000)
 PSPermGen       total 21504K, used 5723K [0x00000000bae00000, 0x00000000bc300000, 0x00000000c0000000)
  object space 21504K, 26% used [0x00000000bae00000,0x00000000bb396fd8,0x00000000bc300000)
}

Deoptimization events (2 events):
Event: 0.892 Thread 0x0000000002cc0800 Uncommon trap: reason=null_check action=make_not_entrant pc=0x0000000002e3e004 method=com.android.dx.rop.code.LocalItem.equals(Ljava/lang/Object;)Z @ 1
Event: 1.778 Thread 0x000000000b286800 Uncommon trap: reason=null_check action=make_not_entrant pc=0x0000000002e54f50 method=com.android.dx.rop.type.Type.equals(Ljava/lang/Object;)Z @ 8

Internal exceptions (10 events):
Event: 0.682 Thread 0x000000000b374000 Threw 0x00000000eb1e31e8 at C:\re\jdk7u79\2331\hotspot\src\share\vm\prims\jvm.cpp:1304
Event: 0.683 Thread 0x000000000b377000 Threw 0x00000000eb2643d8 at C:\re\jdk7u79\2331\hotspot\src\share\vm\prims\jvm.cpp:1304
Event: 0.683 Thread 0x000000000b374000 Threw 0x00000000eb1e95f0 at C:\re\jdk7u79\2331\hotspot\src\share\vm\prims\jvm.cpp:1304
Event: 0.689 Thread 0x000000000b377000 Threw 0x00000000eb278fe0 at C:\re\jdk7u79\2331\hotspot\src\share\vm\prims\jvm.cpp:1304
Event: 0.693 Thread 0x000000000b286800 Threw 0x00000000eb467a48 at C:\re\jdk7u79\2331\hotspot\src\share\vm\prims\jvm.cpp:1304
Event: 0.892 Thread 0x0000000002cc0800 Implicit null exception at 0x0000000002e3dca0 to 0x0000000002e3dfed
Event: 1.019 Thread 0x000000000b336000 Threw 0x00000000ebae1eb0 at C:\re\jdk7u79\2331\hotspot\src\share\vm\prims\jvm.cpp:1304
Event: 1.384 Thread 0x0000000002cc0800 Threw 0x00000000ebc406e0 at C:\re\jdk7u79\2331\hotspot\src\share\vm\prims\jvm.cpp:1304
Event: 1.581 Thread 0x0000000002cc0800 Threw 0x00000000ec04c850 at C:\re\jdk7u79\2331\hotspot\src\share\vm\prims\jvm.cpp:1304
Event: 1.778 Thread 0x000000000b286800 Implicit null exception at 0x0000000002e54e52 to 0x0000000002e54f42

Events (10 events):
Event: 1.021 loading class 0x0000000002d40730 done
Event: 1.384 loading class 0x000000000b1627d0
Event: 1.384 loading class 0x000000000b1627d0 done
Event: 1.581 loading class 0x000000000b324df0
Event: 1.581 loading class 0x000000000b324df0 done
Event: 1.778 Thread 0x000000000b286800 Uncommon trap: trap_request=0xfffffff4 fr.pc=0x0000000002e54f50
Event: 1.778 Thread 0x000000000b286800 DEOPT PACKING pc=0x0000000002e54f50 sp=0x000000000be9ecd0
Event: 1.778 Thread 0x000000000b286800 DEOPT UNPACKING pc=0x0000000002df75a4 sp=0x000000000be9ec68 mode 2
Event: 1.794 Executing VM operation: ParallelGCFailedAllocation
Event: 2.579 Executing VM operation: ParallelGCFailedAllocation done


Dynamic libraries:
0x00007ff70f950000 - 0x00007ff70f983000 	C:\Program Files\Java\jdk1.7.0_79\bin\java.exe
0x00007ff9f8a60000 - 0x00007ff9f8c0c000 	C:\WINDOWS\SYSTEM32\ntdll.dll
0x00007ff9f6770000 - 0x00007ff9f68ae000 	C:\WINDOWS\system32\KERNEL32.DLL
0x00007ff9f5f70000 - 0x00007ff9f6085000 	C:\WINDOWS\system32\KERNELBASE.dll
0x00007ff9f44a0000 - 0x00007ff9f452e000 	C:\WINDOWS\system32\apphelp.dll
0x00007ff9e6750000 - 0x00007ff9e67a3000 	C:\WINDOWS\AppPatch\AppPatch64\AcGenral.DLL
0x00007ff9f60e0000 - 0x00007ff9f618a000 	C:\WINDOWS\system32\msvcrt.dll
0x00007ff9f5980000 - 0x00007ff9f59ae000 	C:\WINDOWS\SYSTEM32\SspiCli.dll
0x00007ff9f85e0000 - 0x00007ff9f8634000 	C:\WINDOWS\system32\SHLWAPI.dll
0x00007ff9f8640000 - 0x00007ff9f87b7000 	C:\WINDOWS\system32\USER32.dll
0x00007ff9f6d10000 - 0x00007ff9f6ea4000 	C:\WINDOWS\system32\ole32.dll
0x00007ff9f70c0000 - 0x00007ff9f85d8000 	C:\WINDOWS\system32\SHELL32.dll
0x00007ff9f5150000 - 0x00007ff9f5171000 	C:\WINDOWS\SYSTEM32\USERENV.dll
0x00007ff9f7010000 - 0x00007ff9f70ba000 	C:\WINDOWS\system32\ADVAPI32.dll
0x00007ff9ec360000 - 0x00007ff9ec37e000 	C:\WINDOWS\SYSTEM32\MPR.dll
0x00007ff9f6230000 - 0x00007ff9f6371000 	C:\WINDOWS\system32\RPCRT4.dll
0x00007ff9f6920000 - 0x00007ff9f6979000 	C:\WINDOWS\SYSTEM32\sechost.dll
0x00007ff9f6990000 - 0x00007ff9f6ba1000 	C:\WINDOWS\SYSTEM32\combase.dll
0x00007ff9f6bb0000 - 0x00007ff9f6d01000 	C:\WINDOWS\system32\GDI32.dll
0x00007ff9f5bb0000 - 0x00007ff9f5bc5000 	C:\WINDOWS\SYSTEM32\profapi.dll
0x00007ff9f4180000 - 0x00007ff9f4232000 	C:\WINDOWS\SYSTEM32\SHCORE.dll
0x00007ff9f61f0000 - 0x00007ff9f6226000 	C:\WINDOWS\system32\IMM32.DLL
0x00007ff9f6eb0000 - 0x00007ff9f7002000 	C:\WINDOWS\system32\MSCTF.dll
0x00007ff9f3800000 - 0x00007ff9f3a7a000 	C:\WINDOWS\WinSxS\amd64_microsoft.windows.common-controls_6595b64144ccf1df_6.0.9600.17810_none_6240b9c7ecbd0bda\COMCTL32.dll
0x000000005b7b0000 - 0x000000005b882000 	C:\Program Files\Java\jdk1.7.0_79\jre\bin\msvcr100.dll
0x000000005bba0000 - 0x000000005c375000 	C:\Program Files\Java\jdk1.7.0_79\jre\bin\server\jvm.dll
0x00007ff9eb7d0000 - 0x00007ff9eb7d9000 	C:\WINDOWS\SYSTEM32\WSOCK32.dll
0x00007ff9f0ce0000 - 0x00007ff9f0d02000 	C:\WINDOWS\SYSTEM32\WINMM.dll
0x00007ff9f88a0000 - 0x00007ff9f88a7000 	C:\WINDOWS\system32\PSAPI.DLL
0x00007ff9f6190000 - 0x00007ff9f61ea000 	C:\WINDOWS\system32\WS2_32.dll
0x00007ff9f0cb0000 - 0x00007ff9f0cda000 	C:\WINDOWS\SYSTEM32\WINMMBASE.dll
0x00007ff9f64c0000 - 0x00007ff9f64c9000 	C:\WINDOWS\system32\NSI.dll
0x00007ff9f6090000 - 0x00007ff9f60df000 	C:\WINDOWS\SYSTEM32\cfgmgr32.dll
0x00007ff9f49b0000 - 0x00007ff9f49d8000 	C:\WINDOWS\SYSTEM32\DEVOBJ.dll
0x000000005bb90000 - 0x000000005bb9f000 	C:\Program Files\Java\jdk1.7.0_79\jre\bin\verify.dll
0x000000005bb60000 - 0x000000005bb88000 	C:\Program Files\Java\jdk1.7.0_79\jre\bin\java.dll
0x000000005bb40000 - 0x000000005bb55000 	C:\Program Files\Java\jdk1.7.0_79\jre\bin\zip.dll
0x000000005bb20000 - 0x000000005bb3a000 	C:\Program Files\Java\jdk1.7.0_79\jre\bin\net.dll
0x00007ff9f53c0000 - 0x00007ff9f5419000 	C:\WINDOWS\system32\mswsock.dll
0x000000005bb00000 - 0x000000005bb11000 	C:\Program Files\Java\jdk1.7.0_79\jre\bin\nio.dll

VM Arguments:
jvm_args: -Xmx1024M -Dfile.encoding=windows-1252 -Duser.country=AR -Duser.language=es -Duser.variant 
java_command: com.android.dx.command.Main --dex --num-threads=4 --output F:\Proyecto Transporte\Proyectos\AppBase\app\build\intermediates\pre-dexed\debug\classes-e88946a984529a5c3187137958b1754ff51b6d23.jar F:\Proyecto Transporte\Proyectos\AppBase\app\build\intermediates\exploded-aar\com.google.android.gms\play-services-plus\7.5.0\jars\classes.jar
Launcher Type: SUN_STANDARD

Environment Variables:
PATH=C:\ProgramData\Oracle\Java\javapath;C:\Program Files (x86)\HP SimplePass\x64;C:\Program Files (x86)\HP SimplePass\;C:\Program Files (x86)\Intel\iCLS Client\;C:\Program Files\Intel\iCLS Client\;C:\WINDOWS\system32;C:\WINDOWS;C:\WINDOWS\System32\Wbem;C:\WINDOWS\System32\WindowsPowerShell\v1.0\;C:\Program Files (x86)\Intel\OpenCL SDK\2.0\bin\x86;C:\Program Files (x86)\Intel\OpenCL SDK\2.0\bin\x64;C:\Program Files\Intel\Intel(R) Management Engine Components\DAL;C:\Program Files\Intel\Intel(R) Management Engine Components\IPT;C:\Program Files (x86)\Intel\Intel(R) Management Engine Components\DAL;C:\Program Files (x86)\Intel\Intel(R) Management Engine Components\IPT;C:\Program Files\TortoiseSVN\bin;C:\Program Files (x86)\Skype\Phone\;C:\Program Files (x86)\Subversion\bin
USERNAME=soled_000
OS=Windows_NT
PROCESSOR_IDENTIFIER=Intel64 Family 6 Model 58 Stepping 9, GenuineIntel



---------------  S Y S T E M  ---------------

OS: Windows 8.1 , 64 bit Build 9600 

CPU:total 8 (4 cores per cpu, 2 threads per core) family 6 model 58 stepping 9, cmov, cx8, fxsr, mmx, sse, sse2, sse3, ssse3, sse4.1, sse4.2, popcnt, avx, aes, erms, ht, tsc, tscinvbit, tscinv

Memory: 4k page, physical 8280028k(2001476k free), swap 8280028k(6320k free)

vm_info: Java HotSpot(TM) 64-Bit Server VM (24.79-b02) for windows-amd64 JRE (1.7.0_79-b15), built on Apr 10 2015 12:36:16 by "java_re" with unknown MS VC++:1600

time: Fri Jun 26 15:21:24 2015
elapsed time: 2 seconds

