#
# There is insufficient memory for the Java Runtime Environment to continue.
# Native memory allocation (malloc) failed to allocate 90896 bytes for Chunk::new
# Possible reasons:
#   The system is out of physical RAM or swap space
#   In 32 bit mode, the process size limit was hit
# Possible solutions:
#   Reduce memory load on the system
#   Increase physical memory or swap space
#   Check if swap backing store is full
#   Use 64 bit Java on a 64 bit OS
#   Decrease Java heap size (-Xmx/-Xms)
#   Decrease number of Java threads
#   Decrease Java thread stack sizes (-Xss)
#   Set larger code cache with -XX:ReservedCodeCacheSize=
# This output file may be truncated or incomplete.
#
#  Out of Memory Error (allocation.cpp:323), pid=7056, tid=3052
#
# JRE version: Java(TM) SE Runtime Environment (7.0_79-b15) (build 1.7.0_79-b15)
# Java VM: Java HotSpot(TM) 64-Bit Server VM (24.79-b02 mixed mode windows-amd64 compressed oops)
# Failed to write core dump. Minidumps are not enabled by default on client versions of Windows
#

---------------  T H R E A D  ---------------

Current thread (0x00000000026ce000):  JavaThread "C2 CompilerThread0" daemon [_thread_in_native, id=3052, stack(0x000000000aff0000,0x000000000b0f0000)]

Stack: [0x000000000aff0000,0x000000000b0f0000]
[error occurred during error reporting (printing stack bounds), id 0xc0000005]


Current CompileTask:
C2:   3426  349             java.util.Properties$LineReader::readLine (452 bytes)


---------------  P R O C E S S  ---------------

Java Threads: ( => current thread )
  0x00000000026d2800 JavaThread "Service Thread" daemon [_thread_blocked, id=7640, stack(0x000000000b1f0000,0x000000000b2f0000)]
  0x00000000026d0000 JavaThread "C2 CompilerThread1" daemon [_thread_blocked, id=2060, stack(0x000000000b0f0000,0x000000000b1f0000)]
=>0x00000000026ce000 JavaThread "C2 CompilerThread0" daemon [_thread_in_native, id=3052, stack(0x000000000aff0000,0x000000000b0f0000)]
  0x00000000026cd800 JavaThread "Attach Listener" daemon [_thread_blocked, id=3364, stack(0x000000000aef0000,0x000000000aff0000)]
  0x00000000026c8800 JavaThread "Signal Dispatcher" daemon [_thread_blocked, id=7872, stack(0x000000000adf0000,0x000000000aef0000)]
  0x00000000089fa000 JavaThread "Finalizer" daemon [_thread_blocked, id=6232, stack(0x000000000a8f0000,0x000000000a9f0000)]
  0x00000000089f9000 JavaThread "Reference Handler" daemon [_thread_blocked, id=5152, stack(0x000000000a7f0000,0x000000000a8f0000)]
  0x00000000025e0800 JavaThread "main" [_thread_in_Java, id=3624, stack(0x0000000002470000,0x0000000002570000)]

Other Threads:
  0x00000000089f5800 VMThread [stack: 0x000000000a6f0000,0x000000000a7f0000] [id=8000]
  0x000000000aa22000 WatcherThread [stack: 0x000000000b2f0000,0x000000000b3f0000] [id=1624]

VM state:not at safepoint (normal execution)

VM Mutex/Monitor currently owned by a thread: None

Heap
 PSYoungGen      total 38400K, used 13838K [0x00000000eaa80000, 0x00000000ef580000, 0x0000000100000000)
  eden space 33280K, 26% used [0x00000000eaa80000,0x00000000eb3082c8,0x00000000ecb00000)
  from space 5120K, 99% used [0x00000000ecb00000,0x00000000ecffb708,0x00000000ed000000)
  to   space 5120K, 0% used [0x00000000ef080000,0x00000000ef080000,0x00000000ef580000)
 ParOldGen       total 86016K, used 1474K [0x00000000c0000000, 0x00000000c5400000, 0x00000000eaa80000)
  object space 86016K, 1% used [0x00000000c0000000,0x00000000c0170998,0x00000000c5400000)
 PSPermGen       total 21504K, used 6158K [0x00000000bae00000, 0x00000000bc300000, 0x00000000c0000000)
  object space 21504K, 28% used [0x00000000bae00000,0x00000000bb403b00,0x00000000bc300000)

Card table byte_map: [0x00000000057a0000,0x00000000059d0000] byte_map_base: 0x00000000051c9000

Polling page: 0x0000000002570000

Code Cache  [0x00000000026e0000, 0x0000000002950000, 0x00000000056e0000)
 total_blobs=590 nmethods=348 adapters=194 free_code_cache=47656Kb largest_free_block=48755904

Compilation events (10 events):
Event: 3.239 Thread 0x00000000026d0000 nmethod 344 0x000000000284e390 code [0x000000000284e500, 0x000000000284e938]
Event: 3.391 Thread 0x00000000026ce000  345             com.android.dx.dex.code.DalvInsnList::getOutsSize (105 bytes)
Event: 3.391 Thread 0x00000000026d0000  346   !         com.android.dx.dex.code.DalvInsnList::writeTo (254 bytes)
Event: 3.396 Thread 0x00000000026d0000 nmethod 346 0x0000000002850510 code [0x0000000002850680, 0x0000000002850a18]
Event: 3.396 Thread 0x00000000026d0000  347             com.android.dx.dex.code.ZeroSizeInsn::writeTo (1 bytes)
Event: 3.396 Thread 0x00000000026d0000 nmethod 347 0x000000000284e190 code [0x000000000284e2c0, 0x000000000284e318]
Event: 3.396 Thread 0x00000000026ce000 nmethod 345 0x000000000284f950 code [0x000000000284fae0, 0x000000000284ff58]
Event: 3.400 Thread 0x00000000026d0000  348             com.android.dx.util.ByteArrayAnnotatedOutput::writeShort (64 bytes)
Event: 3.402 Thread 0x00000000026d0000 nmethod 348 0x000000000284bcd0 code [0x000000000284be20, 0x000000000284bf98]
Event: 3.416 Thread 0x00000000026ce000  349             java.util.Properties$LineReader::readLine (452 bytes)

GC Heap History (2 events):
Event: 1.406 GC heap before
{Heap before GC invocations=1 (full 0):
 PSYoungGen      total 38400K, used 33280K [0x00000000eaa80000, 0x00000000ed500000, 0x0000000100000000)
  eden space 33280K, 100% used [0x00000000eaa80000,0x00000000ecb00000,0x00000000ecb00000)
  from space 5120K, 0% used [0x00000000ed000000,0x00000000ed000000,0x00000000ed500000)
  to   space 5120K, 0% used [0x00000000ecb00000,0x00000000ecb00000,0x00000000ed000000)
 ParOldGen       total 86016K, used 0K [0x00000000c0000000, 0x00000000c5400000, 0x00000000eaa80000)
  object space 86016K, 0% used [0x00000000c0000000,0x00000000c0000000,0x00000000c5400000)
 PSPermGen       total 21504K, used 5732K [0x00000000bae00000, 0x00000000bc300000, 0x00000000c0000000)
  object space 21504K, 26% used [0x00000000bae00000,0x00000000bb399058,0x00000000bc300000)
Event: 1.706 GC heap after
Heap after GC invocations=1 (full 0):
 PSYoungGen      total 38400K, used 5101K [0x00000000eaa80000, 0x00000000ef580000, 0x0000000100000000)
  eden space 33280K, 0% used [0x00000000eaa80000,0x00000000eaa80000,0x00000000ecb00000)
  from space 5120K, 99% used [0x00000000ecb00000,0x00000000ecffb708,0x00000000ed000000)
  to   space 5120K, 0% used [0x00000000ef080000,0x00000000ef080000,0x00000000ef580000)
 ParOldGen       total 86016K, used 1474K [0x00000000c0000000, 0x00000000c5400000, 0x00000000eaa80000)
  object space 86016K, 1% used [0x00000000c0000000,0x00000000c0170998,0x00000000c5400000)
 PSPermGen       total 21504K, used 5732K [0x00000000bae00000, 0x00000000bc300000, 0x00000000c0000000)
  object space 21504K, 26% used [0x00000000bae00000,0x00000000bb399058,0x00000000bc300000)
}

Deoptimization events (10 events):
Event: 3.420 Thread 0x00000000025e0800 Uncommon trap: reason=unreached action=reinterpret pc=0x000000000277c528 method=java.util.Arrays.copyOf([Ljava/lang/Object;ILjava/lang/Class;)[Ljava/lang/Object; @ 4
Event: 3.424 Thread 0x00000000025e0800 Uncommon trap: reason=class_check action=maybe_recompile pc=0x00000000027ac4e0 method=java.util.HashMap.<init>(IF)V @ 115
Event: 3.424 Thread 0x00000000025e0800 Uncommon trap: reason=class_check action=maybe_recompile pc=0x00000000027acd1c method=java.util.HashMap.put(Ljava/lang/Object;Ljava/lang/Object;)Ljava/lang/Object; @ 137
Event: 3.424 Thread 0x00000000025e0800 Uncommon trap: reason=class_check action=maybe_recompile pc=0x00000000027df2c4 method=java.util.HashMap.addEntry(ILjava/lang/Object;Ljava/lang/Object;I)V @ 65
Event: 3.424 Thread 0x00000000025e0800 Uncommon trap: reason=class_check action=maybe_recompile pc=0x00000000027acd1c method=java.util.HashMap.put(Ljava/lang/Object;Ljava/lang/Object;)Ljava/lang/Object; @ 137
Event: 3.424 Thread 0x00000000025e0800 Uncommon trap: reason=class_check action=maybe_recompile pc=0x00000000027df2c4 method=java.util.HashMap.addEntry(ILjava/lang/Object;Ljava/lang/Object;I)V @ 65
Event: 3.424 Thread 0x00000000025e0800 Uncommon trap: reason=class_check action=maybe_recompile pc=0x00000000027acd1c method=java.util.HashMap.put(Ljava/lang/Object;Ljava/lang/Object;)Ljava/lang/Object; @ 137
Event: 3.424 Thread 0x00000000025e0800 Uncommon trap: reason=class_check action=maybe_recompile pc=0x00000000027df2c4 method=java.util.HashMap.addEntry(ILjava/lang/Object;Ljava/lang/Object;I)V @ 65
Event: 3.424 Thread 0x00000000025e0800 Uncommon trap: reason=class_check action=maybe_recompile pc=0x00000000027acd1c method=java.util.HashMap.put(Ljava/lang/Object;Ljava/lang/Object;)Ljava/lang/Object; @ 137
Event: 3.424 Thread 0x00000000025e0800 Uncommon trap: reason=class_check action=maybe_recompile pc=0x00000000027df2c4 method=java.util.HashMap.addEntry(ILjava/lang/Object;Ljava/lang/Object;I)V @ 65

Internal exceptions (10 events):
Event: 2.702 Thread 0x00000000025e0800 Threw 0x00000000eb1c28c8 at C:\re\jdk7u79\2331\hotspot\src\share\vm\prims\jvm.cpp:1304
Event: 2.703 Thread 0x00000000025e0800 Threw 0x00000000eb1c69e0 at C:\re\jdk7u79\2331\hotspot\src\share\vm\prims\jvm.cpp:1304
Event: 2.926 Thread 0x00000000025e0800 Threw 0x00000000eb268ae0 at C:\re\jdk7u79\2331\hotspot\src\share\vm\prims\jvm.cpp:1304
Event: 2.927 Thread 0x00000000025e0800 Threw 0x00000000eb274710 at C:\re\jdk7u79\2331\hotspot\src\share\vm\prims\jvm.cpp:1304
Event: 2.928 Thread 0x00000000025e0800 Threw 0x00000000eb277348 at C:\re\jdk7u79\2331\hotspot\src\share\vm\prims\jvm.cpp:1304
Event: 2.932 Thread 0x00000000025e0800 Threw 0x00000000eb29fad8 at C:\re\jdk7u79\2331\hotspot\src\share\vm\prims\jvm.cpp:1304
Event: 2.936 Thread 0x00000000025e0800 Threw 0x00000000eb2bf7d8 at C:\re\jdk7u79\2331\hotspot\src\share\vm\prims\jvm.cpp:1304
Event: 2.937 Thread 0x00000000025e0800 Threw 0x00000000eb2c4d00 at C:\re\jdk7u79\2331\hotspot\src\share\vm\prims\jvm.cpp:1304
Event: 3.223 Thread 0x00000000025e0800 Threw 0x00000000eb2d8048 at C:\re\jdk7u79\2331\hotspot\src\share\vm\prims\jvm.cpp:1304
Event: 3.411 Thread 0x00000000025e0800 Threw 0x00000000eb2dc2c8 at C:\re\jdk7u79\2331\hotspot\src\share\vm\prims\jvm.cpp:1304

Events (10 events):
Event: 3.424 Thread 0x00000000025e0800 DEOPT UNPACKING pc=0x00000000027175a4 sp=0x000000000256d620 mode 2
Event: 3.424 Thread 0x00000000025e0800 Uncommon trap: trap_request=0xffffffde fr.pc=0x00000000027df2c4
Event: 3.424 Thread 0x00000000025e0800 DEOPT PACKING pc=0x00000000027df2c4 sp=0x000000000256d560
Event: 3.424 Thread 0x00000000025e0800 DEOPT UNPACKING pc=0x00000000027175a4 sp=0x000000000256d518 mode 2
Event: 3.424 Thread 0x00000000025e0800 Uncommon trap: trap_request=0xffffffde fr.pc=0x00000000027acd1c
Event: 3.424 Thread 0x00000000025e0800 DEOPT PACKING pc=0x00000000027acd1c sp=0x000000000256d690
Event: 3.424 Thread 0x00000000025e0800 DEOPT UNPACKING pc=0x00000000027175a4 sp=0x000000000256d620 mode 2
Event: 3.424 Thread 0x00000000025e0800 Uncommon trap: trap_request=0xffffffde fr.pc=0x00000000027df2c4
Event: 3.424 Thread 0x00000000025e0800 DEOPT PACKING pc=0x00000000027df2c4 sp=0x000000000256d560
Event: 3.424 Thread 0x00000000025e0800 DEOPT UNPACKING pc=0x00000000027175a4 sp=0x000000000256d518 mode 2


Dynamic libraries:
0x00007ff70f950000 - 0x00007ff70f983000 	C:\Program Files\Java\jdk1.7.0_79\bin\java.exe
0x00007ff9f8a60000 - 0x00007ff9f8c0c000 	C:\WINDOWS\SYSTEM32\ntdll.dll
0x00007ff9f6770000 - 0x00007ff9f68ae000 	C:\WINDOWS\system32\KERNEL32.DLL
0x00007ff9f5f70000 - 0x00007ff9f6085000 	C:\WINDOWS\system32\KERNELBASE.dll
0x00007ff9f44a0000 - 0x00007ff9f452e000 	C:\WINDOWS\system32\apphelp.dll
0x00007ff9e6750000 - 0x00007ff9e67a3000 	C:\WINDOWS\AppPatch\AppPatch64\AcGenral.DLL
0x00007ff9f60e0000 - 0x00007ff9f618a000 	C:\WINDOWS\system32\msvcrt.dll
0x00007ff9f5980000 - 0x00007ff9f59ae000 	C:\WINDOWS\SYSTEM32\SspiCli.dll
0x00007ff9f85e0000 - 0x00007ff9f8634000 	C:\WINDOWS\system32\SHLWAPI.dll
0x00007ff9f8640000 - 0x00007ff9f87b7000 	C:\WINDOWS\system32\USER32.dll
0x00007ff9f6d10000 - 0x00007ff9f6ea4000 	C:\WINDOWS\system32\ole32.dll
0x00007ff9f70c0000 - 0x00007ff9f85d8000 	C:\WINDOWS\system32\SHELL32.dll
0x00007ff9f5150000 - 0x00007ff9f5171000 	C:\WINDOWS\SYSTEM32\USERENV.dll
0x00007ff9f7010000 - 0x00007ff9f70ba000 	C:\WINDOWS\system32\ADVAPI32.dll
0x00007ff9ec360000 - 0x00007ff9ec37e000 	C:\WINDOWS\SYSTEM32\MPR.dll
0x00007ff9f6230000 - 0x00007ff9f6371000 	C:\WINDOWS\system32\RPCRT4.dll
0x00007ff9f6920000 - 0x00007ff9f6979000 	C:\WINDOWS\SYSTEM32\sechost.dll
0x00007ff9f6990000 - 0x00007ff9f6ba1000 	C:\WINDOWS\SYSTEM32\combase.dll
0x00007ff9f6bb0000 - 0x00007ff9f6d01000 	C:\WINDOWS\system32\GDI32.dll
0x00007ff9f5bb0000 - 0x00007ff9f5bc5000 	C:\WINDOWS\SYSTEM32\profapi.dll
0x00007ff9f4180000 - 0x00007ff9f4232000 	C:\WINDOWS\SYSTEM32\SHCORE.dll
0x00007ff9f61f0000 - 0x00007ff9f6226000 	C:\WINDOWS\system32\IMM32.DLL
0x00007ff9f6eb0000 - 0x00007ff9f7002000 	C:\WINDOWS\system32\MSCTF.dll
0x00007ff9f3800000 - 0x00007ff9f3a7a000 	C:\WINDOWS\WinSxS\amd64_microsoft.windows.common-controls_6595b64144ccf1df_6.0.9600.17810_none_6240b9c7ecbd0bda\COMCTL32.dll
0x000000005b7b0000 - 0x000000005b882000 	C:\Program Files\Java\jdk1.7.0_79\jre\bin\msvcr100.dll
0x000000005bba0000 - 0x000000005c375000 	C:\Program Files\Java\jdk1.7.0_79\jre\bin\server\jvm.dll
0x00007ff9eb7d0000 - 0x00007ff9eb7d9000 	C:\WINDOWS\SYSTEM32\WSOCK32.dll
0x00007ff9f0ce0000 - 0x00007ff9f0d02000 	C:\WINDOWS\SYSTEM32\WINMM.dll
0x00007ff9f88a0000 - 0x00007ff9f88a7000 	C:\WINDOWS\system32\PSAPI.DLL
0x00007ff9f6190000 - 0x00007ff9f61ea000 	C:\WINDOWS\system32\WS2_32.dll
0x00007ff9f0cb0000 - 0x00007ff9f0cda000 	C:\WINDOWS\SYSTEM32\WINMMBASE.dll
0x00007ff9f64c0000 - 0x00007ff9f64c9000 	C:\WINDOWS\system32\NSI.dll
0x00007ff9f6090000 - 0x00007ff9f60df000 	C:\WINDOWS\SYSTEM32\cfgmgr32.dll
0x00007ff9f49b0000 - 0x00007ff9f49d8000 	C:\WINDOWS\SYSTEM32\DEVOBJ.dll
0x000000005bb90000 - 0x000000005bb9f000 	C:\Program Files\Java\jdk1.7.0_79\jre\bin\verify.dll
0x000000005bb60000 - 0x000000005bb88000 	C:\Program Files\Java\jdk1.7.0_79\jre\bin\java.dll
0x000000005bb40000 - 0x000000005bb55000 	C:\Program Files\Java\jdk1.7.0_79\jre\bin\zip.dll
0x000000005bb20000 - 0x000000005bb3a000 	C:\Program Files\Java\jdk1.7.0_79\jre\bin\net.dll
0x00007ff9f53c0000 - 0x00007ff9f5419000 	C:\WINDOWS\system32\mswsock.dll
0x000000005bb00000 - 0x000000005bb11000 	C:\Program Files\Java\jdk1.7.0_79\jre\bin\nio.dll

VM Arguments:
jvm_args: -Xmx1024M -Dfile.encoding=windows-1252 -Duser.country=AR -Duser.language=es -Duser.variant 
java_command: com.android.dx.command.Main --dex --num-threads=4 --output F:\Proyecto Transporte\Proyectos\AppBase\app\build\intermediates\pre-dexed\debug\classes-5fcf32688ab98623417c3b3603e78fbc3dbc96f3.jar F:\Proyecto Transporte\Proyectos\AppBase\app\build\intermediates\exploded-aar\com.google.android.gms\play-services-gcm\7.5.0\jars\classes.jar
Launcher Type: SUN_STANDARD

Environment Variables:
PATH=C:\ProgramData\Oracle\Java\javapath;C:\Program Files (x86)\HP SimplePass\x64;C:\Program Files (x86)\HP SimplePass\;C:\Program Files (x86)\Intel\iCLS Client\;C:\Program Files\Intel\iCLS Client\;C:\WINDOWS\system32;C:\WINDOWS;C:\WINDOWS\System32\Wbem;C:\WINDOWS\System32\WindowsPowerShell\v1.0\;C:\Program Files (x86)\Intel\OpenCL SDK\2.0\bin\x86;C:\Program Files (x86)\Intel\OpenCL SDK\2.0\bin\x64;C:\Program Files\Intel\Intel(R) Management Engine Components\DAL;C:\Program Files\Intel\Intel(R) Management Engine Components\IPT;C:\Program Files (x86)\Intel\Intel(R) Management Engine Components\DAL;C:\Program Files (x86)\Intel\Intel(R) Management Engine Components\IPT;C:\Program Files\TortoiseSVN\bin;C:\Program Files (x86)\Skype\Phone\;C:\Program Files (x86)\Subversion\bin
USERNAME=soled_000
OS=Windows_NT
PROCESSOR_IDENTIFIER=Intel64 Family 6 Model 58 Stepping 9, GenuineIntel



---------------  S Y S T E M  ---------------

OS: Windows 8.1 , 64 bit Build 9600 

CPU:total 8 (4 cores per cpu, 2 threads per core) family 6 model 58 stepping 9, cmov, cx8, fxsr, mmx, sse, sse2, sse3, ssse3, sse4.1, sse4.2, popcnt, avx, aes, erms, ht, tsc, tscinvbit, tscinv

Memory: 4k page, physical 8280028k(1993780k free), swap 8280028k(4772k free)

vm_info: Java HotSpot(TM) 64-Bit Server VM (24.79-b02) for windows-amd64 JRE (1.7.0_79-b15), built on Apr 10 2015 12:36:16 by "java_re" with unknown MS VC++:1600

time: Fri Jun 26 15:21:24 2015
elapsed time: 3 seconds

