#
# There is insufficient memory for the Java Runtime Environment to continue.
# Native memory allocation (malloc) failed to allocate 65552 bytes for Chunk::new
# Possible reasons:
#   The system is out of physical RAM or swap space
#   In 32 bit mode, the process size limit was hit
# Possible solutions:
#   Reduce memory load on the system
#   Increase physical memory or swap space
#   Check if swap backing store is full
#   Use 64 bit Java on a 64 bit OS
#   Decrease Java heap size (-Xmx/-Xms)
#   Decrease number of Java threads
#   Decrease Java thread stack sizes (-Xss)
#   Set larger code cache with -XX:ReservedCodeCacheSize=
# This output file may be truncated or incomplete.
#
#  Out of Memory Error (allocation.cpp:323), pid=7672, tid=7152
#
# JRE version: Java(TM) SE Runtime Environment (7.0_79-b15) (build 1.7.0_79-b15)
# Java VM: Java HotSpot(TM) 64-Bit Server VM (24.79-b02 mixed mode windows-amd64 compressed oops)
# Failed to write core dump. Minidumps are not enabled by default on client versions of Windows
#

---------------  T H R E A D  ---------------

Current thread (0x0000000002bcb800):  JavaThread "C2 CompilerThread1" daemon [_thread_in_native, id=7152, stack(0x000000000b600000,0x000000000b700000)]

Stack: [0x000000000b600000,0x000000000b700000]
[error occurred during error reporting (printing stack bounds), id 0xc0000005]


Current CompileTask:
C2:   1805  178             com.android.dx.ssa.SCCP::run (298 bytes)


---------------  P R O C E S S  ---------------

Java Threads: ( => current thread )
  0x000000000b195800 JavaThread "pool-1-thread-4" [_thread_in_Java, id=8440, stack(0x000000000bd00000,0x000000000be00000)]
  0x000000000b18d800 JavaThread "pool-1-thread-3" [_thread_in_Java, id=5296, stack(0x000000000bc00000,0x000000000bd00000)]
  0x000000000b197000 JavaThread "pool-1-thread-2" [_thread_in_Java, id=9072, stack(0x000000000bb00000,0x000000000bc00000)]
  0x000000000b039800 JavaThread "pool-2-thread-1" [_thread_blocked, id=7864, stack(0x000000000ba00000,0x000000000bb00000)]
  0x000000000af57000 JavaThread "pool-1-thread-1" [_thread_in_Java, id=7524, stack(0x000000000b900000,0x000000000ba00000)]
  0x000000000af23000 JavaThread "Service Thread" daemon [_thread_blocked, id=7224, stack(0x000000000b700000,0x000000000b800000)]
=>0x0000000002bcb800 JavaThread "C2 CompilerThread1" daemon [_thread_in_native, id=7152, stack(0x000000000b600000,0x000000000b700000)]
  0x0000000002bc6000 JavaThread "C2 CompilerThread0" daemon [_thread_in_native, id=3856, stack(0x000000000b500000,0x000000000b600000)]
  0x0000000002bc5000 JavaThread "Attach Listener" daemon [_thread_blocked, id=4212, stack(0x000000000b400000,0x000000000b500000)]
  0x000000000af21000 JavaThread "Signal Dispatcher" daemon [_thread_blocked, id=2076, stack(0x000000000b300000,0x000000000b400000)]
  0x0000000008eff800 JavaThread "Finalizer" daemon [_thread_blocked, id=5256, stack(0x000000000ae00000,0x000000000af00000)]
  0x0000000008ef9000 JavaThread "Reference Handler" daemon [_thread_blocked, id=7680, stack(0x000000000ad00000,0x000000000ae00000)]
  0x0000000002ad0800 JavaThread "main" [_thread_in_Java, id=7928, stack(0x0000000002920000,0x0000000002a20000)]

Other Threads:
  0x0000000008ef5000 VMThread [stack: 0x000000000ac00000,0x000000000ad00000] [id=7484]
  0x000000000af2f000 WatcherThread [stack: 0x000000000b800000,0x000000000b900000] [id=8268]

VM state:not at safepoint (normal execution)

VM Mutex/Monitor currently owned by a thread: None

Heap
 PSYoungGen      total 38400K, used 31354K [0x00000000eaa80000, 0x00000000ed500000, 0x0000000100000000)
  eden space 33280K, 94% used [0x00000000eaa80000,0x00000000ec91ebd8,0x00000000ecb00000)
  from space 5120K, 0% used [0x00000000ed000000,0x00000000ed000000,0x00000000ed500000)
  to   space 5120K, 0% used [0x00000000ecb00000,0x00000000ecb00000,0x00000000ed000000)
 ParOldGen       total 86016K, used 0K [0x00000000c0000000, 0x00000000c5400000, 0x00000000eaa80000)
  object space 86016K, 0% used [0x00000000c0000000,0x00000000c0000000,0x00000000c5400000)
 PSPermGen       total 21504K, used 5704K [0x00000000bae00000, 0x00000000bc300000, 0x00000000c0000000)
  object space 21504K, 26% used [0x00000000bae00000,0x00000000bb392310,0x00000000bc300000)

Card table byte_map: [0x0000000005cc0000,0x0000000005ef0000] byte_map_base: 0x00000000056e9000

Polling page: 0x0000000001130000

Code Cache  [0x0000000002cc0000, 0x0000000002f30000, 0x0000000005cc0000)
 total_blobs=456 nmethods=219 adapters=189 free_code_cache=48330Kb largest_free_block=49459712

Compilation events (10 events):
Event: 1.765 Thread 0x0000000002bc6000 nmethod 216 0x0000000002d8ce10 code [0x0000000002d8cf80, 0x0000000002d8d0e8]
Event: 1.765 Thread 0x0000000002bc6000  217             com.android.dx.util.IntList::indexOf (16 bytes)
Event: 1.768 Thread 0x0000000002bc6000 nmethod 217 0x0000000002d8c950 code [0x0000000002d8caa0, 0x0000000002d8cc58]
Event: 1.768 Thread 0x0000000002bc6000  218             com.android.dx.ssa.SsaMethod::buildUseList (112 bytes)
Event: 1.792 Thread 0x0000000002bc6000 nmethod 218 0x0000000002d8d910 code [0x0000000002d8dae0, 0x0000000002d8e488]
Event: 1.793 Thread 0x0000000002bc6000  219             com.android.dx.rop.code.BasicBlockList::forEachInsn (39 bytes)
Event: 1.797 Thread 0x0000000002bc6000 nmethod 219 0x0000000002d8c150 code [0x0000000002d8c2a0, 0x0000000002d8c538]
Event: 1.797 Thread 0x0000000002bc6000  220             com.android.dx.rop.code.RegisterSpec::make (7 bytes)
Event: 1.798 Thread 0x0000000002bc6000 nmethod 220 0x0000000002d8a4d0 code [0x0000000002d8a620, 0x0000000002d8a688]
Event: 1.798 Thread 0x0000000002bc6000  221             com.android.dx.rop.code.LocalVariableExtractor::processBlock (327 bytes)

GC Heap History (0 events):
No events

Deoptimization events (1 events):
Event: 0.711 Thread 0x000000000af57000 Uncommon trap: reason=null_check action=make_not_entrant pc=0x0000000002d3bca0 method=com.android.dx.rop.code.LocalItem.equals(Ljava/lang/Object;)Z @ 1

Internal exceptions (10 events):
Event: 0.534 Thread 0x000000000b18d800 Threw 0x00000000eb3c9880 at C:\re\jdk7u79\2331\hotspot\src\share\vm\prims\jvm.cpp:1304
Event: 0.535 Thread 0x000000000b18d800 Threw 0x00000000eb3d23a8 at C:\re\jdk7u79\2331\hotspot\src\share\vm\prims\jvm.cpp:1304
Event: 0.536 Thread 0x0000000002ad0800 Threw 0x00000000eb209200 at C:\re\jdk7u79\2331\hotspot\src\share\vm\prims\jvm.cpp:1304
Event: 0.536 Thread 0x000000000b195800 Threw 0x00000000eb456998 at C:\re\jdk7u79\2331\hotspot\src\share\vm\prims\jvm.cpp:1304
Event: 0.537 Thread 0x000000000b195800 Threw 0x00000000eb45a1a0 at C:\re\jdk7u79\2331\hotspot\src\share\vm\prims\jvm.cpp:1304
Event: 0.542 Thread 0x000000000b197000 Threw 0x00000000eb312368 at C:\re\jdk7u79\2331\hotspot\src\share\vm\prims\jvm.cpp:1304
Event: 0.556 Thread 0x000000000b195800 Threw 0x00000000eb484308 at C:\re\jdk7u79\2331\hotspot\src\share\vm\prims\jvm.cpp:1304
Event: 0.571 Thread 0x000000000b197000 Threw 0x00000000eb360e38 at C:\re\jdk7u79\2331\hotspot\src\share\vm\prims\jvm.cpp:1304
Event: 0.690 Thread 0x000000000b18d800 Threw 0x00000000eb444a78 at C:\re\jdk7u79\2331\hotspot\src\share\vm\prims\jvm.cpp:1304
Event: 0.711 Thread 0x000000000af57000 Implicit null exception at 0x0000000002d3b920 to 0x0000000002d3bc85

Events (10 events):
Event: 0.690 loading class 0x000000000af32b10 done
Event: 0.690 loading class 0x000000000b10dc20
Event: 0.690 loading class 0x000000000b10dc20 done
Event: 0.697 loading class 0x0000000002b566a0
Event: 0.697 loading class 0x0000000002b566a0 done
Event: 0.711 Thread 0x000000000af57000 Uncommon trap: trap_request=0xfffffff4 fr.pc=0x0000000002d3bca0
Event: 0.712 Thread 0x000000000af57000 DEOPT PACKING pc=0x0000000002d3bca0 sp=0x000000000b9feb50
Event: 0.712 Thread 0x000000000af57000 DEOPT UNPACKING pc=0x0000000002cf75a4 sp=0x000000000b9fea90 mode 2
Event: 0.846 loading class 0x0000000002b4f8b0
Event: 0.846 loading class 0x0000000002b4f8b0 done


Dynamic libraries:
0x00007ff6ff140000 - 0x00007ff6ff173000 	C:\Program Files\Java\jdk1.7.0_79\bin\java.exe
0x00007ffd8b210000 - 0x00007ffd8b3bc000 	C:\WINDOWS\SYSTEM32\ntdll.dll
0x00007ffd88cf0000 - 0x00007ffd88e2e000 	C:\WINDOWS\system32\KERNEL32.DLL
0x00007ffd88770000 - 0x00007ffd88885000 	C:\WINDOWS\system32\KERNELBASE.dll
0x00007ffd86f00000 - 0x00007ffd86f8e000 	C:\WINDOWS\system32\apphelp.dll
0x00007ffd72110000 - 0x00007ffd72163000 	C:\WINDOWS\AppPatch\AppPatch64\AcGenral.DLL
0x00007ffd8b160000 - 0x00007ffd8b20a000 	C:\WINDOWS\system32\msvcrt.dll
0x00007ffd88130000 - 0x00007ffd8815e000 	C:\WINDOWS\SYSTEM32\SspiCli.dll
0x00007ffd88c50000 - 0x00007ffd88ca4000 	C:\WINDOWS\system32\SHLWAPI.dll
0x00007ffd8af20000 - 0x00007ffd8b097000 	C:\WINDOWS\system32\USER32.dll
0x00007ffd88890000 - 0x00007ffd88a24000 	C:\WINDOWS\system32\ole32.dll
0x00007ffd88f90000 - 0x00007ffd8a4a8000 	C:\WINDOWS\system32\SHELL32.dll
0x00007ffd87900000 - 0x00007ffd87921000 	C:\WINDOWS\SYSTEM32\USERENV.dll
0x00007ffd8a8e0000 - 0x00007ffd8a98a000 	C:\WINDOWS\system32\ADVAPI32.dll
0x00007ffd7ff20000 - 0x00007ffd7ff3e000 	C:\WINDOWS\SYSTEM32\MPR.dll
0x00007ffd8adc0000 - 0x00007ffd8af01000 	C:\WINDOWS\system32\RPCRT4.dll
0x00007ffd8b0a0000 - 0x00007ffd8b0f9000 	C:\WINDOWS\SYSTEM32\sechost.dll
0x00007ffd88a30000 - 0x00007ffd88c41000 	C:\WINDOWS\SYSTEM32\combase.dll
0x00007ffd8a5a0000 - 0x00007ffd8a6f1000 	C:\WINDOWS\system32\GDI32.dll
0x00007ffd88360000 - 0x00007ffd88375000 	C:\WINDOWS\SYSTEM32\profapi.dll
0x00007ffd86b60000 - 0x00007ffd86c12000 	C:\WINDOWS\SYSTEM32\SHCORE.dll
0x00007ffd88cb0000 - 0x00007ffd88ce6000 	C:\WINDOWS\system32\IMM32.DLL
0x00007ffd88e30000 - 0x00007ffd88f82000 	C:\WINDOWS\system32\MSCTF.dll
0x00007ffd86040000 - 0x00007ffd862ba000 	C:\WINDOWS\WinSxS\amd64_microsoft.windows.common-controls_6595b64144ccf1df_6.0.9600.17810_none_6240b9c7ecbd0bda\COMCTL32.dll
0x00000000631d0000 - 0x00000000632a2000 	C:\Program Files\Java\jdk1.7.0_79\jre\bin\msvcr100.dll
0x00000000635f0000 - 0x0000000063dc5000 	C:\Program Files\Java\jdk1.7.0_79\jre\bin\server\jvm.dll
0x00007ffd72ae0000 - 0x00007ffd72ae9000 	C:\WINDOWS\SYSTEM32\WSOCK32.dll
0x00007ffd83c50000 - 0x00007ffd83c72000 	C:\WINDOWS\SYSTEM32\WINMM.dll
0x00007ffd8a580000 - 0x00007ffd8a587000 	C:\WINDOWS\system32\PSAPI.DLL
0x00007ffd8abb0000 - 0x00007ffd8ac0a000 	C:\WINDOWS\system32\WS2_32.dll
0x00007ffd83c20000 - 0x00007ffd83c4a000 	C:\WINDOWS\SYSTEM32\WINMMBASE.dll
0x00007ffd8af10000 - 0x00007ffd8af19000 	C:\WINDOWS\system32\NSI.dll
0x00007ffd88540000 - 0x00007ffd8858f000 	C:\WINDOWS\SYSTEM32\cfgmgr32.dll
0x00007ffd87160000 - 0x00007ffd87188000 	C:\WINDOWS\SYSTEM32\DEVOBJ.dll
0x00000000635e0000 - 0x00000000635ef000 	C:\Program Files\Java\jdk1.7.0_79\jre\bin\verify.dll
0x00000000635b0000 - 0x00000000635d8000 	C:\Program Files\Java\jdk1.7.0_79\jre\bin\java.dll
0x0000000063590000 - 0x00000000635a5000 	C:\Program Files\Java\jdk1.7.0_79\jre\bin\zip.dll
0x0000000063570000 - 0x000000006358a000 	C:\Program Files\Java\jdk1.7.0_79\jre\bin\net.dll
0x00007ffd87b70000 - 0x00007ffd87bc9000 	C:\WINDOWS\system32\mswsock.dll
0x0000000063550000 - 0x0000000063561000 	C:\Program Files\Java\jdk1.7.0_79\jre\bin\nio.dll

VM Arguments:
jvm_args: -Xmx1024M -Dfile.encoding=windows-1252 -Duser.country=AR -Duser.language=es -Duser.variant 
java_command: com.android.dx.command.Main --dex --num-threads=4 --output F:\Proyecto Transporte\Proyectos\AppBase\app\build\intermediates\pre-dexed\debug\classes-4329a840354994a93ad0890d1146f0c0ecedf24d.jar F:\Proyecto Transporte\Proyectos\AppBase\app\build\intermediates\exploded-aar\com.google.android.gms\play-services-wallet\7.5.0\jars\classes.jar
Launcher Type: SUN_STANDARD

Environment Variables:
PATH=C:\ProgramData\Oracle\Java\javapath;C:\Program Files (x86)\HP SimplePass\x64;C:\Program Files (x86)\HP SimplePass\;C:\Program Files (x86)\Intel\iCLS Client\;C:\Program Files\Intel\iCLS Client\;C:\WINDOWS\system32;C:\WINDOWS;C:\WINDOWS\System32\Wbem;C:\WINDOWS\System32\WindowsPowerShell\v1.0\;C:\Program Files (x86)\Intel\OpenCL SDK\2.0\bin\x86;C:\Program Files (x86)\Intel\OpenCL SDK\2.0\bin\x64;C:\Program Files\Intel\Intel(R) Management Engine Components\DAL;C:\Program Files\Intel\Intel(R) Management Engine Components\IPT;C:\Program Files (x86)\Intel\Intel(R) Management Engine Components\DAL;C:\Program Files (x86)\Intel\Intel(R) Management Engine Components\IPT;C:\Program Files\TortoiseSVN\bin;C:\Program Files (x86)\Skype\Phone\;C:\Program Files (x86)\Subversion\bin
USERNAME=soled_000
OS=Windows_NT
PROCESSOR_IDENTIFIER=Intel64 Family 6 Model 58 Stepping 9, GenuineIntel



---------------  S Y S T E M  ---------------

OS: Windows 8.1 , 64 bit Build 9600 

CPU:total 8 (4 cores per cpu, 2 threads per core) family 6 model 58 stepping 9, cmov, cx8, fxsr, mmx, sse, sse2, sse3, ssse3, sse4.1, sse4.2, popcnt, avx, aes, erms, ht, tsc, tscinvbit, tscinv

Memory: 4k page, physical 8280028k(2569152k free), swap 8280028k(5308k free)

vm_info: Java HotSpot(TM) 64-Bit Server VM (24.79-b02) for windows-amd64 JRE (1.7.0_79-b15), built on Apr 10 2015 12:36:16 by "java_re" with unknown MS VC++:1600

time: Thu Jun 25 14:58:28 2015
elapsed time: 1 seconds

