#
# There is insufficient memory for the Java Runtime Environment to continue.
# Native memory allocation (malloc) failed to allocate 417296 bytes for Chunk::new
# Possible reasons:
#   The system is out of physical RAM or swap space
#   In 32 bit mode, the process size limit was hit
# Possible solutions:
#   Reduce memory load on the system
#   Increase physical memory or swap space
#   Check if swap backing store is full
#   Use 64 bit Java on a 64 bit OS
#   Decrease Java heap size (-Xmx/-Xms)
#   Decrease number of Java threads
#   Decrease Java thread stack sizes (-Xss)
#   Set larger code cache with -XX:ReservedCodeCacheSize=
# This output file may be truncated or incomplete.
#
#  Out of Memory Error (allocation.cpp:323), pid=2584, tid=7972
#
# JRE version: Java(TM) SE Runtime Environment (7.0_79-b15) (build 1.7.0_79-b15)
# Java VM: Java HotSpot(TM) 64-Bit Server VM (24.79-b02 mixed mode windows-amd64 compressed oops)
# Failed to write core dump. Minidumps are not enabled by default on client versions of Windows
#

---------------  T H R E A D  ---------------

Current thread (0x000000000244e000):  JavaThread "C2 CompilerThread0" daemon [_thread_in_native, id=7972, stack(0x000000000ad20000,0x000000000ae20000)]

Stack: [0x000000000ad20000,0x000000000ae20000]
[error occurred during error reporting (printing stack bounds), id 0xc0000005]


[error occurred during error reporting (printing native stack), id 0xc0000005]


Current CompileTask:
C2:   1835  145             com.android.dx.ssa.SsaConverter::placePhiFunctions (394 bytes)


---------------  P R O C E S S  ---------------

Java Threads: ( => current thread )
  0x000000000a906000 JavaThread "pool-1-thread-4" [_thread_in_Java, id=7944, stack(0x000000000b520000,0x000000000b620000)]
  0x000000000a905000 JavaThread "pool-1-thread-3" [_thread_in_Java, id=8020, stack(0x000000000b420000,0x000000000b520000)]
  0x000000000a904800 JavaThread "pool-1-thread-2" [_thread_in_Java, id=7468, stack(0x000000000b320000,0x000000000b420000)]
  0x000000000aa0b000 JavaThread "pool-2-thread-1" [_thread_blocked, id=2212, stack(0x000000000b220000,0x000000000b320000)]
  0x000000000a842800 JavaThread "pool-1-thread-1" [_thread_in_Java, id=7840, stack(0x000000000b120000,0x000000000b220000)]
  0x000000000245e000 JavaThread "Service Thread" daemon [_thread_blocked, id=9076, stack(0x000000000af20000,0x000000000b020000)]
  0x0000000002450000 JavaThread "C2 CompilerThread1" daemon [_thread_in_native, id=4920, stack(0x000000000ae20000,0x000000000af20000)]
=>0x000000000244e000 JavaThread "C2 CompilerThread0" daemon [_thread_in_native, id=7972, stack(0x000000000ad20000,0x000000000ae20000)]
  0x000000000244d000 JavaThread "Attach Listener" daemon [_thread_blocked, id=5848, stack(0x000000000ac20000,0x000000000ad20000)]
  0x000000000a741000 JavaThread "Signal Dispatcher" daemon [_thread_blocked, id=3040, stack(0x000000000ab20000,0x000000000ac20000)]
  0x0000000008760000 JavaThread "Finalizer" daemon [_thread_blocked, id=8920, stack(0x000000000a620000,0x000000000a720000)]
  0x0000000008759000 JavaThread "Reference Handler" daemon [_thread_blocked, id=4100, stack(0x000000000a520000,0x000000000a620000)]
  0x0000000002360800 JavaThread "main" [_thread_in_Java, id=4916, stack(0x0000000002200000,0x0000000002300000)]

Other Threads:
  0x0000000008755800 VMThread [stack: 0x000000000a420000,0x000000000a520000] [id=7384]
  0x000000000a74d000 WatcherThread [stack: 0x000000000b020000,0x000000000b120000] [id=7428]

VM state:not at safepoint (normal execution)

VM Mutex/Monitor currently owned by a thread: None

Heap
 PSYoungGen      total 38400K, used 24024K [0x00000000eaa80000, 0x00000000ed500000, 0x0000000100000000)
  eden space 33280K, 72% used [0x00000000eaa80000,0x00000000ec1f6258,0x00000000ecb00000)
  from space 5120K, 0% used [0x00000000ed000000,0x00000000ed000000,0x00000000ed500000)
  to   space 5120K, 0% used [0x00000000ecb00000,0x00000000ecb00000,0x00000000ed000000)
 ParOldGen       total 86016K, used 0K [0x00000000c0000000, 0x00000000c5400000, 0x00000000eaa80000)
  object space 86016K, 0% used [0x00000000c0000000,0x00000000c0000000,0x00000000c5400000)
 PSPermGen       total 21504K, used 5619K [0x00000000bae00000, 0x00000000bc300000, 0x00000000c0000000)
  object space 21504K, 26% used [0x00000000bae00000,0x00000000bb37cd90,0x00000000bc300000)

Card table byte_map: [0x0000000005520000,0x0000000005750000] byte_map_base: 0x0000000004f49000

Polling page: 0x0000000000990000

Code Cache  [0x0000000002460000, 0x00000000026d0000, 0x0000000005460000)
 total_blobs=392 nmethods=155 adapters=189 free_code_cache=48516Kb largest_free_block=49653568

Compilation events (10 events):
Event: 1.778 Thread 0x0000000002450000 nmethod 135 0x00000000024ff9d0 code [0x00000000024ffc00, 0x0000000002500ef0]
Event: 1.778 Thread 0x0000000002450000  146             com.android.dx.ssa.DeadCodeRemover::access$000 (5 bytes)
Event: 1.782 Thread 0x0000000002450000 nmethod 146 0x00000000024ff510 code [0x00000000024ff660, 0x00000000024ff7c8]
Event: 1.782 Thread 0x0000000002450000  147             com.android.dx.rop.code.Insn::getPosition (5 bytes)
Event: 1.782 Thread 0x0000000002450000 nmethod 147 0x00000000024f68d0 code [0x00000000024f6a00, 0x00000000024f6a58]
Event: 1.782 Thread 0x0000000002450000  148             com.android.dx.ssa.NormalSsaInsn::isNormalMoveInsn (20 bytes)
Event: 1.783 Thread 0x0000000002450000 nmethod 148 0x00000000024fa550 code [0x00000000024fa680, 0x00000000024fa6f8]
Event: 1.783 Thread 0x0000000002450000  149             java.util.Collections$UnmodifiableCollection$1::hasNext (10 bytes)
Event: 1.784 Thread 0x0000000002450000 nmethod 149 0x00000000024fda50 code [0x00000000024fdba0, 0x00000000024fdc58]
Event: 1.784 Thread 0x0000000002450000  150             com.android.dx.ssa.DeadCodeRemover$NoSideEffectVisitor::visitNonMoveInsn (28 bytes)

GC Heap History (0 events):
No events

Deoptimization events (2 events):
Event: 1.294 Thread 0x000000000a906000 Uncommon trap: reason=unreached action=reinterpret pc=0x00000000024d0bc4 method=com.android.dx.rop.cst.Constant.compareTo(Lcom/android/dx/rop/cst/Constant;)I @ 12
Event: 1.573 Thread 0x000000000a906000 Uncommon trap: reason=null_check action=make_not_entrant pc=0x00000000024e1370 method=com.android.dx.rop.code.LocalItem.equals(Ljava/lang/Object;)Z @ 1

Internal exceptions (10 events):
Event: 0.975 Thread 0x0000000002360800 Threw 0x00000000eb512520 at C:\re\jdk7u79\2331\hotspot\src\share\vm\prims\jvm.cpp:1304
Event: 0.976 Thread 0x000000000a904800 Threw 0x00000000eb173d60 at C:\re\jdk7u79\2331\hotspot\src\share\vm\prims\jvm.cpp:1304
Event: 0.977 Thread 0x000000000a904800 Threw 0x00000000eb177d48 at C:\re\jdk7u79\2331\hotspot\src\share\vm\prims\jvm.cpp:1304
Event: 0.980 Thread 0x000000000a905000 Threw 0x00000000eb3a6958 at C:\re\jdk7u79\2331\hotspot\src\share\vm\prims\jvm.cpp:1304
Event: 0.981 Thread 0x000000000a905000 Threw 0x00000000eb3aca18 at C:\re\jdk7u79\2331\hotspot\src\share\vm\prims\jvm.cpp:1304
Event: 0.982 Thread 0x000000000a905000 Threw 0x00000000eb3b1178 at C:\re\jdk7u79\2331\hotspot\src\share\vm\prims\jvm.cpp:1304
Event: 0.987 Thread 0x000000000a905000 Threw 0x00000000eb3c2100 at C:\re\jdk7u79\2331\hotspot\src\share\vm\prims\jvm.cpp:1304
Event: 1.181 Thread 0x000000000a906000 Threw 0x00000000eb704e00 at C:\re\jdk7u79\2331\hotspot\src\share\vm\prims\jvm.cpp:1304
Event: 1.481 Thread 0x0000000002360800 Threw 0x00000000eb879628 at C:\re\jdk7u79\2331\hotspot\src\share\vm\prims\jvm.cpp:1304
Event: 1.573 Thread 0x000000000a906000 Implicit null exception at 0x00000000024e1003 to 0x00000000024e1355

Events (10 events):
Event: 1.299 loading class 0x000000000a750e40 done
Event: 1.299 loading class 0x000000000a750e10
Event: 1.299 loading class 0x000000000a750e10 done
Event: 1.481 loading class 0x000000000a7e0d80
Event: 1.481 loading class 0x000000000a7e0d80 done
Event: 1.498 loading class 0x00000000023df5e0
Event: 1.498 loading class 0x00000000023df5e0 done
Event: 1.573 Thread 0x000000000a906000 Uncommon trap: trap_request=0xfffffff4 fr.pc=0x00000000024e1370
Event: 1.573 Thread 0x000000000a906000 DEOPT PACKING pc=0x00000000024e1370 sp=0x000000000b61e7e0
Event: 1.573 Thread 0x000000000a906000 DEOPT UNPACKING pc=0x00000000024975a4 sp=0x000000000b61e720 mode 2


Dynamic libraries:
0x00007ff6ff140000 - 0x00007ff6ff173000 	C:\Program Files\Java\jdk1.7.0_79\bin\java.exe
0x00007ffd8b210000 - 0x00007ffd8b3bc000 	C:\WINDOWS\SYSTEM32\ntdll.dll
0x00007ffd88cf0000 - 0x00007ffd88e2e000 	C:\WINDOWS\system32\KERNEL32.DLL
0x00007ffd88770000 - 0x00007ffd88885000 	C:\WINDOWS\system32\KERNELBASE.dll
0x00007ffd86f00000 - 0x00007ffd86f8e000 	C:\WINDOWS\system32\apphelp.dll
0x00007ffd72110000 - 0x00007ffd72163000 	C:\WINDOWS\AppPatch\AppPatch64\AcGenral.DLL
0x00007ffd8b160000 - 0x00007ffd8b20a000 	C:\WINDOWS\system32\msvcrt.dll
0x00007ffd88130000 - 0x00007ffd8815e000 	C:\WINDOWS\SYSTEM32\SspiCli.dll
0x00007ffd88c50000 - 0x00007ffd88ca4000 	C:\WINDOWS\system32\SHLWAPI.dll
0x00007ffd8af20000 - 0x00007ffd8b097000 	C:\WINDOWS\system32\USER32.dll
0x00007ffd88890000 - 0x00007ffd88a24000 	C:\WINDOWS\system32\ole32.dll
0x00007ffd88f90000 - 0x00007ffd8a4a8000 	C:\WINDOWS\system32\SHELL32.dll
0x00007ffd87900000 - 0x00007ffd87921000 	C:\WINDOWS\SYSTEM32\USERENV.dll
0x00007ffd8a8e0000 - 0x00007ffd8a98a000 	C:\WINDOWS\system32\ADVAPI32.dll
0x00007ffd7ff20000 - 0x00007ffd7ff3e000 	C:\WINDOWS\SYSTEM32\MPR.dll
0x00007ffd8adc0000 - 0x00007ffd8af01000 	C:\WINDOWS\system32\RPCRT4.dll
0x00007ffd8b0a0000 - 0x00007ffd8b0f9000 	C:\WINDOWS\SYSTEM32\sechost.dll
0x00007ffd88a30000 - 0x00007ffd88c41000 	C:\WINDOWS\SYSTEM32\combase.dll
0x00007ffd8a5a0000 - 0x00007ffd8a6f1000 	C:\WINDOWS\system32\GDI32.dll
0x00007ffd88360000 - 0x00007ffd88375000 	C:\WINDOWS\SYSTEM32\profapi.dll
0x00007ffd86b60000 - 0x00007ffd86c12000 	C:\WINDOWS\SYSTEM32\SHCORE.dll
0x00007ffd88cb0000 - 0x00007ffd88ce6000 	C:\WINDOWS\system32\IMM32.DLL
0x00007ffd88e30000 - 0x00007ffd88f82000 	C:\WINDOWS\system32\MSCTF.dll
0x00007ffd86040000 - 0x00007ffd862ba000 	C:\WINDOWS\WinSxS\amd64_microsoft.windows.common-controls_6595b64144ccf1df_6.0.9600.17810_none_6240b9c7ecbd0bda\COMCTL32.dll
0x00000000631d0000 - 0x00000000632a2000 	C:\Program Files\Java\jdk1.7.0_79\jre\bin\msvcr100.dll
0x00000000635f0000 - 0x0000000063dc5000 	C:\Program Files\Java\jdk1.7.0_79\jre\bin\server\jvm.dll
0x00007ffd72ae0000 - 0x00007ffd72ae9000 	C:\WINDOWS\SYSTEM32\WSOCK32.dll
0x00007ffd83c50000 - 0x00007ffd83c72000 	C:\WINDOWS\SYSTEM32\WINMM.dll
0x00007ffd8a580000 - 0x00007ffd8a587000 	C:\WINDOWS\system32\PSAPI.DLL
0x00007ffd8abb0000 - 0x00007ffd8ac0a000 	C:\WINDOWS\system32\WS2_32.dll
0x00007ffd83c20000 - 0x00007ffd83c4a000 	C:\WINDOWS\SYSTEM32\WINMMBASE.dll
0x00007ffd8af10000 - 0x00007ffd8af19000 	C:\WINDOWS\system32\NSI.dll
0x00007ffd88540000 - 0x00007ffd8858f000 	C:\WINDOWS\SYSTEM32\cfgmgr32.dll
0x00007ffd87160000 - 0x00007ffd87188000 	C:\WINDOWS\SYSTEM32\DEVOBJ.dll
0x00000000635e0000 - 0x00000000635ef000 	C:\Program Files\Java\jdk1.7.0_79\jre\bin\verify.dll
0x00000000635b0000 - 0x00000000635d8000 	C:\Program Files\Java\jdk1.7.0_79\jre\bin\java.dll
0x0000000063590000 - 0x00000000635a5000 	C:\Program Files\Java\jdk1.7.0_79\jre\bin\zip.dll
0x0000000063570000 - 0x000000006358a000 	C:\Program Files\Java\jdk1.7.0_79\jre\bin\net.dll
0x00007ffd87b70000 - 0x00007ffd87bc9000 	C:\WINDOWS\system32\mswsock.dll
0x0000000063550000 - 0x0000000063561000 	C:\Program Files\Java\jdk1.7.0_79\jre\bin\nio.dll

VM Arguments:
jvm_args: -Xmx1024M -Dfile.encoding=windows-1252 -Duser.country=AR -Duser.language=es -Duser.variant 
java_command: com.android.dx.command.Main --dex --num-threads=4 --output F:\Proyecto Transporte\Proyectos\AppBase\app\build\intermediates\pre-dexed\debug\classes-d8ea4089483edd9fb11280e5915bbaa9f075fd76.jar F:\Proyecto Transporte\Proyectos\AppBase\app\build\intermediates\exploded-aar\com.google.android.gms\play-services-fitness\7.5.0\jars\classes.jar
Launcher Type: SUN_STANDARD

Environment Variables:
PATH=C:\ProgramData\Oracle\Java\javapath;C:\Program Files (x86)\HP SimplePass\x64;C:\Program Files (x86)\HP SimplePass\;C:\Program Files (x86)\Intel\iCLS Client\;C:\Program Files\Intel\iCLS Client\;C:\WINDOWS\system32;C:\WINDOWS;C:\WINDOWS\System32\Wbem;C:\WINDOWS\System32\WindowsPowerShell\v1.0\;C:\Program Files (x86)\Intel\OpenCL SDK\2.0\bin\x86;C:\Program Files (x86)\Intel\OpenCL SDK\2.0\bin\x64;C:\Program Files\Intel\Intel(R) Management Engine Components\DAL;C:\Program Files\Intel\Intel(R) Management Engine Components\IPT;C:\Program Files (x86)\Intel\Intel(R) Management Engine Components\DAL;C:\Program Files (x86)\Intel\Intel(R) Management Engine Components\IPT;C:\Program Files\TortoiseSVN\bin;C:\Program Files (x86)\Skype\Phone\;C:\Program Files (x86)\Subversion\bin
USERNAME=soled_000
OS=Windows_NT
PROCESSOR_IDENTIFIER=Intel64 Family 6 Model 58 Stepping 9, GenuineIntel



---------------  S Y S T E M  ---------------

OS: Windows 8.1 , 64 bit Build 9600 

CPU:total 8 (4 cores per cpu, 2 threads per core) family 6 model 58 stepping 9, cmov, cx8, fxsr, mmx, sse, sse2, sse3, ssse3, sse4.1, sse4.2, popcnt, avx, aes, erms, ht, tsc, tscinvbit, tscinv

Memory: 4k page, physical 8280028k(2554236k free), swap 8280028k(7160k free)

vm_info: Java HotSpot(TM) 64-Bit Server VM (24.79-b02) for windows-amd64 JRE (1.7.0_79-b15), built on Apr 10 2015 12:36:16 by "java_re" with unknown MS VC++:1600

time: Thu Jun 25 14:58:28 2015
elapsed time: 1 seconds

