#
# There is insufficient memory for the Java Runtime Environment to continue.
# Native memory allocation (malloc) failed to allocate 1055776 bytes for Chunk::new
# Possible reasons:
#   The system is out of physical RAM or swap space
#   In 32 bit mode, the process size limit was hit
# Possible solutions:
#   Reduce memory load on the system
#   Increase physical memory or swap space
#   Check if swap backing store is full
#   Use 64 bit Java on a 64 bit OS
#   Decrease Java heap size (-Xmx/-Xms)
#   Decrease number of Java threads
#   Decrease Java thread stack sizes (-Xss)
#   Set larger code cache with -XX:ReservedCodeCacheSize=
# This output file may be truncated or incomplete.
#
#  Out of Memory Error (allocation.cpp:323), pid=6596, tid=5508
#
# JRE version: Java(TM) SE Runtime Environment (7.0_79-b15) (build 1.7.0_79-b15)
# Java VM: Java HotSpot(TM) 64-Bit Server VM (24.79-b02 mixed mode windows-amd64 compressed oops)
# Failed to write core dump. Minidumps are not enabled by default on client versions of Windows
#

---------------  T H R E A D  ---------------

Current thread (0x0000000002100800):  JavaThread "C2 CompilerThread1" daemon [_thread_in_native, id=5508, stack(0x000000000aa50000,0x000000000ab50000)]

Stack: [0x000000000aa50000,0x000000000ab50000]
[error occurred during error reporting (printing stack bounds), id 0xc0000005]


[error occurred during error reporting (printing native stack), id 0xc0000005]


Current CompileTask:
C2:   3047  353   !         com.android.dx.cf.code.RopperMachine::run (1550 bytes)


---------------  P R O C E S S  ---------------

Java Threads: ( => current thread )
  0x000000000a5dd800 JavaThread "pool-1-thread-4" [_thread_blocked, id=7828, stack(0x000000000b150000,0x000000000b250000)]
  0x000000000a5fe800 JavaThread "pool-1-thread-3" [_thread_blocked, id=2672, stack(0x000000000b050000,0x000000000b150000)]
  0x000000000a5fd800 JavaThread "pool-1-thread-2" [_thread_blocked, id=6080, stack(0x000000000af50000,0x000000000b050000)]
  0x000000000a5f5000 JavaThread "pool-2-thread-1" [_thread_blocked, id=7552, stack(0x000000000ae50000,0x000000000af50000)]
  0x000000000a634000 JavaThread "pool-1-thread-1" [_thread_in_Java, id=6604, stack(0x000000000ad50000,0x000000000ae50000)]
  0x0000000002104800 JavaThread "Service Thread" daemon [_thread_blocked, id=7716, stack(0x000000000ab50000,0x000000000ac50000)]
=>0x0000000002100800 JavaThread "C2 CompilerThread1" daemon [_thread_in_native, id=5508, stack(0x000000000aa50000,0x000000000ab50000)]
  0x00000000020ff000 JavaThread "C2 CompilerThread0" daemon [_thread_in_native, id=7940, stack(0x000000000a950000,0x000000000aa50000)]
  0x00000000020fe000 JavaThread "Attach Listener" daemon [_thread_blocked, id=7024, stack(0x000000000a850000,0x000000000a950000)]
  0x000000000a371000 JavaThread "Signal Dispatcher" daemon [_thread_blocked, id=4624, stack(0x000000000a750000,0x000000000a850000)]
  0x0000000008370800 JavaThread "Finalizer" daemon [_thread_blocked, id=7236, stack(0x000000000a250000,0x000000000a350000)]
  0x000000000836a000 JavaThread "Reference Handler" daemon [_thread_blocked, id=7972, stack(0x000000000a150000,0x000000000a250000)]
  0x0000000002010800 JavaThread "main" [_thread_blocked, id=4024, stack(0x0000000001e40000,0x0000000001f40000)]

Other Threads:
  0x0000000008366000 VMThread [stack: 0x000000000a050000,0x000000000a150000] [id=2204]
  0x0000000002108800 WatcherThread [stack: 0x000000000ac50000,0x000000000ad50000] [id=7924]

VM state:not at safepoint (normal execution)

VM Mutex/Monitor currently owned by a thread: None

Heap
 PSYoungGen      total 38400K, used 6850K [0x00000000eaa80000, 0x00000000ed500000, 0x0000000100000000)
  eden space 33280K, 5% used [0x00000000eaa80000,0x00000000eac32bd8,0x00000000ecb00000)
  from space 5120K, 99% used [0x00000000ed000000,0x00000000ed4fdc88,0x00000000ed500000)
  to   space 5120K, 0% used [0x00000000ecb00000,0x00000000ecb00000,0x00000000ed000000)
 ParOldGen       total 86016K, used 5729K [0x00000000c0000000, 0x00000000c5400000, 0x00000000eaa80000)
  object space 86016K, 6% used [0x00000000c0000000,0x00000000c0598740,0x00000000c5400000)
 PSPermGen       total 21504K, used 5793K [0x00000000bae00000, 0x00000000bc300000, 0x00000000c0000000)
  object space 21504K, 26% used [0x00000000bae00000,0x00000000bb3a8660,0x00000000bc300000)

Card table byte_map: [0x0000000005110000,0x0000000005340000] byte_map_base: 0x0000000004b39000

Polling page: 0x00000000005d0000

Code Cache  [0x0000000002110000, 0x0000000002380000, 0x0000000005110000)
 total_blobs=599 nmethods=362 adapters=189 free_code_cache=47744Kb largest_free_block=48860352

Compilation events (10 events):
Event: 2.637 Thread 0x00000000020ff000 nmethod 359 0x0000000002270050 code [0x0000000002270180, 0x0000000002270218]
Event: 2.637 Thread 0x00000000020ff000  360             com.android.dx.rop.cst.StdConstantPool::set (123 bytes)
Event: 2.641 Thread 0x00000000020ff000 nmethod 360 0x000000000226f810 code [0x000000000226f980, 0x000000000226fc78]
Event: 2.641 Thread 0x00000000020ff000  361             com.android.dx.cf.code.BasicBlocker::addWorkIfNecessary (32 bytes)
Event: 2.643 Thread 0x00000000020ff000 nmethod 361 0x000000000226d010 code [0x000000000226d160, 0x000000000226d298]
Event: 2.643 Thread 0x00000000020ff000  362             com.android.dx.cf.code.BaseMachine::getLocalTarget (151 bytes)
Event: 2.666 Thread 0x00000000020ff000 nmethod 362 0x000000000226b650 code [0x000000000226b860, 0x000000000226c180]
Event: 2.666 Thread 0x00000000020ff000  363             com.android.dx.rop.type.Type::getBasicFrameType (60 bytes)
Event: 2.667 Thread 0x00000000020ff000 nmethod 363 0x000000000226b450 code [0x000000000226b580, 0x000000000226b5f8]
Event: 2.667 Thread 0x00000000020ff000  364             com.android.dx.cf.code.ValueAwareMachine::run (1142 bytes)

GC Heap History (4 events):
Event: 1.674 GC heap before
{Heap before GC invocations=1 (full 0):
 PSYoungGen      total 38400K, used 33280K [0x00000000eaa80000, 0x00000000ed500000, 0x0000000100000000)
  eden space 33280K, 100% used [0x00000000eaa80000,0x00000000ecb00000,0x00000000ecb00000)
  from space 5120K, 0% used [0x00000000ed000000,0x00000000ed000000,0x00000000ed500000)
  to   space 5120K, 0% used [0x00000000ecb00000,0x00000000ecb00000,0x00000000ed000000)
 ParOldGen       total 86016K, used 0K [0x00000000c0000000, 0x00000000c5400000, 0x00000000eaa80000)
  object space 86016K, 0% used [0x00000000c0000000,0x00000000c0000000,0x00000000c5400000)
 PSPermGen       total 21504K, used 5711K [0x00000000bae00000, 0x00000000bc300000, 0x00000000c0000000)
  object space 21504K, 26% used [0x00000000bae00000,0x00000000bb393f30,0x00000000bc300000)
Event: 1.846 GC heap after
Heap after GC invocations=1 (full 0):
 PSYoungGen      total 38400K, used 5096K [0x00000000eaa80000, 0x00000000ed500000, 0x0000000100000000)
  eden space 33280K, 0% used [0x00000000eaa80000,0x00000000eaa80000,0x00000000ecb00000)
  from space 5120K, 99% used [0x00000000ecb00000,0x00000000ecffa198,0x00000000ed000000)
  to   space 5120K, 0% used [0x00000000ed000000,0x00000000ed000000,0x00000000ed500000)
 ParOldGen       total 86016K, used 1392K [0x00000000c0000000, 0x00000000c5400000, 0x00000000eaa80000)
  object space 86016K, 1% used [0x00000000c0000000,0x00000000c015c270,0x00000000c5400000)
 PSPermGen       total 21504K, used 5711K [0x00000000bae00000, 0x00000000bc300000, 0x00000000c0000000)
  object space 21504K, 26% used [0x00000000bae00000,0x00000000bb393f30,0x00000000bc300000)
}
Event: 2.675 GC heap before
{Heap before GC invocations=2 (full 0):
 PSYoungGen      total 38400K, used 38376K [0x00000000eaa80000, 0x00000000ed500000, 0x0000000100000000)
  eden space 33280K, 100% used [0x00000000eaa80000,0x00000000ecb00000,0x00000000ecb00000)
  from space 5120K, 99% used [0x00000000ecb00000,0x00000000ecffa198,0x00000000ed000000)
  to   space 5120K, 0% used [0x00000000ed000000,0x00000000ed000000,0x00000000ed500000)
 ParOldGen       total 86016K, used 1392K [0x00000000c0000000, 0x00000000c5400000, 0x00000000eaa80000)
  object space 86016K, 1% used [0x00000000c0000000,0x00000000c015c270,0x00000000c5400000)
 PSPermGen       total 21504K, used 5787K [0x00000000bae00000, 0x00000000bc300000, 0x00000000c0000000)
  object space 21504K, 26% used [0x00000000bae00000,0x00000000bb3a6f70,0x00000000bc300000)
Event: 3.037 GC heap after
Heap after GC invocations=2 (full 0):
 PSYoungGen      total 38400K, used 5111K [0x00000000eaa80000, 0x00000000ed500000, 0x0000000100000000)
  eden space 33280K, 0% used [0x00000000eaa80000,0x00000000eaa80000,0x00000000ecb00000)
  from space 5120K, 99% used [0x00000000ed000000,0x00000000ed4fdc88,0x00000000ed500000)
  to   space 5120K, 0% used [0x00000000ecb00000,0x00000000ecb00000,0x00000000ed000000)
 ParOldGen       total 86016K, used 5729K [0x00000000c0000000, 0x00000000c5400000, 0x00000000eaa80000)
  object space 86016K, 6% used [0x00000000c0000000,0x00000000c0598740,0x00000000c5400000)
 PSPermGen       total 21504K, used 5787K [0x00000000bae00000, 0x00000000bc300000, 0x00000000c0000000)
  object space 21504K, 26% used [0x00000000bae00000,0x00000000bb3a6f70,0x00000000bc300000)
}

Deoptimization events (10 events):
Event: 1.978 Thread 0x000000000a5fe800 Uncommon trap: reason=class_check action=maybe_recompile pc=0x000000000218ad1c method=com.android.dx.ssa.NormalSsaInsn.accept(Lcom/android/dx/ssa/SsaInsn$Visitor;)V @ 9
Event: 1.982 Thread 0x000000000a5fe800 Uncommon trap: reason=uninitialized action=reinterpret pc=0x000000000220956c method=com.android.dx.cf.code.ByteCatchList.toRopCatchList()Lcom/android/dx/rop/type/TypeList; @ 36
Event: 2.066 Thread 0x000000000a5fd800 Uncommon trap: reason=null_check action=make_not_entrant pc=0x000000000217ea50 method=com.android.dx.rop.type.Type.equals(Ljava/lang/Object;)Z @ 8
Event: 2.066 Thread 0x000000000a5fd800 Uncommon trap: reason=unreached action=reinterpret pc=0x00000000022114cc method=com.android.dx.cf.code.Merger.mergeType(Lcom/android/dx/rop/type/TypeBearer;Lcom/android/dx/rop/type/TypeBearer;)Lcom/android/dx/rop/type/TypeBearer; @ 15
Event: 2.331 Thread 0x0000000002010800 Uncommon trap: reason=null_check action=make_not_entrant pc=0x0000000002221bf4 method=com.android.dx.rop.type.Type.putIntern(Lcom/android/dx/rop/type/Type;)Lcom/android/dx/rop/type/Type; @ 18
Event: 2.461 Thread 0x0000000002010800 Uncommon trap: reason=uninitialized action=reinterpret pc=0x0000000002224bb8 method=com.android.dx.cf.code.BytecodeArray.parseInstruction(ILcom/android/dx/cf/code/BytecodeArray$Visitor;)I @ 1079
Event: 2.465 Thread 0x0000000002010800 Uncommon trap: reason=bimorphic action=maybe_recompile pc=0x000000000224283c method=java.util.HashMap.put(Ljava/lang/Object;Ljava/lang/Object;)Ljava/lang/Object; @ 83
Event: 2.634 Thread 0x000000000a5dd800 Uncommon trap: reason=unreached action=reinterpret pc=0x00000000021e1088 method=com.android.dx.cf.code.Merger.mergeType(Lcom/android/dx/rop/type/TypeBearer;Lcom/android/dx/rop/type/TypeBearer;)Lcom/android/dx/rop/type/TypeBearer; @ 15
Event: 3.043 Thread 0x000000000a5fe800 Uncommon trap: reason=unreached action=reinterpret pc=0x00000000021d8910 method=com.android.dx.ssa.SCCP.simulateBranch(Lcom/android/dx/ssa/SsaInsn;)V @ 132
Event: 3.043 Thread 0x000000000a5fe800 Uncommon trap: reason=unloaded action=reinterpret pc=0x000000000225ba3c method=com.android.dx.ssa.LiteralOpUpgrader$1.visitNonMoveInsn(Lcom/android/dx/ssa/NormalSsaInsn;)V @ 72

Internal exceptions (10 events):
Event: 0.667 Thread 0x000000000a5fe800 Threw 0x00000000eb4daa08 at C:\re\jdk7u79\2331\hotspot\src\share\vm\prims\jvm.cpp:1304
Event: 0.773 Thread 0x0000000002010800 Implicit null exception at 0x0000000002187f00 to 0x000000000218823d
Event: 1.983 Thread 0x000000000a5fe800 Threw 0x00000000eafc9920 at C:\re\jdk7u79\2331\hotspot\src\share\vm\prims\jvm.cpp:1304
Event: 2.066 Thread 0x000000000a5fd800 Implicit null exception at 0x000000000217e952 to 0x000000000217ea42
Event: 2.066 Thread 0x000000000a5fd800 Implicit null exception at 0x0000000002210b5f to 0x00000000022114ad
Event: 2.331 Thread 0x0000000002010800 Implicit null exception at 0x0000000002221503 to 0x0000000002221be5
Event: 2.513 Thread 0x000000000a5fe800 Threw 0x00000000ec1ae390 at C:\re\jdk7u79\2331\hotspot\src\share\vm\prims\jvm.cpp:1304
Event: 2.563 Thread 0x0000000002010800 Threw 0x00000000ec3fc1c0 at C:\re\jdk7u79\2331\hotspot\src\share\vm\prims\jvm.cpp:1304
Event: 2.634 Thread 0x000000000a5dd800 Implicit null exception at 0x00000000021e0e78 to 0x00000000021e107d
Event: 3.043 Thread 0x000000000a5fe800 Threw 0x00000000eaaf76b8 at C:\re\jdk7u79\2331\hotspot\src\share\vm\prims\jvm.cpp:1304

Events (10 events):
Event: 2.675 Executing VM operation: ParallelGCFailedAllocation
Event: 3.038 Executing VM operation: ParallelGCFailedAllocation done
Event: 3.043 Thread 0x000000000a5fe800 Uncommon trap: trap_request=0xffffffad fr.pc=0x00000000021d8910
Event: 3.043 Thread 0x000000000a5fe800 DEOPT PACKING pc=0x00000000021d8910 sp=0x000000000b14eaa0
Event: 3.043 Thread 0x000000000a5fe800 DEOPT UNPACKING pc=0x00000000021475a4 sp=0x000000000b14ea08 mode 2
Event: 3.043 Thread 0x000000000a5fe800 Uncommon trap: trap_request=0x0000004e fr.pc=0x000000000225ba3c
Event: 3.043 loading class 0x000000000a5eedc0
Event: 3.043 loading class 0x000000000a5eedc0 done
Event: 3.044 Thread 0x000000000a5fe800 DEOPT PACKING pc=0x000000000225ba3c sp=0x000000000b14ea30
Event: 3.044 Thread 0x000000000a5fe800 DEOPT UNPACKING pc=0x00000000021475a4 sp=0x000000000b14e9c8 mode 2


Dynamic libraries:
0x00007ff70f950000 - 0x00007ff70f983000 	C:\Program Files\Java\jdk1.7.0_79\bin\java.exe
0x00007ff9f8a60000 - 0x00007ff9f8c0c000 	C:\WINDOWS\SYSTEM32\ntdll.dll
0x00007ff9f6770000 - 0x00007ff9f68ae000 	C:\WINDOWS\system32\KERNEL32.DLL
0x00007ff9f5f70000 - 0x00007ff9f6085000 	C:\WINDOWS\system32\KERNELBASE.dll
0x00007ff9f44a0000 - 0x00007ff9f452e000 	C:\WINDOWS\system32\apphelp.dll
0x00007ff9e6750000 - 0x00007ff9e67a3000 	C:\WINDOWS\AppPatch\AppPatch64\AcGenral.DLL
0x00007ff9f60e0000 - 0x00007ff9f618a000 	C:\WINDOWS\system32\msvcrt.dll
0x00007ff9f5980000 - 0x00007ff9f59ae000 	C:\WINDOWS\SYSTEM32\SspiCli.dll
0x00007ff9f85e0000 - 0x00007ff9f8634000 	C:\WINDOWS\system32\SHLWAPI.dll
0x00007ff9f8640000 - 0x00007ff9f87b7000 	C:\WINDOWS\system32\USER32.dll
0x00007ff9f6d10000 - 0x00007ff9f6ea4000 	C:\WINDOWS\system32\ole32.dll
0x00007ff9f70c0000 - 0x00007ff9f85d8000 	C:\WINDOWS\system32\SHELL32.dll
0x00007ff9f5150000 - 0x00007ff9f5171000 	C:\WINDOWS\SYSTEM32\USERENV.dll
0x00007ff9f7010000 - 0x00007ff9f70ba000 	C:\WINDOWS\system32\ADVAPI32.dll
0x00007ff9ec360000 - 0x00007ff9ec37e000 	C:\WINDOWS\SYSTEM32\MPR.dll
0x00007ff9f6230000 - 0x00007ff9f6371000 	C:\WINDOWS\system32\RPCRT4.dll
0x00007ff9f6920000 - 0x00007ff9f6979000 	C:\WINDOWS\SYSTEM32\sechost.dll
0x00007ff9f6990000 - 0x00007ff9f6ba1000 	C:\WINDOWS\SYSTEM32\combase.dll
0x00007ff9f6bb0000 - 0x00007ff9f6d01000 	C:\WINDOWS\system32\GDI32.dll
0x00007ff9f5bb0000 - 0x00007ff9f5bc5000 	C:\WINDOWS\SYSTEM32\profapi.dll
0x00007ff9f4180000 - 0x00007ff9f4232000 	C:\WINDOWS\SYSTEM32\SHCORE.dll
0x00007ff9f61f0000 - 0x00007ff9f6226000 	C:\WINDOWS\system32\IMM32.DLL
0x00007ff9f6eb0000 - 0x00007ff9f7002000 	C:\WINDOWS\system32\MSCTF.dll
0x00007ff9f3800000 - 0x00007ff9f3a7a000 	C:\WINDOWS\WinSxS\amd64_microsoft.windows.common-controls_6595b64144ccf1df_6.0.9600.17810_none_6240b9c7ecbd0bda\COMCTL32.dll
0x000000005b7b0000 - 0x000000005b882000 	C:\Program Files\Java\jdk1.7.0_79\jre\bin\msvcr100.dll
0x000000005bba0000 - 0x000000005c375000 	C:\Program Files\Java\jdk1.7.0_79\jre\bin\server\jvm.dll
0x00007ff9eb7d0000 - 0x00007ff9eb7d9000 	C:\WINDOWS\SYSTEM32\WSOCK32.dll
0x00007ff9f0ce0000 - 0x00007ff9f0d02000 	C:\WINDOWS\SYSTEM32\WINMM.dll
0x00007ff9f88a0000 - 0x00007ff9f88a7000 	C:\WINDOWS\system32\PSAPI.DLL
0x00007ff9f6190000 - 0x00007ff9f61ea000 	C:\WINDOWS\system32\WS2_32.dll
0x00007ff9f0cb0000 - 0x00007ff9f0cda000 	C:\WINDOWS\SYSTEM32\WINMMBASE.dll
0x00007ff9f64c0000 - 0x00007ff9f64c9000 	C:\WINDOWS\system32\NSI.dll
0x00007ff9f6090000 - 0x00007ff9f60df000 	C:\WINDOWS\SYSTEM32\cfgmgr32.dll
0x00007ff9f49b0000 - 0x00007ff9f49d8000 	C:\WINDOWS\SYSTEM32\DEVOBJ.dll
0x000000005bb90000 - 0x000000005bb9f000 	C:\Program Files\Java\jdk1.7.0_79\jre\bin\verify.dll
0x000000005bb60000 - 0x000000005bb88000 	C:\Program Files\Java\jdk1.7.0_79\jre\bin\java.dll
0x000000005bb40000 - 0x000000005bb55000 	C:\Program Files\Java\jdk1.7.0_79\jre\bin\zip.dll
0x000000005bb20000 - 0x000000005bb3a000 	C:\Program Files\Java\jdk1.7.0_79\jre\bin\net.dll
0x00007ff9f53c0000 - 0x00007ff9f5419000 	C:\WINDOWS\system32\mswsock.dll
0x000000005bb00000 - 0x000000005bb11000 	C:\Program Files\Java\jdk1.7.0_79\jre\bin\nio.dll

VM Arguments:
jvm_args: -Xmx1024M -Dfile.encoding=windows-1252 -Duser.country=AR -Duser.language=es -Duser.variant 
java_command: com.android.dx.command.Main --dex --num-threads=4 --output F:\Proyecto Transporte\Proyectos\AppBase\app\build\intermediates\pre-dexed\debug\classes-4329a840354994a93ad0890d1146f0c0ecedf24d.jar F:\Proyecto Transporte\Proyectos\AppBase\app\build\intermediates\exploded-aar\com.google.android.gms\play-services-wallet\7.5.0\jars\classes.jar
Launcher Type: SUN_STANDARD

Environment Variables:
PATH=C:\ProgramData\Oracle\Java\javapath;C:\Program Files (x86)\HP SimplePass\x64;C:\Program Files (x86)\HP SimplePass\;C:\Program Files (x86)\Intel\iCLS Client\;C:\Program Files\Intel\iCLS Client\;C:\WINDOWS\system32;C:\WINDOWS;C:\WINDOWS\System32\Wbem;C:\WINDOWS\System32\WindowsPowerShell\v1.0\;C:\Program Files (x86)\Intel\OpenCL SDK\2.0\bin\x86;C:\Program Files (x86)\Intel\OpenCL SDK\2.0\bin\x64;C:\Program Files\Intel\Intel(R) Management Engine Components\DAL;C:\Program Files\Intel\Intel(R) Management Engine Components\IPT;C:\Program Files (x86)\Intel\Intel(R) Management Engine Components\DAL;C:\Program Files (x86)\Intel\Intel(R) Management Engine Components\IPT;C:\Program Files\TortoiseSVN\bin;C:\Program Files (x86)\Skype\Phone\;C:\Program Files (x86)\Subversion\bin
USERNAME=soled_000
OS=Windows_NT
PROCESSOR_IDENTIFIER=Intel64 Family 6 Model 58 Stepping 9, GenuineIntel



---------------  S Y S T E M  ---------------

OS: Windows 8.1 , 64 bit Build 9600 

CPU:total 8 (4 cores per cpu, 2 threads per core) family 6 model 58 stepping 9, cmov, cx8, fxsr, mmx, sse, sse2, sse3, ssse3, sse4.1, sse4.2, popcnt, avx, aes, erms, ht, tsc, tscinvbit, tscinv

Memory: 4k page, physical 8280028k(2256268k free), swap 8280028k(5464k free)

vm_info: Java HotSpot(TM) 64-Bit Server VM (24.79-b02) for windows-amd64 JRE (1.7.0_79-b15), built on Apr 10 2015 12:36:16 by "java_re" with unknown MS VC++:1600

time: Fri Jun 26 11:03:15 2015
elapsed time: 3 seconds

