#
# There is insufficient memory for the Java Runtime Environment to continue.
# Native memory allocation (malloc) failed to allocate 1061376 bytes for Chunk::new
# Possible reasons:
#   The system is out of physical RAM or swap space
#   In 32 bit mode, the process size limit was hit
# Possible solutions:
#   Reduce memory load on the system
#   Increase physical memory or swap space
#   Check if swap backing store is full
#   Use 64 bit Java on a 64 bit OS
#   Decrease Java heap size (-Xmx/-Xms)
#   Decrease number of Java threads
#   Decrease Java thread stack sizes (-Xss)
#   Set larger code cache with -XX:ReservedCodeCacheSize=
# This output file may be truncated or incomplete.
#
#  Out of Memory Error (allocation.cpp:323), pid=4572, tid=4188
#
# JRE version: Java(TM) SE Runtime Environment (7.0_79-b15) (build 1.7.0_79-b15)
# Java VM: Java HotSpot(TM) 64-Bit Server VM (24.79-b02 mixed mode windows-amd64 compressed oops)
# Failed to write core dump. Minidumps are not enabled by default on client versions of Windows
#

---------------  T H R E A D  ---------------

Current thread (0x000000000248e000):  JavaThread "C2 CompilerThread0" daemon [_thread_in_native, id=4188, stack(0x000000000acb0000,0x000000000adb0000)]

Stack: [0x000000000acb0000,0x000000000adb0000]
[error occurred during error reporting (printing stack bounds), id 0xc0000005]


[error occurred during error reporting (printing native stack), id 0xc0000005]


Current CompileTask:
C2:   6723  441   !         com.android.dx.cf.code.BytecodeArray::parseInstruction (2764 bytes)


---------------  P R O C E S S  ---------------

Java Threads: ( => current thread )
  0x000000000249a800 JavaThread "Service Thread" daemon [_thread_blocked, id=7856, stack(0x000000000aeb0000,0x000000000afb0000)]
  0x000000000248f800 JavaThread "C2 CompilerThread1" daemon [_thread_in_native, id=7872, stack(0x000000000adb0000,0x000000000aeb0000)]
=>0x000000000248e000 JavaThread "C2 CompilerThread0" daemon [_thread_in_native, id=4188, stack(0x000000000acb0000,0x000000000adb0000)]
  0x000000000248d000 JavaThread "Attach Listener" daemon [_thread_blocked, id=8060, stack(0x000000000abb0000,0x000000000acb0000)]
  0x000000000a6d1000 JavaThread "Signal Dispatcher" daemon [_thread_blocked, id=7416, stack(0x000000000aab0000,0x000000000abb0000)]
  0x00000000086df800 JavaThread "Finalizer" daemon [_thread_blocked, id=4684, stack(0x000000000a5b0000,0x000000000a6b0000)]
  0x00000000086d9000 JavaThread "Reference Handler" daemon [_thread_blocked, id=2940, stack(0x000000000a4b0000,0x000000000a5b0000)]
  0x00000000023a0800 JavaThread "main" [_thread_in_vm, id=5224, stack(0x00000000022a0000,0x00000000023a0000)]

Other Threads:
  0x00000000086d5800 VMThread [stack: 0x000000000a3b0000,0x000000000a4b0000] [id=7884]
  0x000000000a6da000 WatcherThread [stack: 0x000000000afb0000,0x000000000b0b0000] [id=7964]

VM state:not at safepoint (normal execution)

VM Mutex/Monitor currently owned by a thread: None

Heap
 PSYoungGen      total 71680K, used 22878K [0x00000000eaa80000, 0x00000000ef580000, 0x0000000100000000)
  eden space 66560K, 26% used [0x00000000eaa80000,0x00000000ebbd8d68,0x00000000eeb80000)
  from space 5120K, 99% used [0x00000000ef080000,0x00000000ef57eaa8,0x00000000ef580000)
  to   space 5120K, 0% used [0x00000000eeb80000,0x00000000eeb80000,0x00000000ef080000)
 ParOldGen       total 86016K, used 5596K [0x00000000c0000000, 0x00000000c5400000, 0x00000000eaa80000)
  object space 86016K, 6% used [0x00000000c0000000,0x00000000c0577238,0x00000000c5400000)
 PSPermGen       total 21504K, used 5850K [0x00000000bae00000, 0x00000000bc300000, 0x00000000c0000000)
  object space 21504K, 27% used [0x00000000bae00000,0x00000000bb3b68e8,0x00000000bc300000)

Card table byte_map: [0x00000000054a0000,0x00000000056d0000] byte_map_base: 0x0000000004ec9000

Polling page: 0x00000000007e0000

Code Cache  [0x00000000024a0000, 0x0000000002710000, 0x00000000054a0000)
 total_blobs=673 nmethods=436 adapters=189 free_code_cache=47362Kb largest_free_block=48466560

Compilation events (10 events):
Event: 6.632 Thread 0x000000000248e000 nmethod 436 0x00000000026556d0 code [0x0000000002655800, 0x0000000002655898]
Event: 6.632 Thread 0x000000000248e000  437             com.android.dx.cf.code.BasicBlocker::visitCommon (34 bytes)
Event: 6.635 Thread 0x000000000248e000 nmethod 437 0x00000000026551d0 code [0x0000000002655320, 0x0000000002655498]
Event: 6.635 Thread 0x000000000248e000  438             com.android.dx.dex.code.RopToDop::dopFor (792 bytes)
Event: 6.657 Thread 0x000000000248e000 nmethod 438 0x000000000265b090 code [0x000000000265b520, 0x000000000265c000]
Event: 6.657 Thread 0x000000000248e000  439             com.android.dx.ssa.InterferenceRegisterMapper::addInterfence (62 bytes)
Event: 6.677 Thread 0x000000000248e000 nmethod 439 0x0000000002659ad0 code [0x0000000002659ca0, 0x000000000265a5f0]
Event: 6.677 Thread 0x000000000248e000  440             com.android.dx.ssa.SCCP::simulateBranch (666 bytes)
Event: 6.687 Thread 0x000000000248e000 nmethod 440 0x000000000264e850 code [0x000000000264ea20, 0x000000000264f0a8]
Event: 6.687 Thread 0x000000000248e000  441   !         com.android.dx.cf.code.BytecodeArray::parseInstruction (2764 bytes)

GC Heap History (4 events):
Event: 2.926 GC heap before
{Heap before GC invocations=1 (full 0):
 PSYoungGen      total 38400K, used 33280K [0x00000000eaa80000, 0x00000000ed500000, 0x0000000100000000)
  eden space 33280K, 100% used [0x00000000eaa80000,0x00000000ecb00000,0x00000000ecb00000)
  from space 5120K, 0% used [0x00000000ed000000,0x00000000ed000000,0x00000000ed500000)
  to   space 5120K, 0% used [0x00000000ecb00000,0x00000000ecb00000,0x00000000ed000000)
 ParOldGen       total 86016K, used 0K [0x00000000c0000000, 0x00000000c5400000, 0x00000000eaa80000)
  object space 86016K, 0% used [0x00000000c0000000,0x00000000c0000000,0x00000000c5400000)
 PSPermGen       total 21504K, used 5715K [0x00000000bae00000, 0x00000000bc300000, 0x00000000c0000000)
  object space 21504K, 26% used [0x00000000bae00000,0x00000000bb394c68,0x00000000bc300000)
Event: 3.772 GC heap after
Heap after GC invocations=1 (full 0):
 PSYoungGen      total 38400K, used 5112K [0x00000000eaa80000, 0x00000000ef580000, 0x0000000100000000)
  eden space 33280K, 0% used [0x00000000eaa80000,0x00000000eaa80000,0x00000000ecb00000)
  from space 5120K, 99% used [0x00000000ecb00000,0x00000000ecffe038,0x00000000ed000000)
  to   space 5120K, 0% used [0x00000000ef080000,0x00000000ef080000,0x00000000ef580000)
 ParOldGen       total 86016K, used 1322K [0x00000000c0000000, 0x00000000c5400000, 0x00000000eaa80000)
  object space 86016K, 1% used [0x00000000c0000000,0x00000000c014a820,0x00000000c5400000)
 PSPermGen       total 21504K, used 5715K [0x00000000bae00000, 0x00000000bc300000, 0x00000000c0000000)
  object space 21504K, 26% used [0x00000000bae00000,0x00000000bb394c68,0x00000000bc300000)
}
Event: 5.805 GC heap before
{Heap before GC invocations=2 (full 0):
 PSYoungGen      total 38400K, used 38392K [0x00000000eaa80000, 0x00000000ef580000, 0x0000000100000000)
  eden space 33280K, 100% used [0x00000000eaa80000,0x00000000ecb00000,0x00000000ecb00000)
  from space 5120K, 99% used [0x00000000ecb00000,0x00000000ecffe038,0x00000000ed000000)
  to   space 5120K, 0% used [0x00000000ef080000,0x00000000ef080000,0x00000000ef580000)
 ParOldGen       total 86016K, used 1322K [0x00000000c0000000, 0x00000000c5400000, 0x00000000eaa80000)
  object space 86016K, 1% used [0x00000000c0000000,0x00000000c014a820,0x00000000c5400000)
 PSPermGen       total 21504K, used 5785K [0x00000000bae00000, 0x00000000bc300000, 0x00000000c0000000)
  object space 21504K, 26% used [0x00000000bae00000,0x00000000bb3a6470,0x00000000bc300000)
Event: 6.023 GC heap after
Heap after GC invocations=2 (full 0):
 PSYoungGen      total 71680K, used 5114K [0x00000000eaa80000, 0x00000000ef580000, 0x0000000100000000)
  eden space 66560K, 0% used [0x00000000eaa80000,0x00000000eaa80000,0x00000000eeb80000)
  from space 5120K, 99% used [0x00000000ef080000,0x00000000ef57eaa8,0x00000000ef580000)
  to   space 5120K, 0% used [0x00000000eeb80000,0x00000000eeb80000,0x00000000ef080000)
 ParOldGen       total 86016K, used 5596K [0x00000000c0000000, 0x00000000c5400000, 0x00000000eaa80000)
  object space 86016K, 6% used [0x00000000c0000000,0x00000000c0577238,0x00000000c5400000)
 PSPermGen       total 21504K, used 5785K [0x00000000bae00000, 0x00000000bc300000, 0x00000000c0000000)
  object space 21504K, 26% used [0x00000000bae00000,0x00000000bb3a6470,0x00000000bc300000)
}

Deoptimization events (10 events):
Event: 6.270 Thread 0x000000000a894000 Uncommon trap: reason=class_check action=maybe_recompile pc=0x0000000002615bc8 method=com.android.dx.cf.code.RopperMachine.run(Lcom/android/dx/cf/code/Frame;II)V @ 988
Event: 6.272 Thread 0x000000000a894000 Uncommon trap: reason=class_check action=maybe_recompile pc=0x0000000002615bc8 method=com.android.dx.cf.code.RopperMachine.run(Lcom/android/dx/cf/code/Frame;II)V @ 988
Event: 6.278 Thread 0x000000000a894000 Uncommon trap: reason=class_check action=maybe_recompile pc=0x00000000025e1e28 method=com.android.dx.ssa.SsaMethod.isRegALocal(Lcom/android/dx/rop/code/RegisterSpec;)Z @ 16
Event: 6.278 Thread 0x000000000a894000 Uncommon trap: reason=class_check action=maybe_recompile pc=0x00000000025e1e28 method=com.android.dx.ssa.SsaMethod.isRegALocal(Lcom/android/dx/rop/code/RegisterSpec;)Z @ 16
Event: 6.278 Thread 0x000000000a894000 Uncommon trap: reason=class_check action=maybe_recompile pc=0x00000000025e1e28 method=com.android.dx.ssa.SsaMethod.isRegALocal(Lcom/android/dx/rop/code/RegisterSpec;)Z @ 16
Event: 6.399 Thread 0x000000000a891800 Uncommon trap: reason=null_check action=make_not_entrant pc=0x0000000002640988 method=com.android.dx.dex.file.MethodIdsSection.intern(Lcom/android/dx/rop/cst/CstBaseMethodRef;)Lcom/android/dx/dex/file/MethodIdItem; @ 26
Event: 6.409 Thread 0x000000000a891800 Uncommon trap: reason=unreached action=reinterpret pc=0x000000000262fe6c method=com.android.dx.cf.code.Ropper.processBlock(Lcom/android/dx/cf/code/ByteBlock;Lcom/android/dx/cf/code/Frame;[I)V @ 513
Event: 6.670 Thread 0x00000000023a0800 Uncommon trap: reason=class_check action=maybe_recompile pc=0x00000000025cedb4 method=java.util.HashMap.put(Ljava/lang/Object;Ljava/lang/Object;)Ljava/lang/Object; @ 83
Event: 6.670 Thread 0x00000000023a0800 Uncommon trap: reason=class_check action=maybe_recompile pc=0x00000000025cedb4 method=java.util.HashMap.put(Ljava/lang/Object;Ljava/lang/Object;)Ljava/lang/Object; @ 83
Event: 6.670 Thread 0x00000000023a0800 Uncommon trap: reason=class_check action=maybe_recompile pc=0x00000000025cedb4 method=java.util.HashMap.put(Ljava/lang/Object;Ljava/lang/Object;)Ljava/lang/Object; @ 83

Internal exceptions (10 events):
Event: 3.796 Thread 0x00000000023a0800 Threw 0x00000000eaa8f2a0 at C:\re\jdk7u79\2331\hotspot\src\share\vm\prims\jvm.cpp:1304
Event: 3.908 Thread 0x00000000023a0800 Implicit null exception at 0x0000000002525712 to 0x0000000002525802
Event: 3.908 Thread 0x00000000023a0800 Implicit null exception at 0x0000000002590bdf to 0x000000000259152d
Event: 4.651 Thread 0x00000000023a0800 Implicit null exception at 0x00000000025b5a73 to 0x00000000025b6155
Event: 4.686 Thread 0x000000000a88d000 Implicit null exception at 0x0000000002585478 to 0x000000000258567d
Event: 5.579 Thread 0x000000000a980800 Threw 0x00000000ebf189e0 at C:\re\jdk7u79\2331\hotspot\src\share\vm\prims\jvm.cpp:1304
Event: 5.791 Thread 0x00000000023a0800 Threw 0x00000000ec7cbde0 at C:\re\jdk7u79\2331\hotspot\src\share\vm\prims\jvm.cpp:1304
Event: 6.065 Thread 0x000000000a980800 Threw 0x00000000eabc4d10 at C:\re\jdk7u79\2331\hotspot\src\share\vm\prims\jvm.cpp:1304
Event: 6.399 Thread 0x000000000a891800 Implicit null exception at 0x000000000263ffc8 to 0x0000000002640979
Event: 6.673 Thread 0x00000000023a0800 Threw 0x00000000eb745578 at C:\re\jdk7u79\2331\hotspot\src\share\vm\prims\jvm.cpp:1304

Events (10 events):
Event: 6.670 Thread 0x00000000023a0800 DEOPT PACKING pc=0x00000000025cedb4 sp=0x000000000239ef20
Event: 6.670 Thread 0x00000000023a0800 DEOPT UNPACKING pc=0x00000000024d75a4 sp=0x000000000239eec8 mode 2
Event: 6.670 Thread 0x00000000023a0800 Uncommon trap: trap_request=0xffffffde fr.pc=0x00000000025cedb4
Event: 6.670 Thread 0x00000000023a0800 DEOPT PACKING pc=0x00000000025cedb4 sp=0x000000000239ef20
Event: 6.670 Thread 0x00000000023a0800 DEOPT UNPACKING pc=0x00000000024d75a4 sp=0x000000000239eec8 mode 2
Event: 6.670 Thread 0x00000000023a0800 Uncommon trap: trap_request=0xffffffde fr.pc=0x00000000025cedb4
Event: 6.670 Thread 0x00000000023a0800 DEOPT PACKING pc=0x00000000025cedb4 sp=0x000000000239ef20
Event: 6.670 Thread 0x00000000023a0800 DEOPT UNPACKING pc=0x00000000024d75a4 sp=0x000000000239eec8 mode 2
Event: 6.673 loading class 0x000000000aa19c40
Event: 6.673 loading class 0x000000000aa19c40 done


Dynamic libraries:
0x00007ff71bbd0000 - 0x00007ff71bc03000 	C:\Program Files\Java\jdk1.7.0_79\bin\java.exe
0x00007ff892520000 - 0x00007ff8926cc000 	C:\WINDOWS\SYSTEM32\ntdll.dll
0x00007ff88fdc0000 - 0x00007ff88fefe000 	C:\WINDOWS\system32\KERNEL32.DLL
0x00007ff88fa30000 - 0x00007ff88fb45000 	C:\WINDOWS\system32\KERNELBASE.dll
0x00007ff88e210000 - 0x00007ff88e29e000 	C:\WINDOWS\system32\apphelp.dll
0x00007ff879ed0000 - 0x00007ff879f23000 	C:\WINDOWS\AppPatch\AppPatch64\AcGenral.DLL
0x00007ff8916b0000 - 0x00007ff89175a000 	C:\WINDOWS\system32\msvcrt.dll
0x00007ff88f440000 - 0x00007ff88f46e000 	C:\WINDOWS\SYSTEM32\SspiCli.dll
0x00007ff8922a0000 - 0x00007ff8922f4000 	C:\WINDOWS\system32\SHLWAPI.dll
0x00007ff891430000 - 0x00007ff8915a7000 	C:\WINDOWS\system32\USER32.dll
0x00007ff891890000 - 0x00007ff891a24000 	C:\WINDOWS\system32\ole32.dll
0x00007ff88ff00000 - 0x00007ff891418000 	C:\WINDOWS\system32\SHELL32.dll
0x00007ff88ec10000 - 0x00007ff88ec31000 	C:\WINDOWS\SYSTEM32\USERENV.dll
0x00007ff891d80000 - 0x00007ff891e2a000 	C:\WINDOWS\system32\ADVAPI32.dll
0x00007ff887180000 - 0x00007ff88719e000 	C:\WINDOWS\SYSTEM32\MPR.dll
0x00007ff891a40000 - 0x00007ff891b81000 	C:\WINDOWS\system32\RPCRT4.dll
0x00007ff892240000 - 0x00007ff892299000 	C:\WINDOWS\SYSTEM32\sechost.dll
0x00007ff892010000 - 0x00007ff892221000 	C:\WINDOWS\SYSTEM32\combase.dll
0x00007ff88fba0000 - 0x00007ff88fcf1000 	C:\WINDOWS\system32\GDI32.dll
0x00007ff88f670000 - 0x00007ff88f685000 	C:\WINDOWS\SYSTEM32\profapi.dll
0x00007ff88dbe0000 - 0x00007ff88dc92000 	C:\WINDOWS\SYSTEM32\SHCORE.dll
0x00007ff8915b0000 - 0x00007ff8915e6000 	C:\WINDOWS\system32\IMM32.DLL
0x00007ff891bc0000 - 0x00007ff891d12000 	C:\WINDOWS\system32\MSCTF.dll
0x00007ff88c720000 - 0x00007ff88c99a000 	C:\WINDOWS\WinSxS\amd64_microsoft.windows.common-controls_6595b64144ccf1df_6.0.9600.17810_none_6240b9c7ecbd0bda\COMCTL32.dll
0x0000000076de0000 - 0x0000000076eb2000 	C:\Program Files\Java\jdk1.7.0_79\jre\bin\msvcr100.dll
0x0000000076060000 - 0x0000000076835000 	C:\Program Files\Java\jdk1.7.0_79\jre\bin\server\jvm.dll
0x00007ff8871a0000 - 0x00007ff8871a9000 	C:\WINDOWS\SYSTEM32\WSOCK32.dll
0x00007ff88a6f0000 - 0x00007ff88a712000 	C:\WINDOWS\SYSTEM32\WINMM.dll
0x00007ff891420000 - 0x00007ff891427000 	C:\WINDOWS\system32\PSAPI.DLL
0x00007ff891d20000 - 0x00007ff891d7a000 	C:\WINDOWS\system32\WS2_32.dll
0x00007ff88a6c0000 - 0x00007ff88a6ea000 	C:\WINDOWS\SYSTEM32\WINMMBASE.dll
0x00007ff891bb0000 - 0x00007ff891bb9000 	C:\WINDOWS\system32\NSI.dll
0x00007ff88fb50000 - 0x00007ff88fb9f000 	C:\WINDOWS\SYSTEM32\cfgmgr32.dll
0x00007ff88e460000 - 0x00007ff88e488000 	C:\WINDOWS\SYSTEM32\DEVOBJ.dll
0x0000000077570000 - 0x000000007757f000 	C:\Program Files\Java\jdk1.7.0_79\jre\bin\verify.dll
0x0000000077540000 - 0x0000000077568000 	C:\Program Files\Java\jdk1.7.0_79\jre\bin\java.dll
0x0000000077520000 - 0x0000000077535000 	C:\Program Files\Java\jdk1.7.0_79\jre\bin\zip.dll
0x0000000077500000 - 0x000000007751a000 	C:\Program Files\Java\jdk1.7.0_79\jre\bin\net.dll
0x00007ff88ee80000 - 0x00007ff88eed9000 	C:\WINDOWS\system32\mswsock.dll
0x00000000774e0000 - 0x00000000774f1000 	C:\Program Files\Java\jdk1.7.0_79\jre\bin\nio.dll

VM Arguments:
jvm_args: -Xmx1024M -Dfile.encoding=windows-1252 -Duser.country=AR -Duser.language=es -Duser.variant 
java_command: com.android.dx.command.Main --dex --num-threads=4 --output F:\Proyecto Transporte\Proyectos\AppBase\app\build\intermediates\pre-dexed\debug\classes-4329a840354994a93ad0890d1146f0c0ecedf24d.jar F:\Proyecto Transporte\Proyectos\AppBase\app\build\intermediates\exploded-aar\com.google.android.gms\play-services-wallet\7.5.0\jars\classes.jar
Launcher Type: SUN_STANDARD

Environment Variables:
PATH=C:\ProgramData\Oracle\Java\javapath;C:\Program Files (x86)\HP SimplePass\x64;C:\Program Files (x86)\HP SimplePass\;C:\Program Files (x86)\Intel\iCLS Client\;C:\Program Files\Intel\iCLS Client\;C:\WINDOWS\system32;C:\WINDOWS;C:\WINDOWS\System32\Wbem;C:\WINDOWS\System32\WindowsPowerShell\v1.0\;C:\Program Files (x86)\Intel\OpenCL SDK\2.0\bin\x86;C:\Program Files (x86)\Intel\OpenCL SDK\2.0\bin\x64;C:\Program Files\Intel\Intel(R) Management Engine Components\DAL;C:\Program Files\Intel\Intel(R) Management Engine Components\IPT;C:\Program Files (x86)\Intel\Intel(R) Management Engine Components\DAL;C:\Program Files (x86)\Intel\Intel(R) Management Engine Components\IPT;C:\Program Files\TortoiseSVN\bin;C:\Program Files (x86)\Skype\Phone\;C:\Program Files (x86)\Subversion\bin
USERNAME=soled_000
OS=Windows_NT
PROCESSOR_IDENTIFIER=Intel64 Family 6 Model 58 Stepping 9, GenuineIntel



---------------  S Y S T E M  ---------------

OS: Windows 8.1 , 64 bit Build 9600 

CPU:total 8 (4 cores per cpu, 2 threads per core) family 6 model 58 stepping 9, cmov, cx8, fxsr, mmx, sse, sse2, sse3, ssse3, sse4.1, sse4.2, popcnt, avx, aes, erms, ht, tsc, tscinvbit, tscinv

Memory: 4k page, physical 8280028k(2698240k free), swap 8280028k(4796k free)

vm_info: Java HotSpot(TM) 64-Bit Server VM (24.79-b02) for windows-amd64 JRE (1.7.0_79-b15), built on Apr 10 2015 12:36:16 by "java_re" with unknown MS VC++:1600

time: Tue Jun 30 12:09:25 2015
elapsed time: 6 seconds

