#
# There is insufficient memory for the Java Runtime Environment to continue.
# Native memory allocation (malloc) failed to allocate 998976 bytes for Chunk::new
# Possible reasons:
#   The system is out of physical RAM or swap space
#   In 32 bit mode, the process size limit was hit
# Possible solutions:
#   Reduce memory load on the system
#   Increase physical memory or swap space
#   Check if swap backing store is full
#   Use 64 bit Java on a 64 bit OS
#   Decrease Java heap size (-Xmx/-Xms)
#   Decrease number of Java threads
#   Decrease Java thread stack sizes (-Xss)
#   Set larger code cache with -XX:ReservedCodeCacheSize=
# This output file may be truncated or incomplete.
#
#  Out of Memory Error (allocation.cpp:323), pid=6704, tid=2040
#
# JRE version: Java(TM) SE Runtime Environment (7.0_79-b15) (build 1.7.0_79-b15)
# Java VM: Java HotSpot(TM) 64-Bit Server VM (24.79-b02 mixed mode windows-amd64 compressed oops)
# Failed to write core dump. Minidumps are not enabled by default on client versions of Windows
#

---------------  T H R E A D  ---------------

Current thread (0x0000000002ded800):  JavaThread "C2 CompilerThread0" daemon [_thread_in_native, id=2040, stack(0x000000000b6e0000,0x000000000b7e0000)]

Stack: [0x000000000b6e0000,0x000000000b7e0000]
[error occurred during error reporting (printing stack bounds), id 0xc0000005]


[error occurred during error reporting (printing native stack), id 0xc0000005]


Current CompileTask:
C2:   5267  335   !         com.android.dx.cf.code.RopperMachine::run (1550 bytes)


---------------  P R O C E S S  ---------------

Java Threads: ( => current thread )
  0x000000000b338800 JavaThread "pool-1-thread-4" [_thread_in_Java, id=7284, stack(0x000000000bee0000,0x000000000bfe0000)]
  0x000000000b369000 JavaThread "pool-1-thread-3" [_thread_in_Java, id=3624, stack(0x000000000bde0000,0x000000000bee0000)]
  0x000000000b367000 JavaThread "pool-1-thread-2" [_thread_blocked, id=3308, stack(0x000000000bce0000,0x000000000bde0000)]
  0x000000000b366800 JavaThread "pool-2-thread-1" [_thread_blocked, id=7604, stack(0x000000000bbe0000,0x000000000bce0000)]
  0x000000000b3a8800 JavaThread "pool-1-thread-1" [_thread_blocked, id=3540, stack(0x000000000bae0000,0x000000000bbe0000)]
  0x0000000002dfd800 JavaThread "Service Thread" daemon [_thread_blocked, id=7612, stack(0x000000000b8e0000,0x000000000b9e0000)]
  0x0000000002dfc800 JavaThread "C2 CompilerThread1" daemon [_thread_in_native, id=7764, stack(0x000000000b7e0000,0x000000000b8e0000)]
=>0x0000000002ded800 JavaThread "C2 CompilerThread0" daemon [_thread_in_native, id=2040, stack(0x000000000b6e0000,0x000000000b7e0000)]
  0x0000000002ded000 JavaThread "Attach Listener" daemon [_thread_blocked, id=6968, stack(0x000000000b5e0000,0x000000000b6e0000)]
  0x0000000002de8000 JavaThread "Signal Dispatcher" daemon [_thread_blocked, id=7844, stack(0x000000000b4e0000,0x000000000b5e0000)]
  0x00000000090ff800 JavaThread "Finalizer" daemon [_thread_blocked, id=8116, stack(0x000000000afe0000,0x000000000b0e0000)]
  0x00000000090f9000 JavaThread "Reference Handler" daemon [_thread_blocked, id=724, stack(0x000000000aee0000,0x000000000afe0000)]
  0x0000000002d00800 JavaThread "main" [_thread_in_Java, id=7940, stack(0x0000000002b80000,0x0000000002c80000)]

Other Threads:
  0x00000000090f5800 VMThread [stack: 0x000000000ade0000,0x000000000aee0000] [id=4180]
  0x000000000b10c800 WatcherThread [stack: 0x000000000b9e0000,0x000000000bae0000] [id=8028]

VM state:not at safepoint (normal execution)

VM Mutex/Monitor currently owned by a thread: None

Heap
 PSYoungGen      total 38400K, used 31920K [0x00000000eaa80000, 0x00000000ef580000, 0x0000000100000000)
  eden space 33280K, 80% used [0x00000000eaa80000,0x00000000ec4b2360,0x00000000ecb00000)
  from space 5120K, 99% used [0x00000000ecb00000,0x00000000ecff9de8,0x00000000ed000000)
  to   space 5120K, 0% used [0x00000000ef080000,0x00000000ef080000,0x00000000ef580000)
 ParOldGen       total 86016K, used 1779K [0x00000000c0000000, 0x00000000c5400000, 0x00000000eaa80000)
  object space 86016K, 2% used [0x00000000c0000000,0x00000000c01bcd38,0x00000000c5400000)
 PSPermGen       total 21504K, used 5772K [0x00000000bae00000, 0x00000000bc300000, 0x00000000c0000000)
  object space 21504K, 26% used [0x00000000bae00000,0x00000000bb3a33f0,0x00000000bc300000)

Card table byte_map: [0x0000000005ec0000,0x00000000060f0000] byte_map_base: 0x00000000058e9000

Polling page: 0x0000000002b20000

Code Cache  [0x0000000002e00000, 0x0000000003070000, 0x0000000005e00000)
 total_blobs=575 nmethods=338 adapters=189 free_code_cache=47781Kb largest_free_block=48878272

Compilation events (10 events):
Event: 5.234 Thread 0x0000000002dfc800 nmethod 329 0x0000000002f5dd90 code [0x0000000002f5e060, 0x0000000002f5f930]
Event: 5.235 Thread 0x0000000002dfc800  336             com.android.dx.cf.code.LineNumberList::pcToLine (73 bytes)
Event: 5.236 Thread 0x0000000002dfc800 nmethod 336 0x0000000002f45610 code [0x0000000002f45760, 0x0000000002f45828]
Event: 5.236 Thread 0x0000000002dfc800  337             com.android.dx.cf.code.ConcreteMethod::makeSourcePosistion (21 bytes)
Event: 5.238 Thread 0x0000000002dfc800 nmethod 337 0x0000000002f54350 code [0x0000000002f544a0, 0x0000000002f54608]
Event: 5.238 Thread 0x0000000002dfc800  338             com.android.dx.rop.code.SourcePosition::<init> (50 bytes)
Event: 5.239 Thread 0x0000000002dfc800 nmethod 338 0x0000000002f540d0 code [0x0000000002f54200, 0x0000000002f54298]
Event: 5.239 Thread 0x0000000002dfc800  339             com.android.dx.cf.code.BaseMachine::getLocalTarget (151 bytes)
Event: 5.256 Thread 0x0000000002dfc800 nmethod 339 0x0000000002f61410 code [0x0000000002f61620, 0x0000000002f61f00]
Event: 5.256 Thread 0x0000000002dfc800  340             com.android.dx.cf.code.ValueAwareMachine::run (1142 bytes)

GC Heap History (2 events):
Event: 4.188 GC heap before
{Heap before GC invocations=1 (full 0):
 PSYoungGen      total 38400K, used 33280K [0x00000000eaa80000, 0x00000000ed500000, 0x0000000100000000)
  eden space 33280K, 100% used [0x00000000eaa80000,0x00000000ecb00000,0x00000000ecb00000)
  from space 5120K, 0% used [0x00000000ed000000,0x00000000ed000000,0x00000000ed500000)
  to   space 5120K, 0% used [0x00000000ecb00000,0x00000000ecb00000,0x00000000ed000000)
 ParOldGen       total 86016K, used 0K [0x00000000c0000000, 0x00000000c5400000, 0x00000000eaa80000)
  object space 86016K, 0% used [0x00000000c0000000,0x00000000c0000000,0x00000000c5400000)
 PSPermGen       total 21504K, used 5725K [0x00000000bae00000, 0x00000000bc300000, 0x00000000c0000000)
  object space 21504K, 26% used [0x00000000bae00000,0x00000000bb3975d0,0x00000000bc300000)
Event: 4.322 GC heap after
Heap after GC invocations=1 (full 0):
 PSYoungGen      total 38400K, used 5095K [0x00000000eaa80000, 0x00000000ef580000, 0x0000000100000000)
  eden space 33280K, 0% used [0x00000000eaa80000,0x00000000eaa80000,0x00000000ecb00000)
  from space 5120K, 99% used [0x00000000ecb00000,0x00000000ecff9de8,0x00000000ed000000)
  to   space 5120K, 0% used [0x00000000ef080000,0x00000000ef080000,0x00000000ef580000)
 ParOldGen       total 86016K, used 1779K [0x00000000c0000000, 0x00000000c5400000, 0x00000000eaa80000)
  object space 86016K, 2% used [0x00000000c0000000,0x00000000c01bcd38,0x00000000c5400000)
 PSPermGen       total 21504K, used 5725K [0x00000000bae00000, 0x00000000bc300000, 0x00000000c0000000)
  object space 21504K, 26% used [0x00000000bae00000,0x00000000bb3975d0,0x00000000bc300000)
}

Deoptimization events (7 events):
Event: 1.957 Thread 0x000000000b367000 Uncommon trap: reason=null_check action=make_not_entrant pc=0x0000000002e8175c method=com.android.dx.rop.code.LocalItem.equals(Ljava/lang/Object;)Z @ 1
Event: 2.078 Thread 0x000000000b3a8800 Uncommon trap: reason=class_check action=maybe_recompile pc=0x0000000002e8d50c method=com.android.dx.ssa.NormalSsaInsn.accept(Lcom/android/dx/ssa/SsaInsn$Visitor;)V @ 9
Event: 2.085 Thread 0x000000000b3a8800 Uncommon trap: reason=class_check action=maybe_recompile pc=0x0000000002e8d50c method=com.android.dx.ssa.NormalSsaInsn.accept(Lcom/android/dx/ssa/SsaInsn$Visitor;)V @ 9
Event: 2.085 Thread 0x000000000b3a8800 Uncommon trap: reason=class_check action=maybe_recompile pc=0x0000000002e77f34 method=com.android.dx.ssa.NormalSsaInsn.accept(Lcom/android/dx/ssa/SsaInsn$Visitor;)V @ 9
Event: 2.274 Thread 0x000000000b369000 Uncommon trap: reason=class_check action=maybe_recompile pc=0x0000000002e8d50c method=com.android.dx.ssa.NormalSsaInsn.accept(Lcom/android/dx/ssa/SsaInsn$Visitor;)V @ 9
Event: 3.074 Thread 0x0000000002d00800 Uncommon trap: reason=null_check action=make_not_entrant pc=0x0000000002edab44 method=com.android.dx.rop.code.RegisterSpec.equals(Ljava/lang/Object;)Z @ 1
Event: 5.170 Thread 0x000000000b369000 Uncommon trap: reason=unreached action=reinterpret pc=0x0000000002ee9fe4 method=com.android.dx.cf.code.Ropper.processBlock(Lcom/android/dx/cf/code/ByteBlock;Lcom/android/dx/cf/code/Frame;[I)V @ 513

Internal exceptions (10 events):
Event: 1.490 Thread 0x0000000002d00800 Threw 0x00000000eb3b8ca0 at C:\re\jdk7u79\2331\hotspot\src\share\vm\prims\jvm.cpp:1304
Event: 1.499 Thread 0x0000000002d00800 Threw 0x00000000eb3c5e88 at C:\re\jdk7u79\2331\hotspot\src\share\vm\prims\jvm.cpp:1304
Event: 1.506 Thread 0x0000000002d00800 Threw 0x00000000eb3ddbf8 at C:\re\jdk7u79\2331\hotspot\src\share\vm\prims\jvm.cpp:1304
Event: 1.575 Thread 0x000000000b369000 Threw 0x00000000eb1b9db0 at C:\re\jdk7u79\2331\hotspot\src\share\vm\prims\jvm.cpp:1304
Event: 1.809 Thread 0x0000000002d00800 Threw 0x00000000eb51c0c0 at C:\re\jdk7u79\2331\hotspot\src\share\vm\prims\jvm.cpp:1304
Event: 1.812 Thread 0x0000000002d00800 Threw 0x00000000eb52a090 at C:\re\jdk7u79\2331\hotspot\src\share\vm\prims\jvm.cpp:1304
Event: 1.957 Thread 0x000000000b367000 Implicit null exception at 0x0000000002e813f2 to 0x0000000002e81741
Event: 2.115 Thread 0x000000000b3a8800 Threw 0x00000000ebab9060 at C:\re\jdk7u79\2331\hotspot\src\share\vm\prims\jvm.cpp:1304
Event: 3.074 Thread 0x0000000002d00800 Implicit null exception at 0x0000000002ed9e58 to 0x0000000002edab19
Event: 4.652 Thread 0x0000000002d00800 Threw 0x00000000eb12d438 at C:\re\jdk7u79\2331\hotspot\src\share\vm\prims\jvm.cpp:1304

Events (10 events):
Event: 3.074 Thread 0x0000000002d00800 DEOPT UNPACKING pc=0x0000000002e375a4 sp=0x0000000002c7e678 mode 2
Event: 3.618 Executing VM operation: ParallelGCFailedAllocation
Event: 4.322 Executing VM operation: ParallelGCFailedAllocation done
Event: 4.412 Executing VM operation: EnableBiasedLocking
Event: 4.412 Executing VM operation: EnableBiasedLocking done
Event: 4.652 loading class 0x000000000b19fe10
Event: 4.652 loading class 0x000000000b19fe10 done
Event: 5.170 Thread 0x000000000b369000 Uncommon trap: trap_request=0xffffffad fr.pc=0x0000000002ee9fe4
Event: 5.170 Thread 0x000000000b369000 DEOPT PACKING pc=0x0000000002ee9fe4 sp=0x000000000bedf010
Event: 5.170 Thread 0x000000000b369000 DEOPT UNPACKING pc=0x0000000002e375a4 sp=0x000000000bedef78 mode 2


Dynamic libraries:
0x00007ff71bbd0000 - 0x00007ff71bc03000 	C:\Program Files\Java\jdk1.7.0_79\bin\java.exe
0x00007ff892520000 - 0x00007ff8926cc000 	C:\WINDOWS\SYSTEM32\ntdll.dll
0x00007ff88fdc0000 - 0x00007ff88fefe000 	C:\WINDOWS\system32\KERNEL32.DLL
0x00007ff88fa30000 - 0x00007ff88fb45000 	C:\WINDOWS\system32\KERNELBASE.dll
0x00007ff88e210000 - 0x00007ff88e29e000 	C:\WINDOWS\system32\apphelp.dll
0x00007ff879ed0000 - 0x00007ff879f23000 	C:\WINDOWS\AppPatch\AppPatch64\AcGenral.DLL
0x00007ff8916b0000 - 0x00007ff89175a000 	C:\WINDOWS\system32\msvcrt.dll
0x00007ff88f440000 - 0x00007ff88f46e000 	C:\WINDOWS\SYSTEM32\SspiCli.dll
0x00007ff8922a0000 - 0x00007ff8922f4000 	C:\WINDOWS\system32\SHLWAPI.dll
0x00007ff891430000 - 0x00007ff8915a7000 	C:\WINDOWS\system32\USER32.dll
0x00007ff891890000 - 0x00007ff891a24000 	C:\WINDOWS\system32\ole32.dll
0x00007ff88ff00000 - 0x00007ff891418000 	C:\WINDOWS\system32\SHELL32.dll
0x00007ff88ec10000 - 0x00007ff88ec31000 	C:\WINDOWS\SYSTEM32\USERENV.dll
0x00007ff891d80000 - 0x00007ff891e2a000 	C:\WINDOWS\system32\ADVAPI32.dll
0x00007ff887180000 - 0x00007ff88719e000 	C:\WINDOWS\SYSTEM32\MPR.dll
0x00007ff891a40000 - 0x00007ff891b81000 	C:\WINDOWS\system32\RPCRT4.dll
0x00007ff892240000 - 0x00007ff892299000 	C:\WINDOWS\SYSTEM32\sechost.dll
0x00007ff892010000 - 0x00007ff892221000 	C:\WINDOWS\SYSTEM32\combase.dll
0x00007ff88fba0000 - 0x00007ff88fcf1000 	C:\WINDOWS\system32\GDI32.dll
0x00007ff88f670000 - 0x00007ff88f685000 	C:\WINDOWS\SYSTEM32\profapi.dll
0x00007ff88dbe0000 - 0x00007ff88dc92000 	C:\WINDOWS\SYSTEM32\SHCORE.dll
0x00007ff8915b0000 - 0x00007ff8915e6000 	C:\WINDOWS\system32\IMM32.DLL
0x00007ff891bc0000 - 0x00007ff891d12000 	C:\WINDOWS\system32\MSCTF.dll
0x00007ff88c720000 - 0x00007ff88c99a000 	C:\WINDOWS\WinSxS\amd64_microsoft.windows.common-controls_6595b64144ccf1df_6.0.9600.17810_none_6240b9c7ecbd0bda\COMCTL32.dll
0x0000000076de0000 - 0x0000000076eb2000 	C:\Program Files\Java\jdk1.7.0_79\jre\bin\msvcr100.dll
0x0000000076060000 - 0x0000000076835000 	C:\Program Files\Java\jdk1.7.0_79\jre\bin\server\jvm.dll
0x00007ff8871a0000 - 0x00007ff8871a9000 	C:\WINDOWS\SYSTEM32\WSOCK32.dll
0x00007ff88a6f0000 - 0x00007ff88a712000 	C:\WINDOWS\SYSTEM32\WINMM.dll
0x00007ff891420000 - 0x00007ff891427000 	C:\WINDOWS\system32\PSAPI.DLL
0x00007ff891d20000 - 0x00007ff891d7a000 	C:\WINDOWS\system32\WS2_32.dll
0x00007ff88a6c0000 - 0x00007ff88a6ea000 	C:\WINDOWS\SYSTEM32\WINMMBASE.dll
0x00007ff891bb0000 - 0x00007ff891bb9000 	C:\WINDOWS\system32\NSI.dll
0x00007ff88fb50000 - 0x00007ff88fb9f000 	C:\WINDOWS\SYSTEM32\cfgmgr32.dll
0x00007ff88e460000 - 0x00007ff88e488000 	C:\WINDOWS\SYSTEM32\DEVOBJ.dll
0x0000000077570000 - 0x000000007757f000 	C:\Program Files\Java\jdk1.7.0_79\jre\bin\verify.dll
0x0000000077540000 - 0x0000000077568000 	C:\Program Files\Java\jdk1.7.0_79\jre\bin\java.dll
0x0000000077520000 - 0x0000000077535000 	C:\Program Files\Java\jdk1.7.0_79\jre\bin\zip.dll
0x0000000077500000 - 0x000000007751a000 	C:\Program Files\Java\jdk1.7.0_79\jre\bin\net.dll
0x00007ff88ee80000 - 0x00007ff88eed9000 	C:\WINDOWS\system32\mswsock.dll
0x00000000774e0000 - 0x00000000774f1000 	C:\Program Files\Java\jdk1.7.0_79\jre\bin\nio.dll

VM Arguments:
jvm_args: -Xmx1024M -Dfile.encoding=windows-1252 -Duser.country=AR -Duser.language=es -Duser.variant 
java_command: com.android.dx.command.Main --dex --num-threads=4 --output F:\Proyecto Transporte\Proyectos\AppBase\app\build\intermediates\pre-dexed\debug\classes-cbc7e4ae147828f67d0c01726ed47090cc14b864.jar F:\Proyecto Transporte\Proyectos\AppBase\app\build\intermediates\exploded-aar\com.google.android.gms\play-services-nearby\7.5.0\jars\classes.jar
Launcher Type: SUN_STANDARD

Environment Variables:
PATH=C:\ProgramData\Oracle\Java\javapath;C:\Program Files (x86)\HP SimplePass\x64;C:\Program Files (x86)\HP SimplePass\;C:\Program Files (x86)\Intel\iCLS Client\;C:\Program Files\Intel\iCLS Client\;C:\WINDOWS\system32;C:\WINDOWS;C:\WINDOWS\System32\Wbem;C:\WINDOWS\System32\WindowsPowerShell\v1.0\;C:\Program Files (x86)\Intel\OpenCL SDK\2.0\bin\x86;C:\Program Files (x86)\Intel\OpenCL SDK\2.0\bin\x64;C:\Program Files\Intel\Intel(R) Management Engine Components\DAL;C:\Program Files\Intel\Intel(R) Management Engine Components\IPT;C:\Program Files (x86)\Intel\Intel(R) Management Engine Components\DAL;C:\Program Files (x86)\Intel\Intel(R) Management Engine Components\IPT;C:\Program Files\TortoiseSVN\bin;C:\Program Files (x86)\Skype\Phone\;C:\Program Files (x86)\Subversion\bin
USERNAME=soled_000
OS=Windows_NT
PROCESSOR_IDENTIFIER=Intel64 Family 6 Model 58 Stepping 9, GenuineIntel



---------------  S Y S T E M  ---------------

OS: Windows 8.1 , 64 bit Build 9600 

CPU:total 8 (4 cores per cpu, 2 threads per core) family 6 model 58 stepping 9, cmov, cx8, fxsr, mmx, sse, sse2, sse3, ssse3, sse4.1, sse4.2, popcnt, avx, aes, erms, ht, tsc, tscinvbit, tscinv

Memory: 4k page, physical 8280028k(2624236k free), swap 8280028k(5836k free)

vm_info: Java HotSpot(TM) 64-Bit Server VM (24.79-b02) for windows-amd64 JRE (1.7.0_79-b15), built on Apr 10 2015 12:36:16 by "java_re" with unknown MS VC++:1600

time: Tue Jun 30 12:13:45 2015
elapsed time: 5 seconds

