#
# There is insufficient memory for the Java Runtime Environment to continue.
# Native memory allocation (malloc) failed to allocate 85584 bytes for Chunk::new
# Possible reasons:
#   The system is out of physical RAM or swap space
#   In 32 bit mode, the process size limit was hit
# Possible solutions:
#   Reduce memory load on the system
#   Increase physical memory or swap space
#   Check if swap backing store is full
#   Use 64 bit Java on a 64 bit OS
#   Decrease Java heap size (-Xmx/-Xms)
#   Decrease number of Java threads
#   Decrease Java thread stack sizes (-Xss)
#   Set larger code cache with -XX:ReservedCodeCacheSize=
# This output file may be truncated or incomplete.
#
#  Out of Memory Error (allocation.cpp:323), pid=4852, tid=7708
#
# JRE version: Java(TM) SE Runtime Environment (7.0_79-b15) (build 1.7.0_79-b15)
# Java VM: Java HotSpot(TM) 64-Bit Server VM (24.79-b02 mixed mode windows-amd64 compressed oops)
# Failed to write core dump. Minidumps are not enabled by default on client versions of Windows
#

---------------  T H R E A D  ---------------

Current thread (0x00000000021af800):  JavaThread "C2 CompilerThread1" daemon [_thread_in_native, id=7708, stack(0x000000000ab90000,0x000000000ac90000)]

Stack: [0x000000000ab90000,0x000000000ac90000]
[error occurred during error reporting (printing stack bounds), id 0xc0000005]


[error occurred during error reporting (printing native stack), id 0xc0000005]


Current CompileTask:
C2:   3317  206             com.android.dx.ssa.SCCP::run (298 bytes)


---------------  P R O C E S S  ---------------

Java Threads: ( => current thread )
  0x000000000a67d000 JavaThread "pool-1-thread-4" [_thread_in_Java, id=7176, stack(0x000000000b290000,0x000000000b390000)]
  0x000000000a67c000 JavaThread "pool-1-thread-3" [_thread_in_Java, id=3828, stack(0x000000000b190000,0x000000000b290000)]
  0x000000000a673800 JavaThread "pool-1-thread-2" [_thread_in_Java, id=548, stack(0x000000000b090000,0x000000000b190000)]
  0x000000000a673000 JavaThread "pool-2-thread-1" [_thread_blocked, id=6324, stack(0x000000000af90000,0x000000000b090000)]
  0x000000000a5cd000 JavaThread "pool-1-thread-1" [_thread_in_Java, id=4016, stack(0x000000000ae90000,0x000000000af90000)]
  0x00000000021ba000 JavaThread "Service Thread" daemon [_thread_blocked, id=6964, stack(0x000000000ac90000,0x000000000ad90000)]
=>0x00000000021af800 JavaThread "C2 CompilerThread1" daemon [_thread_in_native, id=7708, stack(0x000000000ab90000,0x000000000ac90000)]
  0x00000000021ad800 JavaThread "C2 CompilerThread0" daemon [_thread_in_native, id=6816, stack(0x000000000aa90000,0x000000000ab90000)]
  0x00000000021ad000 JavaThread "Attach Listener" daemon [_thread_blocked, id=5532, stack(0x000000000a990000,0x000000000aa90000)]
  0x00000000021a8000 JavaThread "Signal Dispatcher" daemon [_thread_blocked, id=7988, stack(0x000000000a890000,0x000000000a990000)]
  0x00000000084ba000 JavaThread "Finalizer" daemon [_thread_blocked, id=7864, stack(0x000000000a390000,0x000000000a490000)]
  0x00000000084b9000 JavaThread "Reference Handler" daemon [_thread_blocked, id=6228, stack(0x000000000a290000,0x000000000a390000)]
  0x00000000020c0800 JavaThread "main" [_thread_in_Java, id=6800, stack(0x0000000001f30000,0x0000000002030000)]

Other Threads:
  0x00000000084b5800 VMThread [stack: 0x000000000a190000,0x000000000a290000] [id=3060]
  0x00000000021be800 WatcherThread [stack: 0x000000000ad90000,0x000000000ae90000] [id=5160]

VM state:not at safepoint (normal execution)

VM Mutex/Monitor currently owned by a thread: None

Heap
 PSYoungGen      total 38400K, used 29588K [0x00000000eaa80000, 0x00000000ed500000, 0x0000000100000000)
  eden space 33280K, 88% used [0x00000000eaa80000,0x00000000ec765330,0x00000000ecb00000)
  from space 5120K, 0% used [0x00000000ed000000,0x00000000ed000000,0x00000000ed500000)
  to   space 5120K, 0% used [0x00000000ecb00000,0x00000000ecb00000,0x00000000ed000000)
 ParOldGen       total 86016K, used 0K [0x00000000c0000000, 0x00000000c5400000, 0x00000000eaa80000)
  object space 86016K, 0% used [0x00000000c0000000,0x00000000c0000000,0x00000000c5400000)
 PSPermGen       total 21504K, used 5708K [0x00000000bae00000, 0x00000000bc300000, 0x00000000c0000000)
  object space 21504K, 26% used [0x00000000bae00000,0x00000000bb393210,0x00000000bc300000)

Card table byte_map: [0x0000000005280000,0x00000000054b0000] byte_map_base: 0x0000000004ca9000

Polling page: 0x0000000000650000

Code Cache  [0x00000000021c0000, 0x0000000002430000, 0x00000000051c0000)
 total_blobs=442 nmethods=205 adapters=189 free_code_cache=48326Kb largest_free_block=49452544

Compilation events (10 events):
Event: 3.286 Thread 0x00000000021ad800 nmethod 201 0x000000000225b7d0 code [0x000000000225b900, 0x000000000225b958]
Event: 3.286 Thread 0x00000000021ad800  202             com.android.dx.rop.cst.CstType::compareTo0 (25 bytes)
Event: 3.287 Thread 0x00000000021ad800 nmethod 202 0x000000000228d910 code [0x000000000228da60, 0x000000000228dbf8]
Event: 3.287 Thread 0x00000000021ad800  203             java.util.HashMap::<init> (119 bytes)
Event: 3.288 Thread 0x00000000021ad800 nmethod 203 0x000000000228d610 code [0x000000000228d760, 0x000000000228d858]
Event: 3.288 Thread 0x00000000021ad800  204             java.util.HashMap::init (1 bytes)
Event: 3.288 Thread 0x00000000021ad800 nmethod 204 0x0000000002282710 code [0x0000000002282840, 0x0000000002282898]
Event: 3.288 Thread 0x00000000021ad800  205             com.android.dx.rop.code.LocalVariableExtractor::processBlock (327 bytes)
Event: 3.290 Thread 0x00000000021af800 nmethod 199 0x0000000002292dd0 code [0x0000000002293080, 0x0000000002294688]
Event: 3.291 Thread 0x00000000021af800  206             com.android.dx.ssa.SCCP::run (298 bytes)

GC Heap History (0 events):
No events

Deoptimization events (7 events):
Event: 2.257 Thread 0x000000000a67d000 Uncommon trap: reason=null_check action=make_not_entrant pc=0x0000000002238f94 method=com.android.dx.rop.code.LocalItem.equals(Ljava/lang/Object;)Z @ 1
Event: 2.597 Thread 0x000000000a67d000 Uncommon trap: reason=class_check action=maybe_recompile pc=0x000000000223bbc8 method=com.android.dx.ssa.NormalSsaInsn.accept(Lcom/android/dx/ssa/SsaInsn$Visitor;)V @ 9
Event: 2.601 Thread 0x000000000a67d000 Uncommon trap: reason=class_check action=maybe_recompile pc=0x000000000223bbc8 method=com.android.dx.ssa.NormalSsaInsn.accept(Lcom/android/dx/ssa/SsaInsn$Visitor;)V @ 9
Event: 2.601 Thread 0x000000000a67d000 Uncommon trap: reason=class_check action=maybe_recompile pc=0x000000000223bbc8 method=com.android.dx.ssa.NormalSsaInsn.accept(Lcom/android/dx/ssa/SsaInsn$Visitor;)V @ 9
Event: 2.838 Thread 0x000000000a67c000 Uncommon trap: reason=class_check action=maybe_recompile pc=0x000000000223bbc8 method=com.android.dx.ssa.NormalSsaInsn.accept(Lcom/android/dx/ssa/SsaInsn$Visitor;)V @ 9
Event: 3.113 Thread 0x00000000020c0800 Uncommon trap: reason=null_check action=make_not_entrant pc=0x000000000227d924 method=com.android.dx.rop.code.RegisterSpec.equals(Ljava/lang/Object;)Z @ 1
Event: 3.190 Thread 0x000000000a67c000 Uncommon trap: reason=unreached action=reinterpret pc=0x000000000224eb04 method=com.android.dx.rop.cst.Constant.compareTo(Lcom/android/dx/rop/cst/Constant;)I @ 12

Internal exceptions (10 events):
Event: 2.101 Thread 0x00000000020c0800 Threw 0x00000000eb12d038 at C:\re\jdk7u79\2331\hotspot\src\share\vm\prims\jvm.cpp:1304
Event: 2.105 Thread 0x000000000a67d000 Threw 0x00000000eb3aadf8 at C:\re\jdk7u79\2331\hotspot\src\share\vm\prims\jvm.cpp:1304
Event: 2.257 Thread 0x000000000a67d000 Implicit null exception at 0x0000000002238c21 to 0x0000000002238f79
Event: 2.333 Thread 0x000000000a67c000 Threw 0x00000000eb6415c8 at C:\re\jdk7u79\2331\hotspot\src\share\vm\prims\jvm.cpp:1304
Event: 2.593 Thread 0x00000000020c0800 Threw 0x00000000ebbbc100 at C:\re\jdk7u79\2331\hotspot\src\share\vm\prims\jvm.cpp:1304
Event: 2.594 Thread 0x00000000020c0800 Threw 0x00000000ebbc1fb0 at C:\re\jdk7u79\2331\hotspot\src\share\vm\prims\jvm.cpp:1304
Event: 2.595 Thread 0x00000000020c0800 Threw 0x00000000ebbcbe60 at C:\re\jdk7u79\2331\hotspot\src\share\vm\prims\jvm.cpp:1304
Event: 2.596 Thread 0x00000000020c0800 Threw 0x00000000ebbce1f8 at C:\re\jdk7u79\2331\hotspot\src\share\vm\prims\jvm.cpp:1304
Event: 2.606 Thread 0x000000000a67c000 Threw 0x00000000eb99c4c8 at C:\re\jdk7u79\2331\hotspot\src\share\vm\prims\jvm.cpp:1304
Event: 3.113 Thread 0x00000000020c0800 Implicit null exception at 0x000000000227ca9a to 0x000000000227d8f5

Events (10 events):
Event: 2.605 loading class 0x000000000a6fe9b0 done
Event: 2.838 Thread 0x000000000a67c000 Uncommon trap: trap_request=0xffffffde fr.pc=0x000000000223bbc8
Event: 2.838 Thread 0x000000000a67c000 DEOPT PACKING pc=0x000000000223bbc8 sp=0x000000000b28eaf0
Event: 2.838 Thread 0x000000000a67c000 DEOPT UNPACKING pc=0x00000000021f75a4 sp=0x000000000b28ea50 mode 2
Event: 3.113 Thread 0x00000000020c0800 Uncommon trap: trap_request=0xfffffff4 fr.pc=0x000000000227d924
Event: 3.113 Thread 0x00000000020c0800 DEOPT PACKING pc=0x000000000227d924 sp=0x000000000202e270
Event: 3.113 Thread 0x00000000020c0800 DEOPT UNPACKING pc=0x00000000021f75a4 sp=0x000000000202e188 mode 2
Event: 3.190 Thread 0x000000000a67c000 Uncommon trap: trap_request=0xffffffad fr.pc=0x000000000224eb04
Event: 3.190 Thread 0x000000000a67c000 DEOPT PACKING pc=0x000000000224eb04 sp=0x000000000b28e840
Event: 3.190 Thread 0x000000000a67c000 DEOPT UNPACKING pc=0x00000000021f75a4 sp=0x000000000b28e7e0 mode 2


Dynamic libraries:
0x00007ff70f950000 - 0x00007ff70f983000 	C:\Program Files\Java\jdk1.7.0_79\bin\java.exe
0x00007ff9f8a60000 - 0x00007ff9f8c0c000 	C:\WINDOWS\SYSTEM32\ntdll.dll
0x00007ff9f6770000 - 0x00007ff9f68ae000 	C:\WINDOWS\system32\KERNEL32.DLL
0x00007ff9f5f70000 - 0x00007ff9f6085000 	C:\WINDOWS\system32\KERNELBASE.dll
0x00007ff9f44a0000 - 0x00007ff9f452e000 	C:\WINDOWS\system32\apphelp.dll
0x00007ff9e6750000 - 0x00007ff9e67a3000 	C:\WINDOWS\AppPatch\AppPatch64\AcGenral.DLL
0x00007ff9f60e0000 - 0x00007ff9f618a000 	C:\WINDOWS\system32\msvcrt.dll
0x00007ff9f5980000 - 0x00007ff9f59ae000 	C:\WINDOWS\SYSTEM32\SspiCli.dll
0x00007ff9f85e0000 - 0x00007ff9f8634000 	C:\WINDOWS\system32\SHLWAPI.dll
0x00007ff9f8640000 - 0x00007ff9f87b7000 	C:\WINDOWS\system32\USER32.dll
0x00007ff9f6d10000 - 0x00007ff9f6ea4000 	C:\WINDOWS\system32\ole32.dll
0x00007ff9f70c0000 - 0x00007ff9f85d8000 	C:\WINDOWS\system32\SHELL32.dll
0x00007ff9f5150000 - 0x00007ff9f5171000 	C:\WINDOWS\SYSTEM32\USERENV.dll
0x00007ff9f7010000 - 0x00007ff9f70ba000 	C:\WINDOWS\system32\ADVAPI32.dll
0x00007ff9ec360000 - 0x00007ff9ec37e000 	C:\WINDOWS\SYSTEM32\MPR.dll
0x00007ff9f6230000 - 0x00007ff9f6371000 	C:\WINDOWS\system32\RPCRT4.dll
0x00007ff9f6920000 - 0x00007ff9f6979000 	C:\WINDOWS\SYSTEM32\sechost.dll
0x00007ff9f6990000 - 0x00007ff9f6ba1000 	C:\WINDOWS\SYSTEM32\combase.dll
0x00007ff9f6bb0000 - 0x00007ff9f6d01000 	C:\WINDOWS\system32\GDI32.dll
0x00007ff9f5bb0000 - 0x00007ff9f5bc5000 	C:\WINDOWS\SYSTEM32\profapi.dll
0x00007ff9f4180000 - 0x00007ff9f4232000 	C:\WINDOWS\SYSTEM32\SHCORE.dll
0x00007ff9f61f0000 - 0x00007ff9f6226000 	C:\WINDOWS\system32\IMM32.DLL
0x00007ff9f6eb0000 - 0x00007ff9f7002000 	C:\WINDOWS\system32\MSCTF.dll
0x00007ff9f3800000 - 0x00007ff9f3a7a000 	C:\WINDOWS\WinSxS\amd64_microsoft.windows.common-controls_6595b64144ccf1df_6.0.9600.17810_none_6240b9c7ecbd0bda\COMCTL32.dll
0x000000005b7b0000 - 0x000000005b882000 	C:\Program Files\Java\jdk1.7.0_79\jre\bin\msvcr100.dll
0x000000005bba0000 - 0x000000005c375000 	C:\Program Files\Java\jdk1.7.0_79\jre\bin\server\jvm.dll
0x00007ff9eb7d0000 - 0x00007ff9eb7d9000 	C:\WINDOWS\SYSTEM32\WSOCK32.dll
0x00007ff9f0ce0000 - 0x00007ff9f0d02000 	C:\WINDOWS\SYSTEM32\WINMM.dll
0x00007ff9f88a0000 - 0x00007ff9f88a7000 	C:\WINDOWS\system32\PSAPI.DLL
0x00007ff9f6190000 - 0x00007ff9f61ea000 	C:\WINDOWS\system32\WS2_32.dll
0x00007ff9f0cb0000 - 0x00007ff9f0cda000 	C:\WINDOWS\SYSTEM32\WINMMBASE.dll
0x00007ff9f64c0000 - 0x00007ff9f64c9000 	C:\WINDOWS\system32\NSI.dll
0x00007ff9f6090000 - 0x00007ff9f60df000 	C:\WINDOWS\SYSTEM32\cfgmgr32.dll
0x00007ff9f49b0000 - 0x00007ff9f49d8000 	C:\WINDOWS\SYSTEM32\DEVOBJ.dll
0x000000005bb90000 - 0x000000005bb9f000 	C:\Program Files\Java\jdk1.7.0_79\jre\bin\verify.dll
0x000000005bb60000 - 0x000000005bb88000 	C:\Program Files\Java\jdk1.7.0_79\jre\bin\java.dll
0x000000005bb40000 - 0x000000005bb55000 	C:\Program Files\Java\jdk1.7.0_79\jre\bin\zip.dll
0x000000005bb20000 - 0x000000005bb3a000 	C:\Program Files\Java\jdk1.7.0_79\jre\bin\net.dll
0x00007ff9f53c0000 - 0x00007ff9f5419000 	C:\WINDOWS\system32\mswsock.dll
0x000000005bb00000 - 0x000000005bb11000 	C:\Program Files\Java\jdk1.7.0_79\jre\bin\nio.dll

VM Arguments:
jvm_args: -Xmx1024M -Dfile.encoding=windows-1252 -Duser.country=AR -Duser.language=es -Duser.variant 
java_command: com.android.dx.command.Main --dex --num-threads=4 --output F:\Proyecto Transporte\Proyectos\AppBase\app\build\intermediates\pre-dexed\debug\classes-94187a7d567f9def56fdb2f6bf01c4e32a86808c.jar F:\Proyecto Transporte\Proyectos\AppBase\app\build\intermediates\exploded-aar\com.google.android.gms\play-services-location\7.5.0\jars\classes.jar
Launcher Type: SUN_STANDARD

Environment Variables:
PATH=C:\ProgramData\Oracle\Java\javapath;C:\Program Files (x86)\HP SimplePass\x64;C:\Program Files (x86)\HP SimplePass\;C:\Program Files (x86)\Intel\iCLS Client\;C:\Program Files\Intel\iCLS Client\;C:\WINDOWS\system32;C:\WINDOWS;C:\WINDOWS\System32\Wbem;C:\WINDOWS\System32\WindowsPowerShell\v1.0\;C:\Program Files (x86)\Intel\OpenCL SDK\2.0\bin\x86;C:\Program Files (x86)\Intel\OpenCL SDK\2.0\bin\x64;C:\Program Files\Intel\Intel(R) Management Engine Components\DAL;C:\Program Files\Intel\Intel(R) Management Engine Components\IPT;C:\Program Files (x86)\Intel\Intel(R) Management Engine Components\DAL;C:\Program Files (x86)\Intel\Intel(R) Management Engine Components\IPT;C:\Program Files\TortoiseSVN\bin;C:\Program Files (x86)\Skype\Phone\;C:\Program Files (x86)\Subversion\bin
USERNAME=soled_000
OS=Windows_NT
PROCESSOR_IDENTIFIER=Intel64 Family 6 Model 58 Stepping 9, GenuineIntel



---------------  S Y S T E M  ---------------

OS: Windows 8.1 , 64 bit Build 9600 

CPU:total 8 (4 cores per cpu, 2 threads per core) family 6 model 58 stepping 9, cmov, cx8, fxsr, mmx, sse, sse2, sse3, ssse3, sse4.1, sse4.2, popcnt, avx, aes, erms, ht, tsc, tscinvbit, tscinv

Memory: 4k page, physical 8280028k(2156956k free), swap 8280028k(5084k free)

vm_info: Java HotSpot(TM) 64-Bit Server VM (24.79-b02) for windows-amd64 JRE (1.7.0_79-b15), built on Apr 10 2015 12:36:16 by "java_re" with unknown MS VC++:1600

time: Fri Jun 26 15:20:35 2015
elapsed time: 3 seconds

