#
# There is insufficient memory for the Java Runtime Environment to continue.
# Native memory allocation (malloc) failed to allocate 1131136 bytes for Chunk::new
# Possible reasons:
#   The system is out of physical RAM or swap space
#   In 32 bit mode, the process size limit was hit
# Possible solutions:
#   Reduce memory load on the system
#   Increase physical memory or swap space
#   Check if swap backing store is full
#   Use 64 bit Java on a 64 bit OS
#   Decrease Java heap size (-Xmx/-Xms)
#   Decrease number of Java threads
#   Decrease Java thread stack sizes (-Xss)
#   Set larger code cache with -XX:ReservedCodeCacheSize=
# This output file may be truncated or incomplete.
#
#  Out of Memory Error (allocation.cpp:323), pid=120, tid=7488
#
# JRE version: Java(TM) SE Runtime Environment (7.0_79-b15) (build 1.7.0_79-b15)
# Java VM: Java HotSpot(TM) 64-Bit Server VM (24.79-b02 mixed mode windows-amd64 compressed oops)
# Failed to write core dump. Minidumps are not enabled by default on client versions of Windows
#

---------------  T H R E A D  ---------------

Current thread (0x0000000002a0f800):  JavaThread "C2 CompilerThread0" daemon [_thread_in_native, id=7488, stack(0x000000000b240000,0x000000000b340000)]

Stack: [0x000000000b240000,0x000000000b340000]
[error occurred during error reporting (printing stack bounds), id 0xc0000005]


Current CompileTask:
C2:   4145  249   !         com.android.dx.cf.code.Ropper::processBlock (1101 bytes)


---------------  P R O C E S S  ---------------

Java Threads: ( => current thread )
  0x000000000aed2800 JavaThread "pool-1-thread-4" [_thread_blocked, id=980, stack(0x000000000ba40000,0x000000000bb40000)]
  0x000000000aece000 JavaThread "pool-1-thread-3" [_thread_blocked, id=7728, stack(0x000000000b940000,0x000000000ba40000)]
  0x000000000aecd000 JavaThread "pool-1-thread-2" [_thread_blocked, id=1036, stack(0x000000000b840000,0x000000000b940000)]
  0x000000000aecc800 JavaThread "pool-2-thread-1" [_thread_in_vm_trans, id=7624, stack(0x000000000b740000,0x000000000b840000)]
  0x000000000aecb800 JavaThread "pool-1-thread-1" [_thread_blocked, id=432, stack(0x000000000b640000,0x000000000b740000)]
  0x0000000002a12000 JavaThread "Service Thread" daemon [_thread_blocked, id=6916, stack(0x000000000b440000,0x000000000b540000)]
  0x0000000002a11000 JavaThread "C2 CompilerThread1" daemon [_thread_in_native, id=7616, stack(0x000000000b340000,0x000000000b440000)]
=>0x0000000002a0f800 JavaThread "C2 CompilerThread0" daemon [_thread_in_native, id=7488, stack(0x000000000b240000,0x000000000b340000)]
  0x0000000002a0f000 JavaThread "Attach Listener" daemon [_thread_blocked, id=6744, stack(0x000000000b140000,0x000000000b240000)]
  0x0000000002a08000 JavaThread "Signal Dispatcher" daemon [_thread_blocked, id=6884, stack(0x000000000b040000,0x000000000b140000)]
  0x0000000008c5a000 JavaThread "Finalizer" daemon [_thread_blocked, id=4524, stack(0x000000000ab40000,0x000000000ac40000)]
  0x0000000008c59000 JavaThread "Reference Handler" daemon [_thread_blocked, id=7404, stack(0x000000000aa40000,0x000000000ab40000)]
  0x0000000002920800 JavaThread "main" [_thread_in_vm, id=3008, stack(0x0000000002750000,0x0000000002850000)]

Other Threads:
  0x0000000008c55800 VMThread [stack: 0x000000000a940000,0x000000000aa40000] [id=7852]
  0x0000000002a1e800 WatcherThread [stack: 0x000000000b540000,0x000000000b640000] [id=4660]

VM state:synchronizing (normal execution)

VM Mutex/Monitor currently owned by a thread:  ([mutex/lock_event])
[0x000000000291ccc0] Safepoint_lock - owner thread: 0x0000000008c55800
[0x000000000291c640] Threads_lock - owner thread: 0x0000000008c55800
[0x000000000291c6c0] Heap_lock - owner thread: 0x0000000002920800

Heap
 PSYoungGen      total 38400K, used 38390K [0x00000000eaa80000, 0x00000000ed500000, 0x0000000100000000)
  eden space 33280K, 100% used [0x00000000eaa80000,0x00000000ecb00000,0x00000000ecb00000)
  from space 5120K, 99% used [0x00000000ecb00000,0x00000000ecffdb60,0x00000000ed000000)
  to   space 5120K, 0% used [0x00000000ed000000,0x00000000ed000000,0x00000000ed500000)
 ParOldGen       total 86016K, used 1987K [0x00000000c0000000, 0x00000000c5400000, 0x00000000eaa80000)
  object space 86016K, 2% used [0x00000000c0000000,0x00000000c01f0e68,0x00000000c5400000)
 PSPermGen       total 21504K, used 5807K [0x00000000bae00000, 0x00000000bc300000, 0x00000000c0000000)
  object space 21504K, 27% used [0x00000000bae00000,0x00000000bb3abdf0,0x00000000bc300000)

Card table byte_map: [0x0000000005a20000,0x0000000005c50000] byte_map_base: 0x0000000005449000

Polling page: 0x0000000000db0000

Code Cache  [0x0000000002a20000, 0x0000000002c90000, 0x0000000005a20000)
 total_blobs=486 nmethods=249 adapters=189 free_code_cache=48114Kb largest_free_block=49237184

Compilation events (10 events):
Event: 3.904 Thread 0x0000000002a0f800 nmethod 244 0x0000000002b23b50 code [0x0000000002b23cc0, 0x0000000002b24078]
Event: 3.904 Thread 0x0000000002a0f800  245             com.android.dx.util.FixedSizeList::hashCode (8 bytes)
Event: 3.906 Thread 0x0000000002a0f800 nmethod 245 0x0000000002b25c90 code [0x0000000002b25de0, 0x0000000002b25f58]
Event: 3.906 Thread 0x0000000002a0f800  246             com.android.dx.rop.code.RegisterSpecSet::intersect (117 bytes)
Event: 3.916 Thread 0x0000000002a0f800 nmethod 246 0x0000000002b266d0 code [0x0000000002b26860, 0x0000000002b26ff0]
Event: 3.916 Thread 0x0000000002a0f800  247             com.android.dx.ssa.SsaBasicBlock::getCountPhiInsns (45 bytes)
Event: 3.920 Thread 0x0000000002a0f800 nmethod 247 0x0000000002b27a50 code [0x0000000002b27ba0, 0x0000000002b27d98]
Event: 3.920 Thread 0x0000000002a0f800  248             com.android.dx.rop.type.Prototype::makeParameterArray (131 bytes)
Event: 3.928 Thread 0x0000000002a0f800 nmethod 248 0x0000000002b09b90 code [0x0000000002b09ce0, 0x0000000002b0a0f8]
Event: 3.928 Thread 0x0000000002a0f800  249   !         com.android.dx.cf.code.Ropper::processBlock (1101 bytes)

GC Heap History (2 events):
Event: 2.419 GC heap before
{Heap before GC invocations=1 (full 0):
 PSYoungGen      total 38400K, used 33280K [0x00000000eaa80000, 0x00000000ed500000, 0x0000000100000000)
  eden space 33280K, 100% used [0x00000000eaa80000,0x00000000ecb00000,0x00000000ecb00000)
  from space 5120K, 0% used [0x00000000ed000000,0x00000000ed000000,0x00000000ed500000)
  to   space 5120K, 0% used [0x00000000ecb00000,0x00000000ecb00000,0x00000000ed000000)
 ParOldGen       total 86016K, used 0K [0x00000000c0000000, 0x00000000c5400000, 0x00000000eaa80000)
  object space 86016K, 0% used [0x00000000c0000000,0x00000000c0000000,0x00000000c5400000)
 PSPermGen       total 21504K, used 5736K [0x00000000bae00000, 0x00000000bc300000, 0x00000000c0000000)
  object space 21504K, 26% used [0x00000000bae00000,0x00000000bb39a0f8,0x00000000bc300000)
Event: 3.014 GC heap after
Heap after GC invocations=1 (full 0):
 PSYoungGen      total 38400K, used 5110K [0x00000000eaa80000, 0x00000000ed500000, 0x0000000100000000)
  eden space 33280K, 0% used [0x00000000eaa80000,0x00000000eaa80000,0x00000000ecb00000)
  from space 5120K, 99% used [0x00000000ecb00000,0x00000000ecffdb60,0x00000000ed000000)
  to   space 5120K, 0% used [0x00000000ed000000,0x00000000ed000000,0x00000000ed500000)
 ParOldGen       total 86016K, used 1987K [0x00000000c0000000, 0x00000000c5400000, 0x00000000eaa80000)
  object space 86016K, 2% used [0x00000000c0000000,0x00000000c01f0e68,0x00000000c5400000)
 PSPermGen       total 21504K, used 5736K [0x00000000bae00000, 0x00000000bc300000, 0x00000000c0000000)
  object space 21504K, 26% used [0x00000000bae00000,0x00000000bb39a0f8,0x00000000bc300000)
}

Deoptimization events (10 events):
Event: 1.079 Thread 0x0000000002920800 Uncommon trap: reason=class_check action=maybe_recompile pc=0x0000000002a96b34 method=com.android.dx.ssa.NormalSsaInsn.accept(Lcom/android/dx/ssa/SsaInsn$Visitor;)V @ 9
Event: 1.079 Thread 0x0000000002920800 Uncommon trap: reason=class_check action=maybe_recompile pc=0x0000000002a96b34 method=com.android.dx.ssa.NormalSsaInsn.accept(Lcom/android/dx/ssa/SsaInsn$Visitor;)V @ 9
Event: 1.079 Thread 0x0000000002920800 Uncommon trap: reason=class_check action=maybe_recompile pc=0x0000000002a96b34 method=com.android.dx.ssa.NormalSsaInsn.accept(Lcom/android/dx/ssa/SsaInsn$Visitor;)V @ 9
Event: 1.080 Thread 0x0000000002920800 Uncommon trap: reason=class_check action=maybe_recompile pc=0x0000000002a96b34 method=com.android.dx.ssa.NormalSsaInsn.accept(Lcom/android/dx/ssa/SsaInsn$Visitor;)V @ 9
Event: 1.855 Thread 0x0000000002920800 Uncommon trap: reason=null_check action=make_not_entrant pc=0x0000000002ab3350 method=com.android.dx.rop.type.Type.equals(Ljava/lang/Object;)Z @ 8
Event: 1.895 Thread 0x0000000002920800 Uncommon trap: reason=null_check action=make_not_entrant pc=0x0000000002aad904 method=com.android.dx.ssa.SsaRenamer.getLocalForNewReg(I)Lcom/android/dx/rop/code/LocalItem; @ 19
Event: 3.200 Thread 0x000000000aecb800 Uncommon trap: reason=unreached action=reinterpret pc=0x0000000002aa8984 method=com.android.dx.rop.cst.Constant.compareTo(Lcom/android/dx/rop/cst/Constant;)I @ 12
Event: 3.298 Thread 0x000000000aece000 Uncommon trap: reason=class_check action=maybe_recompile pc=0x0000000002aeaaf8 method=java.util.HashMap.put(Ljava/lang/Object;Ljava/lang/Object;)Ljava/lang/Object; @ 83
Event: 3.304 Thread 0x000000000aece000 Uncommon trap: reason=class_check action=maybe_recompile pc=0x0000000002aeaaf8 method=java.util.HashMap.put(Ljava/lang/Object;Ljava/lang/Object;)Ljava/lang/Object; @ 83
Event: 3.351 Thread 0x0000000002920800 Uncommon trap: reason=null_check action=make_not_entrant pc=0x0000000002b07524 method=com.android.dx.rop.type.Type.putIntern(Lcom/android/dx/rop/type/Type;)Lcom/android/dx/rop/type/Type; @ 18

Internal exceptions (10 events):
Event: 0.637 Thread 0x000000000aecd000 Threw 0x00000000eb484050 at C:\re\jdk7u79\2331\hotspot\src\share\vm\prims\jvm.cpp:1304
Event: 0.646 Thread 0x0000000002920800 Threw 0x00000000eb5e4140 at C:\re\jdk7u79\2331\hotspot\src\share\vm\prims\jvm.cpp:1304
Event: 0.761 Thread 0x000000000aece000 Threw 0x00000000eb583968 at C:\re\jdk7u79\2331\hotspot\src\share\vm\prims\jvm.cpp:1304
Event: 1.733 Thread 0x0000000002920800 Threw 0x00000000eb996fb8 at C:\re\jdk7u79\2331\hotspot\src\share\vm\prims\jvm.cpp:1304
Event: 1.855 Thread 0x0000000002920800 Implicit null exception at 0x0000000002ab3252 to 0x0000000002ab3342
Event: 1.895 Thread 0x0000000002920800 Implicit null exception at 0x0000000002aacf18 to 0x0000000002aad8e9
Event: 1.936 Thread 0x000000000aecd000 Threw 0x00000000ec36fa58 at C:\re\jdk7u79\2331\hotspot\src\share\vm\prims\jvm.cpp:1304
Event: 2.196 Thread 0x000000000aece000 Threw 0x00000000eca5b2b8 at C:\re\jdk7u79\2331\hotspot\src\share\vm\prims\jvm.cpp:1304
Event: 3.045 Thread 0x0000000002920800 Threw 0x00000000eaac6c50 at C:\re\jdk7u79\2331\hotspot\src\share\vm\prims\jvm.cpp:1304
Event: 3.351 Thread 0x0000000002920800 Implicit null exception at 0x0000000002b06e33 to 0x0000000002b07515

Events (10 events):
Event: 3.298 Thread 0x000000000aece000 DEOPT PACKING pc=0x0000000002aeaaf8 sp=0x000000000ba3e670
Event: 3.298 Thread 0x000000000aece000 DEOPT UNPACKING pc=0x0000000002a575a4 sp=0x000000000ba3e618 mode 2
Event: 3.304 Thread 0x000000000aece000 Uncommon trap: trap_request=0xffffffde fr.pc=0x0000000002aeaaf8
Event: 3.304 Thread 0x000000000aece000 DEOPT PACKING pc=0x0000000002aeaaf8 sp=0x000000000ba3e670
Event: 3.304 Thread 0x000000000aece000 DEOPT UNPACKING pc=0x0000000002a575a4 sp=0x000000000ba3e618 mode 2
Event: 3.351 Thread 0x0000000002920800 Uncommon trap: trap_request=0xfffffff4 fr.pc=0x0000000002b07524
Event: 3.351 Thread 0x0000000002920800 DEOPT PACKING pc=0x0000000002b07524 sp=0x000000000284e840
Event: 3.351 Thread 0x0000000002920800 DEOPT UNPACKING pc=0x0000000002a575a4 sp=0x000000000284e760 mode 2
Event: 4.131 Executing VM operation: EnableBiasedLocking
Event: 4.134 Executing VM operation: EnableBiasedLocking done


Dynamic libraries:
0x00007ff70f950000 - 0x00007ff70f983000 	C:\Program Files\Java\jdk1.7.0_79\bin\java.exe
0x00007ff9f8a60000 - 0x00007ff9f8c0c000 	C:\WINDOWS\SYSTEM32\ntdll.dll
0x00007ff9f6770000 - 0x00007ff9f68ae000 	C:\WINDOWS\system32\KERNEL32.DLL
0x00007ff9f5f70000 - 0x00007ff9f6085000 	C:\WINDOWS\system32\KERNELBASE.dll
0x00007ff9f44a0000 - 0x00007ff9f452e000 	C:\WINDOWS\system32\apphelp.dll
0x00007ff9e6750000 - 0x00007ff9e67a3000 	C:\WINDOWS\AppPatch\AppPatch64\AcGenral.DLL
0x00007ff9f60e0000 - 0x00007ff9f618a000 	C:\WINDOWS\system32\msvcrt.dll
0x00007ff9f5980000 - 0x00007ff9f59ae000 	C:\WINDOWS\SYSTEM32\SspiCli.dll
0x00007ff9f85e0000 - 0x00007ff9f8634000 	C:\WINDOWS\system32\SHLWAPI.dll
0x00007ff9f8640000 - 0x00007ff9f87b7000 	C:\WINDOWS\system32\USER32.dll
0x00007ff9f6d10000 - 0x00007ff9f6ea4000 	C:\WINDOWS\system32\ole32.dll
0x00007ff9f70c0000 - 0x00007ff9f85d8000 	C:\WINDOWS\system32\SHELL32.dll
0x00007ff9f5150000 - 0x00007ff9f5171000 	C:\WINDOWS\SYSTEM32\USERENV.dll
0x00007ff9f7010000 - 0x00007ff9f70ba000 	C:\WINDOWS\system32\ADVAPI32.dll
0x00007ff9ec360000 - 0x00007ff9ec37e000 	C:\WINDOWS\SYSTEM32\MPR.dll
0x00007ff9f6230000 - 0x00007ff9f6371000 	C:\WINDOWS\system32\RPCRT4.dll
0x00007ff9f6920000 - 0x00007ff9f6979000 	C:\WINDOWS\SYSTEM32\sechost.dll
0x00007ff9f6990000 - 0x00007ff9f6ba1000 	C:\WINDOWS\SYSTEM32\combase.dll
0x00007ff9f6bb0000 - 0x00007ff9f6d01000 	C:\WINDOWS\system32\GDI32.dll
0x00007ff9f5bb0000 - 0x00007ff9f5bc5000 	C:\WINDOWS\SYSTEM32\profapi.dll
0x00007ff9f4180000 - 0x00007ff9f4232000 	C:\WINDOWS\SYSTEM32\SHCORE.dll
0x00007ff9f61f0000 - 0x00007ff9f6226000 	C:\WINDOWS\system32\IMM32.DLL
0x00007ff9f6eb0000 - 0x00007ff9f7002000 	C:\WINDOWS\system32\MSCTF.dll
0x00007ff9f3800000 - 0x00007ff9f3a7a000 	C:\WINDOWS\WinSxS\amd64_microsoft.windows.common-controls_6595b64144ccf1df_6.0.9600.17810_none_6240b9c7ecbd0bda\COMCTL32.dll
0x000000005b7b0000 - 0x000000005b882000 	C:\Program Files\Java\jdk1.7.0_79\jre\bin\msvcr100.dll
0x000000005bba0000 - 0x000000005c375000 	C:\Program Files\Java\jdk1.7.0_79\jre\bin\server\jvm.dll
0x00007ff9eb7d0000 - 0x00007ff9eb7d9000 	C:\WINDOWS\SYSTEM32\WSOCK32.dll
0x00007ff9f0ce0000 - 0x00007ff9f0d02000 	C:\WINDOWS\SYSTEM32\WINMM.dll
0x00007ff9f88a0000 - 0x00007ff9f88a7000 	C:\WINDOWS\system32\PSAPI.DLL
0x00007ff9f6190000 - 0x00007ff9f61ea000 	C:\WINDOWS\system32\WS2_32.dll
0x00007ff9f0cb0000 - 0x00007ff9f0cda000 	C:\WINDOWS\SYSTEM32\WINMMBASE.dll
0x00007ff9f64c0000 - 0x00007ff9f64c9000 	C:\WINDOWS\system32\NSI.dll
0x00007ff9f6090000 - 0x00007ff9f60df000 	C:\WINDOWS\SYSTEM32\cfgmgr32.dll
0x00007ff9f49b0000 - 0x00007ff9f49d8000 	C:\WINDOWS\SYSTEM32\DEVOBJ.dll
0x000000005bb90000 - 0x000000005bb9f000 	C:\Program Files\Java\jdk1.7.0_79\jre\bin\verify.dll
0x000000005bb60000 - 0x000000005bb88000 	C:\Program Files\Java\jdk1.7.0_79\jre\bin\java.dll
0x000000005bb40000 - 0x000000005bb55000 	C:\Program Files\Java\jdk1.7.0_79\jre\bin\zip.dll
0x000000005bb20000 - 0x000000005bb3a000 	C:\Program Files\Java\jdk1.7.0_79\jre\bin\net.dll
0x00007ff9f53c0000 - 0x00007ff9f5419000 	C:\WINDOWS\system32\mswsock.dll
0x000000005bb00000 - 0x000000005bb11000 	C:\Program Files\Java\jdk1.7.0_79\jre\bin\nio.dll

VM Arguments:
jvm_args: -Xmx1024M -Dfile.encoding=windows-1252 -Duser.country=AR -Duser.language=es -Duser.variant 
java_command: com.android.dx.command.Main --dex --num-threads=4 --output F:\Proyecto Transporte\Proyectos\AppBase\app\build\intermediates\pre-dexed\debug\classes-fbd93e910136b5b862dee3d44e0dbe0d2a9a8f4d.jar F:\Proyecto Transporte\Proyectos\AppBase\app\build\intermediates\exploded-aar\io.fabric.sdk.android\fabric\1.1.0\jars\classes.jar
Launcher Type: SUN_STANDARD

Environment Variables:
PATH=C:\ProgramData\Oracle\Java\javapath;C:\Program Files (x86)\HP SimplePass\x64;C:\Program Files (x86)\HP SimplePass\;C:\Program Files (x86)\Intel\iCLS Client\;C:\Program Files\Intel\iCLS Client\;C:\WINDOWS\system32;C:\WINDOWS;C:\WINDOWS\System32\Wbem;C:\WINDOWS\System32\WindowsPowerShell\v1.0\;C:\Program Files (x86)\Intel\OpenCL SDK\2.0\bin\x86;C:\Program Files (x86)\Intel\OpenCL SDK\2.0\bin\x64;C:\Program Files\Intel\Intel(R) Management Engine Components\DAL;C:\Program Files\Intel\Intel(R) Management Engine Components\IPT;C:\Program Files (x86)\Intel\Intel(R) Management Engine Components\DAL;C:\Program Files (x86)\Intel\Intel(R) Management Engine Components\IPT;C:\Program Files\TortoiseSVN\bin;C:\Program Files (x86)\Skype\Phone\;C:\Program Files (x86)\Subversion\bin
USERNAME=soled_000
OS=Windows_NT
PROCESSOR_IDENTIFIER=Intel64 Family 6 Model 58 Stepping 9, GenuineIntel



---------------  S Y S T E M  ---------------

OS: Windows 8.1 , 64 bit Build 9600 

CPU:total 8 (4 cores per cpu, 2 threads per core) family 6 model 58 stepping 9, cmov, cx8, fxsr, mmx, sse, sse2, sse3, ssse3, sse4.1, sse4.2, popcnt, avx, aes, erms, ht, tsc, tscinvbit, tscinv

Memory: 4k page, physical 8280028k(2242352k free), swap 8280028k(5588k free)

vm_info: Java HotSpot(TM) 64-Bit Server VM (24.79-b02) for windows-amd64 JRE (1.7.0_79-b15), built on Apr 10 2015 12:36:16 by "java_re" with unknown MS VC++:1600

time: Fri Jun 26 11:03:19 2015
elapsed time: 4 seconds

