#
# There is insufficient memory for the Java Runtime Environment to continue.
# Native memory allocation (malloc) failed to allocate 343216 bytes for Chunk::new
# Possible reasons:
#   The system is out of physical RAM or swap space
#   In 32 bit mode, the process size limit was hit
# Possible solutions:
#   Reduce memory load on the system
#   Increase physical memory or swap space
#   Check if swap backing store is full
#   Use 64 bit Java on a 64 bit OS
#   Decrease Java heap size (-Xmx/-Xms)
#   Decrease number of Java threads
#   Decrease Java thread stack sizes (-Xss)
#   Set larger code cache with -XX:ReservedCodeCacheSize=
# This output file may be truncated or incomplete.
#
#  Out of Memory Error (allocation.cpp:323), pid=560, tid=2976
#
# JRE version: Java(TM) SE Runtime Environment (7.0_79-b15) (build 1.7.0_79-b15)
# Java VM: Java HotSpot(TM) 64-Bit Server VM (24.79-b02 mixed mode windows-amd64 compressed oops)
# Failed to write core dump. Minidumps are not enabled by default on client versions of Windows
#

---------------  T H R E A D  ---------------

Current thread (0x0000000002d53000):  JavaThread "C2 CompilerThread1" daemon [_thread_in_native, id=2976, stack(0x000000000b790000,0x000000000b890000)]

Stack: [0x000000000b790000,0x000000000b890000]
[error occurred during error reporting (printing stack bounds), id 0xc0000005]


Current CompileTask:
C2:   4299  385             com.android.dx.ssa.ConstCollector::updateConstUses (248 bytes)


---------------  P R O C E S S  ---------------

Java Threads: ( => current thread )
  0x000000000b274800 JavaThread "pool-1-thread-4" [_thread_in_Java, id=3596, stack(0x000000000be90000,0x000000000bf90000)]
  0x000000000b274000 JavaThread "pool-1-thread-3" [_thread_in_Java, id=7268, stack(0x000000000bd90000,0x000000000be90000)]
  0x000000000b273000 JavaThread "pool-1-thread-2" [_thread_in_Java, id=3584, stack(0x000000000bc90000,0x000000000bd90000)]
  0x000000000b2fb800 JavaThread "pool-2-thread-1" [_thread_blocked, id=2692, stack(0x000000000bb90000,0x000000000bc90000)]
  0x000000000b2fb000 JavaThread "pool-1-thread-1" [_thread_in_Java, id=6872, stack(0x000000000ba90000,0x000000000bb90000)]
  0x0000000002d5d800 JavaThread "Service Thread" daemon [_thread_blocked, id=3632, stack(0x000000000b890000,0x000000000b990000)]
=>0x0000000002d53000 JavaThread "C2 CompilerThread1" daemon [_thread_in_native, id=2976, stack(0x000000000b790000,0x000000000b890000)]
  0x0000000002d51800 JavaThread "C2 CompilerThread0" daemon [_thread_in_native, id=3056, stack(0x000000000b690000,0x000000000b790000)]
  0x0000000002d4d000 JavaThread "Attach Listener" daemon [_thread_blocked, id=5224, stack(0x000000000b590000,0x000000000b690000)]
  0x000000000b0b1000 JavaThread "Signal Dispatcher" daemon [_thread_blocked, id=6568, stack(0x000000000b490000,0x000000000b590000)]
  0x0000000009080000 JavaThread "Finalizer" daemon [_thread_blocked, id=2752, stack(0x000000000af90000,0x000000000b090000)]
  0x0000000009079000 JavaThread "Reference Handler" daemon [_thread_blocked, id=1572, stack(0x000000000ae90000,0x000000000af90000)]
  0x0000000002c60800 JavaThread "main" [_thread_in_Java, id=8076, stack(0x0000000002b60000,0x0000000002c60000)]

Other Threads:
  0x0000000009075800 VMThread [stack: 0x000000000ad90000,0x000000000ae90000] [id=3208]
  0x000000000b0bd000 WatcherThread [stack: 0x000000000b990000,0x000000000ba90000] [id=7444]

VM state:not at safepoint (normal execution)

VM Mutex/Monitor currently owned by a thread: None

Heap
 PSYoungGen      total 38400K, used 33871K [0x00000000eaa80000, 0x00000000ed500000, 0x0000000100000000)
  eden space 33280K, 86% used [0x00000000eaa80000,0x00000000ec697aa8,0x00000000ecb00000)
  from space 5120K, 99% used [0x00000000ed000000,0x00000000ed4fc188,0x00000000ed500000)
  to   space 5120K, 0% used [0x00000000ecb00000,0x00000000ecb00000,0x00000000ed000000)
 ParOldGen       total 86016K, used 7269K [0x00000000c0000000, 0x00000000c5400000, 0x00000000eaa80000)
  object space 86016K, 8% used [0x00000000c0000000,0x00000000c0719780,0x00000000c5400000)
 PSPermGen       total 21504K, used 5806K [0x00000000bae00000, 0x00000000bc300000, 0x00000000c0000000)
  object space 21504K, 27% used [0x00000000bae00000,0x00000000bb3ab900,0x00000000bc300000)

Card table byte_map: [0x0000000005e20000,0x0000000006050000] byte_map_base: 0x0000000005849000

Polling page: 0x0000000001360000

Code Cache  [0x0000000002d60000, 0x0000000002fd0000, 0x0000000005d60000)
 total_blobs=625 nmethods=388 adapters=189 free_code_cache=47447Kb largest_free_block=48556544

Compilation events (10 events):
Event: 4.190 Thread 0x0000000002d51800 nmethod 378 0x0000000002ddd510 code [0x0000000002ddd660, 0x0000000002ddd748]
Event: 4.190 Thread 0x0000000002d51800  381             com.android.dx.ssa.SsaConverter::edgeSplitPredecessors (44 bytes)
Event: 4.196 Thread 0x0000000002d51800 nmethod 381 0x0000000002f08f90 code [0x0000000002f090e0, 0x0000000002f093a8]
Event: 4.196 Thread 0x0000000002d51800  382             com.android.dx.dex.code.RopTranslator$TranslationVisitor::addOutput (9 bytes)
Event: 4.196 Thread 0x0000000002d51800 nmethod 382 0x0000000002f096d0 code [0x0000000002f09820, 0x0000000002f098a8]
Event: 4.196 Thread 0x0000000002d51800  383             com.android.dx.ssa.ConstCollector::getConstsSortedByCountUse (386 bytes)
Event: 4.216 Thread 0x0000000002d53000 nmethod 380 0x0000000002f0b0d0 code [0x0000000002f0b2c0, 0x0000000002f0c008]
Event: 4.216 Thread 0x0000000002d53000  384             com.android.dx.cf.attrib.AttCode::getCatches (5 bytes)
Event: 4.216 Thread 0x0000000002d53000 nmethod 384 0x0000000002ddd2d0 code [0x0000000002ddd400, 0x0000000002ddd458]
Event: 4.216 Thread 0x0000000002d53000  385             com.android.dx.ssa.ConstCollector::updateConstUses (248 bytes)

GC Heap History (4 events):
Event: 1.665 GC heap before
{Heap before GC invocations=1 (full 0):
 PSYoungGen      total 38400K, used 33280K [0x00000000eaa80000, 0x00000000ed500000, 0x0000000100000000)
  eden space 33280K, 100% used [0x00000000eaa80000,0x00000000ecb00000,0x00000000ecb00000)
  from space 5120K, 0% used [0x00000000ed000000,0x00000000ed000000,0x00000000ed500000)
  to   space 5120K, 0% used [0x00000000ecb00000,0x00000000ecb00000,0x00000000ed000000)
 ParOldGen       total 86016K, used 0K [0x00000000c0000000, 0x00000000c5400000, 0x00000000eaa80000)
  object space 86016K, 0% used [0x00000000c0000000,0x00000000c0000000,0x00000000c5400000)
 PSPermGen       total 21504K, used 5724K [0x00000000bae00000, 0x00000000bc300000, 0x00000000c0000000)
  object space 21504K, 26% used [0x00000000bae00000,0x00000000bb397300,0x00000000bc300000)
Event: 2.049 GC heap after
Heap after GC invocations=1 (full 0):
 PSYoungGen      total 38400K, used 5114K [0x00000000eaa80000, 0x00000000ed500000, 0x0000000100000000)
  eden space 33280K, 0% used [0x00000000eaa80000,0x00000000eaa80000,0x00000000ecb00000)
  from space 5120K, 99% used [0x00000000ecb00000,0x00000000ecffeaa8,0x00000000ed000000)
  to   space 5120K, 0% used [0x00000000ed000000,0x00000000ed000000,0x00000000ed500000)
 ParOldGen       total 86016K, used 1688K [0x00000000c0000000, 0x00000000c5400000, 0x00000000eaa80000)
  object space 86016K, 1% used [0x00000000c0000000,0x00000000c01a6210,0x00000000c5400000)
 PSPermGen       total 21504K, used 5724K [0x00000000bae00000, 0x00000000bc300000, 0x00000000c0000000)
  object space 21504K, 26% used [0x00000000bae00000,0x00000000bb397300,0x00000000bc300000)
}
Event: 4.172 GC heap before
{Heap before GC invocations=2 (full 0):
 PSYoungGen      total 38400K, used 38394K [0x00000000eaa80000, 0x00000000ed500000, 0x0000000100000000)
  eden space 33280K, 100% used [0x00000000eaa80000,0x00000000ecb00000,0x00000000ecb00000)
  from space 5120K, 99% used [0x00000000ecb00000,0x00000000ecffeaa8,0x00000000ed000000)
  to   space 5120K, 0% used [0x00000000ed000000,0x00000000ed000000,0x00000000ed500000)
 ParOldGen       total 86016K, used 1688K [0x00000000c0000000, 0x00000000c5400000, 0x00000000eaa80000)
  object space 86016K, 1% used [0x00000000c0000000,0x00000000c01a6210,0x00000000c5400000)
 PSPermGen       total 21504K, used 5787K [0x00000000bae00000, 0x00000000bc300000, 0x00000000c0000000)
  object space 21504K, 26% used [0x00000000bae00000,0x00000000bb3a6ca8,0x00000000bc300000)
Event: 4.186 GC heap after
Heap after GC invocations=2 (full 0):
 PSYoungGen      total 38400K, used 5104K [0x00000000eaa80000, 0x00000000ed500000, 0x0000000100000000)
  eden space 33280K, 0% used [0x00000000eaa80000,0x00000000eaa80000,0x00000000ecb00000)
  from space 5120K, 99% used [0x00000000ed000000,0x00000000ed4fc188,0x00000000ed500000)
  to   space 5120K, 0% used [0x00000000ecb00000,0x00000000ecb00000,0x00000000ed000000)
 ParOldGen       total 86016K, used 7269K [0x00000000c0000000, 0x00000000c5400000, 0x00000000eaa80000)
  object space 86016K, 8% used [0x00000000c0000000,0x00000000c0719780,0x00000000c5400000)
 PSPermGen       total 21504K, used 5787K [0x00000000bae00000, 0x00000000bc300000, 0x00000000c0000000)
  object space 21504K, 26% used [0x00000000bae00000,0x00000000bb3a6ca8,0x00000000bc300000)
}

Deoptimization events (10 events):
Event: 0.765 Thread 0x000000000b273000 Uncommon trap: reason=null_check action=make_not_entrant pc=0x0000000002ddd9a4 method=com.android.dx.rop.code.LocalItem.equals(Ljava/lang/Object;)Z @ 1
Event: 1.046 Thread 0x000000000b274000 Uncommon trap: reason=unreached action=reinterpret pc=0x0000000002de50c4 method=com.android.dx.rop.cst.Constant.compareTo(Lcom/android/dx/rop/cst/Constant;)I @ 12
Event: 1.476 Thread 0x000000000b274000 Uncommon trap: reason=null_check action=make_not_entrant pc=0x0000000002e35928 method=com.android.dx.rop.code.RegisterSpec.equals(Ljava/lang/Object;)Z @ 1
Event: 2.080 Thread 0x000000000b2fb000 Uncommon trap: reason=unreached action=reinterpret pc=0x0000000002e095f8 method=com.android.dx.ssa.SsaConverter.placePhiFunctions(Lcom/android/dx/ssa/SsaMethod;Lcom/android/dx/ssa/LocalVariableInfo;I)V @ 327
Event: 2.081 Thread 0x000000000b2fb000 Uncommon trap: reason=unloaded action=reinterpret pc=0x0000000002e1a384 method=com.android.dx.ssa.SsaRenamer$BlockRenamer.visitMoveInsn(Lcom/android/dx/ssa/NormalSsaInsn;)V @ 208
Event: 2.286 Thread 0x0000000002c60800 Uncommon trap: reason=null_check action=make_not_entrant pc=0x0000000002e5f09c method=com.android.dx.cf.code.Ropper$CatchInfo.getSetup(Lcom/android/dx/rop/type/Type;)Lcom/android/dx/cf/code/Ropper$ExceptionHandlerSetup; @ 10
Event: 2.567 Thread 0x0000000002c60800 Uncommon trap: reason=null_check action=make_not_entrant pc=0x0000000002e58068 method=com.android.dx.rop.type.Type.putIntern(Lcom/android/dx/rop/type/Type;)Lcom/android/dx/rop/type/Type; @ 18
Event: 4.134 Thread 0x000000000b2fb000 Uncommon trap: reason=null_check action=make_not_entrant pc=0x0000000002f032e0 method=com.android.dx.dex.file.MethodIdsSection.intern(Lcom/android/dx/rop/cst/CstBaseMethodRef;)Lcom/android/dx/dex/file/MethodIdItem; @ 26
Event: 4.166 Thread 0x000000000b274000 Uncommon trap: reason=null_check action=make_not_entrant pc=0x0000000002df4790 method=com.android.dx.rop.type.Type.equals(Ljava/lang/Object;)Z @ 8
Event: 4.167 Thread 0x000000000b274000 Uncommon trap: reason=unreached action=reinterpret pc=0x0000000002ec4b88 method=com.android.dx.cf.code.Merger.mergeType(Lcom/android/dx/rop/type/TypeBearer;Lcom/android/dx/rop/type/TypeBearer;)Lcom/android/dx/rop/type/TypeBearer; @ 15

Internal exceptions (10 events):
Event: 0.765 Thread 0x000000000b273000 Implicit null exception at 0x0000000002ddd631 to 0x0000000002ddd989
Event: 0.952 Thread 0x0000000002c60800 Threw 0x00000000eba9a638 at C:\re\jdk7u79\2331\hotspot\src\share\vm\prims\jvm.cpp:1304
Event: 0.978 Thread 0x0000000002c60800 Threw 0x00000000ebcd5cc0 at C:\re\jdk7u79\2331\hotspot\src\share\vm\prims\jvm.cpp:1304
Event: 0.980 Thread 0x0000000002c60800 Threw 0x00000000ebcdfc70 at C:\re\jdk7u79\2331\hotspot\src\share\vm\prims\jvm.cpp:1304
Event: 0.981 Thread 0x0000000002c60800 Threw 0x00000000ebce2108 at C:\re\jdk7u79\2331\hotspot\src\share\vm\prims\jvm.cpp:1304
Event: 1.476 Thread 0x000000000b274000 Implicit null exception at 0x0000000002e34a66 to 0x0000000002e358e1
Event: 2.286 Thread 0x0000000002c60800 Implicit null exception at 0x0000000002e5d1d0 to 0x0000000002e5f091
Event: 2.567 Thread 0x0000000002c60800 Implicit null exception at 0x0000000002e57977 to 0x0000000002e58059
Event: 4.134 Thread 0x000000000b2fb000 Implicit null exception at 0x0000000002f0296c to 0x0000000002f032d1
Event: 4.166 Thread 0x000000000b274000 Implicit null exception at 0x0000000002df4692 to 0x0000000002df4782

Events (10 events):
Event: 4.189 Executing VM operation: RevokeBias
Event: 4.189 Executing VM operation: RevokeBias done
Event: 4.189 Executing VM operation: RevokeBias
Event: 4.189 Executing VM operation: RevokeBias done
Event: 4.189 Executing VM operation: RevokeBias
Event: 4.189 Executing VM operation: RevokeBias done
Event: 4.189 Executing VM operation: RevokeBias
Event: 4.189 Executing VM operation: RevokeBias done
Event: 4.189 Executing VM operation: BulkRevokeBias
Event: 4.189 Executing VM operation: BulkRevokeBias done


Dynamic libraries:
0x00007ff70f950000 - 0x00007ff70f983000 	C:\Program Files\Java\jdk1.7.0_79\bin\java.exe
0x00007ff9f8a60000 - 0x00007ff9f8c0c000 	C:\WINDOWS\SYSTEM32\ntdll.dll
0x00007ff9f6770000 - 0x00007ff9f68ae000 	C:\WINDOWS\system32\KERNEL32.DLL
0x00007ff9f5f70000 - 0x00007ff9f6085000 	C:\WINDOWS\system32\KERNELBASE.dll
0x00007ff9f44a0000 - 0x00007ff9f452e000 	C:\WINDOWS\system32\apphelp.dll
0x00007ff9e6750000 - 0x00007ff9e67a3000 	C:\WINDOWS\AppPatch\AppPatch64\AcGenral.DLL
0x00007ff9f60e0000 - 0x00007ff9f618a000 	C:\WINDOWS\system32\msvcrt.dll
0x00007ff9f5980000 - 0x00007ff9f59ae000 	C:\WINDOWS\SYSTEM32\SspiCli.dll
0x00007ff9f85e0000 - 0x00007ff9f8634000 	C:\WINDOWS\system32\SHLWAPI.dll
0x00007ff9f8640000 - 0x00007ff9f87b7000 	C:\WINDOWS\system32\USER32.dll
0x00007ff9f6d10000 - 0x00007ff9f6ea4000 	C:\WINDOWS\system32\ole32.dll
0x00007ff9f70c0000 - 0x00007ff9f85d8000 	C:\WINDOWS\system32\SHELL32.dll
0x00007ff9f5150000 - 0x00007ff9f5171000 	C:\WINDOWS\SYSTEM32\USERENV.dll
0x00007ff9f7010000 - 0x00007ff9f70ba000 	C:\WINDOWS\system32\ADVAPI32.dll
0x00007ff9ec360000 - 0x00007ff9ec37e000 	C:\WINDOWS\SYSTEM32\MPR.dll
0x00007ff9f6230000 - 0x00007ff9f6371000 	C:\WINDOWS\system32\RPCRT4.dll
0x00007ff9f6920000 - 0x00007ff9f6979000 	C:\WINDOWS\SYSTEM32\sechost.dll
0x00007ff9f6990000 - 0x00007ff9f6ba1000 	C:\WINDOWS\SYSTEM32\combase.dll
0x00007ff9f6bb0000 - 0x00007ff9f6d01000 	C:\WINDOWS\system32\GDI32.dll
0x00007ff9f5bb0000 - 0x00007ff9f5bc5000 	C:\WINDOWS\SYSTEM32\profapi.dll
0x00007ff9f4180000 - 0x00007ff9f4232000 	C:\WINDOWS\SYSTEM32\SHCORE.dll
0x00007ff9f61f0000 - 0x00007ff9f6226000 	C:\WINDOWS\system32\IMM32.DLL
0x00007ff9f6eb0000 - 0x00007ff9f7002000 	C:\WINDOWS\system32\MSCTF.dll
0x00007ff9f3800000 - 0x00007ff9f3a7a000 	C:\WINDOWS\WinSxS\amd64_microsoft.windows.common-controls_6595b64144ccf1df_6.0.9600.17810_none_6240b9c7ecbd0bda\COMCTL32.dll
0x000000005b7b0000 - 0x000000005b882000 	C:\Program Files\Java\jdk1.7.0_79\jre\bin\msvcr100.dll
0x000000005bba0000 - 0x000000005c375000 	C:\Program Files\Java\jdk1.7.0_79\jre\bin\server\jvm.dll
0x00007ff9eb7d0000 - 0x00007ff9eb7d9000 	C:\WINDOWS\SYSTEM32\WSOCK32.dll
0x00007ff9f0ce0000 - 0x00007ff9f0d02000 	C:\WINDOWS\SYSTEM32\WINMM.dll
0x00007ff9f88a0000 - 0x00007ff9f88a7000 	C:\WINDOWS\system32\PSAPI.DLL
0x00007ff9f6190000 - 0x00007ff9f61ea000 	C:\WINDOWS\system32\WS2_32.dll
0x00007ff9f0cb0000 - 0x00007ff9f0cda000 	C:\WINDOWS\SYSTEM32\WINMMBASE.dll
0x00007ff9f64c0000 - 0x00007ff9f64c9000 	C:\WINDOWS\system32\NSI.dll
0x00007ff9f6090000 - 0x00007ff9f60df000 	C:\WINDOWS\SYSTEM32\cfgmgr32.dll
0x00007ff9f49b0000 - 0x00007ff9f49d8000 	C:\WINDOWS\SYSTEM32\DEVOBJ.dll
0x000000005bb90000 - 0x000000005bb9f000 	C:\Program Files\Java\jdk1.7.0_79\jre\bin\verify.dll
0x000000005bb60000 - 0x000000005bb88000 	C:\Program Files\Java\jdk1.7.0_79\jre\bin\java.dll
0x000000005bb40000 - 0x000000005bb55000 	C:\Program Files\Java\jdk1.7.0_79\jre\bin\zip.dll
0x000000005bb20000 - 0x000000005bb3a000 	C:\Program Files\Java\jdk1.7.0_79\jre\bin\net.dll
0x00007ff9f53c0000 - 0x00007ff9f5419000 	C:\WINDOWS\system32\mswsock.dll
0x000000005bb00000 - 0x000000005bb11000 	C:\Program Files\Java\jdk1.7.0_79\jre\bin\nio.dll

VM Arguments:
jvm_args: -Xmx1024M -Dfile.encoding=windows-1252 -Duser.country=AR -Duser.language=es -Duser.variant 
java_command: com.android.dx.command.Main --dex --num-threads=4 --output F:\Proyecto Transporte\Proyectos\AppBase\app\build\intermediates\pre-dexed\debug\classes-6ce2a97ac0f6d2c57f3c15e9765f1317c1ed417b.jar F:\Proyecto Transporte\Proyectos\AppBase\app\build\intermediates\exploded-aar\com.google.android.gms\play-services-base\7.5.0\jars\classes.jar
Launcher Type: SUN_STANDARD

Environment Variables:
PATH=C:\ProgramData\Oracle\Java\javapath;C:\Program Files (x86)\HP SimplePass\x64;C:\Program Files (x86)\HP SimplePass\;C:\Program Files (x86)\Intel\iCLS Client\;C:\Program Files\Intel\iCLS Client\;C:\WINDOWS\system32;C:\WINDOWS;C:\WINDOWS\System32\Wbem;C:\WINDOWS\System32\WindowsPowerShell\v1.0\;C:\Program Files (x86)\Intel\OpenCL SDK\2.0\bin\x86;C:\Program Files (x86)\Intel\OpenCL SDK\2.0\bin\x64;C:\Program Files\Intel\Intel(R) Management Engine Components\DAL;C:\Program Files\Intel\Intel(R) Management Engine Components\IPT;C:\Program Files (x86)\Intel\Intel(R) Management Engine Components\DAL;C:\Program Files (x86)\Intel\Intel(R) Management Engine Components\IPT;C:\Program Files\TortoiseSVN\bin;C:\Program Files (x86)\Skype\Phone\;C:\Program Files (x86)\Subversion\bin
USERNAME=soled_000
OS=Windows_NT
PROCESSOR_IDENTIFIER=Intel64 Family 6 Model 58 Stepping 9, GenuineIntel



---------------  S Y S T E M  ---------------

OS: Windows 8.1 , 64 bit Build 9600 

CPU:total 8 (4 cores per cpu, 2 threads per core) family 6 model 58 stepping 9, cmov, cx8, fxsr, mmx, sse, sse2, sse3, ssse3, sse4.1, sse4.2, popcnt, avx, aes, erms, ht, tsc, tscinvbit, tscinv

Memory: 4k page, physical 8280028k(2224056k free), swap 8280028k(6744k free)

vm_info: Java HotSpot(TM) 64-Bit Server VM (24.79-b02) for windows-amd64 JRE (1.7.0_79-b15), built on Apr 10 2015 12:36:16 by "java_re" with unknown MS VC++:1600

time: Fri Jun 26 11:03:19 2015
elapsed time: 4 seconds

