#
# There is insufficient memory for the Java Runtime Environment to continue.
# Native memory allocation (malloc) failed to allocate 133360 bytes for Chunk::new
# Possible reasons:
#   The system is out of physical RAM or swap space
#   In 32 bit mode, the process size limit was hit
# Possible solutions:
#   Reduce memory load on the system
#   Increase physical memory or swap space
#   Check if swap backing store is full
#   Use 64 bit Java on a 64 bit OS
#   Decrease Java heap size (-Xmx/-Xms)
#   Decrease number of Java threads
#   Decrease Java thread stack sizes (-Xss)
#   Set larger code cache with -XX:ReservedCodeCacheSize=
# This output file may be truncated or incomplete.
#
#  Out of Memory Error (allocation.cpp:323), pid=4324, tid=2580
#
# JRE version: Java(TM) SE Runtime Environment (7.0_79-b15) (build 1.7.0_79-b15)
# Java VM: Java HotSpot(TM) 64-Bit Server VM (24.79-b02 mixed mode windows-amd64 compressed oops)
# Failed to write core dump. Minidumps are not enabled by default on client versions of Windows
#

---------------  T H R E A D  ---------------

Current thread (0x0000000001ffd000):  JavaThread "C2 CompilerThread1" daemon [_thread_in_native, id=2580, stack(0x000000000a9d0000,0x000000000aad0000)]

Stack: [0x000000000a9d0000,0x000000000aad0000]
[error occurred during error reporting (printing stack bounds), id 0xc0000005]


[error occurred during error reporting (printing native stack), id 0xc0000005]


Current CompileTask:
C2:   1909  227   !         com.android.dx.cf.code.Ropper::processBlock (1101 bytes)


---------------  P R O C E S S  ---------------

Java Threads: ( => current thread )
  0x000000000a55c800 JavaThread "pool-1-thread-4" [_thread_in_Java, id=8376, stack(0x000000000b0d0000,0x000000000b1d0000)]
  0x000000000a541000 JavaThread "pool-1-thread-3" [_thread_in_Java, id=5644, stack(0x000000000afd0000,0x000000000b0d0000)]
  0x000000000a538800 JavaThread "pool-1-thread-2" [_thread_in_Java, id=1360, stack(0x000000000aed0000,0x000000000afd0000)]
  0x000000000a548800 JavaThread "pool-2-thread-1" [_thread_blocked, id=520, stack(0x000000000add0000,0x000000000aed0000)]
  0x000000000a564000 JavaThread "pool-1-thread-1" [_thread_in_Java, id=3592, stack(0x000000000acd0000,0x000000000add0000)]
  0x0000000001ffd800 JavaThread "Service Thread" daemon [_thread_blocked, id=1244, stack(0x000000000aad0000,0x000000000abd0000)]
=>0x0000000001ffd000 JavaThread "C2 CompilerThread1" daemon [_thread_in_native, id=2580, stack(0x000000000a9d0000,0x000000000aad0000)]
  0x0000000001fed800 JavaThread "C2 CompilerThread0" daemon [_thread_in_native, id=7188, stack(0x000000000a8d0000,0x000000000a9d0000)]
  0x0000000001fed000 JavaThread "Attach Listener" daemon [_thread_blocked, id=7228, stack(0x000000000a7d0000,0x000000000a8d0000)]
  0x0000000001fe8000 JavaThread "Signal Dispatcher" daemon [_thread_blocked, id=440, stack(0x000000000a6d0000,0x000000000a7d0000)]
  0x00000000082ff800 JavaThread "Finalizer" daemon [_thread_blocked, id=8328, stack(0x000000000a1d0000,0x000000000a2d0000)]
  0x00000000082f9000 JavaThread "Reference Handler" daemon [_thread_blocked, id=7860, stack(0x000000000a0d0000,0x000000000a1d0000)]
  0x0000000001f00800 JavaThread "main" [_thread_in_Java, id=4404, stack(0x0000000001e00000,0x0000000001f00000)]

Other Threads:
  0x00000000082f5800 VMThread [stack: 0x0000000009fd0000,0x000000000a0d0000] [id=5184]
  0x000000000a2fd000 WatcherThread [stack: 0x000000000abd0000,0x000000000acd0000] [id=8520]

VM state:not at safepoint (normal execution)

VM Mutex/Monitor currently owned by a thread: None

Heap
 PSYoungGen      total 38400K, used 7824K [0x00000000eaa80000, 0x00000000ed500000, 0x0000000100000000)
  eden space 33280K, 8% used [0x00000000eaa80000,0x00000000ead25568,0x00000000ecb00000)
  from space 5120K, 99% used [0x00000000ecb00000,0x00000000ecffec18,0x00000000ed000000)
  to   space 5120K, 0% used [0x00000000ed000000,0x00000000ed000000,0x00000000ed500000)
 ParOldGen       total 86016K, used 1660K [0x00000000c0000000, 0x00000000c5400000, 0x00000000eaa80000)
  object space 86016K, 1% used [0x00000000c0000000,0x00000000c019f040,0x00000000c5400000)
 PSPermGen       total 21504K, used 5707K [0x00000000bae00000, 0x00000000bc300000, 0x00000000c0000000)
  object space 21504K, 26% used [0x00000000bae00000,0x00000000bb392c78,0x00000000bc300000)

Card table byte_map: [0x00000000050c0000,0x00000000052f0000] byte_map_base: 0x0000000004ae9000

Polling page: 0x0000000001d50000

Code Cache  [0x0000000002000000, 0x0000000002270000, 0x0000000005000000)
 total_blobs=470 nmethods=233 adapters=189 free_code_cache=48242Kb largest_free_block=49373888

Compilation events (10 events):
Event: 1.886 Thread 0x0000000001fed800 nmethod 230 0x00000000020e02d0 code [0x00000000020e0420, 0x00000000020e0578]
Event: 1.886 Thread 0x0000000001fed800  231             com.android.dx.cf.code.Frame::getStack (5 bytes)
Event: 1.886 Thread 0x0000000001fed800 nmethod 231 0x00000000020e00d0 code [0x00000000020e0200, 0x00000000020e0258]
Event: 1.886 Thread 0x0000000001fed800  232             com.android.dx.rop.cst.CstBaseMethodRef::compareTo0 (29 bytes)
Event: 1.894 Thread 0x0000000001fed800 nmethod 232 0x00000000020e2690 code [0x00000000020e2840, 0x00000000020e2f98]
Event: 1.894 Thread 0x0000000001fed800  233             com.android.dx.rop.code.RegisterSpecList::set (7 bytes)
Event: 1.895 Thread 0x0000000001fed800 nmethod 233 0x00000000020dfd10 code [0x00000000020dfe60, 0x00000000020dff58]
Event: 1.895 Thread 0x0000000001fed800  234             java.util.TreeMap::getEntry (84 bytes)
Event: 1.897 Thread 0x0000000001fed800 nmethod 234 0x00000000020df950 code [0x00000000020dfaa0, 0x00000000020dfbd8]
Event: 1.897 Thread 0x0000000001fed800  235             com.android.dx.ssa.back.SsaToRop::removePhiFunctions (83 bytes)

GC Heap History (2 events):
Event: 1.874 GC heap before
{Heap before GC invocations=1 (full 0):
 PSYoungGen      total 38400K, used 33280K [0x00000000eaa80000, 0x00000000ed500000, 0x0000000100000000)
  eden space 33280K, 100% used [0x00000000eaa80000,0x00000000ecb00000,0x00000000ecb00000)
  from space 5120K, 0% used [0x00000000ed000000,0x00000000ed000000,0x00000000ed500000)
  to   space 5120K, 0% used [0x00000000ecb00000,0x00000000ecb00000,0x00000000ed000000)
 ParOldGen       total 86016K, used 0K [0x00000000c0000000, 0x00000000c5400000, 0x00000000eaa80000)
  object space 86016K, 0% used [0x00000000c0000000,0x00000000c0000000,0x00000000c5400000)
 PSPermGen       total 21504K, used 5704K [0x00000000bae00000, 0x00000000bc300000, 0x00000000c0000000)
  object space 21504K, 26% used [0x00000000bae00000,0x00000000bb392160,0x00000000bc300000)
Event: 1.881 GC heap after
Heap after GC invocations=1 (full 0):
 PSYoungGen      total 38400K, used 5115K [0x00000000eaa80000, 0x00000000ed500000, 0x0000000100000000)
  eden space 33280K, 0% used [0x00000000eaa80000,0x00000000eaa80000,0x00000000ecb00000)
  from space 5120K, 99% used [0x00000000ecb00000,0x00000000ecffec18,0x00000000ed000000)
  to   space 5120K, 0% used [0x00000000ed000000,0x00000000ed000000,0x00000000ed500000)
 ParOldGen       total 86016K, used 1660K [0x00000000c0000000, 0x00000000c5400000, 0x00000000eaa80000)
  object space 86016K, 1% used [0x00000000c0000000,0x00000000c019f040,0x00000000c5400000)
 PSPermGen       total 21504K, used 5704K [0x00000000bae00000, 0x00000000bc300000, 0x00000000c0000000)
  object space 21504K, 26% used [0x00000000bae00000,0x00000000bb392160,0x00000000bc300000)
}

Deoptimization events (7 events):
Event: 0.784 Thread 0x000000000a541000 Uncommon trap: reason=null_check action=make_not_entrant pc=0x0000000002080ba8 method=com.android.dx.rop.code.LocalItem.equals(Ljava/lang/Object;)Z @ 1
Event: 0.923 Thread 0x000000000a538800 Uncommon trap: reason=class_check action=maybe_recompile pc=0x000000000208c790 method=com.android.dx.ssa.NormalSsaInsn.accept(Lcom/android/dx/ssa/SsaInsn$Visitor;)V @ 9
Event: 0.923 Thread 0x000000000a538800 Uncommon trap: reason=class_check action=maybe_recompile pc=0x000000000208c790 method=com.android.dx.ssa.NormalSsaInsn.accept(Lcom/android/dx/ssa/SsaInsn$Visitor;)V @ 9
Event: 0.923 Thread 0x000000000a538800 Uncommon trap: reason=class_check action=maybe_recompile pc=0x00000000020712f4 method=com.android.dx.ssa.NormalSsaInsn.accept(Lcom/android/dx/ssa/SsaInsn$Visitor;)V @ 9
Event: 0.924 Thread 0x000000000a538800 Uncommon trap: reason=class_check action=maybe_recompile pc=0x00000000020712f4 method=com.android.dx.ssa.NormalSsaInsn.accept(Lcom/android/dx/ssa/SsaInsn$Visitor;)V @ 9
Event: 1.211 Thread 0x0000000001f00800 Uncommon trap: reason=class_check action=maybe_recompile pc=0x000000000208c790 method=com.android.dx.ssa.NormalSsaInsn.accept(Lcom/android/dx/ssa/SsaInsn$Visitor;)V @ 9
Event: 1.905 Thread 0x000000000a55c800 Uncommon trap: reason=unreached action=reinterpret pc=0x00000000020caaf8 method=com.android.dx.ssa.SCCP.simulateBranch(Lcom/android/dx/ssa/SsaInsn;)V @ 329

Internal exceptions (10 events):
Event: 0.475 Thread 0x0000000001f00800 Threw 0x00000000eb3cff00 at C:\re\jdk7u79\2331\hotspot\src\share\vm\prims\jvm.cpp:1304
Event: 0.475 Thread 0x0000000001f00800 Threw 0x00000000eb3d5070 at C:\re\jdk7u79\2331\hotspot\src\share\vm\prims\jvm.cpp:1304
Event: 0.476 Thread 0x0000000001f00800 Threw 0x00000000eb3d9778 at C:\re\jdk7u79\2331\hotspot\src\share\vm\prims\jvm.cpp:1304
Event: 0.477 Thread 0x0000000001f00800 Threw 0x00000000eb3dd218 at C:\re\jdk7u79\2331\hotspot\src\share\vm\prims\jvm.cpp:1304
Event: 0.483 Thread 0x0000000001f00800 Threw 0x00000000eb3e9bc0 at C:\re\jdk7u79\2331\hotspot\src\share\vm\prims\jvm.cpp:1304
Event: 0.484 Thread 0x0000000001f00800 Threw 0x00000000eb3efe80 at C:\re\jdk7u79\2331\hotspot\src\share\vm\prims\jvm.cpp:1304
Event: 0.485 Thread 0x0000000001f00800 Threw 0x00000000eb3f47e0 at C:\re\jdk7u79\2331\hotspot\src\share\vm\prims\jvm.cpp:1304
Event: 0.744 Thread 0x000000000a564000 Threw 0x00000000eb8a7740 at C:\re\jdk7u79\2331\hotspot\src\share\vm\prims\jvm.cpp:1304
Event: 0.784 Thread 0x000000000a541000 Implicit null exception at 0x0000000002080840 to 0x0000000002080b8d
Event: 1.818 Thread 0x0000000001f00800 Threw 0x00000000ec629370 at C:\re\jdk7u79\2331\hotspot\src\share\vm\prims\jvm.cpp:1304

Events (10 events):
Event: 1.211 Thread 0x0000000001f00800 Uncommon trap: trap_request=0xffffffde fr.pc=0x000000000208c790
Event: 1.211 Thread 0x0000000001f00800 DEOPT PACKING pc=0x000000000208c790 sp=0x0000000001efe370
Event: 1.211 Thread 0x0000000001f00800 DEOPT UNPACKING pc=0x00000000020375a4 sp=0x0000000001efe280 mode 2
Event: 1.818 loading class 0x000000000a390740
Event: 1.818 loading class 0x000000000a390740 done
Event: 1.873 Executing VM operation: ParallelGCFailedAllocation
Event: 1.881 Executing VM operation: ParallelGCFailedAllocation done
Event: 1.905 Thread 0x000000000a55c800 Uncommon trap: trap_request=0xffffffad fr.pc=0x00000000020caaf8
Event: 1.905 Thread 0x000000000a55c800 DEOPT PACKING pc=0x00000000020caaf8 sp=0x000000000b1ceb60
Event: 1.906 Thread 0x000000000a55c800 DEOPT UNPACKING pc=0x00000000020375a4 sp=0x000000000b1ceae8 mode 2


Dynamic libraries:
0x00007ff6ff140000 - 0x00007ff6ff173000 	C:\Program Files\Java\jdk1.7.0_79\bin\java.exe
0x00007ffd8b210000 - 0x00007ffd8b3bc000 	C:\WINDOWS\SYSTEM32\ntdll.dll
0x00007ffd88cf0000 - 0x00007ffd88e2e000 	C:\WINDOWS\system32\KERNEL32.DLL
0x00007ffd88770000 - 0x00007ffd88885000 	C:\WINDOWS\system32\KERNELBASE.dll
0x00007ffd86f00000 - 0x00007ffd86f8e000 	C:\WINDOWS\system32\apphelp.dll
0x00007ffd72110000 - 0x00007ffd72163000 	C:\WINDOWS\AppPatch\AppPatch64\AcGenral.DLL
0x00007ffd8b160000 - 0x00007ffd8b20a000 	C:\WINDOWS\system32\msvcrt.dll
0x00007ffd88130000 - 0x00007ffd8815e000 	C:\WINDOWS\SYSTEM32\SspiCli.dll
0x00007ffd88c50000 - 0x00007ffd88ca4000 	C:\WINDOWS\system32\SHLWAPI.dll
0x00007ffd8af20000 - 0x00007ffd8b097000 	C:\WINDOWS\system32\USER32.dll
0x00007ffd88890000 - 0x00007ffd88a24000 	C:\WINDOWS\system32\ole32.dll
0x00007ffd88f90000 - 0x00007ffd8a4a8000 	C:\WINDOWS\system32\SHELL32.dll
0x00007ffd87900000 - 0x00007ffd87921000 	C:\WINDOWS\SYSTEM32\USERENV.dll
0x00007ffd8a8e0000 - 0x00007ffd8a98a000 	C:\WINDOWS\system32\ADVAPI32.dll
0x00007ffd7ff20000 - 0x00007ffd7ff3e000 	C:\WINDOWS\SYSTEM32\MPR.dll
0x00007ffd8adc0000 - 0x00007ffd8af01000 	C:\WINDOWS\system32\RPCRT4.dll
0x00007ffd8b0a0000 - 0x00007ffd8b0f9000 	C:\WINDOWS\SYSTEM32\sechost.dll
0x00007ffd88a30000 - 0x00007ffd88c41000 	C:\WINDOWS\SYSTEM32\combase.dll
0x00007ffd8a5a0000 - 0x00007ffd8a6f1000 	C:\WINDOWS\system32\GDI32.dll
0x00007ffd88360000 - 0x00007ffd88375000 	C:\WINDOWS\SYSTEM32\profapi.dll
0x00007ffd86b60000 - 0x00007ffd86c12000 	C:\WINDOWS\SYSTEM32\SHCORE.dll
0x00007ffd88cb0000 - 0x00007ffd88ce6000 	C:\WINDOWS\system32\IMM32.DLL
0x00007ffd88e30000 - 0x00007ffd88f82000 	C:\WINDOWS\system32\MSCTF.dll
0x00007ffd86040000 - 0x00007ffd862ba000 	C:\WINDOWS\WinSxS\amd64_microsoft.windows.common-controls_6595b64144ccf1df_6.0.9600.17810_none_6240b9c7ecbd0bda\COMCTL32.dll
0x00000000631d0000 - 0x00000000632a2000 	C:\Program Files\Java\jdk1.7.0_79\jre\bin\msvcr100.dll
0x00000000635f0000 - 0x0000000063dc5000 	C:\Program Files\Java\jdk1.7.0_79\jre\bin\server\jvm.dll
0x00007ffd72ae0000 - 0x00007ffd72ae9000 	C:\WINDOWS\SYSTEM32\WSOCK32.dll
0x00007ffd83c50000 - 0x00007ffd83c72000 	C:\WINDOWS\SYSTEM32\WINMM.dll
0x00007ffd8a580000 - 0x00007ffd8a587000 	C:\WINDOWS\system32\PSAPI.DLL
0x00007ffd8abb0000 - 0x00007ffd8ac0a000 	C:\WINDOWS\system32\WS2_32.dll
0x00007ffd83c20000 - 0x00007ffd83c4a000 	C:\WINDOWS\SYSTEM32\WINMMBASE.dll
0x00007ffd8af10000 - 0x00007ffd8af19000 	C:\WINDOWS\system32\NSI.dll
0x00007ffd88540000 - 0x00007ffd8858f000 	C:\WINDOWS\SYSTEM32\cfgmgr32.dll
0x00007ffd87160000 - 0x00007ffd87188000 	C:\WINDOWS\SYSTEM32\DEVOBJ.dll
0x00000000635e0000 - 0x00000000635ef000 	C:\Program Files\Java\jdk1.7.0_79\jre\bin\verify.dll
0x00000000635b0000 - 0x00000000635d8000 	C:\Program Files\Java\jdk1.7.0_79\jre\bin\java.dll
0x0000000063590000 - 0x00000000635a5000 	C:\Program Files\Java\jdk1.7.0_79\jre\bin\zip.dll
0x0000000063570000 - 0x000000006358a000 	C:\Program Files\Java\jdk1.7.0_79\jre\bin\net.dll
0x00007ffd87b70000 - 0x00007ffd87bc9000 	C:\WINDOWS\system32\mswsock.dll
0x0000000063550000 - 0x0000000063561000 	C:\Program Files\Java\jdk1.7.0_79\jre\bin\nio.dll

VM Arguments:
jvm_args: -Xmx1024M -Dfile.encoding=windows-1252 -Duser.country=AR -Duser.language=es -Duser.variant 
java_command: com.android.dx.command.Main --dex --num-threads=4 --output F:\Proyecto Transporte\Proyectos\AppBase\app\build\intermediates\pre-dexed\debug\classes-cb955d7591804f5d6c93522a123a871fc82abe0b.jar F:\Proyecto Transporte\Proyectos\AppBase\app\build\intermediates\exploded-aar\com.google.android.gms\play-services-analytics\7.5.0\jars\classes.jar
Launcher Type: SUN_STANDARD

Environment Variables:
PATH=C:\ProgramData\Oracle\Java\javapath;C:\Program Files (x86)\HP SimplePass\x64;C:\Program Files (x86)\HP SimplePass\;C:\Program Files (x86)\Intel\iCLS Client\;C:\Program Files\Intel\iCLS Client\;C:\WINDOWS\system32;C:\WINDOWS;C:\WINDOWS\System32\Wbem;C:\WINDOWS\System32\WindowsPowerShell\v1.0\;C:\Program Files (x86)\Intel\OpenCL SDK\2.0\bin\x86;C:\Program Files (x86)\Intel\OpenCL SDK\2.0\bin\x64;C:\Program Files\Intel\Intel(R) Management Engine Components\DAL;C:\Program Files\Intel\Intel(R) Management Engine Components\IPT;C:\Program Files (x86)\Intel\Intel(R) Management Engine Components\DAL;C:\Program Files (x86)\Intel\Intel(R) Management Engine Components\IPT;C:\Program Files\TortoiseSVN\bin;C:\Program Files (x86)\Skype\Phone\;C:\Program Files (x86)\Subversion\bin
USERNAME=soled_000
OS=Windows_NT
PROCESSOR_IDENTIFIER=Intel64 Family 6 Model 58 Stepping 9, GenuineIntel



---------------  S Y S T E M  ---------------

OS: Windows 8.1 , 64 bit Build 9600 

CPU:total 8 (4 cores per cpu, 2 threads per core) family 6 model 58 stepping 9, cmov, cx8, fxsr, mmx, sse, sse2, sse3, ssse3, sse4.1, sse4.2, popcnt, avx, aes, erms, ht, tsc, tscinvbit, tscinv

Memory: 4k page, physical 8280028k(2542592k free), swap 8280028k(5052k free)

vm_info: Java HotSpot(TM) 64-Bit Server VM (24.79-b02) for windows-amd64 JRE (1.7.0_79-b15), built on Apr 10 2015 12:36:16 by "java_re" with unknown MS VC++:1600

time: Thu Jun 25 14:58:28 2015
elapsed time: 1 seconds

