#
# There is insufficient memory for the Java Runtime Environment to continue.
# Native memory allocation (malloc) failed to allocate 32744 bytes for ChunkPool::allocate
# Possible reasons:
#   The system is out of physical RAM or swap space
#   In 32 bit mode, the process size limit was hit
# Possible solutions:
#   Reduce memory load on the system
#   Increase physical memory or swap space
#   Check if swap backing store is full
#   Use 64 bit Java on a 64 bit OS
#   Decrease Java heap size (-Xmx/-Xms)
#   Decrease number of Java threads
#   Decrease Java thread stack sizes (-Xss)
#   Set larger code cache with -XX:ReservedCodeCacheSize=
# This output file may be truncated or incomplete.
#
#  Out of Memory Error (allocation.cpp:211), pid=6676, tid=7776
#
# JRE version: Java(TM) SE Runtime Environment (7.0_79-b15) (build 1.7.0_79-b15)
# Java VM: Java HotSpot(TM) 64-Bit Server VM (24.79-b02 mixed mode windows-amd64 compressed oops)
# Failed to write core dump. Minidumps are not enabled by default on client versions of Windows
#

---------------  T H R E A D  ---------------

Current thread (0x0000000001f7a000):  JavaThread "C2 CompilerThread1" daemon [_thread_in_native, id=7776, stack(0x000000000a9e0000,0x000000000aae0000)]

Stack: [0x000000000a9e0000,0x000000000aae0000]
[error occurred during error reporting (printing stack bounds), id 0xc0000005]


Current CompileTask:
C2:   3398  257   !         com.android.dx.cf.code.Ropper::processBlock (1101 bytes)


---------------  P R O C E S S  ---------------

Java Threads: ( => current thread )
  0x000000000a4d0800 JavaThread "pool-1-thread-4" [_thread_in_Java, id=6616, stack(0x000000000b0e0000,0x000000000b1e0000)]
  0x000000000a4cf800 JavaThread "pool-1-thread-3" [_thread_in_vm, id=6632, stack(0x000000000afe0000,0x000000000b0e0000)]
  0x000000000a4c8000 JavaThread "pool-1-thread-2" [_thread_blocked, id=7892, stack(0x000000000aee0000,0x000000000afe0000)]
  0x000000000a4c7800 JavaThread "pool-2-thread-1" [_thread_blocked, id=6776, stack(0x000000000ade0000,0x000000000aee0000)]
  0x000000000a3d1800 JavaThread "pool-1-thread-1" [_thread_blocked, id=7624, stack(0x000000000ace0000,0x000000000ade0000)]
  0x0000000001f7c800 JavaThread "Service Thread" daemon [_thread_blocked, id=6820, stack(0x000000000aae0000,0x000000000abe0000)]
=>0x0000000001f7a000 JavaThread "C2 CompilerThread1" daemon [_thread_in_native, id=7776, stack(0x000000000a9e0000,0x000000000aae0000)]
  0x0000000001f6d800 JavaThread "C2 CompilerThread0" daemon [_thread_in_native, id=1652, stack(0x000000000a8e0000,0x000000000a9e0000)]
  0x0000000001f6d000 JavaThread "Attach Listener" daemon [_thread_blocked, id=2752, stack(0x000000000a7e0000,0x000000000a8e0000)]
  0x0000000001f68000 JavaThread "Signal Dispatcher" daemon [_thread_blocked, id=3824, stack(0x000000000a6e0000,0x000000000a7e0000)]
  0x00000000082ca000 JavaThread "Finalizer" daemon [_thread_blocked, id=8032, stack(0x000000000a1e0000,0x000000000a2e0000)]
  0x00000000082c9000 JavaThread "Reference Handler" daemon [_thread_blocked, id=5076, stack(0x000000000a0e0000,0x000000000a1e0000)]
  0x0000000001e80800 JavaThread "main" [_thread_blocked, id=8164, stack(0x0000000001d80000,0x0000000001e80000)]

Other Threads:
  0x00000000082c5800 VMThread [stack: 0x0000000009fe0000,0x000000000a0e0000] [id=6760]
  0x0000000001f7e000 WatcherThread [stack: 0x000000000abe0000,0x000000000ace0000] [id=6028]

VM state:not at safepoint (normal execution)

VM Mutex/Monitor currently owned by a thread:  ([mutex/lock_event])
[0x0000000001d2c640] AdapterHandlerLibrary_lock - owner thread: 0x000000000a4cf800

Heap
 PSYoungGen      total 38400K, used 15584K [0x00000000eaa80000, 0x00000000ed500000, 0x0000000100000000)
  eden space 33280K, 31% used [0x00000000eaa80000,0x00000000eb4bd740,0x00000000ecb00000)
  from space 5120K, 99% used [0x00000000ecb00000,0x00000000ecffac08,0x00000000ed000000)
  to   space 5120K, 0% used [0x00000000ed000000,0x00000000ed000000,0x00000000ed500000)
 ParOldGen       total 86016K, used 1703K [0x00000000c0000000, 0x00000000c5400000, 0x00000000eaa80000)
  object space 86016K, 1% used [0x00000000c0000000,0x00000000c01a9e40,0x00000000c5400000)
 PSPermGen       total 21504K, used 5756K [0x00000000bae00000, 0x00000000bc300000, 0x00000000c0000000)
  object space 21504K, 26% used [0x00000000bae00000,0x00000000bb39f100,0x00000000bc300000)

Card table byte_map: [0x0000000005040000,0x0000000005270000] byte_map_base: 0x0000000004a69000

Polling page: 0x0000000000540000

Code Cache  [0x0000000001f80000, 0x00000000021f0000, 0x0000000004f80000)
 total_blobs=504 nmethods=267 adapters=189 free_code_cache=48142Kb largest_free_block=49259584

Compilation events (10 events):
Event: 3.348 Thread 0x0000000001f6d800 nmethod 263 0x0000000002075e10 code [0x0000000002075f80, 0x0000000002076218]
Event: 3.348 Thread 0x0000000001f6d800  264             com.android.dx.cf.code.BasicBlocker::getBlockList (208 bytes)
Event: 3.372 Thread 0x0000000001f6d800 nmethod 264 0x0000000002080410 code [0x0000000002080600, 0x00000000020811c8]
Event: 3.372 Thread 0x0000000001f6d800  265             com.android.dx.rop.code.RegisterSpecSet::size (49 bytes)
Event: 3.375 Thread 0x0000000001f6d800 nmethod 265 0x0000000002075ad0 code [0x0000000002075c00, 0x0000000002075d58]
Event: 3.375 Thread 0x0000000001f6d800  266             java.util.HashSet::<init> (16 bytes)
Event: 3.377 Thread 0x0000000001f6d800 nmethod 266 0x00000000020757d0 code [0x0000000002075920, 0x0000000002075a38]
Event: 3.377 Thread 0x0000000001f6d800  267             com.android.dx.ssa.SsaMethod$1::visitNonMoveInsn (26 bytes)
Event: 3.378 Thread 0x0000000001f6d800 nmethod 267 0x000000000207e850 code [0x000000000207e9a0, 0x000000000207ea98]
Event: 3.378 Thread 0x0000000001f6d800  268             com.android.dx.cf.code.Ropper::addExceptionSetupBlocks (203 bytes)

GC Heap History (2 events):
Event: 2.947 GC heap before
{Heap before GC invocations=1 (full 0):
 PSYoungGen      total 38400K, used 33280K [0x00000000eaa80000, 0x00000000ed500000, 0x0000000100000000)
  eden space 33280K, 100% used [0x00000000eaa80000,0x00000000ecb00000,0x00000000ecb00000)
  from space 5120K, 0% used [0x00000000ed000000,0x00000000ed000000,0x00000000ed500000)
  to   space 5120K, 0% used [0x00000000ecb00000,0x00000000ecb00000,0x00000000ed000000)
 ParOldGen       total 86016K, used 0K [0x00000000c0000000, 0x00000000c5400000, 0x00000000eaa80000)
  object space 86016K, 0% used [0x00000000c0000000,0x00000000c0000000,0x00000000c5400000)
 PSPermGen       total 21504K, used 5733K [0x00000000bae00000, 0x00000000bc300000, 0x00000000c0000000)
  object space 21504K, 26% used [0x00000000bae00000,0x00000000bb399740,0x00000000bc300000)
Event: 3.234 GC heap after
Heap after GC invocations=1 (full 0):
 PSYoungGen      total 38400K, used 5099K [0x00000000eaa80000, 0x00000000ed500000, 0x0000000100000000)
  eden space 33280K, 0% used [0x00000000eaa80000,0x00000000eaa80000,0x00000000ecb00000)
  from space 5120K, 99% used [0x00000000ecb00000,0x00000000ecffac08,0x00000000ed000000)
  to   space 5120K, 0% used [0x00000000ed000000,0x00000000ed000000,0x00000000ed500000)
 ParOldGen       total 86016K, used 1703K [0x00000000c0000000, 0x00000000c5400000, 0x00000000eaa80000)
  object space 86016K, 1% used [0x00000000c0000000,0x00000000c01a9e40,0x00000000c5400000)
 PSPermGen       total 21504K, used 5733K [0x00000000bae00000, 0x00000000bc300000, 0x00000000c0000000)
  object space 21504K, 26% used [0x00000000bae00000,0x00000000bb399740,0x00000000bc300000)
}

Deoptimization events (10 events):
Event: 1.044 Thread 0x000000000a4c8000 Uncommon trap: reason=class_check action=maybe_recompile pc=0x0000000001ff9cb4 method=com.android.dx.ssa.NormalSsaInsn.accept(Lcom/android/dx/ssa/SsaInsn$Visitor;)V @ 9
Event: 1.106 Thread 0x000000000a4c8000 Uncommon trap: reason=class_check action=maybe_recompile pc=0x0000000001ff9cb4 method=com.android.dx.ssa.NormalSsaInsn.accept(Lcom/android/dx/ssa/SsaInsn$Visitor;)V @ 9
Event: 1.583 Thread 0x000000000a4d0800 Uncommon trap: reason=class_check action=maybe_recompile pc=0x000000000200925c method=com.android.dx.rop.type.Type.equals(Ljava/lang/Object;)Z @ 8
Event: 1.586 Thread 0x000000000a4d0800 Uncommon trap: reason=class_check action=maybe_recompile pc=0x000000000200925c method=com.android.dx.rop.type.Type.equals(Ljava/lang/Object;)Z @ 8
Event: 1.588 Thread 0x000000000a4d0800 Uncommon trap: reason=class_check action=maybe_recompile pc=0x000000000200925c method=com.android.dx.rop.type.Type.equals(Ljava/lang/Object;)Z @ 8
Event: 1.589 Thread 0x000000000a4d0800 Uncommon trap: reason=class_check action=maybe_recompile pc=0x000000000200925c method=com.android.dx.rop.type.Type.equals(Ljava/lang/Object;)Z @ 8
Event: 1.832 Thread 0x0000000001e80800 Uncommon trap: reason=null_check action=make_not_entrant pc=0x0000000002019924 method=com.android.dx.rop.type.Type.putIntern(Lcom/android/dx/rop/type/Type;)Lcom/android/dx/rop/type/Type; @ 18
Event: 3.313 Thread 0x000000000a4cf800 Uncommon trap: reason=bimorphic action=maybe_recompile pc=0x0000000002047a88 method=java.util.HashMap.put(Ljava/lang/Object;Ljava/lang/Object;)Ljava/lang/Object; @ 83
Event: 3.313 Thread 0x000000000a4cf800 Uncommon trap: reason=unreached action=reinterpret pc=0x0000000001ffa3c4 method=com.android.dx.rop.cst.Constant.compareTo(Lcom/android/dx/rop/cst/Constant;)I @ 12
Event: 3.342 Thread 0x000000000a4cf800 Uncommon trap: reason=unreached action=reinterpret pc=0x000000000207b580 method=com.android.dx.ssa.SCCP.simulateStmt(Lcom/android/dx/ssa/SsaInsn;)V @ 418

Internal exceptions (10 events):
Event: 0.937 Thread 0x000000000a4c8000 Threw 0x00000000eb63be00 at C:\re\jdk7u79\2331\hotspot\src\share\vm\prims\jvm.cpp:1304
Event: 1.030 Thread 0x0000000001e80800 Threw 0x00000000eb7b3fc8 at C:\re\jdk7u79\2331\hotspot\src\share\vm\prims\jvm.cpp:1304
Event: 1.053 Thread 0x000000000a3d1800 Threw 0x00000000eb851d58 at C:\re\jdk7u79\2331\hotspot\src\share\vm\prims\jvm.cpp:1304
Event: 1.053 Thread 0x000000000a3d1800 Threw 0x00000000eb857658 at C:\re\jdk7u79\2331\hotspot\src\share\vm\prims\jvm.cpp:1304
Event: 1.054 Thread 0x000000000a3d1800 Threw 0x00000000eb85ccd0 at C:\re\jdk7u79\2331\hotspot\src\share\vm\prims\jvm.cpp:1304
Event: 1.140 Thread 0x000000000a3d1800 Threw 0x00000000eb8d10d8 at C:\re\jdk7u79\2331\hotspot\src\share\vm\prims\jvm.cpp:1304
Event: 1.490 Thread 0x000000000a4c8000 Threw 0x00000000eb90d980 at C:\re\jdk7u79\2331\hotspot\src\share\vm\prims\jvm.cpp:1304
Event: 1.832 Thread 0x0000000001e80800 Implicit null exception at 0x000000000201921b to 0x0000000002019915
Event: 1.923 Thread 0x0000000001e80800 Threw 0x00000000ec26df48 at C:\re\jdk7u79\2331\hotspot\src\share\vm\prims\jvm.cpp:1304
Event: 2.261 Thread 0x000000000a3d1800 Threw 0x00000000ec5566f8 at C:\re\jdk7u79\2331\hotspot\src\share\vm\prims\jvm.cpp:1304

Events (10 events):
Event: 3.234 Executing VM operation: ParallelGCFailedAllocation done
Event: 3.313 Thread 0x000000000a4cf800 Uncommon trap: trap_request=0xffffffc6 fr.pc=0x0000000002047a88
Event: 3.313 Thread 0x000000000a4cf800 DEOPT PACKING pc=0x0000000002047a88 sp=0x000000000b0dee30
Event: 3.313 Thread 0x000000000a4cf800 DEOPT UNPACKING pc=0x0000000001fb75a4 sp=0x000000000b0dedd8 mode 2
Event: 3.313 Thread 0x000000000a4cf800 Uncommon trap: trap_request=0xffffffad fr.pc=0x0000000001ffa3c4
Event: 3.313 Thread 0x000000000a4cf800 DEOPT PACKING pc=0x0000000001ffa3c4 sp=0x000000000b0deb10
Event: 3.313 Thread 0x000000000a4cf800 DEOPT UNPACKING pc=0x0000000001fb75a4 sp=0x000000000b0deab0 mode 2
Event: 3.342 Thread 0x000000000a4cf800 Uncommon trap: trap_request=0xffffffad fr.pc=0x000000000207b580
Event: 3.342 Thread 0x000000000a4cf800 DEOPT PACKING pc=0x000000000207b580 sp=0x000000000b0dee60
Event: 3.342 Thread 0x000000000a4cf800 DEOPT UNPACKING pc=0x0000000001fb75a4 sp=0x000000000b0dedd0 mode 2


Dynamic libraries:
0x00007ff70f950000 - 0x00007ff70f983000 	C:\Program Files\Java\jdk1.7.0_79\bin\java.exe
0x00007ff9f8a60000 - 0x00007ff9f8c0c000 	C:\WINDOWS\SYSTEM32\ntdll.dll
0x00007ff9f6770000 - 0x00007ff9f68ae000 	C:\WINDOWS\system32\KERNEL32.DLL
0x00007ff9f5f70000 - 0x00007ff9f6085000 	C:\WINDOWS\system32\KERNELBASE.dll
0x00007ff9f44a0000 - 0x00007ff9f452e000 	C:\WINDOWS\system32\apphelp.dll
0x00007ff9e6750000 - 0x00007ff9e67a3000 	C:\WINDOWS\AppPatch\AppPatch64\AcGenral.DLL
0x00007ff9f60e0000 - 0x00007ff9f618a000 	C:\WINDOWS\system32\msvcrt.dll
0x00007ff9f5980000 - 0x00007ff9f59ae000 	C:\WINDOWS\SYSTEM32\SspiCli.dll
0x00007ff9f85e0000 - 0x00007ff9f8634000 	C:\WINDOWS\system32\SHLWAPI.dll
0x00007ff9f8640000 - 0x00007ff9f87b7000 	C:\WINDOWS\system32\USER32.dll
0x00007ff9f6d10000 - 0x00007ff9f6ea4000 	C:\WINDOWS\system32\ole32.dll
0x00007ff9f70c0000 - 0x00007ff9f85d8000 	C:\WINDOWS\system32\SHELL32.dll
0x00007ff9f5150000 - 0x00007ff9f5171000 	C:\WINDOWS\SYSTEM32\USERENV.dll
0x00007ff9f7010000 - 0x00007ff9f70ba000 	C:\WINDOWS\system32\ADVAPI32.dll
0x00007ff9ec360000 - 0x00007ff9ec37e000 	C:\WINDOWS\SYSTEM32\MPR.dll
0x00007ff9f6230000 - 0x00007ff9f6371000 	C:\WINDOWS\system32\RPCRT4.dll
0x00007ff9f6920000 - 0x00007ff9f6979000 	C:\WINDOWS\SYSTEM32\sechost.dll
0x00007ff9f6990000 - 0x00007ff9f6ba1000 	C:\WINDOWS\SYSTEM32\combase.dll
0x00007ff9f6bb0000 - 0x00007ff9f6d01000 	C:\WINDOWS\system32\GDI32.dll
0x00007ff9f5bb0000 - 0x00007ff9f5bc5000 	C:\WINDOWS\SYSTEM32\profapi.dll
0x00007ff9f4180000 - 0x00007ff9f4232000 	C:\WINDOWS\SYSTEM32\SHCORE.dll
0x00007ff9f61f0000 - 0x00007ff9f6226000 	C:\WINDOWS\system32\IMM32.DLL
0x00007ff9f6eb0000 - 0x00007ff9f7002000 	C:\WINDOWS\system32\MSCTF.dll
0x00007ff9f3800000 - 0x00007ff9f3a7a000 	C:\WINDOWS\WinSxS\amd64_microsoft.windows.common-controls_6595b64144ccf1df_6.0.9600.17810_none_6240b9c7ecbd0bda\COMCTL32.dll
0x000000005b7b0000 - 0x000000005b882000 	C:\Program Files\Java\jdk1.7.0_79\jre\bin\msvcr100.dll
0x000000005bba0000 - 0x000000005c375000 	C:\Program Files\Java\jdk1.7.0_79\jre\bin\server\jvm.dll
0x00007ff9eb7d0000 - 0x00007ff9eb7d9000 	C:\WINDOWS\SYSTEM32\WSOCK32.dll
0x00007ff9f0ce0000 - 0x00007ff9f0d02000 	C:\WINDOWS\SYSTEM32\WINMM.dll
0x00007ff9f88a0000 - 0x00007ff9f88a7000 	C:\WINDOWS\system32\PSAPI.DLL
0x00007ff9f6190000 - 0x00007ff9f61ea000 	C:\WINDOWS\system32\WS2_32.dll
0x00007ff9f0cb0000 - 0x00007ff9f0cda000 	C:\WINDOWS\SYSTEM32\WINMMBASE.dll
0x00007ff9f64c0000 - 0x00007ff9f64c9000 	C:\WINDOWS\system32\NSI.dll
0x00007ff9f6090000 - 0x00007ff9f60df000 	C:\WINDOWS\SYSTEM32\cfgmgr32.dll
0x00007ff9f49b0000 - 0x00007ff9f49d8000 	C:\WINDOWS\SYSTEM32\DEVOBJ.dll
0x000000005bb90000 - 0x000000005bb9f000 	C:\Program Files\Java\jdk1.7.0_79\jre\bin\verify.dll
0x000000005bb60000 - 0x000000005bb88000 	C:\Program Files\Java\jdk1.7.0_79\jre\bin\java.dll
0x000000005bb40000 - 0x000000005bb55000 	C:\Program Files\Java\jdk1.7.0_79\jre\bin\zip.dll
0x000000005bb20000 - 0x000000005bb3a000 	C:\Program Files\Java\jdk1.7.0_79\jre\bin\net.dll
0x00007ff9f53c0000 - 0x00007ff9f5419000 	C:\WINDOWS\system32\mswsock.dll
0x000000005bb00000 - 0x000000005bb11000 	C:\Program Files\Java\jdk1.7.0_79\jre\bin\nio.dll

VM Arguments:
jvm_args: -Xmx1024M -Dfile.encoding=windows-1252 -Duser.country=AR -Duser.language=es -Duser.variant 
java_command: com.android.dx.command.Main --dex --num-threads=4 --output F:\Proyecto Transporte\Proyectos\AppBase\app\build\intermediates\pre-dexed\debug\classes-5f959e2fd975ea2f886b1bc685b0316e4e445305.jar F:\Proyecto Transporte\Proyectos\AppBase\app\build\intermediates\exploded-aar\com.android.support\support-v4\22.2.0\jars\classes.jar
Launcher Type: SUN_STANDARD

Environment Variables:
PATH=C:\ProgramData\Oracle\Java\javapath;C:\Program Files (x86)\HP SimplePass\x64;C:\Program Files (x86)\HP SimplePass\;C:\Program Files (x86)\Intel\iCLS Client\;C:\Program Files\Intel\iCLS Client\;C:\WINDOWS\system32;C:\WINDOWS;C:\WINDOWS\System32\Wbem;C:\WINDOWS\System32\WindowsPowerShell\v1.0\;C:\Program Files (x86)\Intel\OpenCL SDK\2.0\bin\x86;C:\Program Files (x86)\Intel\OpenCL SDK\2.0\bin\x64;C:\Program Files\Intel\Intel(R) Management Engine Components\DAL;C:\Program Files\Intel\Intel(R) Management Engine Components\IPT;C:\Program Files (x86)\Intel\Intel(R) Management Engine Components\DAL;C:\Program Files (x86)\Intel\Intel(R) Management Engine Components\IPT;C:\Program Files\TortoiseSVN\bin;C:\Program Files (x86)\Skype\Phone\;C:\Program Files (x86)\Subversion\bin
USERNAME=soled_000
OS=Windows_NT
PROCESSOR_IDENTIFIER=Intel64 Family 6 Model 58 Stepping 9, GenuineIntel



---------------  S Y S T E M  ---------------

OS: Windows 8.1 , 64 bit Build 9600 

CPU:total 8 (4 cores per cpu, 2 threads per core) family 6 model 58 stepping 9, cmov, cx8, fxsr, mmx, sse, sse2, sse3, ssse3, sse4.1, sse4.2, popcnt, avx, aes, erms, ht, tsc, tscinvbit, tscinv

Memory: 4k page, physical 8280028k(1994924k free), swap 8280028k(5904k free)

vm_info: Java HotSpot(TM) 64-Bit Server VM (24.79-b02) for windows-amd64 JRE (1.7.0_79-b15), built on Apr 10 2015 12:36:16 by "java_re" with unknown MS VC++:1600

time: Fri Jun 26 15:21:24 2015
elapsed time: 3 seconds

