#
# There is insufficient memory for the Java Runtime Environment to continue.
# Native memory allocation (malloc) failed to allocate 720816 bytes for Chunk::new
# Possible reasons:
#   The system is out of physical RAM or swap space
#   In 32 bit mode, the process size limit was hit
# Possible solutions:
#   Reduce memory load on the system
#   Increase physical memory or swap space
#   Check if swap backing store is full
#   Use 64 bit Java on a 64 bit OS
#   Decrease Java heap size (-Xmx/-Xms)
#   Decrease number of Java threads
#   Decrease Java thread stack sizes (-Xss)
#   Set larger code cache with -XX:ReservedCodeCacheSize=
# This output file may be truncated or incomplete.
#
#  Out of Memory Error (allocation.cpp:323), pid=7496, tid=2428
#
# JRE version: Java(TM) SE Runtime Environment (7.0_79-b15) (build 1.7.0_79-b15)
# Java VM: Java HotSpot(TM) 64-Bit Server VM (24.79-b02 mixed mode windows-amd64 compressed oops)
# Failed to write core dump. Minidumps are not enabled by default on client versions of Windows
#

---------------  T H R E A D  ---------------

Current thread (0x000000000291d000):  JavaThread "C2 CompilerThread0" daemon [_thread_in_native, id=2428, stack(0x000000000b1f0000,0x000000000b2f0000)]

Stack: [0x000000000b1f0000,0x000000000b2f0000]
[error occurred during error reporting (printing stack bounds), id 0xc0000005]


Current CompileTask:
C2:  12559  629   !         com.android.dx.cf.code.RopperMachine::run (1550 bytes)


---------------  P R O C E S S  ---------------

Java Threads: ( => current thread )
  0x000000000adc5000 JavaThread "pool-1-thread-4" [_thread_in_Java, id=1040, stack(0x000000000b9f0000,0x000000000baf0000)]
  0x000000000adcc000 JavaThread "pool-2-thread-1" [_thread_blocked, id=5532, stack(0x000000000b6f0000,0x000000000b7f0000)]
  0x000000000adcb800 JavaThread "pool-1-thread-1" [_thread_in_Java, id=996, stack(0x000000000b5f0000,0x000000000b6f0000)]
  0x0000000002922800 JavaThread "Service Thread" daemon [_thread_blocked, id=7740, stack(0x000000000b3f0000,0x000000000b4f0000)]
  0x0000000002920000 JavaThread "C2 CompilerThread1" daemon [_thread_in_native, id=5928, stack(0x000000000b2f0000,0x000000000b3f0000)]
=>0x000000000291d000 JavaThread "C2 CompilerThread0" daemon [_thread_in_native, id=2428, stack(0x000000000b1f0000,0x000000000b2f0000)]
  0x0000000008c3e000 JavaThread "Attach Listener" daemon [_thread_blocked, id=5188, stack(0x000000000b0f0000,0x000000000b1f0000)]
  0x000000000ac11000 JavaThread "Signal Dispatcher" daemon [_thread_blocked, id=3256, stack(0x000000000aff0000,0x000000000b0f0000)]
  0x0000000008c2a000 JavaThread "Finalizer" daemon [_thread_blocked, id=7204, stack(0x000000000aaf0000,0x000000000abf0000)]
  0x0000000008c29000 JavaThread "Reference Handler" daemon [_thread_blocked, id=2300, stack(0x000000000a9f0000,0x000000000aaf0000)]
  0x0000000002830800 JavaThread "main" [_thread_blocked, id=7476, stack(0x0000000002730000,0x0000000002830000)]

Other Threads:
  0x0000000008c25800 VMThread [stack: 0x000000000a8f0000,0x000000000a9f0000] [id=2784]
  0x0000000002926800 WatcherThread [stack: 0x000000000b4f0000,0x000000000b5f0000] [id=7352]

VM state:not at safepoint (normal execution)

VM Mutex/Monitor currently owned by a thread: None

Heap
 PSYoungGen      total 138240K, used 81037K [0x00000000eaa80000, 0x00000000f3680000, 0x0000000100000000)
  eden space 133120K, 57% used [0x00000000eaa80000,0x00000000ef4a8c70,0x00000000f2c80000)
  from space 5120K, 99% used [0x00000000f3180000,0x00000000f367a9d8,0x00000000f3680000)
  to   space 5120K, 0% used [0x00000000f2c80000,0x00000000f2c80000,0x00000000f3180000)
 ParOldGen       total 86016K, used 29764K [0x00000000c0000000, 0x00000000c5400000, 0x00000000eaa80000)
  object space 86016K, 34% used [0x00000000c0000000,0x00000000c1d11340,0x00000000c5400000)
 PSPermGen       total 21504K, used 5915K [0x00000000bae00000, 0x00000000bc300000, 0x00000000c0000000)
  object space 21504K, 27% used [0x00000000bae00000,0x00000000bb3c6f98,0x00000000bc300000)

Card table byte_map: [0x00000000059f0000,0x0000000005c20000] byte_map_base: 0x0000000005419000

Polling page: 0x0000000000f00000

Code Cache  [0x0000000002930000, 0x0000000002bd0000, 0x0000000005930000)
 total_blobs=856 nmethods=619 adapters=189 free_code_cache=46569Kb largest_free_block=47631680

Compilation events (10 events):
Event: 12.338 Thread 0x0000000002920000 nmethod 624 0x0000000002b73850 code [0x0000000002b73980, 0x0000000002b739d8]
Event: 12.338 Thread 0x0000000002920000  625             com.android.dx.util.ByteArray::size (5 bytes)
Event: 12.338 Thread 0x0000000002920000 nmethod 625 0x0000000002ba97d0 code [0x0000000002ba9900, 0x0000000002ba9958]
Event: 12.339 Thread 0x0000000002920000  626             com.android.dx.rop.cst.CstString::equals (24 bytes)
Event: 12.341 Thread 0x0000000002920000 nmethod 626 0x0000000002ba9450 code [0x0000000002ba95a0, 0x0000000002ba96f8]
Event: 12.344 Thread 0x000000000291d000 nmethod 623 0x0000000002ba8950 code [0x0000000002ba8ae0, 0x0000000002ba8ed0]
Event: 12.348 Thread 0x0000000002920000  627   !         com.android.dx.cf.code.BytecodeArray::parseInstruction (2764 bytes)
Event: 12.351 Thread 0x000000000291d000  628             java.lang.Integer::highestOneBit (38 bytes)
Event: 12.351 Thread 0x000000000291d000 nmethod 628 0x0000000002ba8750 code [0x0000000002ba8880, 0x0000000002ba88f8]
Event: 12.361 Thread 0x000000000291d000  629   !         com.android.dx.cf.code.RopperMachine::run (1550 bytes)

GC Heap History (8 events):
Event: 4.490 GC heap before
{Heap before GC invocations=1 (full 0):
 PSYoungGen      total 38400K, used 33280K [0x00000000eaa80000, 0x00000000ed500000, 0x0000000100000000)
  eden space 33280K, 100% used [0x00000000eaa80000,0x00000000ecb00000,0x00000000ecb00000)
  from space 5120K, 0% used [0x00000000ed000000,0x00000000ed000000,0x00000000ed500000)
  to   space 5120K, 0% used [0x00000000ecb00000,0x00000000ecb00000,0x00000000ed000000)
 ParOldGen       total 86016K, used 0K [0x00000000c0000000, 0x00000000c5400000, 0x00000000eaa80000)
  object space 86016K, 0% used [0x00000000c0000000,0x00000000c0000000,0x00000000c5400000)
 PSPermGen       total 21504K, used 5731K [0x00000000bae00000, 0x00000000bc300000, 0x00000000c0000000)
  object space 21504K, 26% used [0x00000000bae00000,0x00000000bb398ca0,0x00000000bc300000)
Event: 4.911 GC heap after
Heap after GC invocations=1 (full 0):
 PSYoungGen      total 38400K, used 5098K [0x00000000eaa80000, 0x00000000ef580000, 0x0000000100000000)
  eden space 33280K, 0% used [0x00000000eaa80000,0x00000000eaa80000,0x00000000ecb00000)
  from space 5120K, 99% used [0x00000000ecb00000,0x00000000ecffaab8,0x00000000ed000000)
  to   space 5120K, 0% used [0x00000000ef080000,0x00000000ef080000,0x00000000ef580000)
 ParOldGen       total 86016K, used 1666K [0x00000000c0000000, 0x00000000c5400000, 0x00000000eaa80000)
  object space 86016K, 1% used [0x00000000c0000000,0x00000000c01a0820,0x00000000c5400000)
 PSPermGen       total 21504K, used 5731K [0x00000000bae00000, 0x00000000bc300000, 0x00000000c0000000)
  object space 21504K, 26% used [0x00000000bae00000,0x00000000bb398ca0,0x00000000bc300000)
}
Event: 6.349 GC heap before
{Heap before GC invocations=2 (full 0):
 PSYoungGen      total 38400K, used 38378K [0x00000000eaa80000, 0x00000000ef580000, 0x0000000100000000)
  eden space 33280K, 100% used [0x00000000eaa80000,0x00000000ecb00000,0x00000000ecb00000)
  from space 5120K, 99% used [0x00000000ecb00000,0x00000000ecffaab8,0x00000000ed000000)
  to   space 5120K, 0% used [0x00000000ef080000,0x00000000ef080000,0x00000000ef580000)
 ParOldGen       total 86016K, used 1666K [0x00000000c0000000, 0x00000000c5400000, 0x00000000eaa80000)
  object space 86016K, 1% used [0x00000000c0000000,0x00000000c01a0820,0x00000000c5400000)
 PSPermGen       total 21504K, used 5791K [0x00000000bae00000, 0x00000000bc300000, 0x00000000c0000000)
  object space 21504K, 26% used [0x00000000bae00000,0x00000000bb3a7d88,0x00000000bc300000)
Event: 7.086 GC heap after
Heap after GC invocations=2 (full 0):
 PSYoungGen      total 71680K, used 5114K [0x00000000eaa80000, 0x00000000ef580000, 0x0000000100000000)
  eden space 66560K, 0% used [0x00000000eaa80000,0x00000000eaa80000,0x00000000eeb80000)
  from space 5120K, 99% used [0x00000000ef080000,0x00000000ef57e848,0x00000000ef580000)
  to   space 5120K, 0% used [0x00000000eeb80000,0x00000000eeb80000,0x00000000ef080000)
 ParOldGen       total 86016K, used 7278K [0x00000000c0000000, 0x00000000c5400000, 0x00000000eaa80000)
  object space 86016K, 8% used [0x00000000c0000000,0x00000000c071bb18,0x00000000c5400000)
 PSPermGen       total 21504K, used 5791K [0x00000000bae00000, 0x00000000bc300000, 0x00000000c0000000)
  object space 21504K, 26% used [0x00000000bae00000,0x00000000bb3a7d88,0x00000000bc300000)
}
Event: 9.305 GC heap before
{Heap before GC invocations=3 (full 0):
 PSYoungGen      total 71680K, used 71674K [0x00000000eaa80000, 0x00000000ef580000, 0x0000000100000000)
  eden space 66560K, 100% used [0x00000000eaa80000,0x00000000eeb80000,0x00000000eeb80000)
  from space 5120K, 99% used [0x00000000ef080000,0x00000000ef57e848,0x00000000ef580000)
  to   space 5120K, 0% used [0x00000000eeb80000,0x00000000eeb80000,0x00000000ef080000)
 ParOldGen       total 86016K, used 7278K [0x00000000c0000000, 0x00000000c5400000, 0x00000000eaa80000)
  object space 86016K, 8% used [0x00000000c0000000,0x00000000c071bb18,0x00000000c5400000)
 PSPermGen       total 21504K, used 5851K [0x00000000bae00000, 0x00000000bc300000, 0x00000000c0000000)
  object space 21504K, 27% used [0x00000000bae00000,0x00000000bb3b6fa8,0x00000000bc300000)
Event: 9.690 GC heap after
Heap after GC invocations=3 (full 0):
 PSYoungGen      total 71680K, used 5114K [0x00000000eaa80000, 0x00000000f3680000, 0x0000000100000000)
  eden space 66560K, 0% used [0x00000000eaa80000,0x00000000eaa80000,0x00000000eeb80000)
  from space 5120K, 99% used [0x00000000eeb80000,0x00000000ef07ea08,0x00000000ef080000)
  to   space 5120K, 0% used [0x00000000f3180000,0x00000000f3180000,0x00000000f3680000)
 ParOldGen       total 86016K, used 18646K [0x00000000c0000000, 0x00000000c5400000, 0x00000000eaa80000)
  object space 86016K, 21% used [0x00000000c0000000,0x00000000c12359e0,0x00000000c5400000)
 PSPermGen       total 21504K, used 5851K [0x00000000bae00000, 0x00000000bc300000, 0x00000000c0000000)
  object space 21504K, 27% used [0x00000000bae00000,0x00000000bb3b6fa8,0x00000000bc300000)
}
Event: 10.163 GC heap before
{Heap before GC invocations=4 (full 0):
 PSYoungGen      total 71680K, used 71674K [0x00000000eaa80000, 0x00000000f3680000, 0x0000000100000000)
  eden space 66560K, 100% used [0x00000000eaa80000,0x00000000eeb80000,0x00000000eeb80000)
  from space 5120K, 99% used [0x00000000eeb80000,0x00000000ef07ea08,0x00000000ef080000)
  to   space 5120K, 0% used [0x00000000f3180000,0x00000000f3180000,0x00000000f3680000)
 ParOldGen       total 86016K, used 18646K [0x00000000c0000000, 0x00000000c5400000, 0x00000000eaa80000)
  object space 86016K, 21% used [0x00000000c0000000,0x00000000c12359e0,0x00000000c5400000)
 PSPermGen       total 21504K, used 5886K [0x00000000bae00000, 0x00000000bc300000, 0x00000000c0000000)
  object space 21504K, 27% used [0x00000000bae00000,0x00000000bb3bf990,0x00000000bc300000)
Event: 11.106 GC heap after
Heap after GC invocations=4 (full 0):
 PSYoungGen      total 138240K, used 5098K [0x00000000eaa80000, 0x00000000f3680000, 0x0000000100000000)
  eden space 133120K, 0% used [0x00000000eaa80000,0x00000000eaa80000,0x00000000f2c80000)
  from space 5120K, 99% used [0x00000000f3180000,0x00000000f367a9d8,0x00000000f3680000)
  to   space 5120K, 0% used [0x00000000f2c80000,0x00000000f2c80000,0x00000000f3180000)
 ParOldGen       total 86016K, used 29764K [0x00000000c0000000, 0x00000000c5400000, 0x00000000eaa80000)
  object space 86016K, 34% used [0x00000000c0000000,0x00000000c1d11340,0x00000000c5400000)
 PSPermGen       total 21504K, used 5886K [0x00000000bae00000, 0x00000000bc300000, 0x00000000c0000000)
  object space 21504K, 27% used [0x00000000bae00000,0x00000000bb3bf990,0x00000000bc300000)
}

Deoptimization events (10 events):
Event: 12.250 Thread 0x000000000adc5000 Uncommon trap: reason=unreached action=reinterpret pc=0x0000000002a8f4ac method=com.android.dx.ssa.MoveParamCombiner$1.visitNonMoveInsn(Lcom/android/dx/ssa/NormalSsaInsn;)V @ 27
Event: 12.308 Thread 0x000000000adcb800 Uncommon trap: reason=bimorphic action=maybe_recompile pc=0x0000000002bb8f14 method=com.android.dx.cf.code.BytecodeArray.parseInstruction(ILcom/android/dx/cf/code/BytecodeArray$Visitor;)I @ 2135
Event: 12.308 Thread 0x000000000adcb800 Uncommon trap: reason=class_check action=maybe_recompile pc=0x0000000002bb7d50 method=com.android.dx.cf.code.BytecodeArray.parseInstruction(ILcom/android/dx/cf/code/BytecodeArray$Visitor;)I @ 2002
Event: 12.308 Thread 0x000000000adcb800 Uncommon trap: reason=class_check action=maybe_recompile pc=0x0000000002bb7d50 method=com.android.dx.cf.code.BytecodeArray.parseInstruction(ILcom/android/dx/cf/code/BytecodeArray$Visitor;)I @ 2002
Event: 12.308 Thread 0x000000000adcb800 Uncommon trap: reason=bimorphic action=maybe_recompile pc=0x0000000002bb8f14 method=com.android.dx.cf.code.BytecodeArray.parseInstruction(ILcom/android/dx/cf/code/BytecodeArray$Visitor;)I @ 2135
Event: 12.340 Thread 0x000000000adc1800 Uncommon trap: reason=bimorphic action=maybe_recompile pc=0x0000000002b7c570 method=com.android.dx.cf.code.RopperMachine.run(Lcom/android/dx/cf/code/Frame;II)V @ 988
Event: 12.340 Thread 0x000000000adc1800 Uncommon trap: reason=bimorphic action=maybe_recompile pc=0x0000000002b7c570 method=com.android.dx.cf.code.RopperMachine.run(Lcom/android/dx/cf/code/Frame;II)V @ 988
Event: 12.343 Thread 0x000000000adc1800 Uncommon trap: reason=class_check action=maybe_recompile pc=0x0000000002b09320 method=com.android.dx.ssa.ConstCollector.getConstsSortedByCountUse()Ljava/util/ArrayList; @ 168
Event: 12.346 Thread 0x000000000adc1800 Uncommon trap: reason=class_check action=maybe_recompile pc=0x0000000002b09320 method=com.android.dx.ssa.ConstCollector.getConstsSortedByCountUse()Ljava/util/ArrayList; @ 168
Event: 12.491 Thread 0x000000000adc2800 Uncommon trap: reason=class_check action=maybe_recompile pc=0x0000000002b09320 method=com.android.dx.ssa.ConstCollector.getConstsSortedByCountUse()Ljava/util/ArrayList; @ 168

Internal exceptions (10 events):
Event: 3.693 Thread 0x0000000002830800 Threw 0x00000000eb9fb6c8 at C:\re\jdk7u79\2331\hotspot\src\share\vm\prims\jvm.cpp:1304
Event: 5.136 Thread 0x0000000002830800 Implicit null exception at 0x0000000002a07945 to 0x0000000002a087c1
Event: 5.858 Thread 0x000000000adcb800 Implicit null exception at 0x0000000002a29f08 to 0x0000000002a2bf3d
Event: 5.933 Thread 0x0000000002830800 Implicit null exception at 0x0000000002a4862b to 0x0000000002a48d0d
Event: 6.226 Thread 0x000000000adc2800 Implicit null exception at 0x00000000029bd492 to 0x00000000029bd582
Event: 7.398 Thread 0x000000000adc2800 Threw 0x00000000eb9258f0 at C:\re\jdk7u79\2331\hotspot\src\share\vm\prims\jvm.cpp:1304
Event: 8.505 Thread 0x000000000adc2800 Implicit null exception at 0x0000000002b0ed2c to 0x0000000002b11151
Event: 9.041 Thread 0x000000000adc1800 Implicit null exception at 0x0000000002af86e7 to 0x0000000002afba9d
Event: 9.128 Thread 0x000000000adc1800 Implicit null exception at 0x0000000002b3c30b to 0x0000000002b3cd6d
Event: 9.842 Thread 0x0000000002830800 Threw 0x00000000eb80e6d8 at C:\re\jdk7u79\2331\hotspot\src\share\vm\prims\jvm.cpp:1304

Events (10 events):
Event: 12.346 Thread 0x000000000adc1800 DEOPT UNPACKING pc=0x00000000029675a4 sp=0x000000000b8eee88 mode 2
Event: 12.459 loading class 0x00000000028b0430
Event: 12.460 loading class 0x00000000028b0430 done
Event: 12.460 loading class 0x00000000028b0400
Event: 12.464 loading class 0x00000000028b0400 done
Event: 12.491 Thread 0x000000000adc2800 Uncommon trap: trap_request=0xffffffde fr.pc=0x0000000002b09320
Event: 12.491 Thread 0x000000000adc2800 DEOPT PACKING pc=0x0000000002b09320 sp=0x000000000b9ee6d0
Event: 12.491 Thread 0x000000000adc2800 DEOPT UNPACKING pc=0x00000000029675a4 sp=0x000000000b9ee658 mode 2
Event: 12.534 Thread 0x000000000adc2800 Thread exited: 0x000000000adc2800
Event: 12.542 Thread 0x000000000adc1800 Thread exited: 0x000000000adc1800


Dynamic libraries:
0x00007ff6a8190000 - 0x00007ff6a81c3000 	C:\Program Files\Java\jdk1.7.0_79\bin\java.exe
0x00007ffc88860000 - 0x00007ffc88a0c000 	C:\WINDOWS\SYSTEM32\ntdll.dll
0x00007ffc87eb0000 - 0x00007ffc87fee000 	C:\WINDOWS\system32\KERNEL32.DLL
0x00007ffc85b80000 - 0x00007ffc85c95000 	C:\WINDOWS\system32\KERNELBASE.dll
0x00007ffc84550000 - 0x00007ffc845de000 	C:\WINDOWS\system32\apphelp.dll
0x00007ffc6a5c0000 - 0x00007ffc6a613000 	C:\WINDOWS\AppPatch\AppPatch64\AcGenral.DLL
0x00007ffc87b50000 - 0x00007ffc87bfa000 	C:\WINDOWS\system32\msvcrt.dll
0x00007ffc85780000 - 0x00007ffc857ae000 	C:\WINDOWS\SYSTEM32\SspiCli.dll
0x00007ffc87af0000 - 0x00007ffc87b44000 	C:\WINDOWS\system32\SHLWAPI.dll
0x00007ffc877d0000 - 0x00007ffc87947000 	C:\WINDOWS\system32\USER32.dll
0x00007ffc87950000 - 0x00007ffc87ae4000 	C:\WINDOWS\system32\ole32.dll
0x00007ffc85ee0000 - 0x00007ffc873f8000 	C:\WINDOWS\system32\SHELL32.dll
0x00007ffc84f50000 - 0x00007ffc84f71000 	C:\WINDOWS\SYSTEM32\USERENV.dll
0x00007ffc87e00000 - 0x00007ffc87eaa000 	C:\WINDOWS\system32\ADVAPI32.dll
0x00007ffc7b4b0000 - 0x00007ffc7b4ce000 	C:\WINDOWS\SYSTEM32\MPR.dll
0x00007ffc87620000 - 0x00007ffc87761000 	C:\WINDOWS\system32\RPCRT4.dll
0x00007ffc87770000 - 0x00007ffc877c9000 	C:\WINDOWS\SYSTEM32\sechost.dll
0x00007ffc88450000 - 0x00007ffc88661000 	C:\WINDOWS\SYSTEM32\combase.dll
0x00007ffc87ff0000 - 0x00007ffc88141000 	C:\WINDOWS\system32\GDI32.dll
0x00007ffc859b0000 - 0x00007ffc859c5000 	C:\WINDOWS\SYSTEM32\profapi.dll
0x00007ffc83f20000 - 0x00007ffc83fd2000 	C:\WINDOWS\SYSTEM32\SHCORE.dll
0x00007ffc87dc0000 - 0x00007ffc87df6000 	C:\WINDOWS\system32\IMM32.DLL
0x00007ffc87c00000 - 0x00007ffc87d52000 	C:\WINDOWS\system32\MSCTF.dll
0x00007ffc83600000 - 0x00007ffc8387a000 	C:\WINDOWS\WinSxS\amd64_microsoft.windows.common-controls_6595b64144ccf1df_6.0.9600.17810_none_6240b9c7ecbd0bda\COMCTL32.dll
0x0000000074e50000 - 0x0000000074f22000 	C:\Program Files\Java\jdk1.7.0_79\jre\bin\msvcr100.dll
0x00000000752e0000 - 0x0000000075ab5000 	C:\Program Files\Java\jdk1.7.0_79\jre\bin\server\jvm.dll
0x00007ffc6c070000 - 0x00007ffc6c079000 	C:\WINDOWS\SYSTEM32\WSOCK32.dll
0x00007ffc80ac0000 - 0x00007ffc80ae2000 	C:\WINDOWS\SYSTEM32\WINMM.dll
0x00007ffc88150000 - 0x00007ffc88157000 	C:\WINDOWS\system32\PSAPI.DLL
0x00007ffc87d60000 - 0x00007ffc87dba000 	C:\WINDOWS\system32\WS2_32.dll
0x00007ffc80a90000 - 0x00007ffc80aba000 	C:\WINDOWS\SYSTEM32\WINMMBASE.dll
0x00007ffc88160000 - 0x00007ffc88169000 	C:\WINDOWS\system32\NSI.dll
0x00007ffc85a80000 - 0x00007ffc85acf000 	C:\WINDOWS\SYSTEM32\cfgmgr32.dll
0x00007ffc847d0000 - 0x00007ffc847f8000 	C:\WINDOWS\SYSTEM32\DEVOBJ.dll
0x0000000076030000 - 0x000000007603f000 	C:\Program Files\Java\jdk1.7.0_79\jre\bin\verify.dll
0x0000000076000000 - 0x0000000076028000 	C:\Program Files\Java\jdk1.7.0_79\jre\bin\java.dll
0x0000000075fe0000 - 0x0000000075ff5000 	C:\Program Files\Java\jdk1.7.0_79\jre\bin\zip.dll
0x0000000075fc0000 - 0x0000000075fda000 	C:\Program Files\Java\jdk1.7.0_79\jre\bin\net.dll
0x00007ffc851c0000 - 0x00007ffc85219000 	C:\WINDOWS\system32\mswsock.dll
0x0000000075fa0000 - 0x0000000075fb1000 	C:\Program Files\Java\jdk1.7.0_79\jre\bin\nio.dll

VM Arguments:
jvm_args: -Xmx1024M -Dfile.encoding=windows-1252 -Duser.country=AR -Duser.language=es -Duser.variant 
java_command: com.android.dx.command.Main --dex --num-threads=4 --output F:\Proyecto Transporte\Proyectos\AppBase\app\build\intermediates\pre-dexed\debug\classes-6ce2a97ac0f6d2c57f3c15e9765f1317c1ed417b.jar F:\Proyecto Transporte\Proyectos\AppBase\app\build\intermediates\exploded-aar\com.google.android.gms\play-services-base\7.5.0\jars\classes.jar
Launcher Type: SUN_STANDARD

Environment Variables:
PATH=C:\ProgramData\Oracle\Java\javapath;C:\Program Files (x86)\HP SimplePass\x64;C:\Program Files (x86)\HP SimplePass\;C:\Program Files (x86)\Intel\iCLS Client\;C:\Program Files\Intel\iCLS Client\;C:\WINDOWS\system32;C:\WINDOWS;C:\WINDOWS\System32\Wbem;C:\WINDOWS\System32\WindowsPowerShell\v1.0\;C:\Program Files (x86)\Intel\OpenCL SDK\2.0\bin\x86;C:\Program Files (x86)\Intel\OpenCL SDK\2.0\bin\x64;C:\Program Files\Intel\Intel(R) Management Engine Components\DAL;C:\Program Files\Intel\Intel(R) Management Engine Components\IPT;C:\Program Files (x86)\Intel\Intel(R) Management Engine Components\DAL;C:\Program Files (x86)\Intel\Intel(R) Management Engine Components\IPT;C:\Program Files\TortoiseSVN\bin;C:\Program Files (x86)\Skype\Phone\;C:\Program Files (x86)\Subversion\bin
USERNAME=soled_000
OS=Windows_NT
PROCESSOR_IDENTIFIER=Intel64 Family 6 Model 58 Stepping 9, GenuineIntel



---------------  S Y S T E M  ---------------

OS: Windows 8.1 , 64 bit Build 9600 

CPU:total 8 (4 cores per cpu, 2 threads per core) family 6 model 58 stepping 9, cmov, cx8, fxsr, mmx, sse, sse2, sse3, ssse3, sse4.1, sse4.2, popcnt, avx, aes, erms, ht, tsc, tscinvbit, tscinv

Memory: 4k page, physical 8280028k(2167292k free), swap 8280028k(10260k free)

vm_info: Java HotSpot(TM) 64-Bit Server VM (24.79-b02) for windows-amd64 JRE (1.7.0_79-b15), built on Apr 10 2015 12:36:16 by "java_re" with unknown MS VC++:1600

time: Wed Jul 08 10:16:38 2015
elapsed time: 12 seconds

