#
# There is insufficient memory for the Java Runtime Environment to continue.
# Native memory allocation (malloc) failed to allocate 404304 bytes for Chunk::new
# Possible reasons:
#   The system is out of physical RAM or swap space
#   In 32 bit mode, the process size limit was hit
# Possible solutions:
#   Reduce memory load on the system
#   Increase physical memory or swap space
#   Check if swap backing store is full
#   Use 64 bit Java on a 64 bit OS
#   Decrease Java heap size (-Xmx/-Xms)
#   Decrease number of Java threads
#   Decrease Java thread stack sizes (-Xss)
#   Set larger code cache with -XX:ReservedCodeCacheSize=
# This output file may be truncated or incomplete.
#
#  Out of Memory Error (allocation.cpp:323), pid=3180, tid=8148
#
# JRE version: Java(TM) SE Runtime Environment (7.0_79-b15) (build 1.7.0_79-b15)
# Java VM: Java HotSpot(TM) 64-Bit Server VM (24.79-b02 mixed mode windows-amd64 compressed oops)
# Failed to write core dump. Minidumps are not enabled by default on client versions of Windows
#

---------------  T H R E A D  ---------------

Current thread (0x0000000001e7c800):  JavaThread "C2 CompilerThread0" daemon [_thread_in_native, id=8148, stack(0x000000000a7b0000,0x000000000a8b0000)]

Stack: [0x000000000a7b0000,0x000000000a8b0000]
[error occurred during error reporting (printing stack bounds), id 0xc0000005]


Current CompileTask:
C2:   2781  214             com.android.dx.ssa.SCCP::run (298 bytes)


---------------  P R O C E S S  ---------------

Java Threads: ( => current thread )
  0x000000000a420000 JavaThread "pool-1-thread-4" [_thread_blocked, id=5088, stack(0x000000000afb0000,0x000000000b0b0000)]
  0x000000000a41d000 JavaThread "pool-1-thread-3" [_thread_in_vm, id=6608, stack(0x000000000aeb0000,0x000000000afb0000)]
  0x000000000a41c800 JavaThread "pool-1-thread-2" [_thread_in_Java, id=3880, stack(0x000000000adb0000,0x000000000aeb0000)]
  0x000000000a41b800 JavaThread "pool-2-thread-1" [_thread_blocked, id=6360, stack(0x000000000acb0000,0x000000000adb0000)]
  0x000000000a443800 JavaThread "pool-1-thread-1" [_thread_in_Java, id=3664, stack(0x000000000abb0000,0x000000000acb0000)]
  0x0000000001e8d800 JavaThread "Service Thread" daemon [_thread_blocked, id=8100, stack(0x000000000a9b0000,0x000000000aab0000)]
  0x0000000001e7e000 JavaThread "C2 CompilerThread1" daemon [_thread_in_native, id=6432, stack(0x000000000a8b0000,0x000000000a9b0000)]
=>0x0000000001e7c800 JavaThread "C2 CompilerThread0" daemon [_thread_in_native, id=8148, stack(0x000000000a7b0000,0x000000000a8b0000)]
  0x0000000001e7c000 JavaThread "Attach Listener" daemon [_thread_blocked, id=4904, stack(0x000000000a6b0000,0x000000000a7b0000)]
  0x0000000001e77000 JavaThread "Signal Dispatcher" daemon [_thread_blocked, id=6960, stack(0x000000000a5b0000,0x000000000a6b0000)]
  0x00000000081da000 JavaThread "Finalizer" daemon [_thread_blocked, id=1092, stack(0x000000000a0b0000,0x000000000a1b0000)]
  0x00000000081d9000 JavaThread "Reference Handler" daemon [_thread_blocked, id=7728, stack(0x0000000009fb0000,0x000000000a0b0000)]
  0x0000000001d90800 JavaThread "main" [_thread_in_vm, id=7084, stack(0x0000000001c90000,0x0000000001d90000)]

Other Threads:
  0x00000000081d5800 VMThread [stack: 0x0000000009eb0000,0x0000000009fb0000] [id=1560]
  0x000000000a1dd000 WatcherThread [stack: 0x000000000aab0000,0x000000000abb0000] [id=1820]

VM state:not at safepoint (normal execution)

VM Mutex/Monitor currently owned by a thread: None

Heap
 PSYoungGen      total 38400K, used 24415K [0x00000000eaa80000, 0x00000000ef580000, 0x0000000100000000)
  eden space 33280K, 58% used [0x00000000eaa80000,0x00000000ebd5dff0,0x00000000ecb00000)
  from space 5120K, 99% used [0x00000000ecb00000,0x00000000ecff9de8,0x00000000ed000000)
  to   space 5120K, 0% used [0x00000000ef080000,0x00000000ef080000,0x00000000ef580000)
 ParOldGen       total 86016K, used 1789K [0x00000000c0000000, 0x00000000c5400000, 0x00000000eaa80000)
  object space 86016K, 2% used [0x00000000c0000000,0x00000000c01bf640,0x00000000c5400000)
 PSPermGen       total 21504K, used 5776K [0x00000000bae00000, 0x00000000bc300000, 0x00000000c0000000)
  object space 21504K, 26% used [0x00000000bae00000,0x00000000bb3a40d8,0x00000000bc300000)

Card table byte_map: [0x0000000004f50000,0x0000000005180000] byte_map_base: 0x0000000004979000

Polling page: 0x00000000004c0000

Code Cache  [0x0000000001e90000, 0x0000000002100000, 0x0000000004e90000)
 total_blobs=470 nmethods=233 adapters=189 free_code_cache=48173Kb largest_free_block=49278208

Compilation events (10 events):
Event: 2.412 Thread 0x0000000001e7e000 nmethod 228 0x0000000001f76310 code [0x0000000001f76440, 0x0000000001f76498]
Event: 2.412 Thread 0x0000000001e7e000  229             java.util.ArrayList::remove (77 bytes)
Event: 2.419 Thread 0x0000000001e7e000 nmethod 229 0x0000000001f734d0 code [0x0000000001f73620, 0x0000000001f739b8]
Event: 2.419 Thread 0x0000000001e7e000  230             java.util.Collections$UnmodifiableCollection$1::next (10 bytes)
Event: 2.421 Thread 0x0000000001e7e000 nmethod 230 0x0000000001f72f90 code [0x0000000001f73100, 0x0000000001f73268]
Event: 2.421 Thread 0x0000000001e7e000  231             com.android.dx.util.BitIntSet::<init> (13 bytes)
Event: 2.422 Thread 0x0000000001e7e000 nmethod 231 0x0000000001f72c50 code [0x0000000001f72da0, 0x0000000001f72eb8]
Event: 2.422 Thread 0x0000000001e7e000  232             com.android.dx.cf.code.Frame::getStack (5 bytes)
Event: 2.422 Thread 0x0000000001e7e000 nmethod 232 0x0000000001f76110 code [0x0000000001f76240, 0x0000000001f76298]
Event: 2.422 Thread 0x0000000001e7e000  233             com.android.dx.ssa.SCCP::simulateBlock (54 bytes)

GC Heap History (2 events):
Event: 1.406 GC heap before
{Heap before GC invocations=1 (full 0):
 PSYoungGen      total 38400K, used 33280K [0x00000000eaa80000, 0x00000000ed500000, 0x0000000100000000)
  eden space 33280K, 100% used [0x00000000eaa80000,0x00000000ecb00000,0x00000000ecb00000)
  from space 5120K, 0% used [0x00000000ed000000,0x00000000ed000000,0x00000000ed500000)
  to   space 5120K, 0% used [0x00000000ecb00000,0x00000000ecb00000,0x00000000ed000000)
 ParOldGen       total 86016K, used 0K [0x00000000c0000000, 0x00000000c5400000, 0x00000000eaa80000)
  object space 86016K, 0% used [0x00000000c0000000,0x00000000c0000000,0x00000000c5400000)
 PSPermGen       total 21504K, used 5732K [0x00000000bae00000, 0x00000000bc300000, 0x00000000c0000000)
  object space 21504K, 26% used [0x00000000bae00000,0x00000000bb399148,0x00000000bc300000)
Event: 1.694 GC heap after
Heap after GC invocations=1 (full 0):
 PSYoungGen      total 38400K, used 5095K [0x00000000eaa80000, 0x00000000ef580000, 0x0000000100000000)
  eden space 33280K, 0% used [0x00000000eaa80000,0x00000000eaa80000,0x00000000ecb00000)
  from space 5120K, 99% used [0x00000000ecb00000,0x00000000ecff9de8,0x00000000ed000000)
  to   space 5120K, 0% used [0x00000000ef080000,0x00000000ef080000,0x00000000ef580000)
 ParOldGen       total 86016K, used 1789K [0x00000000c0000000, 0x00000000c5400000, 0x00000000eaa80000)
  object space 86016K, 2% used [0x00000000c0000000,0x00000000c01bf640,0x00000000c5400000)
 PSPermGen       total 21504K, used 5732K [0x00000000bae00000, 0x00000000bc300000, 0x00000000c0000000)
  object space 21504K, 26% used [0x00000000bae00000,0x00000000bb399148,0x00000000bc300000)
}

Deoptimization events (10 events):
Event: 1.074 Thread 0x0000000001d90800 Uncommon trap: reason=class_check action=maybe_recompile pc=0x0000000001f1c524 method=com.android.dx.ssa.NormalSsaInsn.accept(Lcom/android/dx/ssa/SsaInsn$Visitor;)V @ 9
Event: 1.075 Thread 0x0000000001d90800 Uncommon trap: reason=class_check action=maybe_recompile pc=0x0000000001f08880 method=com.android.dx.ssa.NormalSsaInsn.accept(Lcom/android/dx/ssa/SsaInsn$Visitor;)V @ 9
Event: 1.081 Thread 0x0000000001d90800 Uncommon trap: reason=class_check action=maybe_recompile pc=0x0000000001f1c524 method=com.android.dx.ssa.NormalSsaInsn.accept(Lcom/android/dx/ssa/SsaInsn$Visitor;)V @ 9
Event: 1.085 Thread 0x0000000001d90800 Uncommon trap: reason=class_check action=maybe_recompile pc=0x0000000001f1c524 method=com.android.dx.ssa.NormalSsaInsn.accept(Lcom/android/dx/ssa/SsaInsn$Visitor;)V @ 9
Event: 1.085 Thread 0x0000000001d90800 Uncommon trap: reason=class_check action=maybe_recompile pc=0x0000000001f08880 method=com.android.dx.ssa.NormalSsaInsn.accept(Lcom/android/dx/ssa/SsaInsn$Visitor;)V @ 9
Event: 1.151 Thread 0x000000000a41c800 Uncommon trap: reason=unreached action=reinterpret pc=0x0000000001f17704 method=com.android.dx.rop.cst.Constant.compareTo(Lcom/android/dx/rop/cst/Constant;)I @ 12
Event: 2.435 Thread 0x000000000a41d000 Uncommon trap: reason=class_check action=maybe_recompile pc=0x0000000001f7a304 method=com.android.dx.ssa.SsaMethod.isRegALocal(Lcom/android/dx/rop/code/RegisterSpec;)Z @ 16
Event: 2.435 Thread 0x000000000a41d000 Uncommon trap: reason=class_check action=maybe_recompile pc=0x0000000001f7a304 method=com.android.dx.ssa.SsaMethod.isRegALocal(Lcom/android/dx/rop/code/RegisterSpec;)Z @ 16
Event: 2.435 Thread 0x000000000a41d000 Uncommon trap: reason=class_check action=maybe_recompile pc=0x0000000001f7a304 method=com.android.dx.ssa.SsaMethod.isRegALocal(Lcom/android/dx/rop/code/RegisterSpec;)Z @ 16
Event: 2.435 Thread 0x000000000a41d000 Uncommon trap: reason=class_check action=maybe_recompile pc=0x0000000001f7a304 method=com.android.dx.ssa.SsaMethod.isRegALocal(Lcom/android/dx/rop/code/RegisterSpec;)Z @ 16

Internal exceptions (10 events):
Event: 0.775 Thread 0x0000000001d90800 Threw 0x00000000eb2b6598 at C:\re\jdk7u79\2331\hotspot\src\share\vm\prims\jvm.cpp:1304
Event: 0.809 Thread 0x000000000a41d000 Threw 0x00000000eb398d90 at C:\re\jdk7u79\2331\hotspot\src\share\vm\prims\jvm.cpp:1304
Event: 0.817 Thread 0x000000000a41d000 Threw 0x00000000eb3b7470 at C:\re\jdk7u79\2331\hotspot\src\share\vm\prims\jvm.cpp:1304
Event: 0.821 Thread 0x000000000a41d000 Threw 0x00000000eb3c9210 at C:\re\jdk7u79\2331\hotspot\src\share\vm\prims\jvm.cpp:1304
Event: 0.856 Thread 0x0000000001d90800 Threw 0x00000000eb4e87c0 at C:\re\jdk7u79\2331\hotspot\src\share\vm\prims\jvm.cpp:1304
Event: 0.918 Thread 0x0000000001d90800 Threw 0x00000000eb7130e0 at C:\re\jdk7u79\2331\hotspot\src\share\vm\prims\jvm.cpp:1304
Event: 0.941 Thread 0x0000000001d90800 Threw 0x00000000eb792a98 at C:\re\jdk7u79\2331\hotspot\src\share\vm\prims\jvm.cpp:1304
Event: 0.942 Thread 0x0000000001d90800 Threw 0x00000000eb79ca48 at C:\re\jdk7u79\2331\hotspot\src\share\vm\prims\jvm.cpp:1304
Event: 0.942 Thread 0x0000000001d90800 Threw 0x00000000eb79eee0 at C:\re\jdk7u79\2331\hotspot\src\share\vm\prims\jvm.cpp:1304
Event: 0.971 Thread 0x0000000001d90800 Implicit null exception at 0x0000000001f16bb6 to 0x0000000001f16ef9

Events (10 events):
Event: 2.435 Thread 0x000000000a41d000 DEOPT UNPACKING pc=0x0000000001ec75a4 sp=0x000000000afae928 mode 2
Event: 2.435 Thread 0x000000000a41d000 Uncommon trap: trap_request=0xffffffde fr.pc=0x0000000001f7a304
Event: 2.435 Thread 0x000000000a41d000 DEOPT PACKING pc=0x0000000001f7a304 sp=0x000000000afaea60
Event: 2.435 Thread 0x000000000a41d000 DEOPT UNPACKING pc=0x0000000001ec75a4 sp=0x000000000afae998 mode 2
Event: 2.435 Thread 0x000000000a41d000 Uncommon trap: trap_request=0xffffffde fr.pc=0x0000000001f7a304
Event: 2.435 Thread 0x000000000a41d000 DEOPT PACKING pc=0x0000000001f7a304 sp=0x000000000afaea60
Event: 2.435 Thread 0x000000000a41d000 DEOPT UNPACKING pc=0x0000000001ec75a4 sp=0x000000000afae998 mode 2
Event: 2.435 Thread 0x000000000a41d000 Uncommon trap: trap_request=0xffffffde fr.pc=0x0000000001f7a304
Event: 2.435 Thread 0x000000000a41d000 DEOPT PACKING pc=0x0000000001f7a304 sp=0x000000000afaea60
Event: 2.435 Thread 0x000000000a41d000 DEOPT UNPACKING pc=0x0000000001ec75a4 sp=0x000000000afae998 mode 2


Dynamic libraries:
0x00007ff70f950000 - 0x00007ff70f983000 	C:\Program Files\Java\jdk1.7.0_79\bin\java.exe
0x00007ff9f8a60000 - 0x00007ff9f8c0c000 	C:\WINDOWS\SYSTEM32\ntdll.dll
0x00007ff9f6770000 - 0x00007ff9f68ae000 	C:\WINDOWS\system32\KERNEL32.DLL
0x00007ff9f5f70000 - 0x00007ff9f6085000 	C:\WINDOWS\system32\KERNELBASE.dll
0x00007ff9f44a0000 - 0x00007ff9f452e000 	C:\WINDOWS\system32\apphelp.dll
0x00007ff9e6750000 - 0x00007ff9e67a3000 	C:\WINDOWS\AppPatch\AppPatch64\AcGenral.DLL
0x00007ff9f60e0000 - 0x00007ff9f618a000 	C:\WINDOWS\system32\msvcrt.dll
0x00007ff9f5980000 - 0x00007ff9f59ae000 	C:\WINDOWS\SYSTEM32\SspiCli.dll
0x00007ff9f85e0000 - 0x00007ff9f8634000 	C:\WINDOWS\system32\SHLWAPI.dll
0x00007ff9f8640000 - 0x00007ff9f87b7000 	C:\WINDOWS\system32\USER32.dll
0x00007ff9f6d10000 - 0x00007ff9f6ea4000 	C:\WINDOWS\system32\ole32.dll
0x00007ff9f70c0000 - 0x00007ff9f85d8000 	C:\WINDOWS\system32\SHELL32.dll
0x00007ff9f5150000 - 0x00007ff9f5171000 	C:\WINDOWS\SYSTEM32\USERENV.dll
0x00007ff9f7010000 - 0x00007ff9f70ba000 	C:\WINDOWS\system32\ADVAPI32.dll
0x00007ff9ec360000 - 0x00007ff9ec37e000 	C:\WINDOWS\SYSTEM32\MPR.dll
0x00007ff9f6230000 - 0x00007ff9f6371000 	C:\WINDOWS\system32\RPCRT4.dll
0x00007ff9f6920000 - 0x00007ff9f6979000 	C:\WINDOWS\SYSTEM32\sechost.dll
0x00007ff9f6990000 - 0x00007ff9f6ba1000 	C:\WINDOWS\SYSTEM32\combase.dll
0x00007ff9f6bb0000 - 0x00007ff9f6d01000 	C:\WINDOWS\system32\GDI32.dll
0x00007ff9f5bb0000 - 0x00007ff9f5bc5000 	C:\WINDOWS\SYSTEM32\profapi.dll
0x00007ff9f4180000 - 0x00007ff9f4232000 	C:\WINDOWS\SYSTEM32\SHCORE.dll
0x00007ff9f61f0000 - 0x00007ff9f6226000 	C:\WINDOWS\system32\IMM32.DLL
0x00007ff9f6eb0000 - 0x00007ff9f7002000 	C:\WINDOWS\system32\MSCTF.dll
0x00007ff9f3800000 - 0x00007ff9f3a7a000 	C:\WINDOWS\WinSxS\amd64_microsoft.windows.common-controls_6595b64144ccf1df_6.0.9600.17810_none_6240b9c7ecbd0bda\COMCTL32.dll
0x000000005b7b0000 - 0x000000005b882000 	C:\Program Files\Java\jdk1.7.0_79\jre\bin\msvcr100.dll
0x000000005bba0000 - 0x000000005c375000 	C:\Program Files\Java\jdk1.7.0_79\jre\bin\server\jvm.dll
0x00007ff9eb7d0000 - 0x00007ff9eb7d9000 	C:\WINDOWS\SYSTEM32\WSOCK32.dll
0x00007ff9f0ce0000 - 0x00007ff9f0d02000 	C:\WINDOWS\SYSTEM32\WINMM.dll
0x00007ff9f88a0000 - 0x00007ff9f88a7000 	C:\WINDOWS\system32\PSAPI.DLL
0x00007ff9f6190000 - 0x00007ff9f61ea000 	C:\WINDOWS\system32\WS2_32.dll
0x00007ff9f0cb0000 - 0x00007ff9f0cda000 	C:\WINDOWS\SYSTEM32\WINMMBASE.dll
0x00007ff9f64c0000 - 0x00007ff9f64c9000 	C:\WINDOWS\system32\NSI.dll
0x00007ff9f6090000 - 0x00007ff9f60df000 	C:\WINDOWS\SYSTEM32\cfgmgr32.dll
0x00007ff9f49b0000 - 0x00007ff9f49d8000 	C:\WINDOWS\SYSTEM32\DEVOBJ.dll
0x000000005bb90000 - 0x000000005bb9f000 	C:\Program Files\Java\jdk1.7.0_79\jre\bin\verify.dll
0x000000005bb60000 - 0x000000005bb88000 	C:\Program Files\Java\jdk1.7.0_79\jre\bin\java.dll
0x000000005bb40000 - 0x000000005bb55000 	C:\Program Files\Java\jdk1.7.0_79\jre\bin\zip.dll
0x000000005bb20000 - 0x000000005bb3a000 	C:\Program Files\Java\jdk1.7.0_79\jre\bin\net.dll
0x00007ff9f53c0000 - 0x00007ff9f5419000 	C:\WINDOWS\system32\mswsock.dll
0x000000005bb00000 - 0x000000005bb11000 	C:\Program Files\Java\jdk1.7.0_79\jre\bin\nio.dll

VM Arguments:
jvm_args: -Xmx1024M -Dfile.encoding=windows-1252 -Duser.country=AR -Duser.language=es -Duser.variant 
java_command: com.android.dx.command.Main --dex --num-threads=4 --output F:\Proyecto Transporte\Proyectos\AppBase\app\build\intermediates\pre-dexed\debug\classes-6ce2a97ac0f6d2c57f3c15e9765f1317c1ed417b.jar F:\Proyecto Transporte\Proyectos\AppBase\app\build\intermediates\exploded-aar\com.google.android.gms\play-services-base\7.5.0\jars\classes.jar
Launcher Type: SUN_STANDARD

Environment Variables:
PATH=C:\ProgramData\Oracle\Java\javapath;C:\Program Files (x86)\HP SimplePass\x64;C:\Program Files (x86)\HP SimplePass\;C:\Program Files (x86)\Intel\iCLS Client\;C:\Program Files\Intel\iCLS Client\;C:\WINDOWS\system32;C:\WINDOWS;C:\WINDOWS\System32\Wbem;C:\WINDOWS\System32\WindowsPowerShell\v1.0\;C:\Program Files (x86)\Intel\OpenCL SDK\2.0\bin\x86;C:\Program Files (x86)\Intel\OpenCL SDK\2.0\bin\x64;C:\Program Files\Intel\Intel(R) Management Engine Components\DAL;C:\Program Files\Intel\Intel(R) Management Engine Components\IPT;C:\Program Files (x86)\Intel\Intel(R) Management Engine Components\DAL;C:\Program Files (x86)\Intel\Intel(R) Management Engine Components\IPT;C:\Program Files\TortoiseSVN\bin;C:\Program Files (x86)\Skype\Phone\;C:\Program Files (x86)\Subversion\bin
USERNAME=soled_000
OS=Windows_NT
PROCESSOR_IDENTIFIER=Intel64 Family 6 Model 58 Stepping 9, GenuineIntel



---------------  S Y S T E M  ---------------

OS: Windows 8.1 , 64 bit Build 9600 

CPU:total 8 (4 cores per cpu, 2 threads per core) family 6 model 58 stepping 9, cmov, cx8, fxsr, mmx, sse, sse2, sse3, ssse3, sse4.1, sse4.2, popcnt, avx, aes, erms, ht, tsc, tscinvbit, tscinv

Memory: 4k page, physical 8280028k(2091504k free), swap 8280028k(5360k free)

vm_info: Java HotSpot(TM) 64-Bit Server VM (24.79-b02) for windows-amd64 JRE (1.7.0_79-b15), built on Apr 10 2015 12:36:16 by "java_re" with unknown MS VC++:1600

time: Fri Jun 26 15:21:15 2015
elapsed time: 2 seconds

