#
# There is insufficient memory for the Java Runtime Environment to continue.
# Native memory allocation (malloc) failed to allocate 162768 bytes for Chunk::new
# Possible reasons:
#   The system is out of physical RAM or swap space
#   In 32 bit mode, the process size limit was hit
# Possible solutions:
#   Reduce memory load on the system
#   Increase physical memory or swap space
#   Check if swap backing store is full
#   Use 64 bit Java on a 64 bit OS
#   Decrease Java heap size (-Xmx/-Xms)
#   Decrease number of Java threads
#   Decrease Java thread stack sizes (-Xss)
#   Set larger code cache with -XX:ReservedCodeCacheSize=
# This output file may be truncated or incomplete.
#
#  Out of Memory Error (allocation.cpp:323), pid=5964, tid=7180
#
# JRE version: Java(TM) SE Runtime Environment (7.0_79-b15) (build 1.7.0_79-b15)
# Java VM: Java HotSpot(TM) 64-Bit Server VM (24.79-b02 mixed mode windows-amd64 compressed oops)
# Failed to write core dump. Minidumps are not enabled by default on client versions of Windows
#

---------------  T H R E A D  ---------------

Current thread (0x00000000021e1800):  JavaThread "C2 CompilerThread1" daemon [_thread_in_native, id=7180, stack(0x000000000ab10000,0x000000000ac10000)]

Stack: [0x000000000ab10000,0x000000000ac10000]
[error occurred during error reporting (printing stack bounds), id 0xc0000005]


[error occurred during error reporting (printing native stack), id 0xc0000005]


Current CompileTask:
C2:   3002  210             com.android.dx.ssa.SCCP::run (298 bytes)


---------------  P R O C E S S  ---------------

Java Threads: ( => current thread )
  0x000000000a5ff000 JavaThread "pool-1-thread-4" [_thread_in_Java, id=5760, stack(0x000000000b210000,0x000000000b310000)]
  0x000000000a5fe000 JavaThread "pool-1-thread-3" [_thread_blocked, id=2568, stack(0x000000000b110000,0x000000000b210000)]
  0x000000000a5fd800 JavaThread "pool-1-thread-2" [_thread_in_Java, id=7940, stack(0x000000000b010000,0x000000000b110000)]
  0x000000000a5fc000 JavaThread "pool-2-thread-1" [_thread_blocked, id=6884, stack(0x000000000af10000,0x000000000b010000)]
  0x000000000a5d9800 JavaThread "pool-1-thread-1" [_thread_in_Java, id=5488, stack(0x000000000ae10000,0x000000000af10000)]
  0x000000000a43a000 JavaThread "Service Thread" daemon [_thread_blocked, id=3584, stack(0x000000000ac10000,0x000000000ad10000)]
=>0x00000000021e1800 JavaThread "C2 CompilerThread1" daemon [_thread_in_native, id=7180, stack(0x000000000ab10000,0x000000000ac10000)]
  0x00000000021dd800 JavaThread "C2 CompilerThread0" daemon [_thread_in_native, id=7592, stack(0x000000000aa10000,0x000000000ab10000)]
  0x00000000021dd000 JavaThread "Attach Listener" daemon [_thread_blocked, id=4024, stack(0x000000000a910000,0x000000000aa10000)]
  0x00000000021d8000 JavaThread "Signal Dispatcher" daemon [_thread_blocked, id=6752, stack(0x000000000a810000,0x000000000a910000)]
  0x000000000842f800 JavaThread "Finalizer" daemon [_thread_blocked, id=5780, stack(0x000000000a310000,0x000000000a410000)]
  0x0000000008429000 JavaThread "Reference Handler" daemon [_thread_blocked, id=5140, stack(0x000000000a210000,0x000000000a310000)]
  0x00000000020f0800 JavaThread "main" [_thread_blocked, id=6272, stack(0x0000000001ff0000,0x00000000020f0000)]

Other Threads:
  0x0000000008425800 VMThread [stack: 0x000000000a110000,0x000000000a210000] [id=8172]
  0x000000000a444800 WatcherThread [stack: 0x000000000ad10000,0x000000000ae10000] [id=5124]

VM state:not at safepoint (normal execution)

VM Mutex/Monitor currently owned by a thread: None

Heap
 PSYoungGen      total 38400K, used 9036K [0x00000000eaa80000, 0x00000000ed500000, 0x0000000100000000)
  eden space 33280K, 11% used [0x00000000eaa80000,0x00000000eae544c0,0x00000000ecb00000)
  from space 5120K, 99% used [0x00000000ecb00000,0x00000000ecffec18,0x00000000ed000000)
  to   space 5120K, 0% used [0x00000000ed000000,0x00000000ed000000,0x00000000ed500000)
 ParOldGen       total 86016K, used 2218K [0x00000000c0000000, 0x00000000c5400000, 0x00000000eaa80000)
  object space 86016K, 2% used [0x00000000c0000000,0x00000000c022aae8,0x00000000c5400000)
 PSPermGen       total 21504K, used 5737K [0x00000000bae00000, 0x00000000bc300000, 0x00000000c0000000)
  object space 21504K, 26% used [0x00000000bae00000,0x00000000bb39a430,0x00000000bc300000)

Card table byte_map: [0x00000000051f0000,0x0000000005420000] byte_map_base: 0x0000000004c19000

Polling page: 0x0000000000860000

Code Cache  [0x00000000021f0000, 0x0000000002460000, 0x00000000051f0000)
 total_blobs=446 nmethods=209 adapters=189 free_code_cache=48316Kb largest_free_block=49450176

Compilation events (10 events):
Event: 2.751 Thread 0x00000000021e1800 nmethod 206 0x00000000022c2150 code [0x00000000022c2300, 0x00000000022c2a58]
Event: 2.751 Thread 0x00000000021e1800  207             com.android.dx.ssa.SsaRenamer::access$000 (5 bytes)
Event: 2.752 Thread 0x00000000021e1800 nmethod 207 0x00000000022b3690 code [0x00000000022b37c0, 0x00000000022b3818]
Event: 2.752 Thread 0x00000000021e1800  208   !         com.android.dx.ssa.BasicRegisterMapper::map (44 bytes)
Event: 2.975 Thread 0x00000000021dd800 nmethod 205 0x00000000022b4ad0 code [0x00000000022b4c80, 0x00000000022b5458]
Event: 2.975 Thread 0x00000000021dd800  209   !         com.android.dx.util.IntList::set (53 bytes)
Event: 2.975 Thread 0x00000000021e1800 nmethod 208 0x00000000022c1c90 code [0x00000000022c1de0, 0x00000000022c1ee8]
Event: 2.976 Thread 0x00000000021e1800  210             com.android.dx.ssa.SCCP::run (298 bytes)
Event: 2.976 Thread 0x00000000021dd800 nmethod 209 0x00000000022c5850 code [0x00000000022c59a0, 0x00000000022c5a78]
Event: 2.976 Thread 0x00000000021dd800  211             com.android.dx.rop.code.LocalVariableExtractor::processBlock (327 bytes)

GC Heap History (2 events):
Event: 2.865 GC heap before
{Heap before GC invocations=1 (full 0):
 PSYoungGen      total 38400K, used 33280K [0x00000000eaa80000, 0x00000000ed500000, 0x0000000100000000)
  eden space 33280K, 100% used [0x00000000eaa80000,0x00000000ecb00000,0x00000000ecb00000)
  from space 5120K, 0% used [0x00000000ed000000,0x00000000ed000000,0x00000000ed500000)
  to   space 5120K, 0% used [0x00000000ecb00000,0x00000000ecb00000,0x00000000ed000000)
 ParOldGen       total 86016K, used 0K [0x00000000c0000000, 0x00000000c5400000, 0x00000000eaa80000)
  object space 86016K, 0% used [0x00000000c0000000,0x00000000c0000000,0x00000000c5400000)
 PSPermGen       total 21504K, used 5730K [0x00000000bae00000, 0x00000000bc300000, 0x00000000c0000000)
  object space 21504K, 26% used [0x00000000bae00000,0x00000000bb398b28,0x00000000bc300000)
Event: 2.974 GC heap after
Heap after GC invocations=1 (full 0):
 PSYoungGen      total 38400K, used 5115K [0x00000000eaa80000, 0x00000000ed500000, 0x0000000100000000)
  eden space 33280K, 0% used [0x00000000eaa80000,0x00000000eaa80000,0x00000000ecb00000)
  from space 5120K, 99% used [0x00000000ecb00000,0x00000000ecffec18,0x00000000ed000000)
  to   space 5120K, 0% used [0x00000000ed000000,0x00000000ed000000,0x00000000ed500000)
 ParOldGen       total 86016K, used 2218K [0x00000000c0000000, 0x00000000c5400000, 0x00000000eaa80000)
  object space 86016K, 2% used [0x00000000c0000000,0x00000000c022aae8,0x00000000c5400000)
 PSPermGen       total 21504K, used 5730K [0x00000000bae00000, 0x00000000bc300000, 0x00000000c0000000)
  object space 21504K, 26% used [0x00000000bae00000,0x00000000bb398b28,0x00000000bc300000)
}

Deoptimization events (3 events):
Event: 1.260 Thread 0x000000000a5ff000 Uncommon trap: reason=null_check action=make_not_entrant pc=0x000000000226a2c0 method=com.android.dx.rop.code.LocalItem.equals(Ljava/lang/Object;)Z @ 1
Event: 2.728 Thread 0x000000000a5fe000 Uncommon trap: reason=null_check action=make_not_entrant pc=0x00000000022a5eec method=com.android.dx.ssa.SsaRenamer.getLocalForNewReg(I)Lcom/android/dx/rop/code/LocalItem; @ 19
Event: 2.976 Thread 0x00000000020f0800 Uncommon trap: reason=unreached action=reinterpret pc=0x00000000022bee14 method=com.android.dx.ssa.SCCP.simulateBranch(Lcom/android/dx/ssa/SsaInsn;)V @ 132

Internal exceptions (10 events):
Event: 1.100 Thread 0x000000000a5fe000 Threw 0x00000000eb1c8f28 at C:\re\jdk7u79\2331\hotspot\src\share\vm\prims\jvm.cpp:1304
Event: 1.147 Thread 0x000000000a5fe000 Threw 0x00000000eb1db958 at C:\re\jdk7u79\2331\hotspot\src\share\vm\prims\jvm.cpp:1304
Event: 1.260 Thread 0x000000000a5ff000 Implicit null exception at 0x0000000002269f69 to 0x000000000226a2ad
Event: 1.706 Thread 0x00000000020f0800 Threw 0x00000000eb918890 at C:\re\jdk7u79\2331\hotspot\src\share\vm\prims\jvm.cpp:1304
Event: 1.707 Thread 0x00000000020f0800 Threw 0x00000000eb922ad0 at C:\re\jdk7u79\2331\hotspot\src\share\vm\prims\jvm.cpp:1304
Event: 1.708 Thread 0x00000000020f0800 Threw 0x00000000eb924e68 at C:\re\jdk7u79\2331\hotspot\src\share\vm\prims\jvm.cpp:1304
Event: 1.718 Thread 0x00000000020f0800 Threw 0x00000000eb95b0e8 at C:\re\jdk7u79\2331\hotspot\src\share\vm\prims\jvm.cpp:1304
Event: 2.242 Thread 0x000000000a5d9800 Threw 0x00000000ebb68e80 at C:\re\jdk7u79\2331\hotspot\src\share\vm\prims\jvm.cpp:1304
Event: 2.584 Thread 0x000000000a5fe000 Threw 0x00000000ec42e4e0 at C:\re\jdk7u79\2331\hotspot\src\share\vm\prims\jvm.cpp:1304
Event: 2.728 Thread 0x000000000a5fe000 Implicit null exception at 0x00000000022a4cc8 to 0x00000000022a5ebd

Events (10 events):
Event: 2.584 loading class 0x000000000a550360
Event: 2.584 loading class 0x000000000a550360 done
Event: 2.728 Thread 0x000000000a5fe000 Uncommon trap: trap_request=0xfffffff4 fr.pc=0x00000000022a5eec
Event: 2.728 Thread 0x000000000a5fe000 DEOPT PACKING pc=0x00000000022a5eec sp=0x000000000b20eb30
Event: 2.728 Thread 0x000000000a5fe000 DEOPT UNPACKING pc=0x00000000022275a4 sp=0x000000000b20e8c8 mode 2
Event: 2.752 Executing VM operation: ParallelGCFailedAllocation
Event: 2.974 Executing VM operation: ParallelGCFailedAllocation done
Event: 2.976 Thread 0x00000000020f0800 Uncommon trap: trap_request=0xffffffad fr.pc=0x00000000022bee14
Event: 2.976 Thread 0x00000000020f0800 DEOPT PACKING pc=0x00000000022bee14 sp=0x00000000020ee1e0
Event: 2.976 Thread 0x00000000020f0800 DEOPT UNPACKING pc=0x00000000022275a4 sp=0x00000000020ee178 mode 2


Dynamic libraries:
0x00007ff70f950000 - 0x00007ff70f983000 	C:\Program Files\Java\jdk1.7.0_79\bin\java.exe
0x00007ff9f8a60000 - 0x00007ff9f8c0c000 	C:\WINDOWS\SYSTEM32\ntdll.dll
0x00007ff9f6770000 - 0x00007ff9f68ae000 	C:\WINDOWS\system32\KERNEL32.DLL
0x00007ff9f5f70000 - 0x00007ff9f6085000 	C:\WINDOWS\system32\KERNELBASE.dll
0x00007ff9f44a0000 - 0x00007ff9f452e000 	C:\WINDOWS\system32\apphelp.dll
0x00007ff9e6750000 - 0x00007ff9e67a3000 	C:\WINDOWS\AppPatch\AppPatch64\AcGenral.DLL
0x00007ff9f60e0000 - 0x00007ff9f618a000 	C:\WINDOWS\system32\msvcrt.dll
0x00007ff9f5980000 - 0x00007ff9f59ae000 	C:\WINDOWS\SYSTEM32\SspiCli.dll
0x00007ff9f85e0000 - 0x00007ff9f8634000 	C:\WINDOWS\system32\SHLWAPI.dll
0x00007ff9f8640000 - 0x00007ff9f87b7000 	C:\WINDOWS\system32\USER32.dll
0x00007ff9f6d10000 - 0x00007ff9f6ea4000 	C:\WINDOWS\system32\ole32.dll
0x00007ff9f70c0000 - 0x00007ff9f85d8000 	C:\WINDOWS\system32\SHELL32.dll
0x00007ff9f5150000 - 0x00007ff9f5171000 	C:\WINDOWS\SYSTEM32\USERENV.dll
0x00007ff9f7010000 - 0x00007ff9f70ba000 	C:\WINDOWS\system32\ADVAPI32.dll
0x00007ff9ec360000 - 0x00007ff9ec37e000 	C:\WINDOWS\SYSTEM32\MPR.dll
0x00007ff9f6230000 - 0x00007ff9f6371000 	C:\WINDOWS\system32\RPCRT4.dll
0x00007ff9f6920000 - 0x00007ff9f6979000 	C:\WINDOWS\SYSTEM32\sechost.dll
0x00007ff9f6990000 - 0x00007ff9f6ba1000 	C:\WINDOWS\SYSTEM32\combase.dll
0x00007ff9f6bb0000 - 0x00007ff9f6d01000 	C:\WINDOWS\system32\GDI32.dll
0x00007ff9f5bb0000 - 0x00007ff9f5bc5000 	C:\WINDOWS\SYSTEM32\profapi.dll
0x00007ff9f4180000 - 0x00007ff9f4232000 	C:\WINDOWS\SYSTEM32\SHCORE.dll
0x00007ff9f61f0000 - 0x00007ff9f6226000 	C:\WINDOWS\system32\IMM32.DLL
0x00007ff9f6eb0000 - 0x00007ff9f7002000 	C:\WINDOWS\system32\MSCTF.dll
0x00007ff9f3800000 - 0x00007ff9f3a7a000 	C:\WINDOWS\WinSxS\amd64_microsoft.windows.common-controls_6595b64144ccf1df_6.0.9600.17810_none_6240b9c7ecbd0bda\COMCTL32.dll
0x000000005b7b0000 - 0x000000005b882000 	C:\Program Files\Java\jdk1.7.0_79\jre\bin\msvcr100.dll
0x000000005bba0000 - 0x000000005c375000 	C:\Program Files\Java\jdk1.7.0_79\jre\bin\server\jvm.dll
0x00007ff9eb7d0000 - 0x00007ff9eb7d9000 	C:\WINDOWS\SYSTEM32\WSOCK32.dll
0x00007ff9f0ce0000 - 0x00007ff9f0d02000 	C:\WINDOWS\SYSTEM32\WINMM.dll
0x00007ff9f88a0000 - 0x00007ff9f88a7000 	C:\WINDOWS\system32\PSAPI.DLL
0x00007ff9f6190000 - 0x00007ff9f61ea000 	C:\WINDOWS\system32\WS2_32.dll
0x00007ff9f0cb0000 - 0x00007ff9f0cda000 	C:\WINDOWS\SYSTEM32\WINMMBASE.dll
0x00007ff9f64c0000 - 0x00007ff9f64c9000 	C:\WINDOWS\system32\NSI.dll
0x00007ff9f6090000 - 0x00007ff9f60df000 	C:\WINDOWS\SYSTEM32\cfgmgr32.dll
0x00007ff9f49b0000 - 0x00007ff9f49d8000 	C:\WINDOWS\SYSTEM32\DEVOBJ.dll
0x000000005bb90000 - 0x000000005bb9f000 	C:\Program Files\Java\jdk1.7.0_79\jre\bin\verify.dll
0x000000005bb60000 - 0x000000005bb88000 	C:\Program Files\Java\jdk1.7.0_79\jre\bin\java.dll
0x000000005bb40000 - 0x000000005bb55000 	C:\Program Files\Java\jdk1.7.0_79\jre\bin\zip.dll
0x000000005bb20000 - 0x000000005bb3a000 	C:\Program Files\Java\jdk1.7.0_79\jre\bin\net.dll
0x00007ff9f53c0000 - 0x00007ff9f5419000 	C:\WINDOWS\system32\mswsock.dll
0x000000005bb00000 - 0x000000005bb11000 	C:\Program Files\Java\jdk1.7.0_79\jre\bin\nio.dll

VM Arguments:
jvm_args: -Xmx1024M -Dfile.encoding=windows-1252 -Duser.country=AR -Duser.language=es -Duser.variant 
java_command: com.android.dx.command.Main --dex --num-threads=4 --output F:\Proyecto Transporte\Proyectos\AppBase\app\build\intermediates\pre-dexed\debug\retrofit-1.6.1-9d24aeadb21acb5fd19ffbd05525b3e040eaec8e.jar F:\Users\Soledad\.gradle\caches\modules-2\files-2.1\com.squareup.retrofit\retrofit\1.6.1\efb0a36546aa8857ab8df358b106c1817e03cbee\retrofit-1.6.1.jar
Launcher Type: SUN_STANDARD

Environment Variables:
PATH=C:\ProgramData\Oracle\Java\javapath;C:\Program Files (x86)\HP SimplePass\x64;C:\Program Files (x86)\HP SimplePass\;C:\Program Files (x86)\Intel\iCLS Client\;C:\Program Files\Intel\iCLS Client\;C:\WINDOWS\system32;C:\WINDOWS;C:\WINDOWS\System32\Wbem;C:\WINDOWS\System32\WindowsPowerShell\v1.0\;C:\Program Files (x86)\Intel\OpenCL SDK\2.0\bin\x86;C:\Program Files (x86)\Intel\OpenCL SDK\2.0\bin\x64;C:\Program Files\Intel\Intel(R) Management Engine Components\DAL;C:\Program Files\Intel\Intel(R) Management Engine Components\IPT;C:\Program Files (x86)\Intel\Intel(R) Management Engine Components\DAL;C:\Program Files (x86)\Intel\Intel(R) Management Engine Components\IPT;C:\Program Files\TortoiseSVN\bin;C:\Program Files (x86)\Skype\Phone\;C:\Program Files (x86)\Subversion\bin
USERNAME=soled_000
OS=Windows_NT
PROCESSOR_IDENTIFIER=Intel64 Family 6 Model 58 Stepping 9, GenuineIntel



---------------  S Y S T E M  ---------------

OS: Windows 8.1 , 64 bit Build 9600 

CPU:total 8 (4 cores per cpu, 2 threads per core) family 6 model 58 stepping 9, cmov, cx8, fxsr, mmx, sse, sse2, sse3, ssse3, sse4.1, sse4.2, popcnt, avx, aes, erms, ht, tsc, tscinvbit, tscinv

Memory: 4k page, physical 8280028k(1991740k free), swap 8280028k(5292k free)

vm_info: Java HotSpot(TM) 64-Bit Server VM (24.79-b02) for windows-amd64 JRE (1.7.0_79-b15), built on Apr 10 2015 12:36:16 by "java_re" with unknown MS VC++:1600

time: Fri Jun 26 15:21:24 2015
elapsed time: 3 seconds

