#
# There is insufficient memory for the Java Runtime Environment to continue.
# Native memory allocation (malloc) failed to allocate 657936 bytes for Chunk::new
# Possible reasons:
#   The system is out of physical RAM or swap space
#   In 32 bit mode, the process size limit was hit
# Possible solutions:
#   Reduce memory load on the system
#   Increase physical memory or swap space
#   Check if swap backing store is full
#   Use 64 bit Java on a 64 bit OS
#   Decrease Java heap size (-Xmx/-Xms)
#   Decrease number of Java threads
#   Decrease Java thread stack sizes (-Xss)
#   Set larger code cache with -XX:ReservedCodeCacheSize=
# This output file may be truncated or incomplete.
#
#  Out of Memory Error (allocation.cpp:323), pid=7584, tid=7448
#
# JRE version: Java(TM) SE Runtime Environment (7.0_79-b15) (build 1.7.0_79-b15)
# Java VM: Java HotSpot(TM) 64-Bit Server VM (24.79-b02 mixed mode windows-amd64 compressed oops)
# Failed to write core dump. Minidumps are not enabled by default on client versions of Windows
#

---------------  T H R E A D  ---------------

Current thread (0x0000000002d57800):  JavaThread "C2 CompilerThread1" daemon [_thread_in_native, id=7448, stack(0x000000000b740000,0x000000000b840000)]

Stack: [0x000000000b740000,0x000000000b840000]
[error occurred during error reporting (printing stack bounds), id 0xc0000005]


Current CompileTask:
C2:   7472  446             com.android.dx.rop.code.Rops::ropFor (771 bytes)


---------------  P R O C E S S  ---------------

Java Threads: ( => current thread )
  0x0000000002d5d800 JavaThread "Service Thread" daemon [_thread_blocked, id=4960, stack(0x000000000b840000,0x000000000b940000)]
=>0x0000000002d57800 JavaThread "C2 CompilerThread1" daemon [_thread_in_native, id=7448, stack(0x000000000b740000,0x000000000b840000)]
  0x0000000002d4d800 JavaThread "C2 CompilerThread0" daemon [_thread_in_native, id=7568, stack(0x000000000b640000,0x000000000b740000)]
  0x000000000b061000 JavaThread "Attach Listener" daemon [_thread_blocked, id=7792, stack(0x000000000b540000,0x000000000b640000)]
  0x000000000b060800 JavaThread "Signal Dispatcher" daemon [_thread_blocked, id=8140, stack(0x000000000b440000,0x000000000b540000)]
  0x0000000009060800 JavaThread "Finalizer" daemon [_thread_blocked, id=8084, stack(0x000000000af40000,0x000000000b040000)]
  0x0000000009059000 JavaThread "Reference Handler" daemon [_thread_blocked, id=7596, stack(0x000000000ae40000,0x000000000af40000)]
  0x0000000002c60800 JavaThread "main" [_thread_in_Java, id=5908, stack(0x0000000002b30000,0x0000000002c30000)]

Other Threads:
  0x0000000009055800 VMThread [stack: 0x000000000ad40000,0x000000000ae40000] [id=7508]
  0x000000000b06d000 WatcherThread [stack: 0x000000000b940000,0x000000000ba40000] [id=7644]

VM state:not at safepoint (normal execution)

VM Mutex/Monitor currently owned by a thread:  ([mutex/lock_event])
[0x0000000002c5b980] CodeCache_lock - owner thread: 0x0000000000000000

Heap
 PSYoungGen      total 71680K, used 58003K [0x00000000eaa80000, 0x00000000ef580000, 0x0000000100000000)
  eden space 66560K, 79% used [0x00000000eaa80000,0x00000000ede2c780,0x00000000eeb80000)
  from space 5120K, 99% used [0x00000000ef080000,0x00000000ef578558,0x00000000ef580000)
  to   space 5120K, 0% used [0x00000000eeb80000,0x00000000eeb80000,0x00000000ef080000)
 ParOldGen       total 86016K, used 6623K [0x00000000c0000000, 0x00000000c5400000, 0x00000000eaa80000)
  object space 86016K, 7% used [0x00000000c0000000,0x00000000c0677c70,0x00000000c5400000)
 PSPermGen       total 21504K, used 5886K [0x00000000bae00000, 0x00000000bc300000, 0x00000000c0000000)
  object space 21504K, 27% used [0x00000000bae00000,0x00000000bb3bf9c0,0x00000000bc300000)

Card table byte_map: [0x0000000005e20000,0x0000000006050000] byte_map_base: 0x0000000005849000

Polling page: 0x0000000002ab0000

Code Cache  [0x0000000002d60000, 0x0000000002fd0000, 0x0000000005d60000)
 total_blobs=713 nmethods=476 adapters=189 free_code_cache=47080Kb largest_free_block=48163840

Compilation events (10 events):
Event: 7.433 Thread 0x0000000002d4d800 nmethod 474 0x0000000002ddd050 code [0x0000000002ddd180, 0x0000000002ddd218]
Event: 7.433 Thread 0x0000000002d4d800  475             com.android.dx.rop.type.Type::getBasicFrameType (60 bytes)
Event: 7.433 Thread 0x0000000002d4d800 nmethod 475 0x0000000002ddce10 code [0x0000000002ddcf40, 0x0000000002ddcfb8]
Event: 7.433 Thread 0x0000000002d4d800  476             com.android.dx.ssa.SCCP::setLatticeValueTo (67 bytes)
Event: 7.436 Thread 0x0000000002d4d800 nmethod 476 0x0000000002f5d1d0 code [0x0000000002f5d320, 0x0000000002f5d578]
Event: 7.436 Thread 0x0000000002d4d800  477   !         com.android.dx.cf.code.ExecutionStack::push (102 bytes)
Event: 7.439 Thread 0x0000000002d4d800 nmethod 477 0x0000000002f5a790 code [0x0000000002f5a900, 0x0000000002f5ab68]
Event: 7.439 Thread 0x0000000002d4d800  478             com.android.dx.ssa.SsaBasicBlock::replaceSuccessor (125 bytes)
Event: 7.456 Thread 0x0000000002d4d800 nmethod 478 0x0000000002f5ea50 code [0x0000000002f5ec00, 0x0000000002f5f3b8]
Event: 7.456 Thread 0x0000000002d4d800  479             com.android.dx.cf.code.BaseMachine::getLocalIndex (5 bytes)

GC Heap History (4 events):
Event: 3.299 GC heap before
{Heap before GC invocations=1 (full 0):
 PSYoungGen      total 38400K, used 33280K [0x00000000eaa80000, 0x00000000ed500000, 0x0000000100000000)
  eden space 33280K, 100% used [0x00000000eaa80000,0x00000000ecb00000,0x00000000ecb00000)
  from space 5120K, 0% used [0x00000000ed000000,0x00000000ed000000,0x00000000ed500000)
  to   space 5120K, 0% used [0x00000000ecb00000,0x00000000ecb00000,0x00000000ed000000)
 ParOldGen       total 86016K, used 0K [0x00000000c0000000, 0x00000000c5400000, 0x00000000eaa80000)
  object space 86016K, 0% used [0x00000000c0000000,0x00000000c0000000,0x00000000c5400000)
 PSPermGen       total 21504K, used 5722K [0x00000000bae00000, 0x00000000bc300000, 0x00000000c0000000)
  object space 21504K, 26% used [0x00000000bae00000,0x00000000bb3968f8,0x00000000bc300000)
Event: 3.691 GC heap after
Heap after GC invocations=1 (full 0):
 PSYoungGen      total 38400K, used 5111K [0x00000000eaa80000, 0x00000000ef580000, 0x0000000100000000)
  eden space 33280K, 0% used [0x00000000eaa80000,0x00000000eaa80000,0x00000000ecb00000)
  from space 5120K, 99% used [0x00000000ecb00000,0x00000000ecffddd8,0x00000000ed000000)
  to   space 5120K, 0% used [0x00000000ef080000,0x00000000ef080000,0x00000000ef580000)
 ParOldGen       total 86016K, used 1791K [0x00000000c0000000, 0x00000000c5400000, 0x00000000eaa80000)
  object space 86016K, 2% used [0x00000000c0000000,0x00000000c01bfd78,0x00000000c5400000)
 PSPermGen       total 21504K, used 5722K [0x00000000bae00000, 0x00000000bc300000, 0x00000000c0000000)
  object space 21504K, 26% used [0x00000000bae00000,0x00000000bb3968f8,0x00000000bc300000)
}
Event: 4.384 GC heap before
{Heap before GC invocations=2 (full 0):
 PSYoungGen      total 38400K, used 38391K [0x00000000eaa80000, 0x00000000ef580000, 0x0000000100000000)
  eden space 33280K, 100% used [0x00000000eaa80000,0x00000000ecb00000,0x00000000ecb00000)
  from space 5120K, 99% used [0x00000000ecb00000,0x00000000ecffddd8,0x00000000ed000000)
  to   space 5120K, 0% used [0x00000000ef080000,0x00000000ef080000,0x00000000ef580000)
 ParOldGen       total 86016K, used 1791K [0x00000000c0000000, 0x00000000c5400000, 0x00000000eaa80000)
  object space 86016K, 2% used [0x00000000c0000000,0x00000000c01bfd78,0x00000000c5400000)
 PSPermGen       total 21504K, used 5786K [0x00000000bae00000, 0x00000000bc300000, 0x00000000c0000000)
  object space 21504K, 26% used [0x00000000bae00000,0x00000000bb3a6a58,0x00000000bc300000)
Event: 4.572 GC heap after
Heap after GC invocations=2 (full 0):
 PSYoungGen      total 71680K, used 5089K [0x00000000eaa80000, 0x00000000ef580000, 0x0000000100000000)
  eden space 66560K, 0% used [0x00000000eaa80000,0x00000000eaa80000,0x00000000eeb80000)
  from space 5120K, 99% used [0x00000000ef080000,0x00000000ef578558,0x00000000ef580000)
  to   space 5120K, 0% used [0x00000000eeb80000,0x00000000eeb80000,0x00000000ef080000)
 ParOldGen       total 86016K, used 6623K [0x00000000c0000000, 0x00000000c5400000, 0x00000000eaa80000)
  object space 86016K, 7% used [0x00000000c0000000,0x00000000c0677c70,0x00000000c5400000)
 PSPermGen       total 21504K, used 5786K [0x00000000bae00000, 0x00000000bc300000, 0x00000000c0000000)
  object space 21504K, 26% used [0x00000000bae00000,0x00000000bb3a6a58,0x00000000bc300000)
}

Deoptimization events (10 events):
Event: 4.352 Thread 0x0000000002c60800 Uncommon trap: reason=bimorphic action=maybe_recompile pc=0x0000000002e34d90 method=java.util.HashMap.put(Ljava/lang/Object;Ljava/lang/Object;)Ljava/lang/Object; @ 83
Event: 4.600 Thread 0x0000000002c60800 Uncommon trap: reason=bimorphic action=maybe_recompile pc=0x0000000002e46390 method=com.android.dx.ssa.SCCP.simulatePhi(Lcom/android/dx/ssa/PhiInsn;)V @ 124
Event: 5.418 Thread 0x000000000b2c9000 Uncommon trap: reason=class_check action=maybe_recompile pc=0x0000000002e28a00 method=com.android.dx.ssa.SCCP.simulateBranch(Lcom/android/dx/ssa/SsaInsn;)V @ 145
Event: 5.418 Thread 0x000000000b2c9000 Uncommon trap: reason=class_check action=maybe_recompile pc=0x0000000002e28a00 method=com.android.dx.ssa.SCCP.simulateBranch(Lcom/android/dx/ssa/SsaInsn;)V @ 145
Event: 5.419 Thread 0x000000000b2c9000 Uncommon trap: reason=bimorphic action=maybe_recompile pc=0x0000000002e66570 method=com.android.dx.ssa.SCCP.simulatePhi(Lcom/android/dx/ssa/PhiInsn;)V @ 124
Event: 5.434 Thread 0x000000000b2c6800 Uncommon trap: reason=null_check action=make_not_entrant pc=0x0000000002e912dc method=com.android.dx.cf.code.Ropper$CatchInfo.getSetup(Lcom/android/dx/rop/type/Type;)Lcom/android/dx/cf/code/Ropper$ExceptionHandlerSetup; @ 10
Event: 5.526 Thread 0x0000000002c60800 Uncommon trap: reason=null_check action=make_not_entrant pc=0x0000000002e5f830 method=com.android.dx.rop.type.Type.putIntern(Lcom/android/dx/rop/type/Type;)Lcom/android/dx/rop/type/Type; @ 18
Event: 5.595 Thread 0x000000000b2c8000 Uncommon trap: reason=bimorphic action=maybe_recompile pc=0x0000000002e6674c method=com.android.dx.ssa.SCCP.simulatePhi(Lcom/android/dx/ssa/PhiInsn;)V @ 124
Event: 5.596 Thread 0x000000000b2c8000 Uncommon trap: reason=bimorphic action=maybe_recompile pc=0x0000000002e46390 method=com.android.dx.ssa.SCCP.simulatePhi(Lcom/android/dx/ssa/PhiInsn;)V @ 124
Event: 5.666 Thread 0x000000000b2c9000 Uncommon trap: reason=bimorphic action=maybe_recompile pc=0x0000000002e66570 method=com.android.dx.ssa.SCCP.simulatePhi(Lcom/android/dx/ssa/PhiInsn;)V @ 124

Internal exceptions (10 events):
Event: 2.744 Thread 0x0000000002c60800 Threw 0x00000000eba30110 at C:\re\jdk7u79\2331\hotspot\src\share\vm\prims\jvm.cpp:1304
Event: 3.016 Thread 0x0000000002c60800 Implicit null exception at 0x0000000002e16cb2 to 0x0000000002e17a1d
Event: 3.287 Thread 0x000000000b2cb800 Implicit null exception at 0x0000000002deca52 to 0x0000000002decb42
Event: 3.730 Thread 0x000000000b2c9000 Threw 0x00000000ead01e58 at C:\re\jdk7u79\2331\hotspot\src\share\vm\prims\jvm.cpp:1304
Event: 4.625 Thread 0x000000000b2c8000 Threw 0x00000000eae0d060 at C:\re\jdk7u79\2331\hotspot\src\share\vm\prims\jvm.cpp:1304
Event: 5.434 Thread 0x000000000b2c6800 Implicit null exception at 0x0000000002e8d15c to 0x0000000002e91295
Event: 5.526 Thread 0x0000000002c60800 Implicit null exception at 0x0000000002e5f143 to 0x0000000002e5f821
Event: 5.541 Thread 0x0000000002c60800 Threw 0x00000000ec542628 at C:\re\jdk7u79\2331\hotspot\src\share\vm\prims\jvm.cpp:1304
Event: 7.084 Thread 0x0000000002c60800 Threw 0x00000000ed107420 at C:\re\jdk7u79\2331\hotspot\src\share\vm\prims\jvm.cpp:1304
Event: 7.148 Thread 0x0000000002c60800 Threw 0x00000000ed1454b8 at C:\re\jdk7u79\2331\hotspot\src\share\vm\prims\jvm.cpp:1304

Events (10 events):
Event: 7.082 loading class 0x000000000b070d10 done
Event: 7.083 loading class 0x0000000002ce63a0
Event: 7.083 loading class 0x0000000002ce63a0 done
Event: 7.084 loading class 0x000000000b2b09b0
Event: 7.084 loading class 0x000000000b2b09b0 done
Event: 7.147 loading class 0x000000000b276d00
Event: 7.147 loading class 0x000000000b276d00 done
Event: 7.298 Thread 0x0000000002d4d800 flushing nmethod 0x0000000002ddce10
Event: 7.313 Thread 0x0000000002d4d800 flushing nmethod 0x0000000002dec8d0
Event: 7.404 Thread 0x0000000002d4d800 flushing nmethod 0x0000000002e165d0


Dynamic libraries:
0x00007ff71bbd0000 - 0x00007ff71bc03000 	C:\Program Files\Java\jdk1.7.0_79\bin\java.exe
0x00007ff892520000 - 0x00007ff8926cc000 	C:\WINDOWS\SYSTEM32\ntdll.dll
0x00007ff88fdc0000 - 0x00007ff88fefe000 	C:\WINDOWS\system32\KERNEL32.DLL
0x00007ff88fa30000 - 0x00007ff88fb45000 	C:\WINDOWS\system32\KERNELBASE.dll
0x00007ff88e210000 - 0x00007ff88e29e000 	C:\WINDOWS\system32\apphelp.dll
0x00007ff879eb0000 - 0x00007ff879f03000 	C:\WINDOWS\AppPatch\AppPatch64\AcGenral.DLL
0x00007ff8916b0000 - 0x00007ff89175a000 	C:\WINDOWS\system32\msvcrt.dll
0x00007ff88f440000 - 0x00007ff88f46e000 	C:\WINDOWS\SYSTEM32\SspiCli.dll
0x00007ff8922a0000 - 0x00007ff8922f4000 	C:\WINDOWS\system32\SHLWAPI.dll
0x00007ff891430000 - 0x00007ff8915a7000 	C:\WINDOWS\system32\USER32.dll
0x00007ff891890000 - 0x00007ff891a24000 	C:\WINDOWS\system32\ole32.dll
0x00007ff88ff00000 - 0x00007ff891418000 	C:\WINDOWS\system32\SHELL32.dll
0x00007ff88ec10000 - 0x00007ff88ec31000 	C:\WINDOWS\SYSTEM32\USERENV.dll
0x00007ff891d80000 - 0x00007ff891e2a000 	C:\WINDOWS\system32\ADVAPI32.dll
0x00007ff887180000 - 0x00007ff88719e000 	C:\WINDOWS\SYSTEM32\MPR.dll
0x00007ff891a40000 - 0x00007ff891b81000 	C:\WINDOWS\system32\RPCRT4.dll
0x00007ff892240000 - 0x00007ff892299000 	C:\WINDOWS\SYSTEM32\sechost.dll
0x00007ff892010000 - 0x00007ff892221000 	C:\WINDOWS\SYSTEM32\combase.dll
0x00007ff88fba0000 - 0x00007ff88fcf1000 	C:\WINDOWS\system32\GDI32.dll
0x00007ff88f670000 - 0x00007ff88f685000 	C:\WINDOWS\SYSTEM32\profapi.dll
0x00007ff88dbe0000 - 0x00007ff88dc92000 	C:\WINDOWS\SYSTEM32\SHCORE.dll
0x00007ff8915b0000 - 0x00007ff8915e6000 	C:\WINDOWS\system32\IMM32.DLL
0x00007ff891bc0000 - 0x00007ff891d12000 	C:\WINDOWS\system32\MSCTF.dll
0x00007ff88c720000 - 0x00007ff88c99a000 	C:\WINDOWS\WinSxS\amd64_microsoft.windows.common-controls_6595b64144ccf1df_6.0.9600.17810_none_6240b9c7ecbd0bda\COMCTL32.dll
0x0000000076de0000 - 0x0000000076eb2000 	C:\Program Files\Java\jdk1.7.0_79\jre\bin\msvcr100.dll
0x0000000076060000 - 0x0000000076835000 	C:\Program Files\Java\jdk1.7.0_79\jre\bin\server\jvm.dll
0x00007ff8871a0000 - 0x00007ff8871a9000 	C:\WINDOWS\SYSTEM32\WSOCK32.dll
0x00007ff88a6f0000 - 0x00007ff88a712000 	C:\WINDOWS\SYSTEM32\WINMM.dll
0x00007ff891420000 - 0x00007ff891427000 	C:\WINDOWS\system32\PSAPI.DLL
0x00007ff891d20000 - 0x00007ff891d7a000 	C:\WINDOWS\system32\WS2_32.dll
0x00007ff88a6c0000 - 0x00007ff88a6ea000 	C:\WINDOWS\SYSTEM32\WINMMBASE.dll
0x00007ff891bb0000 - 0x00007ff891bb9000 	C:\WINDOWS\system32\NSI.dll
0x00007ff88fb50000 - 0x00007ff88fb9f000 	C:\WINDOWS\SYSTEM32\cfgmgr32.dll
0x00007ff88e460000 - 0x00007ff88e488000 	C:\WINDOWS\SYSTEM32\DEVOBJ.dll
0x0000000077570000 - 0x000000007757f000 	C:\Program Files\Java\jdk1.7.0_79\jre\bin\verify.dll
0x0000000077540000 - 0x0000000077568000 	C:\Program Files\Java\jdk1.7.0_79\jre\bin\java.dll
0x0000000077520000 - 0x0000000077535000 	C:\Program Files\Java\jdk1.7.0_79\jre\bin\zip.dll
0x0000000077500000 - 0x000000007751a000 	C:\Program Files\Java\jdk1.7.0_79\jre\bin\net.dll
0x00007ff88ee80000 - 0x00007ff88eed9000 	C:\WINDOWS\system32\mswsock.dll
0x00000000774e0000 - 0x00000000774f1000 	C:\Program Files\Java\jdk1.7.0_79\jre\bin\nio.dll

VM Arguments:
jvm_args: -Xmx1024M -Dfile.encoding=windows-1252 -Duser.country=AR -Duser.language=es -Duser.variant 
java_command: com.android.dx.command.Main --dex --num-threads=4 --output F:\Proyecto Transporte\Proyectos\AppBase\app\build\intermediates\pre-dexed\debug\classes-9f9fe7db9ca85b445bda3e04dddcca51f1ad3e6c.jar F:\Proyecto Transporte\Proyectos\AppBase\app\build\intermediates\exploded-aar\com.google.android.gms\play-services-cast\7.5.0\jars\classes.jar
Launcher Type: SUN_STANDARD

Environment Variables:
PATH=C:\ProgramData\Oracle\Java\javapath;C:\Program Files (x86)\HP SimplePass\x64;C:\Program Files (x86)\HP SimplePass\;C:\Program Files (x86)\Intel\iCLS Client\;C:\Program Files\Intel\iCLS Client\;C:\WINDOWS\system32;C:\WINDOWS;C:\WINDOWS\System32\Wbem;C:\WINDOWS\System32\WindowsPowerShell\v1.0\;C:\Program Files (x86)\Intel\OpenCL SDK\2.0\bin\x86;C:\Program Files (x86)\Intel\OpenCL SDK\2.0\bin\x64;C:\Program Files\Intel\Intel(R) Management Engine Components\DAL;C:\Program Files\Intel\Intel(R) Management Engine Components\IPT;C:\Program Files (x86)\Intel\Intel(R) Management Engine Components\DAL;C:\Program Files (x86)\Intel\Intel(R) Management Engine Components\IPT;C:\Program Files\TortoiseSVN\bin;C:\Program Files (x86)\Skype\Phone\;C:\Program Files (x86)\Subversion\bin
USERNAME=soled_000
OS=Windows_NT
PROCESSOR_IDENTIFIER=Intel64 Family 6 Model 58 Stepping 9, GenuineIntel



---------------  S Y S T E M  ---------------

OS: Windows 8.1 , 64 bit Build 9600 

CPU:total 8 (4 cores per cpu, 2 threads per core) family 6 model 58 stepping 9, cmov, cx8, fxsr, mmx, sse, sse2, sse3, ssse3, sse4.1, sse4.2, popcnt, avx, aes, erms, ht, tsc, tscinvbit, tscinv

Memory: 4k page, physical 8280028k(2660592k free), swap 8280028k(5980k free)

vm_info: Java HotSpot(TM) 64-Bit Server VM (24.79-b02) for windows-amd64 JRE (1.7.0_79-b15), built on Apr 10 2015 12:36:16 by "java_re" with unknown MS VC++:1600

time: Tue Jun 30 12:18:45 2015
elapsed time: 7 seconds

