#
# There is insufficient memory for the Java Runtime Environment to continue.
# Native memory allocation (malloc) failed to allocate 618928 bytes for Chunk::new
# Possible reasons:
#   The system is out of physical RAM or swap space
#   In 32 bit mode, the process size limit was hit
# Possible solutions:
#   Reduce memory load on the system
#   Increase physical memory or swap space
#   Check if swap backing store is full
#   Use 64 bit Java on a 64 bit OS
#   Decrease Java heap size (-Xmx/-Xms)
#   Decrease number of Java threads
#   Decrease Java thread stack sizes (-Xss)
#   Set larger code cache with -XX:ReservedCodeCacheSize=
# This output file may be truncated or incomplete.
#
#  Out of Memory Error (allocation.cpp:323), pid=7068, tid=6252
#
# JRE version: Java(TM) SE Runtime Environment (7.0_79-b15) (build 1.7.0_79-b15)
# Java VM: Java HotSpot(TM) 64-Bit Server VM (24.79-b02 mixed mode windows-amd64 compressed oops)
# Failed to write core dump. Minidumps are not enabled by default on client versions of Windows
#

---------------  T H R E A D  ---------------

Current thread (0x0000000001fcd800):  JavaThread "C2 CompilerThread0" daemon [_thread_in_native, id=6252, stack(0x000000000a8b0000,0x000000000a9b0000)]

Stack: [0x000000000a8b0000,0x000000000a9b0000]
[error occurred during error reporting (printing stack bounds), id 0xc0000005]


Current CompileTask:
C2:   4169  288   !         com.android.dx.cf.code.BytecodeArray::parseInstruction (2764 bytes)


---------------  P R O C E S S  ---------------

Java Threads: ( => current thread )
  0x000000000a53d800 JavaThread "pool-1-thread-4" [_thread_blocked, id=3844, stack(0x000000000b0b0000,0x000000000b1b0000)]
  0x000000000a53c800 JavaThread "pool-1-thread-3" [_thread_blocked, id=7116, stack(0x000000000afb0000,0x000000000b0b0000)]
  0x000000000a542000 JavaThread "pool-1-thread-2" [_thread_blocked, id=2480, stack(0x000000000aeb0000,0x000000000afb0000)]
  0x000000000a541000 JavaThread "pool-2-thread-1" [_thread_blocked, id=8052, stack(0x000000000adb0000,0x000000000aeb0000)]
  0x000000000a540800 JavaThread "pool-1-thread-1" [_thread_in_vm, id=6796, stack(0x000000000acb0000,0x000000000adb0000)]
  0x0000000001fdd800 JavaThread "Service Thread" daemon [_thread_blocked, id=6600, stack(0x000000000aab0000,0x000000000abb0000)]
  0x0000000001fd7800 JavaThread "C2 CompilerThread1" daemon [_thread_in_native, id=5224, stack(0x000000000a9b0000,0x000000000aab0000)]
=>0x0000000001fcd800 JavaThread "C2 CompilerThread0" daemon [_thread_in_native, id=6252, stack(0x000000000a8b0000,0x000000000a9b0000)]
  0x0000000001fcd000 JavaThread "Attach Listener" daemon [_thread_blocked, id=300, stack(0x000000000a7b0000,0x000000000a8b0000)]
  0x0000000001fc8000 JavaThread "Signal Dispatcher" daemon [_thread_blocked, id=3516, stack(0x000000000a6b0000,0x000000000a7b0000)]
  0x00000000082df800 JavaThread "Finalizer" daemon [_thread_blocked, id=7936, stack(0x000000000a1b0000,0x000000000a2b0000)]
  0x00000000082d9000 JavaThread "Reference Handler" daemon [_thread_blocked, id=7128, stack(0x000000000a0b0000,0x000000000a1b0000)]
  0x0000000001ee0800 JavaThread "main" [_thread_in_Java, id=6900, stack(0x0000000001de0000,0x0000000001ee0000)]

Other Threads:
  0x00000000082d5800 VMThread [stack: 0x0000000009fb0000,0x000000000a0b0000] [id=6204]
  0x000000000a2dd000 WatcherThread [stack: 0x000000000abb0000,0x000000000acb0000] [id=7284]

VM state:not at safepoint (normal execution)

VM Mutex/Monitor currently owned by a thread: None

Heap
 PSYoungGen      total 71680K, used 13515K [0x00000000eaa80000, 0x00000000ef580000, 0x0000000100000000)
  eden space 66560K, 12% used [0x00000000eaa80000,0x00000000eb2b5dc8,0x00000000eeb80000)
  from space 5120K, 99% used [0x00000000ef080000,0x00000000ef57d1b8,0x00000000ef580000)
  to   space 5120K, 0% used [0x00000000eeb80000,0x00000000eeb80000,0x00000000ef080000)
 ParOldGen       total 86016K, used 6680K [0x00000000c0000000, 0x00000000c5400000, 0x00000000eaa80000)
  object space 86016K, 7% used [0x00000000c0000000,0x00000000c06862c0,0x00000000c5400000)
 PSPermGen       total 21504K, used 5834K [0x00000000bae00000, 0x00000000bc300000, 0x00000000c0000000)
  object space 21504K, 27% used [0x00000000bae00000,0x00000000bb3b2b08,0x00000000bc300000)

Card table byte_map: [0x00000000050a0000,0x00000000052d0000] byte_map_base: 0x0000000004ac9000

Polling page: 0x0000000000590000

Code Cache  [0x0000000001fe0000, 0x0000000002250000, 0x0000000004fe0000)
 total_blobs=530 nmethods=293 adapters=189 free_code_cache=47924Kb largest_free_block=49047744

Compilation events (10 events):
Event: 4.110 Thread 0x0000000001fd7800 nmethod 289 0x0000000002105510 code [0x0000000002105660, 0x0000000002105ad8]
Event: 4.110 Thread 0x0000000001fd7800  290             com.android.dx.ssa.SsaMethod::blockIndexToRopLabel (21 bytes)
Event: 4.111 Thread 0x0000000001fd7800 nmethod 290 0x00000000020fd350 code [0x00000000020fd4a0, 0x00000000020fd578]
Event: 4.111 Thread 0x0000000001fd7800  291             com.android.dx.rop.code.RopMethod::labelToPredecessors (54 bytes)
Event: 4.112 Thread 0x0000000001fd7800 nmethod 291 0x00000000020fd010 code [0x00000000020fd160, 0x00000000020fd228]
Event: 4.112 Thread 0x0000000001fd7800  292             com.android.dx.ssa.SCCP::addBlockToWorklist (47 bytes)
Event: 4.127 Thread 0x0000000001fd7800 nmethod 292 0x00000000020fe0d0 code [0x00000000020fe280, 0x00000000020fe840]
Event: 4.127 Thread 0x0000000001fd7800  293             com.android.dx.cf.iface.StdAttributeList::findFirst (44 bytes)
Event: 4.130 Thread 0x0000000001fd7800 nmethod 293 0x00000000020fda90 code [0x00000000020fdbe0, 0x00000000020fde78]
Event: 4.130 Thread 0x0000000001fd7800  294             com.android.dx.dex.code.RopTranslator::pickOrder (400 bytes)

GC Heap History (4 events):
Event: 1.819 GC heap before
{Heap before GC invocations=1 (full 0):
 PSYoungGen      total 38400K, used 33280K [0x00000000eaa80000, 0x00000000ed500000, 0x0000000100000000)
  eden space 33280K, 100% used [0x00000000eaa80000,0x00000000ecb00000,0x00000000ecb00000)
  from space 5120K, 0% used [0x00000000ed000000,0x00000000ed000000,0x00000000ed500000)
  to   space 5120K, 0% used [0x00000000ecb00000,0x00000000ecb00000,0x00000000ed000000)
 ParOldGen       total 86016K, used 0K [0x00000000c0000000, 0x00000000c5400000, 0x00000000eaa80000)
  object space 86016K, 0% used [0x00000000c0000000,0x00000000c0000000,0x00000000c5400000)
 PSPermGen       total 21504K, used 5739K [0x00000000bae00000, 0x00000000bc300000, 0x00000000c0000000)
  object space 21504K, 26% used [0x00000000bae00000,0x00000000bb39ad00,0x00000000bc300000)
Event: 2.321 GC heap after
Heap after GC invocations=1 (full 0):
 PSYoungGen      total 38400K, used 5111K [0x00000000eaa80000, 0x00000000ef580000, 0x0000000100000000)
  eden space 33280K, 0% used [0x00000000eaa80000,0x00000000eaa80000,0x00000000ecb00000)
  from space 5120K, 99% used [0x00000000ecb00000,0x00000000ecffdc68,0x00000000ed000000)
  to   space 5120K, 0% used [0x00000000ef080000,0x00000000ef080000,0x00000000ef580000)
 ParOldGen       total 86016K, used 1778K [0x00000000c0000000, 0x00000000c5400000, 0x00000000eaa80000)
  object space 86016K, 2% used [0x00000000c0000000,0x00000000c01bc860,0x00000000c5400000)
 PSPermGen       total 21504K, used 5739K [0x00000000bae00000, 0x00000000bc300000, 0x00000000c0000000)
  object space 21504K, 26% used [0x00000000bae00000,0x00000000bb39ad00,0x00000000bc300000)
}
Event: 3.247 GC heap before
{Heap before GC invocations=2 (full 0):
 PSYoungGen      total 38400K, used 38391K [0x00000000eaa80000, 0x00000000ef580000, 0x0000000100000000)
  eden space 33280K, 100% used [0x00000000eaa80000,0x00000000ecb00000,0x00000000ecb00000)
  from space 5120K, 99% used [0x00000000ecb00000,0x00000000ecffdc68,0x00000000ed000000)
  to   space 5120K, 0% used [0x00000000ef080000,0x00000000ef080000,0x00000000ef580000)
 ParOldGen       total 86016K, used 1778K [0x00000000c0000000, 0x00000000c5400000, 0x00000000eaa80000)
  object space 86016K, 2% used [0x00000000c0000000,0x00000000c01bc860,0x00000000c5400000)
 PSPermGen       total 21504K, used 5831K [0x00000000bae00000, 0x00000000bc300000, 0x00000000c0000000)
  object space 21504K, 27% used [0x00000000bae00000,0x00000000bb3b1ca8,0x00000000bc300000)
Event: 3.800 GC heap after
Heap after GC invocations=2 (full 0):
 PSYoungGen      total 71680K, used 5108K [0x00000000eaa80000, 0x00000000ef580000, 0x0000000100000000)
  eden space 66560K, 0% used [0x00000000eaa80000,0x00000000eaa80000,0x00000000eeb80000)
  from space 5120K, 99% used [0x00000000ef080000,0x00000000ef57d1b8,0x00000000ef580000)
  to   space 5120K, 0% used [0x00000000eeb80000,0x00000000eeb80000,0x00000000ef080000)
 ParOldGen       total 86016K, used 6680K [0x00000000c0000000, 0x00000000c5400000, 0x00000000eaa80000)
  object space 86016K, 7% used [0x00000000c0000000,0x00000000c06862c0,0x00000000c5400000)
 PSPermGen       total 21504K, used 5831K [0x00000000bae00000, 0x00000000bc300000, 0x00000000c0000000)
  object space 21504K, 27% used [0x00000000bae00000,0x00000000bb3b1ca8,0x00000000bc300000)
}

Deoptimization events (10 events):
Event: 2.341 Thread 0x0000000001ee0800 Uncommon trap: reason=null_check action=make_not_entrant pc=0x000000000206dbd0 method=com.android.dx.ssa.SsaRenamer.getLocalForNewReg(I)Lcom/android/dx/rop/code/LocalItem; @ 19
Event: 2.521 Thread 0x000000000a542000 Uncommon trap: reason=unreached action=reinterpret pc=0x000000000206b284 method=com.android.dx.rop.cst.Constant.compareTo(Lcom/android/dx/rop/cst/Constant;)I @ 12
Event: 2.664 Thread 0x0000000001ee0800 Uncommon trap: reason=class_check action=maybe_recompile pc=0x00000000020a5bf8 method=java.util.HashMap.put(Ljava/lang/Object;Ljava/lang/Object;)Ljava/lang/Object; @ 83
Event: 2.869 Thread 0x0000000001ee0800 Uncommon trap: reason=class_check action=maybe_recompile pc=0x00000000020a5bf8 method=java.util.HashMap.put(Ljava/lang/Object;Ljava/lang/Object;)Ljava/lang/Object; @ 83
Event: 2.928 Thread 0x000000000a53c800 Uncommon trap: reason=class_check action=maybe_recompile pc=0x00000000020a5bf8 method=java.util.HashMap.put(Ljava/lang/Object;Ljava/lang/Object;)Ljava/lang/Object; @ 83
Event: 3.147 Thread 0x000000000a540800 Uncommon trap: reason=class_check action=maybe_recompile pc=0x00000000020e3f84 method=com.android.dx.ssa.SCCP.replaceConstants()V @ 81
Event: 3.188 Thread 0x000000000a53d800 Uncommon trap: reason=class_check action=maybe_recompile pc=0x00000000020e3f84 method=com.android.dx.ssa.SCCP.replaceConstants()V @ 81
Event: 3.805 Thread 0x000000000a53c800 Uncommon trap: reason=class_check action=maybe_recompile pc=0x00000000020e3f84 method=com.android.dx.ssa.SCCP.replaceConstants()V @ 81
Event: 3.811 Thread 0x000000000a53c800 Uncommon trap: reason=class_check action=maybe_recompile pc=0x00000000020e3f84 method=com.android.dx.ssa.SCCP.replaceConstants()V @ 81
Event: 3.844 Thread 0x0000000001ee0800 Uncommon trap: reason=class_check action=maybe_recompile pc=0x00000000020a5bf8 method=java.util.HashMap.put(Ljava/lang/Object;Ljava/lang/Object;)Ljava/lang/Object; @ 83

Internal exceptions (10 events):
Event: 1.302 Thread 0x000000000a542000 Threw 0x00000000ebd651f8 at C:\re\jdk7u79\2331\hotspot\src\share\vm\prims\jvm.cpp:1304
Event: 1.330 Thread 0x000000000a540800 Threw 0x00000000eb7b2a78 at C:\re\jdk7u79\2331\hotspot\src\share\vm\prims\jvm.cpp:1304
Event: 1.679 Thread 0x0000000001ee0800 Threw 0x00000000ec6acca0 at C:\re\jdk7u79\2331\hotspot\src\share\vm\prims\jvm.cpp:1304
Event: 1.731 Thread 0x0000000001ee0800 Implicit null exception at 0x00000000020a3203 to 0x00000000020a38e1
Event: 2.341 Thread 0x0000000001ee0800 Implicit null exception at 0x000000000206d1d8 to 0x000000000206dbb5
Event: 2.705 Thread 0x0000000001ee0800 Threw 0x00000000ebbc64b0 at C:\re\jdk7u79\2331\hotspot\src\share\vm\prims\jvm.cpp:1304
Event: 2.705 Thread 0x0000000001ee0800 Threw 0x00000000ebbc8ba0 at C:\re\jdk7u79\2331\hotspot\src\share\vm\prims\jvm.cpp:1304
Event: 2.921 Thread 0x000000000a542000 Threw 0x00000000ec538a70 at C:\re\jdk7u79\2331\hotspot\src\share\vm\prims\jvm.cpp:1304
Event: 2.921 Thread 0x000000000a542000 Threw 0x00000000ec53e370 at C:\re\jdk7u79\2331\hotspot\src\share\vm\prims\jvm.cpp:1304
Event: 2.922 Thread 0x000000000a542000 Threw 0x00000000ec5b4c28 at C:\re\jdk7u79\2331\hotspot\src\share\vm\prims\jvm.cpp:1304

Events (10 events):
Event: 3.800 Executing VM operation: ParallelGCFailedAllocation done
Event: 3.805 Thread 0x000000000a53c800 Uncommon trap: trap_request=0xffffffde fr.pc=0x00000000020e3f84
Event: 3.805 Thread 0x000000000a53c800 DEOPT PACKING pc=0x00000000020e3f84 sp=0x000000000b0aee40
Event: 3.805 Thread 0x000000000a53c800 DEOPT UNPACKING pc=0x00000000020175a4 sp=0x000000000b0aed70 mode 2
Event: 3.811 Thread 0x000000000a53c800 Uncommon trap: trap_request=0xffffffde fr.pc=0x00000000020e3f84
Event: 3.811 Thread 0x000000000a53c800 DEOPT PACKING pc=0x00000000020e3f84 sp=0x000000000b0aee40
Event: 3.812 Thread 0x000000000a53c800 DEOPT UNPACKING pc=0x00000000020175a4 sp=0x000000000b0aed70 mode 2
Event: 3.844 Thread 0x0000000001ee0800 Uncommon trap: trap_request=0xffffffde fr.pc=0x00000000020a5bf8
Event: 3.844 Thread 0x0000000001ee0800 DEOPT PACKING pc=0x00000000020a5bf8 sp=0x0000000001ede7e0
Event: 3.844 Thread 0x0000000001ee0800 DEOPT UNPACKING pc=0x00000000020175a4 sp=0x0000000001ede788 mode 2


Dynamic libraries:
0x00007ff70f950000 - 0x00007ff70f983000 	C:\Program Files\Java\jdk1.7.0_79\bin\java.exe
0x00007ff9f8a60000 - 0x00007ff9f8c0c000 	C:\WINDOWS\SYSTEM32\ntdll.dll
0x00007ff9f6770000 - 0x00007ff9f68ae000 	C:\WINDOWS\system32\KERNEL32.DLL
0x00007ff9f5f70000 - 0x00007ff9f6085000 	C:\WINDOWS\system32\KERNELBASE.dll
0x00007ff9f44a0000 - 0x00007ff9f452e000 	C:\WINDOWS\system32\apphelp.dll
0x00007ff9e6750000 - 0x00007ff9e67a3000 	C:\WINDOWS\AppPatch\AppPatch64\AcGenral.DLL
0x00007ff9f60e0000 - 0x00007ff9f618a000 	C:\WINDOWS\system32\msvcrt.dll
0x00007ff9f5980000 - 0x00007ff9f59ae000 	C:\WINDOWS\SYSTEM32\SspiCli.dll
0x00007ff9f85e0000 - 0x00007ff9f8634000 	C:\WINDOWS\system32\SHLWAPI.dll
0x00007ff9f8640000 - 0x00007ff9f87b7000 	C:\WINDOWS\system32\USER32.dll
0x00007ff9f6d10000 - 0x00007ff9f6ea4000 	C:\WINDOWS\system32\ole32.dll
0x00007ff9f70c0000 - 0x00007ff9f85d8000 	C:\WINDOWS\system32\SHELL32.dll
0x00007ff9f5150000 - 0x00007ff9f5171000 	C:\WINDOWS\SYSTEM32\USERENV.dll
0x00007ff9f7010000 - 0x00007ff9f70ba000 	C:\WINDOWS\system32\ADVAPI32.dll
0x00007ff9ec360000 - 0x00007ff9ec37e000 	C:\WINDOWS\SYSTEM32\MPR.dll
0x00007ff9f6230000 - 0x00007ff9f6371000 	C:\WINDOWS\system32\RPCRT4.dll
0x00007ff9f6920000 - 0x00007ff9f6979000 	C:\WINDOWS\SYSTEM32\sechost.dll
0x00007ff9f6990000 - 0x00007ff9f6ba1000 	C:\WINDOWS\SYSTEM32\combase.dll
0x00007ff9f6bb0000 - 0x00007ff9f6d01000 	C:\WINDOWS\system32\GDI32.dll
0x00007ff9f5bb0000 - 0x00007ff9f5bc5000 	C:\WINDOWS\SYSTEM32\profapi.dll
0x00007ff9f4180000 - 0x00007ff9f4232000 	C:\WINDOWS\SYSTEM32\SHCORE.dll
0x00007ff9f61f0000 - 0x00007ff9f6226000 	C:\WINDOWS\system32\IMM32.DLL
0x00007ff9f6eb0000 - 0x00007ff9f7002000 	C:\WINDOWS\system32\MSCTF.dll
0x00007ff9f3800000 - 0x00007ff9f3a7a000 	C:\WINDOWS\WinSxS\amd64_microsoft.windows.common-controls_6595b64144ccf1df_6.0.9600.17810_none_6240b9c7ecbd0bda\COMCTL32.dll
0x000000005b7b0000 - 0x000000005b882000 	C:\Program Files\Java\jdk1.7.0_79\jre\bin\msvcr100.dll
0x000000005bba0000 - 0x000000005c375000 	C:\Program Files\Java\jdk1.7.0_79\jre\bin\server\jvm.dll
0x00007ff9eb7d0000 - 0x00007ff9eb7d9000 	C:\WINDOWS\SYSTEM32\WSOCK32.dll
0x00007ff9f0ce0000 - 0x00007ff9f0d02000 	C:\WINDOWS\SYSTEM32\WINMM.dll
0x00007ff9f88a0000 - 0x00007ff9f88a7000 	C:\WINDOWS\system32\PSAPI.DLL
0x00007ff9f6190000 - 0x00007ff9f61ea000 	C:\WINDOWS\system32\WS2_32.dll
0x00007ff9f0cb0000 - 0x00007ff9f0cda000 	C:\WINDOWS\SYSTEM32\WINMMBASE.dll
0x00007ff9f64c0000 - 0x00007ff9f64c9000 	C:\WINDOWS\system32\NSI.dll
0x00007ff9f6090000 - 0x00007ff9f60df000 	C:\WINDOWS\SYSTEM32\cfgmgr32.dll
0x00007ff9f49b0000 - 0x00007ff9f49d8000 	C:\WINDOWS\SYSTEM32\DEVOBJ.dll
0x000000005bb90000 - 0x000000005bb9f000 	C:\Program Files\Java\jdk1.7.0_79\jre\bin\verify.dll
0x000000005bb60000 - 0x000000005bb88000 	C:\Program Files\Java\jdk1.7.0_79\jre\bin\java.dll
0x000000005bb40000 - 0x000000005bb55000 	C:\Program Files\Java\jdk1.7.0_79\jre\bin\zip.dll
0x000000005bb20000 - 0x000000005bb3a000 	C:\Program Files\Java\jdk1.7.0_79\jre\bin\net.dll
0x00007ff9f53c0000 - 0x00007ff9f5419000 	C:\WINDOWS\system32\mswsock.dll
0x000000005bb00000 - 0x000000005bb11000 	C:\Program Files\Java\jdk1.7.0_79\jre\bin\nio.dll

VM Arguments:
jvm_args: -Xmx1024M -Dfile.encoding=windows-1252 -Duser.country=AR -Duser.language=es -Duser.variant 
java_command: com.android.dx.command.Main --dex --num-threads=4 --output F:\Proyecto Transporte\Proyectos\AppBase\app\build\intermediates\pre-dexed\debug\classes-87ed3b091e2716aee145d3d2ff4e71b4e58285f5.jar F:\Proyecto Transporte\Proyectos\AppBase\app\build\intermediates\exploded-aar\com.android.support\appcompat-v7\22.2.0\jars\classes.jar
Launcher Type: SUN_STANDARD

Environment Variables:
PATH=C:\ProgramData\Oracle\Java\javapath;C:\Program Files (x86)\HP SimplePass\x64;C:\Program Files (x86)\HP SimplePass\;C:\Program Files (x86)\Intel\iCLS Client\;C:\Program Files\Intel\iCLS Client\;C:\WINDOWS\system32;C:\WINDOWS;C:\WINDOWS\System32\Wbem;C:\WINDOWS\System32\WindowsPowerShell\v1.0\;C:\Program Files (x86)\Intel\OpenCL SDK\2.0\bin\x86;C:\Program Files (x86)\Intel\OpenCL SDK\2.0\bin\x64;C:\Program Files\Intel\Intel(R) Management Engine Components\DAL;C:\Program Files\Intel\Intel(R) Management Engine Components\IPT;C:\Program Files (x86)\Intel\Intel(R) Management Engine Components\DAL;C:\Program Files (x86)\Intel\Intel(R) Management Engine Components\IPT;C:\Program Files\TortoiseSVN\bin;C:\Program Files (x86)\Skype\Phone\;C:\Program Files (x86)\Subversion\bin
USERNAME=soled_000
OS=Windows_NT
PROCESSOR_IDENTIFIER=Intel64 Family 6 Model 58 Stepping 9, GenuineIntel



---------------  S Y S T E M  ---------------

OS: Windows 8.1 , 64 bit Build 9600 

CPU:total 8 (4 cores per cpu, 2 threads per core) family 6 model 58 stepping 9, cmov, cx8, fxsr, mmx, sse, sse2, sse3, ssse3, sse4.1, sse4.2, popcnt, avx, aes, erms, ht, tsc, tscinvbit, tscinv

Memory: 4k page, physical 8280028k(1977796k free), swap 8280028k(4944k free)

vm_info: Java HotSpot(TM) 64-Bit Server VM (24.79-b02) for windows-amd64 JRE (1.7.0_79-b15), built on Apr 10 2015 12:36:16 by "java_re" with unknown MS VC++:1600

time: Fri Jun 26 15:21:20 2015
elapsed time: 4 seconds

