#
# There is insufficient memory for the Java Runtime Environment to continue.
# Native memory allocation (malloc) failed to allocate 148688 bytes for Chunk::new
# Possible reasons:
#   The system is out of physical RAM or swap space
#   In 32 bit mode, the process size limit was hit
# Possible solutions:
#   Reduce memory load on the system
#   Increase physical memory or swap space
#   Check if swap backing store is full
#   Use 64 bit Java on a 64 bit OS
#   Decrease Java heap size (-Xmx/-Xms)
#   Decrease number of Java threads
#   Decrease Java thread stack sizes (-Xss)
#   Set larger code cache with -XX:ReservedCodeCacheSize=
# This output file may be truncated or incomplete.
#
#  Out of Memory Error (allocation.cpp:323), pid=6736, tid=8076
#
# JRE version: Java(TM) SE Runtime Environment (7.0_79-b15) (build 1.7.0_79-b15)
# Java VM: Java HotSpot(TM) 64-Bit Server VM (24.79-b02 mixed mode windows-amd64 compressed oops)
# Failed to write core dump. Minidumps are not enabled by default on client versions of Windows
#

---------------  T H R E A D  ---------------

Current thread (0x0000000002290000):  JavaThread "C2 CompilerThread1" daemon [_thread_in_native, id=8076, stack(0x000000000ac70000,0x000000000ad70000)]

Stack: [0x000000000ac70000,0x000000000ad70000]
[error occurred during error reporting (printing stack bounds), id 0xc0000005]


[error occurred during error reporting (printing native stack), id 0xc0000005]


Current CompileTask:
C2:   5473  347             com.android.dx.ssa.DomFront::run (264 bytes)


---------------  P R O C E S S  ---------------

Java Threads: ( => current thread )
  0x000000000a818000 JavaThread "pool-1-thread-4" [_thread_blocked, id=7264, stack(0x000000000b370000,0x000000000b470000)]
  0x000000000a815800 JavaThread "pool-1-thread-3" [_thread_blocked, id=216, stack(0x000000000b270000,0x000000000b370000)]
  0x000000000a815000 JavaThread "pool-1-thread-2" [_thread_in_Java, id=2732, stack(0x000000000b170000,0x000000000b270000)]
  0x000000000a776800 JavaThread "pool-2-thread-1" [_thread_blocked, id=8032, stack(0x000000000b070000,0x000000000b170000)]
  0x000000000a775800 JavaThread "pool-1-thread-1" [_thread_blocked, id=6740, stack(0x000000000af70000,0x000000000b070000)]
  0x0000000002292800 JavaThread "Service Thread" daemon [_thread_blocked, id=4868, stack(0x000000000ad70000,0x000000000ae70000)]
=>0x0000000002290000 JavaThread "C2 CompilerThread1" daemon [_thread_in_native, id=8076, stack(0x000000000ac70000,0x000000000ad70000)]
  0x000000000228e000 JavaThread "C2 CompilerThread0" daemon [_thread_in_native, id=2800, stack(0x000000000ab70000,0x000000000ac70000)]
  0x000000000228d000 JavaThread "Attach Listener" daemon [_thread_blocked, id=7924, stack(0x000000000aa70000,0x000000000ab70000)]
  0x000000000a591800 JavaThread "Signal Dispatcher" daemon [_thread_blocked, id=7956, stack(0x000000000a970000,0x000000000aa70000)]
  0x000000000859a000 JavaThread "Finalizer" daemon [_thread_blocked, id=7256, stack(0x000000000a470000,0x000000000a570000)]
  0x0000000008599000 JavaThread "Reference Handler" daemon [_thread_blocked, id=2064, stack(0x000000000a370000,0x000000000a470000)]
  0x00000000021a0800 JavaThread "main" [_thread_blocked, id=7688, stack(0x0000000002020000,0x0000000002120000)]

Other Threads:
  0x0000000008595800 VMThread [stack: 0x000000000a270000,0x000000000a370000] [id=7208]
  0x000000000a5a5800 WatcherThread [stack: 0x000000000ae70000,0x000000000af70000] [id=7892]

VM state:not at safepoint (normal execution)

VM Mutex/Monitor currently owned by a thread: None

Heap
 PSYoungGen      total 38400K, used 30068K [0x00000000eaa80000, 0x00000000ef580000, 0x0000000100000000)
  eden space 33280K, 74% used [0x00000000eaa80000,0x00000000ec2de4d0,0x00000000ecb00000)
  from space 5120K, 99% used [0x00000000ecb00000,0x00000000ecffec18,0x00000000ed000000)
  to   space 5120K, 0% used [0x00000000ef080000,0x00000000ef080000,0x00000000ef580000)
 ParOldGen       total 86016K, used 1715K [0x00000000c0000000, 0x00000000c5400000, 0x00000000eaa80000)
  object space 86016K, 1% used [0x00000000c0000000,0x00000000c01acda8,0x00000000c5400000)
 PSPermGen       total 21504K, used 5782K [0x00000000bae00000, 0x00000000bc300000, 0x00000000c0000000)
  object space 21504K, 26% used [0x00000000bae00000,0x00000000bb3a5b68,0x00000000bc300000)

Card table byte_map: [0x0000000005360000,0x0000000005590000] byte_map_base: 0x0000000004d89000

Polling page: 0x0000000000850000

Code Cache  [0x00000000022a0000, 0x0000000002510000, 0x00000000052a0000)
 total_blobs=581 nmethods=344 adapters=189 free_code_cache=47721Kb largest_free_block=48826432

Compilation events (10 events):
Event: 5.439 Thread 0x000000000228e000  342   !         com.android.dx.cf.cst.ConstantPoolParser::parse0 (731 bytes)
Event: 5.442 Thread 0x0000000002290000  343             com.android.dx.ssa.LocalVariableExtractor::doit (59 bytes)
Event: 5.449 Thread 0x0000000002290000 nmethod 343 0x00000000023fb650 code [0x00000000023fb7a0, 0x00000000023fba88]
Event: 5.449 Thread 0x0000000002290000  344             com.android.dx.dex.code.RopTranslator$TranslationVisitor::addOutput (9 bytes)
Event: 5.458 Thread 0x0000000002290000 nmethod 344 0x00000000023e0c90 code [0x00000000023e0e20, 0x00000000023e1268]
Event: 5.458 Thread 0x0000000002290000  345   !         com.android.dx.cf.code.BaseMachine::arg (36 bytes)
Event: 5.459 Thread 0x0000000002290000 nmethod 345 0x00000000023dde50 code [0x00000000023ddf80, 0x00000000023de018]
Event: 5.460 Thread 0x0000000002290000  346             com.android.dx.rop.cst.CstString::isCategory2 (2 bytes)
Event: 5.460 Thread 0x0000000002290000 nmethod 346 0x00000000023fb450 code [0x00000000023fb580, 0x00000000023fb5d8]
Event: 5.460 Thread 0x0000000002290000  347             com.android.dx.ssa.DomFront::run (264 bytes)

GC Heap History (2 events):
Event: 2.121 GC heap before
{Heap before GC invocations=1 (full 0):
 PSYoungGen      total 38400K, used 33280K [0x00000000eaa80000, 0x00000000ed500000, 0x0000000100000000)
  eden space 33280K, 100% used [0x00000000eaa80000,0x00000000ecb00000,0x00000000ecb00000)
  from space 5120K, 0% used [0x00000000ed000000,0x00000000ed000000,0x00000000ed500000)
  to   space 5120K, 0% used [0x00000000ecb00000,0x00000000ecb00000,0x00000000ed000000)
 ParOldGen       total 86016K, used 0K [0x00000000c0000000, 0x00000000c5400000, 0x00000000eaa80000)
  object space 86016K, 0% used [0x00000000c0000000,0x00000000c0000000,0x00000000c5400000)
 PSPermGen       total 21504K, used 5742K [0x00000000bae00000, 0x00000000bc300000, 0x00000000c0000000)
  object space 21504K, 26% used [0x00000000bae00000,0x00000000bb39b860,0x00000000bc300000)
Event: 2.593 GC heap after
Heap after GC invocations=1 (full 0):
 PSYoungGen      total 38400K, used 5115K [0x00000000eaa80000, 0x00000000ef580000, 0x0000000100000000)
  eden space 33280K, 0% used [0x00000000eaa80000,0x00000000eaa80000,0x00000000ecb00000)
  from space 5120K, 99% used [0x00000000ecb00000,0x00000000ecffec18,0x00000000ed000000)
  to   space 5120K, 0% used [0x00000000ef080000,0x00000000ef080000,0x00000000ef580000)
 ParOldGen       total 86016K, used 1715K [0x00000000c0000000, 0x00000000c5400000, 0x00000000eaa80000)
  object space 86016K, 1% used [0x00000000c0000000,0x00000000c01acda8,0x00000000c5400000)
 PSPermGen       total 21504K, used 5742K [0x00000000bae00000, 0x00000000bc300000, 0x00000000c0000000)
  object space 21504K, 26% used [0x00000000bae00000,0x00000000bb39b860,0x00000000bc300000)
}

Deoptimization events (5 events):
Event: 0.835 Thread 0x000000000a815000 Uncommon trap: reason=null_check action=make_not_entrant pc=0x000000000231d5e0 method=com.android.dx.rop.code.LocalItem.equals(Ljava/lang/Object;)Z @ 1
Event: 1.800 Thread 0x000000000a775800 Uncommon trap: reason=null_check action=make_not_entrant pc=0x000000000235d21c method=com.android.dx.ssa.SsaRenamer.getLocalForNewReg(I)Lcom/android/dx/rop/code/LocalItem; @ 19
Event: 2.058 Thread 0x000000000a818000 Uncommon trap: reason=unreached action=reinterpret pc=0x0000000002385c54 method=com.android.dx.rop.code.LocalVariableExtractor.processBlock(I)V @ 195
Event: 2.076 Thread 0x000000000a818000 Uncommon trap: reason=unreached action=reinterpret pc=0x0000000002333bc4 method=com.android.dx.rop.cst.Constant.compareTo(Lcom/android/dx/rop/cst/Constant;)I @ 12
Event: 2.922 Thread 0x00000000021a0800 Uncommon trap: reason=unreached action=reinterpret pc=0x0000000002378394 method=com.android.dx.ssa.SsaRenamer$BlockRenamer.process()V @ 90

Internal exceptions (10 events):
Event: 0.665 Thread 0x00000000021a0800 Threw 0x00000000eb58f020 at C:\re\jdk7u79\2331\hotspot\src\share\vm\prims\jvm.cpp:1304
Event: 0.669 Thread 0x00000000021a0800 Threw 0x00000000eb644ac0 at C:\re\jdk7u79\2331\hotspot\src\share\vm\prims\jvm.cpp:1304
Event: 0.835 Thread 0x000000000a815000 Implicit null exception at 0x000000000231d2a3 to 0x000000000231d5cd
Event: 1.251 Thread 0x00000000021a0800 Threw 0x00000000eb9d4710 at C:\re\jdk7u79\2331\hotspot\src\share\vm\prims\jvm.cpp:1304
Event: 1.251 Thread 0x00000000021a0800 Threw 0x00000000eb9da210 at C:\re\jdk7u79\2331\hotspot\src\share\vm\prims\jvm.cpp:1304
Event: 1.252 Thread 0x00000000021a0800 Threw 0x00000000eb9dfa88 at C:\re\jdk7u79\2331\hotspot\src\share\vm\prims\jvm.cpp:1304
Event: 1.800 Thread 0x000000000a775800 Implicit null exception at 0x000000000235bf90 to 0x000000000235d1ed
Event: 1.943 Thread 0x00000000021a0800 Threw 0x00000000ebffd710 at C:\re\jdk7u79\2331\hotspot\src\share\vm\prims\jvm.cpp:1304
Event: 4.125 Thread 0x00000000021a0800 Threw 0x00000000eb55cf28 at C:\re\jdk7u79\2331\hotspot\src\share\vm\prims\jvm.cpp:1304
Event: 4.125 Thread 0x00000000021a0800 Threw 0x00000000eb55f408 at C:\re\jdk7u79\2331\hotspot\src\share\vm\prims\jvm.cpp:1304

Events (10 events):
Event: 2.922 Thread 0x00000000021a0800 Uncommon trap: trap_request=0xffffffad fr.pc=0x0000000002378394
Event: 2.922 Thread 0x00000000021a0800 DEOPT PACKING pc=0x0000000002378394 sp=0x000000000211e330
Event: 2.922 Thread 0x00000000021a0800 DEOPT UNPACKING pc=0x00000000022d75a4 sp=0x000000000211e310 mode 2
Event: 4.102 Executing VM operation: EnableBiasedLocking
Event: 4.102 Executing VM operation: EnableBiasedLocking done
Event: 4.125 loading class 0x000000000a5b2e80
Event: 4.125 loading class 0x000000000a5b2e80 done
Event: 4.125 loading class 0x000000000a85cc90
Event: 4.125 loading class 0x000000000a85cc90 done
Event: 5.298 Thread 0x0000000002290000 flushing nmethod 0x000000000231cf50


Dynamic libraries:
0x00007ff71bbd0000 - 0x00007ff71bc03000 	C:\Program Files\Java\jdk1.7.0_79\bin\java.exe
0x00007ff892520000 - 0x00007ff8926cc000 	C:\WINDOWS\SYSTEM32\ntdll.dll
0x00007ff88fdc0000 - 0x00007ff88fefe000 	C:\WINDOWS\system32\KERNEL32.DLL
0x00007ff88fa30000 - 0x00007ff88fb45000 	C:\WINDOWS\system32\KERNELBASE.dll
0x00007ff88e210000 - 0x00007ff88e29e000 	C:\WINDOWS\system32\apphelp.dll
0x00007ff879ed0000 - 0x00007ff879f23000 	C:\WINDOWS\AppPatch\AppPatch64\AcGenral.DLL
0x00007ff8916b0000 - 0x00007ff89175a000 	C:\WINDOWS\system32\msvcrt.dll
0x00007ff88f440000 - 0x00007ff88f46e000 	C:\WINDOWS\SYSTEM32\SspiCli.dll
0x00007ff8922a0000 - 0x00007ff8922f4000 	C:\WINDOWS\system32\SHLWAPI.dll
0x00007ff891430000 - 0x00007ff8915a7000 	C:\WINDOWS\system32\USER32.dll
0x00007ff891890000 - 0x00007ff891a24000 	C:\WINDOWS\system32\ole32.dll
0x00007ff88ff00000 - 0x00007ff891418000 	C:\WINDOWS\system32\SHELL32.dll
0x00007ff88ec10000 - 0x00007ff88ec31000 	C:\WINDOWS\SYSTEM32\USERENV.dll
0x00007ff891d80000 - 0x00007ff891e2a000 	C:\WINDOWS\system32\ADVAPI32.dll
0x00007ff887180000 - 0x00007ff88719e000 	C:\WINDOWS\SYSTEM32\MPR.dll
0x00007ff891a40000 - 0x00007ff891b81000 	C:\WINDOWS\system32\RPCRT4.dll
0x00007ff892240000 - 0x00007ff892299000 	C:\WINDOWS\SYSTEM32\sechost.dll
0x00007ff892010000 - 0x00007ff892221000 	C:\WINDOWS\SYSTEM32\combase.dll
0x00007ff88fba0000 - 0x00007ff88fcf1000 	C:\WINDOWS\system32\GDI32.dll
0x00007ff88f670000 - 0x00007ff88f685000 	C:\WINDOWS\SYSTEM32\profapi.dll
0x00007ff88dbe0000 - 0x00007ff88dc92000 	C:\WINDOWS\SYSTEM32\SHCORE.dll
0x00007ff8915b0000 - 0x00007ff8915e6000 	C:\WINDOWS\system32\IMM32.DLL
0x00007ff891bc0000 - 0x00007ff891d12000 	C:\WINDOWS\system32\MSCTF.dll
0x00007ff88c720000 - 0x00007ff88c99a000 	C:\WINDOWS\WinSxS\amd64_microsoft.windows.common-controls_6595b64144ccf1df_6.0.9600.17810_none_6240b9c7ecbd0bda\COMCTL32.dll
0x0000000076de0000 - 0x0000000076eb2000 	C:\Program Files\Java\jdk1.7.0_79\jre\bin\msvcr100.dll
0x0000000076060000 - 0x0000000076835000 	C:\Program Files\Java\jdk1.7.0_79\jre\bin\server\jvm.dll
0x00007ff8871a0000 - 0x00007ff8871a9000 	C:\WINDOWS\SYSTEM32\WSOCK32.dll
0x00007ff88a6f0000 - 0x00007ff88a712000 	C:\WINDOWS\SYSTEM32\WINMM.dll
0x00007ff891420000 - 0x00007ff891427000 	C:\WINDOWS\system32\PSAPI.DLL
0x00007ff891d20000 - 0x00007ff891d7a000 	C:\WINDOWS\system32\WS2_32.dll
0x00007ff88a6c0000 - 0x00007ff88a6ea000 	C:\WINDOWS\SYSTEM32\WINMMBASE.dll
0x00007ff891bb0000 - 0x00007ff891bb9000 	C:\WINDOWS\system32\NSI.dll
0x00007ff88fb50000 - 0x00007ff88fb9f000 	C:\WINDOWS\SYSTEM32\cfgmgr32.dll
0x00007ff88e460000 - 0x00007ff88e488000 	C:\WINDOWS\SYSTEM32\DEVOBJ.dll
0x0000000077570000 - 0x000000007757f000 	C:\Program Files\Java\jdk1.7.0_79\jre\bin\verify.dll
0x0000000077540000 - 0x0000000077568000 	C:\Program Files\Java\jdk1.7.0_79\jre\bin\java.dll
0x0000000077520000 - 0x0000000077535000 	C:\Program Files\Java\jdk1.7.0_79\jre\bin\zip.dll
0x0000000077500000 - 0x000000007751a000 	C:\Program Files\Java\jdk1.7.0_79\jre\bin\net.dll
0x00007ff88ee80000 - 0x00007ff88eed9000 	C:\WINDOWS\system32\mswsock.dll
0x00000000774e0000 - 0x00000000774f1000 	C:\Program Files\Java\jdk1.7.0_79\jre\bin\nio.dll

VM Arguments:
jvm_args: -Xmx1024M -Dfile.encoding=windows-1252 -Duser.country=AR -Duser.language=es -Duser.variant 
java_command: com.android.dx.command.Main --dex --num-threads=4 --output F:\Proyecto Transporte\Proyectos\AppBase\app\build\intermediates\pre-dexed\debug\classes-d07d9ba1045a9ebf81b631970cc71db62efc1630.jar F:\Proyecto Transporte\Proyectos\AppBase\app\build\intermediates\exploded-aar\com.android.support\mediarouter-v7\22.0.0\jars\classes.jar
Launcher Type: SUN_STANDARD

Environment Variables:
PATH=C:\ProgramData\Oracle\Java\javapath;C:\Program Files (x86)\HP SimplePass\x64;C:\Program Files (x86)\HP SimplePass\;C:\Program Files (x86)\Intel\iCLS Client\;C:\Program Files\Intel\iCLS Client\;C:\WINDOWS\system32;C:\WINDOWS;C:\WINDOWS\System32\Wbem;C:\WINDOWS\System32\WindowsPowerShell\v1.0\;C:\Program Files (x86)\Intel\OpenCL SDK\2.0\bin\x86;C:\Program Files (x86)\Intel\OpenCL SDK\2.0\bin\x64;C:\Program Files\Intel\Intel(R) Management Engine Components\DAL;C:\Program Files\Intel\Intel(R) Management Engine Components\IPT;C:\Program Files (x86)\Intel\Intel(R) Management Engine Components\DAL;C:\Program Files (x86)\Intel\Intel(R) Management Engine Components\IPT;C:\Program Files\TortoiseSVN\bin;C:\Program Files (x86)\Skype\Phone\;C:\Program Files (x86)\Subversion\bin
USERNAME=soled_000
OS=Windows_NT
PROCESSOR_IDENTIFIER=Intel64 Family 6 Model 58 Stepping 9, GenuineIntel



---------------  S Y S T E M  ---------------

OS: Windows 8.1 , 64 bit Build 9600 

CPU:total 8 (4 cores per cpu, 2 threads per core) family 6 model 58 stepping 9, cmov, cx8, fxsr, mmx, sse, sse2, sse3, ssse3, sse4.1, sse4.2, popcnt, avx, aes, erms, ht, tsc, tscinvbit, tscinv

Memory: 4k page, physical 8280028k(2597620k free), swap 8280028k(5252k free)

vm_info: Java HotSpot(TM) 64-Bit Server VM (24.79-b02) for windows-amd64 JRE (1.7.0_79-b15), built on Apr 10 2015 12:36:16 by "java_re" with unknown MS VC++:1600

time: Tue Jun 30 12:10:25 2015
elapsed time: 5 seconds

