#
# There is insufficient memory for the Java Runtime Environment to continue.
# Native memory allocation (malloc) failed to allocate 743696 bytes for Chunk::new
# Possible reasons:
#   The system is out of physical RAM or swap space
#   In 32 bit mode, the process size limit was hit
# Possible solutions:
#   Reduce memory load on the system
#   Increase physical memory or swap space
#   Check if swap backing store is full
#   Use 64 bit Java on a 64 bit OS
#   Decrease Java heap size (-Xmx/-Xms)
#   Decrease number of Java threads
#   Decrease Java thread stack sizes (-Xss)
#   Set larger code cache with -XX:ReservedCodeCacheSize=
# This output file may be truncated or incomplete.
#
#  Out of Memory Error (allocation.cpp:323), pid=7852, tid=6868
#
# JRE version: Java(TM) SE Runtime Environment (7.0_79-b15) (build 1.7.0_79-b15)
# Java VM: Java HotSpot(TM) 64-Bit Server VM (24.79-b02 mixed mode windows-amd64 compressed oops)
# Failed to write core dump. Minidumps are not enabled by default on client versions of Windows
#

---------------  T H R E A D  ---------------

Current thread (0x0000000002a6d800):  JavaThread "C2 CompilerThread0" daemon [_thread_in_native, id=6868, stack(0x000000000b2a0000,0x000000000b3a0000)]

Stack: [0x000000000b2a0000,0x000000000b3a0000]
[error occurred during error reporting (printing stack bounds), id 0xc0000005]


Current CompileTask:
C2:   9103  798             com.android.dx.dex.file.DebugInfoEncoder::emitHeader (530 bytes)


---------------  P R O C E S S  ---------------

Java Threads: ( => current thread )
  0x0000000002a7a800 JavaThread "Service Thread" daemon [_thread_blocked, id=7428, stack(0x000000000b4a0000,0x000000000b5a0000)]
  0x0000000002a77800 JavaThread "C2 CompilerThread1" daemon [_thread_in_native, id=7924, stack(0x000000000b3a0000,0x000000000b4a0000)]
=>0x0000000002a6d800 JavaThread "C2 CompilerThread0" daemon [_thread_in_native, id=6868, stack(0x000000000b2a0000,0x000000000b3a0000)]
  0x0000000002a6d000 JavaThread "Attach Listener" daemon [_thread_blocked, id=4776, stack(0x000000000b1a0000,0x000000000b2a0000)]
  0x0000000002a68000 JavaThread "Signal Dispatcher" daemon [_thread_blocked, id=3580, stack(0x000000000b0a0000,0x000000000b1a0000)]
  0x0000000008cba000 JavaThread "Finalizer" daemon [_thread_blocked, id=4160, stack(0x000000000aba0000,0x000000000aca0000)]
  0x0000000008cb9000 JavaThread "Reference Handler" daemon [_thread_blocked, id=2668, stack(0x000000000aaa0000,0x000000000aba0000)]
  0x0000000002980800 JavaThread "main" [_thread_in_vm, id=4380, stack(0x0000000002880000,0x0000000002980000)]

Other Threads:
  0x0000000008cb5800 VMThread [stack: 0x000000000a9a0000,0x000000000aaa0000] [id=1080]
  0x0000000002a7e800 WatcherThread [stack: 0x000000000b5a0000,0x000000000b6a0000] [id=7876]

VM state:not at safepoint (normal execution)

VM Mutex/Monitor currently owned by a thread: None

Heap
 PSYoungGen      total 138240K, used 126950K [0x00000000eaa80000, 0x00000000f3680000, 0x0000000100000000)
  eden space 133120K, 91% used [0x00000000eaa80000,0x00000000f217cfb8,0x00000000f2c80000)
  from space 5120K, 99% used [0x00000000f3180000,0x00000000f367cbe8,0x00000000f3680000)
  to   space 5120K, 0% used [0x00000000f2c80000,0x00000000f2c80000,0x00000000f3180000)
 ParOldGen       total 86016K, used 28319K [0x00000000c0000000, 0x00000000c5400000, 0x00000000eaa80000)
  object space 86016K, 32% used [0x00000000c0000000,0x00000000c1ba7d48,0x00000000c5400000)
 PSPermGen       total 21504K, used 6208K [0x00000000bae00000, 0x00000000bc300000, 0x00000000c0000000)
  object space 21504K, 28% used [0x00000000bae00000,0x00000000bb410318,0x00000000bc300000)

Card table byte_map: [0x0000000005a80000,0x0000000005cb0000] byte_map_base: 0x00000000054a9000

Polling page: 0x0000000001100000

Code Cache  [0x0000000002a80000, 0x0000000002d80000, 0x0000000005a80000)
 total_blobs=1028 nmethods=790 adapters=190 free_code_cache=46202Kb largest_free_block=47237120

Compilation events (10 events):
Event: 9.053 Thread 0x0000000002a77800 nmethod 801 0x0000000002b818d0 code [0x0000000002b81a00, 0x0000000002b81a58]
Event: 9.055 Thread 0x0000000002a77800  802             com.android.dx.util.ByteArrayAnnotatedOutput::writeUleb128 (34 bytes)
Event: 9.058 Thread 0x0000000002a77800 nmethod 802 0x0000000002b81390 code [0x0000000002b814e0, 0x0000000002b81768]
Event: 9.058 Thread 0x0000000002a77800  803             com.android.dx.dex.file.DebugInfoEncoder::emitPositionsAtAddress (48 bytes)
Event: 9.077 Thread 0x0000000002a77800 nmethod 803 0x0000000002bbc490 code [0x0000000002bbc6c0, 0x0000000002bbd1a8]
Event: 9.077 Thread 0x0000000002a77800  804             com.android.dx.dex.code.PositionList$Entry::getPosition (5 bytes)
Event: 9.078 Thread 0x0000000002a77800 nmethod 804 0x0000000002b81190 code [0x0000000002b812c0, 0x0000000002b81318]
Event: 9.078 Thread 0x0000000002a77800  805             com.android.dx.dex.file.DebugInfoEncoder::buildSortedPositions (68 bytes)
Event: 9.087 Thread 0x0000000002a77800 nmethod 805 0x0000000002b82610 code [0x0000000002b827c0, 0x0000000002b82cc8]
Event: 9.087 Thread 0x0000000002a77800  806             com.android.dx.dex.file.DebugInfoEncoder::convert0 (246 bytes)

GC Heap History (8 events):
Event: 2.817 GC heap before
{Heap before GC invocations=1 (full 0):
 PSYoungGen      total 38400K, used 33280K [0x00000000eaa80000, 0x00000000ed500000, 0x0000000100000000)
  eden space 33280K, 100% used [0x00000000eaa80000,0x00000000ecb00000,0x00000000ecb00000)
  from space 5120K, 0% used [0x00000000ed000000,0x00000000ed000000,0x00000000ed500000)
  to   space 5120K, 0% used [0x00000000ecb00000,0x00000000ecb00000,0x00000000ed000000)
 ParOldGen       total 86016K, used 0K [0x00000000c0000000, 0x00000000c5400000, 0x00000000eaa80000)
  object space 86016K, 0% used [0x00000000c0000000,0x00000000c0000000,0x00000000c5400000)
 PSPermGen       total 21504K, used 5740K [0x00000000bae00000, 0x00000000bc300000, 0x00000000c0000000)
  object space 21504K, 26% used [0x00000000bae00000,0x00000000bb39b370,0x00000000bc300000)
Event: 3.088 GC heap after
Heap after GC invocations=1 (full 0):
 PSYoungGen      total 38400K, used 5107K [0x00000000eaa80000, 0x00000000ef580000, 0x0000000100000000)
  eden space 33280K, 0% used [0x00000000eaa80000,0x00000000eaa80000,0x00000000ecb00000)
  from space 5120K, 99% used [0x00000000ecb00000,0x00000000ecffccd8,0x00000000ed000000)
  to   space 5120K, 0% used [0x00000000ef080000,0x00000000ef080000,0x00000000ef580000)
 ParOldGen       total 86016K, used 2148K [0x00000000c0000000, 0x00000000c5400000, 0x00000000eaa80000)
  object space 86016K, 2% used [0x00000000c0000000,0x00000000c0219028,0x00000000c5400000)
 PSPermGen       total 21504K, used 5740K [0x00000000bae00000, 0x00000000bc300000, 0x00000000c0000000)
  object space 21504K, 26% used [0x00000000bae00000,0x00000000bb39b370,0x00000000bc300000)
}
Event: 4.057 GC heap before
{Heap before GC invocations=2 (full 0):
 PSYoungGen      total 38400K, used 38387K [0x00000000eaa80000, 0x00000000ef580000, 0x0000000100000000)
  eden space 33280K, 100% used [0x00000000eaa80000,0x00000000ecb00000,0x00000000ecb00000)
  from space 5120K, 99% used [0x00000000ecb00000,0x00000000ecffccd8,0x00000000ed000000)
  to   space 5120K, 0% used [0x00000000ef080000,0x00000000ef080000,0x00000000ef580000)
 ParOldGen       total 86016K, used 2148K [0x00000000c0000000, 0x00000000c5400000, 0x00000000eaa80000)
  object space 86016K, 2% used [0x00000000c0000000,0x00000000c0219028,0x00000000c5400000)
 PSPermGen       total 21504K, used 5831K [0x00000000bae00000, 0x00000000bc300000, 0x00000000c0000000)
  object space 21504K, 27% used [0x00000000bae00000,0x00000000bb3b1ea8,0x00000000bc300000)
Event: 4.334 GC heap after
Heap after GC invocations=2 (full 0):
 PSYoungGen      total 71680K, used 5101K [0x00000000eaa80000, 0x00000000ef580000, 0x0000000100000000)
  eden space 66560K, 0% used [0x00000000eaa80000,0x00000000eaa80000,0x00000000eeb80000)
  from space 5120K, 99% used [0x00000000ef080000,0x00000000ef57b7e8,0x00000000ef580000)
  to   space 5120K, 0% used [0x00000000eeb80000,0x00000000eeb80000,0x00000000ef080000)
 ParOldGen       total 86016K, used 7312K [0x00000000c0000000, 0x00000000c5400000, 0x00000000eaa80000)
  object space 86016K, 8% used [0x00000000c0000000,0x00000000c07241e8,0x00000000c5400000)
 PSPermGen       total 21504K, used 5831K [0x00000000bae00000, 0x00000000bc300000, 0x00000000c0000000)
  object space 21504K, 27% used [0x00000000bae00000,0x00000000bb3b1ea8,0x00000000bc300000)
}
Event: 5.455 GC heap before
{Heap before GC invocations=3 (full 0):
 PSYoungGen      total 71680K, used 71661K [0x00000000eaa80000, 0x00000000ef580000, 0x0000000100000000)
  eden space 66560K, 100% used [0x00000000eaa80000,0x00000000eeb80000,0x00000000eeb80000)
  from space 5120K, 99% used [0x00000000ef080000,0x00000000ef57b7e8,0x00000000ef580000)
  to   space 5120K, 0% used [0x00000000eeb80000,0x00000000eeb80000,0x00000000ef080000)
 ParOldGen       total 86016K, used 7312K [0x00000000c0000000, 0x00000000c5400000, 0x00000000eaa80000)
  object space 86016K, 8% used [0x00000000c0000000,0x00000000c07241e8,0x00000000c5400000)
 PSPermGen       total 21504K, used 5876K [0x00000000bae00000, 0x00000000bc300000, 0x00000000c0000000)
  object space 21504K, 27% used [0x00000000bae00000,0x00000000bb3bd138,0x00000000bc300000)
Event: 5.851 GC heap after
Heap after GC invocations=3 (full 0):
 PSYoungGen      total 71680K, used 5118K [0x00000000eaa80000, 0x00000000f3680000, 0x0000000100000000)
  eden space 66560K, 0% used [0x00000000eaa80000,0x00000000eaa80000,0x00000000eeb80000)
  from space 5120K, 99% used [0x00000000eeb80000,0x00000000ef07f898,0x00000000ef080000)
  to   space 5120K, 0% used [0x00000000f3180000,0x00000000f3180000,0x00000000f3680000)
 ParOldGen       total 86016K, used 17222K [0x00000000c0000000, 0x00000000c5400000, 0x00000000eaa80000)
  object space 86016K, 20% used [0x00000000c0000000,0x00000000c10d1b18,0x00000000c5400000)
 PSPermGen       total 21504K, used 5876K [0x00000000bae00000, 0x00000000bc300000, 0x00000000c0000000)
  object space 21504K, 27% used [0x00000000bae00000,0x00000000bb3bd138,0x00000000bc300000)
}
Event: 6.330 GC heap before
{Heap before GC invocations=4 (full 0):
 PSYoungGen      total 71680K, used 71678K [0x00000000eaa80000, 0x00000000f3680000, 0x0000000100000000)
  eden space 66560K, 100% used [0x00000000eaa80000,0x00000000eeb80000,0x00000000eeb80000)
  from space 5120K, 99% used [0x00000000eeb80000,0x00000000ef07f898,0x00000000ef080000)
  to   space 5120K, 0% used [0x00000000f3180000,0x00000000f3180000,0x00000000f3680000)
 ParOldGen       total 86016K, used 17222K [0x00000000c0000000, 0x00000000c5400000, 0x00000000eaa80000)
  object space 86016K, 20% used [0x00000000c0000000,0x00000000c10d1b18,0x00000000c5400000)
 PSPermGen       total 21504K, used 5912K [0x00000000bae00000, 0x00000000bc300000, 0x00000000c0000000)
  object space 21504K, 27% used [0x00000000bae00000,0x00000000bb3c6380,0x00000000bc300000)
Event: 6.700 GC heap after
Heap after GC invocations=4 (full 0):
 PSYoungGen      total 138240K, used 5106K [0x00000000eaa80000, 0x00000000f3680000, 0x0000000100000000)
  eden space 133120K, 0% used [0x00000000eaa80000,0x00000000eaa80000,0x00000000f2c80000)
  from space 5120K, 99% used [0x00000000f3180000,0x00000000f367cbe8,0x00000000f3680000)
  to   space 5120K, 0% used [0x00000000f2c80000,0x00000000f2c80000,0x00000000f3180000)
 ParOldGen       total 86016K, used 28319K [0x00000000c0000000, 0x00000000c5400000, 0x00000000eaa80000)
  object space 86016K, 32% used [0x00000000c0000000,0x00000000c1ba7d48,0x00000000c5400000)
 PSPermGen       total 21504K, used 5912K [0x00000000bae00000, 0x00000000bc300000, 0x00000000c0000000)
  object space 21504K, 27% used [0x00000000bae00000,0x00000000bb3c6380,0x00000000bc300000)
}

Deoptimization events (10 events):
Event: 7.178 Thread 0x000000000ae97000 Uncommon trap: reason=unloaded action=reinterpret pc=0x0000000002c6c8f0 method=com.android.dx.cf.code.Ropper.addReturnBlock()V @ 45
Event: 7.178 Thread 0x000000000ae97000 Uncommon trap: reason=unreached action=reinterpret pc=0x0000000002b9e8ac method=com.android.dx.ssa.MoveParamCombiner$1.visitNonMoveInsn(Lcom/android/dx/ssa/NormalSsaInsn;)V @ 27
Event: 7.401 Thread 0x000000000ae9b800 Uncommon trap: reason=null_check action=make_not_entrant pc=0x0000000002cc27bc method=com.android.dx.cf.code.Ropper$CatchInfo.getSetup(Lcom/android/dx/rop/type/Type;)Lcom/android/dx/cf/code/Ropper$ExceptionHandlerSetup; @ 10
Event: 8.320 Thread 0x0000000002980800 Uncommon trap: reason=unreached action=reinterpret pc=0x0000000002d1346c method=com.android.dx.dex.file.DexFile.internIfAppropriate(Lcom/android/dx/rop/cst/Constant;)V @ 92
Event: 8.550 Thread 0x0000000002980800 Uncommon trap: reason=predicate action=maybe_recompile pc=0x0000000002d1788c method=java.util.ComparableTimSort.binarySort([Ljava/lang/Object;III)V @ 37
Event: 8.606 Thread 0x0000000002980800 Uncommon trap: reason=null_check action=make_not_entrant pc=0x0000000002d6467c method=com.android.dx.dex.code.LocalList$MakeState.finish()Lcom/android/dx/dex/code/LocalList; @ 81
Event: 8.775 Thread 0x0000000002980800 Uncommon trap: reason=array_check action=maybe_recompile pc=0x0000000002d6a3d8 method=java.util.ComparableTimSort.binarySort([Ljava/lang/Object;III)V @ 183
Event: 8.786 Thread 0x0000000002980800 Uncommon trap: reason=array_check action=maybe_recompile pc=0x0000000002d6a310 method=java.util.ComparableTimSort.binarySort([Ljava/lang/Object;III)V @ 193
Event: 8.825 Thread 0x0000000002980800 Uncommon trap: reason=array_check action=maybe_recompile pc=0x0000000002d6a310 method=java.util.ComparableTimSort.binarySort([Ljava/lang/Object;III)V @ 193
Event: 8.825 Thread 0x0000000002980800 Uncommon trap: reason=array_check action=maybe_recompile pc=0x0000000002d6a310 method=java.util.ComparableTimSort.binarySort([Ljava/lang/Object;III)V @ 193

Internal exceptions (10 events):
Event: 8.464 Thread 0x0000000002980800 Threw 0x00000000f139dd30 at C:\re\jdk7u79\2331\hotspot\src\share\vm\prims\jvm.cpp:1304
Event: 8.465 Thread 0x0000000002980800 Threw 0x00000000f13a2360 at C:\re\jdk7u79\2331\hotspot\src\share\vm\prims\jvm.cpp:1304
Event: 8.472 Thread 0x0000000002980800 Threw 0x00000000f13b2a80 at C:\re\jdk7u79\2331\hotspot\src\share\vm\prims\jvm.cpp:1304
Event: 8.472 Thread 0x0000000002980800 Threw 0x00000000f13b59a0 at C:\re\jdk7u79\2331\hotspot\src\share\vm\prims\jvm.cpp:1304
Event: 8.473 Thread 0x0000000002980800 Threw 0x00000000f13b8a88 at C:\re\jdk7u79\2331\hotspot\src\share\vm\prims\jvm.cpp:1304
Event: 8.479 Thread 0x0000000002980800 Threw 0x00000000f13c9bd0 at C:\re\jdk7u79\2331\hotspot\src\share\vm\prims\jvm.cpp:1304
Event: 8.606 Thread 0x0000000002980800 Implicit null exception at 0x0000000002d6386c to 0x0000000002d64671
Event: 8.935 Thread 0x0000000002980800 Threw 0x00000000f1cc1c20 at C:\re\jdk7u79\2331\hotspot\src\share\vm\prims\jvm.cpp:1304
Event: 8.937 Thread 0x0000000002980800 Threw 0x00000000f1ccd858 at C:\re\jdk7u79\2331\hotspot\src\share\vm\prims\jvm.cpp:1304
Event: 8.938 Thread 0x0000000002980800 Threw 0x00000000f1cd0498 at C:\re\jdk7u79\2331\hotspot\src\share\vm\prims\jvm.cpp:1304

Events (10 events):
Event: 8.825 Thread 0x0000000002980800 Uncommon trap: trap_request=0xffffffd6 fr.pc=0x0000000002d6a310
Event: 8.825 Thread 0x0000000002980800 DEOPT PACKING pc=0x0000000002d6a310 sp=0x000000000297f190
Event: 8.825 Thread 0x0000000002980800 DEOPT UNPACKING pc=0x0000000002ab75a4 sp=0x000000000297f158 mode 2
Event: 8.834 Thread 0x0000000002a77800 flushing nmethod 0x0000000002bb5050
Event: 8.935 loading class 0x000000000aedb2e0
Event: 8.935 loading class 0x000000000aedb2e0 done
Event: 8.937 loading class 0x000000000aed81e0
Event: 8.937 loading class 0x000000000aed81e0 done
Event: 8.938 loading class 0x000000000aed7ce0
Event: 8.938 loading class 0x000000000aed7ce0 done


Dynamic libraries:
0x00007ff70f950000 - 0x00007ff70f983000 	C:\Program Files\Java\jdk1.7.0_79\bin\java.exe
0x00007ff9f8a60000 - 0x00007ff9f8c0c000 	C:\WINDOWS\SYSTEM32\ntdll.dll
0x00007ff9f6770000 - 0x00007ff9f68ae000 	C:\WINDOWS\system32\KERNEL32.DLL
0x00007ff9f5f70000 - 0x00007ff9f6085000 	C:\WINDOWS\system32\KERNELBASE.dll
0x00007ff9f44a0000 - 0x00007ff9f452e000 	C:\WINDOWS\system32\apphelp.dll
0x00007ff9e6750000 - 0x00007ff9e67a3000 	C:\WINDOWS\AppPatch\AppPatch64\AcGenral.DLL
0x00007ff9f60e0000 - 0x00007ff9f618a000 	C:\WINDOWS\system32\msvcrt.dll
0x00007ff9f5980000 - 0x00007ff9f59ae000 	C:\WINDOWS\SYSTEM32\SspiCli.dll
0x00007ff9f85e0000 - 0x00007ff9f8634000 	C:\WINDOWS\system32\SHLWAPI.dll
0x00007ff9f8640000 - 0x00007ff9f87b7000 	C:\WINDOWS\system32\USER32.dll
0x00007ff9f6d10000 - 0x00007ff9f6ea4000 	C:\WINDOWS\system32\ole32.dll
0x00007ff9f70c0000 - 0x00007ff9f85d8000 	C:\WINDOWS\system32\SHELL32.dll
0x00007ff9f5150000 - 0x00007ff9f5171000 	C:\WINDOWS\SYSTEM32\USERENV.dll
0x00007ff9f7010000 - 0x00007ff9f70ba000 	C:\WINDOWS\system32\ADVAPI32.dll
0x00007ff9ec360000 - 0x00007ff9ec37e000 	C:\WINDOWS\SYSTEM32\MPR.dll
0x00007ff9f6230000 - 0x00007ff9f6371000 	C:\WINDOWS\system32\RPCRT4.dll
0x00007ff9f6920000 - 0x00007ff9f6979000 	C:\WINDOWS\SYSTEM32\sechost.dll
0x00007ff9f6990000 - 0x00007ff9f6ba1000 	C:\WINDOWS\SYSTEM32\combase.dll
0x00007ff9f6bb0000 - 0x00007ff9f6d01000 	C:\WINDOWS\system32\GDI32.dll
0x00007ff9f5bb0000 - 0x00007ff9f5bc5000 	C:\WINDOWS\SYSTEM32\profapi.dll
0x00007ff9f4180000 - 0x00007ff9f4232000 	C:\WINDOWS\SYSTEM32\SHCORE.dll
0x00007ff9f61f0000 - 0x00007ff9f6226000 	C:\WINDOWS\system32\IMM32.DLL
0x00007ff9f6eb0000 - 0x00007ff9f7002000 	C:\WINDOWS\system32\MSCTF.dll
0x00007ff9f3800000 - 0x00007ff9f3a7a000 	C:\WINDOWS\WinSxS\amd64_microsoft.windows.common-controls_6595b64144ccf1df_6.0.9600.17810_none_6240b9c7ecbd0bda\COMCTL32.dll
0x000000005b7b0000 - 0x000000005b882000 	C:\Program Files\Java\jdk1.7.0_79\jre\bin\msvcr100.dll
0x000000005bba0000 - 0x000000005c375000 	C:\Program Files\Java\jdk1.7.0_79\jre\bin\server\jvm.dll
0x00007ff9eb7d0000 - 0x00007ff9eb7d9000 	C:\WINDOWS\SYSTEM32\WSOCK32.dll
0x00007ff9f0ce0000 - 0x00007ff9f0d02000 	C:\WINDOWS\SYSTEM32\WINMM.dll
0x00007ff9f88a0000 - 0x00007ff9f88a7000 	C:\WINDOWS\system32\PSAPI.DLL
0x00007ff9f6190000 - 0x00007ff9f61ea000 	C:\WINDOWS\system32\WS2_32.dll
0x00007ff9f0cb0000 - 0x00007ff9f0cda000 	C:\WINDOWS\SYSTEM32\WINMMBASE.dll
0x00007ff9f64c0000 - 0x00007ff9f64c9000 	C:\WINDOWS\system32\NSI.dll
0x00007ff9f6090000 - 0x00007ff9f60df000 	C:\WINDOWS\SYSTEM32\cfgmgr32.dll
0x00007ff9f49b0000 - 0x00007ff9f49d8000 	C:\WINDOWS\SYSTEM32\DEVOBJ.dll
0x000000005bb90000 - 0x000000005bb9f000 	C:\Program Files\Java\jdk1.7.0_79\jre\bin\verify.dll
0x000000005bb60000 - 0x000000005bb88000 	C:\Program Files\Java\jdk1.7.0_79\jre\bin\java.dll
0x000000005bb40000 - 0x000000005bb55000 	C:\Program Files\Java\jdk1.7.0_79\jre\bin\zip.dll
0x000000005bb20000 - 0x000000005bb3a000 	C:\Program Files\Java\jdk1.7.0_79\jre\bin\net.dll
0x00007ff9f53c0000 - 0x00007ff9f5419000 	C:\WINDOWS\system32\mswsock.dll
0x000000005bb00000 - 0x000000005bb11000 	C:\Program Files\Java\jdk1.7.0_79\jre\bin\nio.dll

VM Arguments:
jvm_args: -Xmx1024M -Dfile.encoding=windows-1252 -Duser.country=AR -Duser.language=es -Duser.variant 
java_command: com.android.dx.command.Main --dex --num-threads=4 --output F:\Proyecto Transporte\Proyectos\AppBase\app\build\intermediates\pre-dexed\debug\classes-87ed3b091e2716aee145d3d2ff4e71b4e58285f5.jar F:\Proyecto Transporte\Proyectos\AppBase\app\build\intermediates\exploded-aar\com.android.support\appcompat-v7\22.2.0\jars\classes.jar
Launcher Type: SUN_STANDARD

Environment Variables:
PATH=C:\ProgramData\Oracle\Java\javapath;C:\Program Files (x86)\HP SimplePass\x64;C:\Program Files (x86)\HP SimplePass\;C:\Program Files (x86)\Intel\iCLS Client\;C:\Program Files\Intel\iCLS Client\;C:\WINDOWS\system32;C:\WINDOWS;C:\WINDOWS\System32\Wbem;C:\WINDOWS\System32\WindowsPowerShell\v1.0\;C:\Program Files (x86)\Intel\OpenCL SDK\2.0\bin\x86;C:\Program Files (x86)\Intel\OpenCL SDK\2.0\bin\x64;C:\Program Files\Intel\Intel(R) Management Engine Components\DAL;C:\Program Files\Intel\Intel(R) Management Engine Components\IPT;C:\Program Files (x86)\Intel\Intel(R) Management Engine Components\DAL;C:\Program Files (x86)\Intel\Intel(R) Management Engine Components\IPT;C:\Program Files\TortoiseSVN\bin;C:\Program Files (x86)\Skype\Phone\;C:\Program Files (x86)\Subversion\bin
USERNAME=soled_000
OS=Windows_NT
PROCESSOR_IDENTIFIER=Intel64 Family 6 Model 58 Stepping 9, GenuineIntel



---------------  S Y S T E M  ---------------

OS: Windows 8.1 , 64 bit Build 9600 

CPU:total 8 (4 cores per cpu, 2 threads per core) family 6 model 58 stepping 9, cmov, cx8, fxsr, mmx, sse, sse2, sse3, ssse3, sse4.1, sse4.2, popcnt, avx, aes, erms, ht, tsc, tscinvbit, tscinv

Memory: 4k page, physical 8280028k(1933280k free), swap 8280028k(4796k free)

vm_info: Java HotSpot(TM) 64-Bit Server VM (24.79-b02) for windows-amd64 JRE (1.7.0_79-b15), built on Apr 10 2015 12:36:16 by "java_re" with unknown MS VC++:1600

time: Fri Jun 26 15:20:31 2015
elapsed time: 9 seconds

