#
# There is insufficient memory for the Java Runtime Environment to continue.
# Native memory allocation (malloc) failed to allocate 947696 bytes for Chunk::new
# Possible reasons:
#   The system is out of physical RAM or swap space
#   In 32 bit mode, the process size limit was hit
# Possible solutions:
#   Reduce memory load on the system
#   Increase physical memory or swap space
#   Check if swap backing store is full
#   Use 64 bit Java on a 64 bit OS
#   Decrease Java heap size (-Xmx/-Xms)
#   Decrease number of Java threads
#   Decrease Java thread stack sizes (-Xss)
#   Set larger code cache with -XX:ReservedCodeCacheSize=
# This output file may be truncated or incomplete.
#
#  Out of Memory Error (allocation.cpp:323), pid=7860, tid=4384
#
# JRE version: Java(TM) SE Runtime Environment (7.0_79-b15) (build 1.7.0_79-b15)
# Java VM: Java HotSpot(TM) 64-Bit Server VM (24.79-b02 mixed mode windows-amd64 compressed oops)
# Failed to write core dump. Minidumps are not enabled by default on client versions of Windows
#

---------------  T H R E A D  ---------------

Current thread (0x00000000023c8000):  JavaThread "C2 CompilerThread1" daemon [_thread_in_native, id=4384, stack(0x000000000adb0000,0x000000000aeb0000)]

Stack: [0x000000000adb0000,0x000000000aeb0000]
[error occurred during error reporting (printing stack bounds), id 0xc0000005]


[error occurred during error reporting (printing native stack), id 0xc0000005]


Current CompileTask:
C2:   5750  358   !         com.android.dx.cf.code.Ropper::processBlock (1101 bytes)


---------------  P R O C E S S  ---------------

Java Threads: ( => current thread )
  0x000000000a909800 JavaThread "pool-1-thread-4" [_thread_blocked, id=6760, stack(0x000000000b4b0000,0x000000000b5b0000)]
  0x000000000a905000 JavaThread "pool-1-thread-3" [_thread_blocked, id=3292, stack(0x000000000b3b0000,0x000000000b4b0000)]
  0x000000000a904800 JavaThread "pool-1-thread-2" [_thread_blocked, id=224, stack(0x000000000b2b0000,0x000000000b3b0000)]
  0x000000000a903800 JavaThread "pool-2-thread-1" [_thread_blocked, id=3560, stack(0x000000000b1b0000,0x000000000b2b0000)]
  0x000000000a933000 JavaThread "pool-1-thread-1" [_thread_blocked, id=7512, stack(0x000000000b0b0000,0x000000000b1b0000)]
  0x00000000023ce000 JavaThread "Service Thread" daemon [_thread_blocked, id=4584, stack(0x000000000aeb0000,0x000000000afb0000)]
=>0x00000000023c8000 JavaThread "C2 CompilerThread1" daemon [_thread_in_native, id=4384, stack(0x000000000adb0000,0x000000000aeb0000)]
  0x00000000023c6000 JavaThread "C2 CompilerThread0" daemon [_thread_in_native, id=7676, stack(0x000000000acb0000,0x000000000adb0000)]
  0x00000000023c5000 JavaThread "Attach Listener" daemon [_thread_blocked, id=5220, stack(0x000000000abb0000,0x000000000acb0000)]
  0x000000000a6d1000 JavaThread "Signal Dispatcher" daemon [_thread_blocked, id=3440, stack(0x000000000aab0000,0x000000000abb0000)]
  0x00000000086cf800 JavaThread "Finalizer" daemon [_thread_blocked, id=6132, stack(0x000000000a5b0000,0x000000000a6b0000)]
  0x00000000086c9000 JavaThread "Reference Handler" daemon [_thread_blocked, id=1500, stack(0x000000000a4b0000,0x000000000a5b0000)]
  0x00000000022d0800 JavaThread "main" [_thread_in_Java, id=7336, stack(0x00000000021d0000,0x00000000022d0000)]

Other Threads:
  0x00000000086c5800 VMThread [stack: 0x000000000a3b0000,0x000000000a4b0000] [id=6832]
  0x000000000a6dd000 WatcherThread [stack: 0x000000000afb0000,0x000000000b0b0000] [id=6856]

VM state:not at safepoint (normal execution)

VM Mutex/Monitor currently owned by a thread: None

Heap
 PSYoungGen      total 38400K, used 33278K [0x00000000eaa80000, 0x00000000ef580000, 0x0000000100000000)
  eden space 33280K, 84% used [0x00000000eaa80000,0x00000000ec606f78,0x00000000ecb00000)
  from space 5120K, 99% used [0x00000000ecb00000,0x00000000ecff8a78,0x00000000ed000000)
  to   space 5120K, 0% used [0x00000000ef080000,0x00000000ef080000,0x00000000ef580000)
 ParOldGen       total 86016K, used 1633K [0x00000000c0000000, 0x00000000c5400000, 0x00000000eaa80000)
  object space 86016K, 1% used [0x00000000c0000000,0x00000000c01985f0,0x00000000c5400000)
 PSPermGen       total 21504K, used 5798K [0x00000000bae00000, 0x00000000bc300000, 0x00000000c0000000)
  object space 21504K, 26% used [0x00000000bae00000,0x00000000bb3a9b38,0x00000000bc300000)

Card table byte_map: [0x0000000005490000,0x00000000056c0000] byte_map_base: 0x0000000004eb9000

Polling page: 0x0000000002050000

Code Cache  [0x00000000023d0000, 0x0000000002640000, 0x00000000053d0000)
 total_blobs=595 nmethods=358 adapters=189 free_code_cache=47633Kb largest_free_block=48728320

Compilation events (10 events):
Event: 5.684 Thread 0x00000000023c6000 nmethod 355 0x000000000251cc90 code [0x000000000251cde0, 0x000000000251d028]
Event: 5.684 Thread 0x00000000023c6000  356             com.android.dx.ssa.back.SsaToRop::convertBasicBlocks (151 bytes)
Event: 5.717 Thread 0x00000000023c8000 nmethod 354 0x0000000002548110 code [0x0000000002548360, 0x00000000025495c0]
Event: 5.718 Thread 0x00000000023c8000  357             java.lang.Long::numberOfTrailingZeros (116 bytes)
Event: 5.719 Thread 0x00000000023c8000 nmethod 357 0x000000000251eb10 code [0x000000000251ec40, 0x000000000251ecf8]
Event: 5.719 Thread 0x00000000023c8000  358   !         com.android.dx.cf.code.Ropper::processBlock (1101 bytes)
Event: 5.743 Thread 0x00000000023c6000 nmethod 356 0x0000000002552c10 code [0x0000000002552ee0, 0x0000000002554250]
Event: 5.744 Thread 0x00000000023c6000  359             com.android.dx.ssa.InterferenceRegisterMapper::interferes (78 bytes)
Event: 5.747 Thread 0x00000000023c6000 nmethod 359 0x00000000025461d0 code [0x0000000002546320, 0x0000000002546508]
Event: 5.747 Thread 0x00000000023c6000  360             com.android.dx.rop.code.Rop::hashCode (54 bytes)

GC Heap History (2 events):
Event: 3.877 GC heap before
{Heap before GC invocations=1 (full 0):
 PSYoungGen      total 38400K, used 33280K [0x00000000eaa80000, 0x00000000ed500000, 0x0000000100000000)
  eden space 33280K, 100% used [0x00000000eaa80000,0x00000000ecb00000,0x00000000ecb00000)
  from space 5120K, 0% used [0x00000000ed000000,0x00000000ed000000,0x00000000ed500000)
  to   space 5120K, 0% used [0x00000000ecb00000,0x00000000ecb00000,0x00000000ed000000)
 ParOldGen       total 86016K, used 0K [0x00000000c0000000, 0x00000000c5400000, 0x00000000eaa80000)
  object space 86016K, 0% used [0x00000000c0000000,0x00000000c0000000,0x00000000c5400000)
 PSPermGen       total 21504K, used 5733K [0x00000000bae00000, 0x00000000bc300000, 0x00000000c0000000)
  object space 21504K, 26% used [0x00000000bae00000,0x00000000bb399410,0x00000000bc300000)
Event: 4.484 GC heap after
Heap after GC invocations=1 (full 0):
 PSYoungGen      total 38400K, used 5090K [0x00000000eaa80000, 0x00000000ef580000, 0x0000000100000000)
  eden space 33280K, 0% used [0x00000000eaa80000,0x00000000eaa80000,0x00000000ecb00000)
  from space 5120K, 99% used [0x00000000ecb00000,0x00000000ecff8a78,0x00000000ed000000)
  to   space 5120K, 0% used [0x00000000ef080000,0x00000000ef080000,0x00000000ef580000)
 ParOldGen       total 86016K, used 1633K [0x00000000c0000000, 0x00000000c5400000, 0x00000000eaa80000)
  object space 86016K, 1% used [0x00000000c0000000,0x00000000c01985f0,0x00000000c5400000)
 PSPermGen       total 21504K, used 5733K [0x00000000bae00000, 0x00000000bc300000, 0x00000000c0000000)
  object space 21504K, 26% used [0x00000000bae00000,0x00000000bb399410,0x00000000bc300000)
}

Deoptimization events (10 events):
Event: 2.261 Thread 0x000000000a909800 Uncommon trap: reason=class_check action=maybe_recompile pc=0x0000000002448534 method=com.android.dx.ssa.NormalSsaInsn.accept(Lcom/android/dx/ssa/SsaInsn$Visitor;)V @ 9
Event: 2.261 Thread 0x000000000a909800 Uncommon trap: reason=class_check action=maybe_recompile pc=0x0000000002448534 method=com.android.dx.ssa.NormalSsaInsn.accept(Lcom/android/dx/ssa/SsaInsn$Visitor;)V @ 9
Event: 2.261 Thread 0x000000000a909800 Uncommon trap: reason=class_check action=maybe_recompile pc=0x0000000002448534 method=com.android.dx.ssa.NormalSsaInsn.accept(Lcom/android/dx/ssa/SsaInsn$Visitor;)V @ 9
Event: 2.262 Thread 0x000000000a909800 Uncommon trap: reason=class_check action=maybe_recompile pc=0x0000000002448534 method=com.android.dx.ssa.NormalSsaInsn.accept(Lcom/android/dx/ssa/SsaInsn$Visitor;)V @ 9
Event: 2.723 Thread 0x00000000022d0800 Uncommon trap: reason=unreached action=reinterpret pc=0x0000000002456704 method=com.android.dx.rop.cst.Constant.compareTo(Lcom/android/dx/rop/cst/Constant;)I @ 12
Event: 3.411 Thread 0x000000000a933000 Uncommon trap: reason=null_check action=make_not_entrant pc=0x000000000245cd44 method=com.android.dx.ssa.SsaRenamer.getLocalForNewReg(I)Lcom/android/dx/rop/code/LocalItem; @ 19
Event: 4.484 Thread 0x00000000022d0800 Uncommon trap: reason=null_check action=make_not_entrant pc=0x00000000024aece8 method=com.android.dx.rop.type.Type.putIntern(Lcom/android/dx/rop/type/Type;)Lcom/android/dx/rop/type/Type; @ 18
Event: 4.542 Thread 0x000000000a904800 Uncommon trap: reason=class_check action=maybe_recompile pc=0x0000000002485038 method=java.util.HashMap.put(Ljava/lang/Object;Ljava/lang/Object;)Ljava/lang/Object; @ 83
Event: 4.548 Thread 0x000000000a904800 Uncommon trap: reason=class_check action=maybe_recompile pc=0x0000000002485038 method=java.util.HashMap.put(Ljava/lang/Object;Ljava/lang/Object;)Ljava/lang/Object; @ 83
Event: 5.085 Thread 0x000000000a933000 Uncommon trap: reason=null_check action=make_not_entrant pc=0x00000000024f8764 method=com.android.dx.cf.code.Ropper$CatchInfo.getSetup(Lcom/android/dx/rop/type/Type;)Lcom/android/dx/cf/code/Ropper$ExceptionHandlerSetup; @ 10

Internal exceptions (10 events):
Event: 2.072 Thread 0x000000000a909800 Threw 0x00000000eb52caa8 at C:\re\jdk7u79\2331\hotspot\src\share\vm\prims\jvm.cpp:1304
Event: 2.082 Thread 0x000000000a909800 Threw 0x00000000eb54c890 at C:\re\jdk7u79\2331\hotspot\src\share\vm\prims\jvm.cpp:1304
Event: 2.222 Thread 0x000000000a933000 Implicit null exception at 0x000000000244e79b to 0x000000000244eae1
Event: 2.600 Thread 0x00000000022d0800 Threw 0x00000000eb63d098 at C:\re\jdk7u79\2331\hotspot\src\share\vm\prims\jvm.cpp:1304
Event: 2.750 Thread 0x000000000a933000 Threw 0x00000000ec1cf820 at C:\re\jdk7u79\2331\hotspot\src\share\vm\prims\jvm.cpp:1304
Event: 3.411 Thread 0x000000000a933000 Implicit null exception at 0x000000000245c358 to 0x000000000245cd29
Event: 3.538 Thread 0x000000000a933000 Threw 0x00000000ec8cde58 at C:\re\jdk7u79\2331\hotspot\src\share\vm\prims\jvm.cpp:1304
Event: 4.484 Thread 0x00000000022d0800 Implicit null exception at 0x00000000024ae5f7 to 0x00000000024aecd9
Event: 4.556 Thread 0x00000000022d0800 Threw 0x00000000eb04a950 at C:\re\jdk7u79\2331\hotspot\src\share\vm\prims\jvm.cpp:1304
Event: 5.085 Thread 0x000000000a933000 Implicit null exception at 0x00000000024f61fc to 0x00000000024f8759

Events (10 events):
Event: 4.548 Thread 0x000000000a904800 Uncommon trap: trap_request=0xffffffde fr.pc=0x0000000002485038
Event: 4.548 Thread 0x000000000a904800 DEOPT PACKING pc=0x0000000002485038 sp=0x000000000b3aede0
Event: 4.548 Thread 0x000000000a904800 DEOPT UNPACKING pc=0x00000000024075a4 sp=0x000000000b3aed88 mode 2
Event: 4.555 loading class 0x000000000a7e09d0
Event: 4.555 loading class 0x000000000a7e09d0 done
Event: 4.838 Executing VM operation: EnableBiasedLocking
Event: 4.886 Executing VM operation: EnableBiasedLocking done
Event: 5.085 Thread 0x000000000a933000 Uncommon trap: trap_request=0xfffffff4 fr.pc=0x00000000024f8764
Event: 5.085 Thread 0x000000000a933000 DEOPT PACKING pc=0x00000000024f8764 sp=0x000000000b1ae9b0
Event: 5.085 Thread 0x000000000a933000 DEOPT UNPACKING pc=0x00000000024075a4 sp=0x000000000b1ae8f8 mode 2


Dynamic libraries:
0x00007ff70f950000 - 0x00007ff70f983000 	C:\Program Files\Java\jdk1.7.0_79\bin\java.exe
0x00007ff9f8a60000 - 0x00007ff9f8c0c000 	C:\WINDOWS\SYSTEM32\ntdll.dll
0x00007ff9f6770000 - 0x00007ff9f68ae000 	C:\WINDOWS\system32\KERNEL32.DLL
0x00007ff9f5f70000 - 0x00007ff9f6085000 	C:\WINDOWS\system32\KERNELBASE.dll
0x00007ff9f44a0000 - 0x00007ff9f452e000 	C:\WINDOWS\system32\apphelp.dll
0x00007ff9e6750000 - 0x00007ff9e67a3000 	C:\WINDOWS\AppPatch\AppPatch64\AcGenral.DLL
0x00007ff9f60e0000 - 0x00007ff9f618a000 	C:\WINDOWS\system32\msvcrt.dll
0x00007ff9f5980000 - 0x00007ff9f59ae000 	C:\WINDOWS\SYSTEM32\SspiCli.dll
0x00007ff9f85e0000 - 0x00007ff9f8634000 	C:\WINDOWS\system32\SHLWAPI.dll
0x00007ff9f8640000 - 0x00007ff9f87b7000 	C:\WINDOWS\system32\USER32.dll
0x00007ff9f6d10000 - 0x00007ff9f6ea4000 	C:\WINDOWS\system32\ole32.dll
0x00007ff9f70c0000 - 0x00007ff9f85d8000 	C:\WINDOWS\system32\SHELL32.dll
0x00007ff9f5150000 - 0x00007ff9f5171000 	C:\WINDOWS\SYSTEM32\USERENV.dll
0x00007ff9f7010000 - 0x00007ff9f70ba000 	C:\WINDOWS\system32\ADVAPI32.dll
0x00007ff9ec360000 - 0x00007ff9ec37e000 	C:\WINDOWS\SYSTEM32\MPR.dll
0x00007ff9f6230000 - 0x00007ff9f6371000 	C:\WINDOWS\system32\RPCRT4.dll
0x00007ff9f6920000 - 0x00007ff9f6979000 	C:\WINDOWS\SYSTEM32\sechost.dll
0x00007ff9f6990000 - 0x00007ff9f6ba1000 	C:\WINDOWS\SYSTEM32\combase.dll
0x00007ff9f6bb0000 - 0x00007ff9f6d01000 	C:\WINDOWS\system32\GDI32.dll
0x00007ff9f5bb0000 - 0x00007ff9f5bc5000 	C:\WINDOWS\SYSTEM32\profapi.dll
0x00007ff9f4180000 - 0x00007ff9f4232000 	C:\WINDOWS\SYSTEM32\SHCORE.dll
0x00007ff9f61f0000 - 0x00007ff9f6226000 	C:\WINDOWS\system32\IMM32.DLL
0x00007ff9f6eb0000 - 0x00007ff9f7002000 	C:\WINDOWS\system32\MSCTF.dll
0x00007ff9f3800000 - 0x00007ff9f3a7a000 	C:\WINDOWS\WinSxS\amd64_microsoft.windows.common-controls_6595b64144ccf1df_6.0.9600.17810_none_6240b9c7ecbd0bda\COMCTL32.dll
0x000000005b7b0000 - 0x000000005b882000 	C:\Program Files\Java\jdk1.7.0_79\jre\bin\msvcr100.dll
0x000000005bba0000 - 0x000000005c375000 	C:\Program Files\Java\jdk1.7.0_79\jre\bin\server\jvm.dll
0x00007ff9eb7d0000 - 0x00007ff9eb7d9000 	C:\WINDOWS\SYSTEM32\WSOCK32.dll
0x00007ff9f0ce0000 - 0x00007ff9f0d02000 	C:\WINDOWS\SYSTEM32\WINMM.dll
0x00007ff9f88a0000 - 0x00007ff9f88a7000 	C:\WINDOWS\system32\PSAPI.DLL
0x00007ff9f6190000 - 0x00007ff9f61ea000 	C:\WINDOWS\system32\WS2_32.dll
0x00007ff9f0cb0000 - 0x00007ff9f0cda000 	C:\WINDOWS\SYSTEM32\WINMMBASE.dll
0x00007ff9f64c0000 - 0x00007ff9f64c9000 	C:\WINDOWS\system32\NSI.dll
0x00007ff9f6090000 - 0x00007ff9f60df000 	C:\WINDOWS\SYSTEM32\cfgmgr32.dll
0x00007ff9f49b0000 - 0x00007ff9f49d8000 	C:\WINDOWS\SYSTEM32\DEVOBJ.dll
0x000000005bb90000 - 0x000000005bb9f000 	C:\Program Files\Java\jdk1.7.0_79\jre\bin\verify.dll
0x000000005bb60000 - 0x000000005bb88000 	C:\Program Files\Java\jdk1.7.0_79\jre\bin\java.dll
0x000000005bb40000 - 0x000000005bb55000 	C:\Program Files\Java\jdk1.7.0_79\jre\bin\zip.dll
0x000000005bb20000 - 0x000000005bb3a000 	C:\Program Files\Java\jdk1.7.0_79\jre\bin\net.dll
0x00007ff9f53c0000 - 0x00007ff9f5419000 	C:\WINDOWS\system32\mswsock.dll
0x000000005bb00000 - 0x000000005bb11000 	C:\Program Files\Java\jdk1.7.0_79\jre\bin\nio.dll

VM Arguments:
jvm_args: -Xmx1024M -Dfile.encoding=windows-1252 -Duser.country=AR -Duser.language=es -Duser.variant 
java_command: com.android.dx.command.Main --dex --num-threads=4 --output F:\Proyecto Transporte\Proyectos\AppBase\app\build\intermediates\pre-dexed\debug\classes-fbd93e910136b5b862dee3d44e0dbe0d2a9a8f4d.jar F:\Proyecto Transporte\Proyectos\AppBase\app\build\intermediates\exploded-aar\io.fabric.sdk.android\fabric\1.1.0\jars\classes.jar
Launcher Type: SUN_STANDARD

Environment Variables:
PATH=C:\ProgramData\Oracle\Java\javapath;C:\Program Files (x86)\HP SimplePass\x64;C:\Program Files (x86)\HP SimplePass\;C:\Program Files (x86)\Intel\iCLS Client\;C:\Program Files\Intel\iCLS Client\;C:\WINDOWS\system32;C:\WINDOWS;C:\WINDOWS\System32\Wbem;C:\WINDOWS\System32\WindowsPowerShell\v1.0\;C:\Program Files (x86)\Intel\OpenCL SDK\2.0\bin\x86;C:\Program Files (x86)\Intel\OpenCL SDK\2.0\bin\x64;C:\Program Files\Intel\Intel(R) Management Engine Components\DAL;C:\Program Files\Intel\Intel(R) Management Engine Components\IPT;C:\Program Files (x86)\Intel\Intel(R) Management Engine Components\DAL;C:\Program Files (x86)\Intel\Intel(R) Management Engine Components\IPT;C:\Program Files\TortoiseSVN\bin;C:\Program Files (x86)\Skype\Phone\;C:\Program Files (x86)\Subversion\bin
USERNAME=soled_000
OS=Windows_NT
PROCESSOR_IDENTIFIER=Intel64 Family 6 Model 58 Stepping 9, GenuineIntel



---------------  S Y S T E M  ---------------

OS: Windows 8.1 , 64 bit Build 9600 

CPU:total 8 (4 cores per cpu, 2 threads per core) family 6 model 58 stepping 9, cmov, cx8, fxsr, mmx, sse, sse2, sse3, ssse3, sse4.1, sse4.2, popcnt, avx, aes, erms, ht, tsc, tscinvbit, tscinv

Memory: 4k page, physical 8280028k(2094560k free), swap 8280028k(5032k free)

vm_info: Java HotSpot(TM) 64-Bit Server VM (24.79-b02) for windows-amd64 JRE (1.7.0_79-b15), built on Apr 10 2015 12:36:16 by "java_re" with unknown MS VC++:1600

time: Fri Jun 26 15:21:15 2015
elapsed time: 5 seconds

