#
# There is insufficient memory for the Java Runtime Environment to continue.
# Native memory allocation (malloc) failed to allocate 287568 bytes for Chunk::new
# Possible reasons:
#   The system is out of physical RAM or swap space
#   In 32 bit mode, the process size limit was hit
# Possible solutions:
#   Reduce memory load on the system
#   Increase physical memory or swap space
#   Check if swap backing store is full
#   Use 64 bit Java on a 64 bit OS
#   Decrease Java heap size (-Xmx/-Xms)
#   Decrease number of Java threads
#   Decrease Java thread stack sizes (-Xss)
#   Set larger code cache with -XX:ReservedCodeCacheSize=
# This output file may be truncated or incomplete.
#
#  Out of Memory Error (allocation.cpp:323), pid=7556, tid=6868
#
# JRE version: Java(TM) SE Runtime Environment (7.0_79-b15) (build 1.7.0_79-b15)
# Java VM: Java HotSpot(TM) 64-Bit Server VM (24.79-b02 mixed mode windows-amd64 compressed oops)
# Failed to write core dump. Minidumps are not enabled by default on client versions of Windows
#

---------------  T H R E A D  ---------------

Current thread (0x0000000002737800):  JavaThread "C2 CompilerThread1" daemon [_thread_in_native, id=6868, stack(0x000000000b190000,0x000000000b290000)]

Stack: [0x000000000b190000,0x000000000b290000]
[error occurred during error reporting (printing stack bounds), id 0xc0000005]


[error occurred during error reporting (printing native stack), id 0xc0000005]


Current CompileTask:
C2:   4174  408             com.android.dx.rop.code.Rops::ropFor (771 bytes)


---------------  P R O C E S S  ---------------

Java Threads: ( => current thread )
  0x000000000ad00000 JavaThread "pool-1-thread-4" [_thread_blocked, id=8060, stack(0x000000000b890000,0x000000000b990000)]
  0x000000000ad1e800 JavaThread "pool-1-thread-3" [_thread_blocked, id=6740, stack(0x000000000b790000,0x000000000b890000)]
  0x000000000ad1c800 JavaThread "pool-1-thread-2" [_thread_in_Java, id=7312, stack(0x000000000b690000,0x000000000b790000)]
  0x000000000ad1c000 JavaThread "pool-2-thread-1" [_thread_blocked, id=7984, stack(0x000000000b590000,0x000000000b690000)]
  0x000000000ad61800 JavaThread "pool-1-thread-1" [_thread_blocked, id=3696, stack(0x000000000b490000,0x000000000b590000)]
  0x000000000273d800 JavaThread "Service Thread" daemon [_thread_blocked, id=5036, stack(0x000000000b290000,0x000000000b390000)]
=>0x0000000002737800 JavaThread "C2 CompilerThread1" daemon [_thread_in_native, id=6868, stack(0x000000000b190000,0x000000000b290000)]
  0x000000000272e000 JavaThread "C2 CompilerThread0" daemon [_thread_in_native, id=1360, stack(0x000000000b090000,0x000000000b190000)]
  0x000000000272d000 JavaThread "Attach Listener" daemon [_thread_blocked, id=7276, stack(0x000000000af90000,0x000000000b090000)]
  0x000000000aab1000 JavaThread "Signal Dispatcher" daemon [_thread_blocked, id=7016, stack(0x000000000ae90000,0x000000000af90000)]
  0x0000000008a9f800 JavaThread "Finalizer" daemon [_thread_blocked, id=8028, stack(0x000000000a990000,0x000000000aa90000)]
  0x0000000008a99000 JavaThread "Reference Handler" daemon [_thread_blocked, id=7916, stack(0x000000000a890000,0x000000000a990000)]
  0x0000000002640800 JavaThread "main" [_thread_in_Java, id=2444, stack(0x0000000002510000,0x0000000002610000)]

Other Threads:
  0x0000000008a95800 VMThread [stack: 0x000000000a790000,0x000000000a890000] [id=6700]
  0x000000000aabd000 WatcherThread [stack: 0x000000000b390000,0x000000000b490000] [id=7416]

VM state:not at safepoint (normal execution)

VM Mutex/Monitor currently owned by a thread: None

Heap
 PSYoungGen      total 71680K, used 55860K [0x00000000eaa80000, 0x00000000ef580000, 0x0000000100000000)
  eden space 66560K, 76% used [0x00000000eaa80000,0x00000000edc0f430,0x00000000eeb80000)
  from space 5120K, 99% used [0x00000000ef080000,0x00000000ef57dc88,0x00000000ef580000)
  to   space 5120K, 0% used [0x00000000eeb80000,0x00000000eeb80000,0x00000000ef080000)
 ParOldGen       total 86016K, used 7081K [0x00000000c0000000, 0x00000000c5400000, 0x00000000eaa80000)
  object space 86016K, 8% used [0x00000000c0000000,0x00000000c06ea588,0x00000000c5400000)
 PSPermGen       total 21504K, used 5827K [0x00000000bae00000, 0x00000000bc300000, 0x00000000c0000000)
  object space 21504K, 27% used [0x00000000bae00000,0x00000000bb3b0d18,0x00000000bc300000)

Card table byte_map: [0x0000000005860000,0x0000000005a90000] byte_map_base: 0x0000000005289000

Polling page: 0x0000000000dd0000

Code Cache  [0x00000000027a0000, 0x0000000002a10000, 0x00000000057a0000)
 total_blobs=644 nmethods=407 adapters=189 free_code_cache=47449Kb largest_free_block=48528448

Compilation events (10 events):
Event: 4.011 Thread 0x000000000272e000 nmethod 403 0x000000000292c550 code [0x000000000292c6c0, 0x000000000292c988]
Event: 4.011 Thread 0x000000000272e000  404             com.android.dx.ssa.back.SsaToRop::convertBasicBlock (126 bytes)
Event: 4.034 Thread 0x000000000272e000 nmethod 404 0x0000000002931310 code [0x0000000002931500, 0x0000000002932058]
Event: 4.034 Thread 0x000000000272e000  405             com.android.dx.ssa.SsaBasicBlock::getPrimarySuccessorRopLabel (12 bytes)
Event: 4.035 Thread 0x000000000272e000 nmethod 405 0x000000000292b150 code [0x000000000292b2a0, 0x000000000292b398]
Event: 4.035 Thread 0x000000000272e000  406   !         com.android.dx.cf.code.Ropper::processBlock (1101 bytes)
Event: 4.042 Thread 0x0000000002737800 nmethod 401 0x000000000294d710 code [0x000000000294db80, 0x0000000002951360]
Event: 4.042 Thread 0x0000000002737800  407             com.android.dx.cf.attrib.BaseAttribute::getName (5 bytes)
Event: 4.043 Thread 0x0000000002737800 nmethod 407 0x000000000292af50 code [0x000000000292b080, 0x000000000292b0d8]
Event: 4.043 Thread 0x0000000002737800  408             com.android.dx.rop.code.Rops::ropFor (771 bytes)

GC Heap History (4 events):
Event: 2.552 GC heap before
{Heap before GC invocations=1 (full 0):
 PSYoungGen      total 38400K, used 33280K [0x00000000eaa80000, 0x00000000ed500000, 0x0000000100000000)
  eden space 33280K, 100% used [0x00000000eaa80000,0x00000000ecb00000,0x00000000ecb00000)
  from space 5120K, 0% used [0x00000000ed000000,0x00000000ed000000,0x00000000ed500000)
  to   space 5120K, 0% used [0x00000000ecb00000,0x00000000ecb00000,0x00000000ed000000)
 ParOldGen       total 86016K, used 0K [0x00000000c0000000, 0x00000000c5400000, 0x00000000eaa80000)
  object space 86016K, 0% used [0x00000000c0000000,0x00000000c0000000,0x00000000c5400000)
 PSPermGen       total 21504K, used 5705K [0x00000000bae00000, 0x00000000bc300000, 0x00000000c0000000)
  object space 21504K, 26% used [0x00000000bae00000,0x00000000bb3925b8,0x00000000bc300000)
Event: 2.583 GC heap after
Heap after GC invocations=1 (full 0):
 PSYoungGen      total 38400K, used 5095K [0x00000000eaa80000, 0x00000000ef580000, 0x0000000100000000)
  eden space 33280K, 0% used [0x00000000eaa80000,0x00000000eaa80000,0x00000000ecb00000)
  from space 5120K, 99% used [0x00000000ecb00000,0x00000000ecff9c78,0x00000000ed000000)
  to   space 5120K, 0% used [0x00000000ef080000,0x00000000ef080000,0x00000000ef580000)
 ParOldGen       total 86016K, used 1621K [0x00000000c0000000, 0x00000000c5400000, 0x00000000eaa80000)
  object space 86016K, 1% used [0x00000000c0000000,0x00000000c0195460,0x00000000c5400000)
 PSPermGen       total 21504K, used 5705K [0x00000000bae00000, 0x00000000bc300000, 0x00000000c0000000)
  object space 21504K, 26% used [0x00000000bae00000,0x00000000bb3925b8,0x00000000bc300000)
}
Event: 3.188 GC heap before
{Heap before GC invocations=2 (full 0):
 PSYoungGen      total 38400K, used 38375K [0x00000000eaa80000, 0x00000000ef580000, 0x0000000100000000)
  eden space 33280K, 100% used [0x00000000eaa80000,0x00000000ecb00000,0x00000000ecb00000)
  from space 5120K, 99% used [0x00000000ecb00000,0x00000000ecff9c78,0x00000000ed000000)
  to   space 5120K, 0% used [0x00000000ef080000,0x00000000ef080000,0x00000000ef580000)
 ParOldGen       total 86016K, used 1621K [0x00000000c0000000, 0x00000000c5400000, 0x00000000eaa80000)
  object space 86016K, 1% used [0x00000000c0000000,0x00000000c0195460,0x00000000c5400000)
 PSPermGen       total 21504K, used 5784K [0x00000000bae00000, 0x00000000bc300000, 0x00000000c0000000)
  object space 21504K, 26% used [0x00000000bae00000,0x00000000bb3a6030,0x00000000bc300000)
Event: 3.231 GC heap after
Heap after GC invocations=2 (full 0):
 PSYoungGen      total 71680K, used 5111K [0x00000000eaa80000, 0x00000000ef580000, 0x0000000100000000)
  eden space 66560K, 0% used [0x00000000eaa80000,0x00000000eaa80000,0x00000000eeb80000)
  from space 5120K, 99% used [0x00000000ef080000,0x00000000ef57dc88,0x00000000ef580000)
  to   space 5120K, 0% used [0x00000000eeb80000,0x00000000eeb80000,0x00000000ef080000)
 ParOldGen       total 86016K, used 7081K [0x00000000c0000000, 0x00000000c5400000, 0x00000000eaa80000)
  object space 86016K, 8% used [0x00000000c0000000,0x00000000c06ea588,0x00000000c5400000)
 PSPermGen       total 21504K, used 5784K [0x00000000bae00000, 0x00000000bc300000, 0x00000000c0000000)
  object space 21504K, 26% used [0x00000000bae00000,0x00000000bb3a6030,0x00000000bc300000)
}

Deoptimization events (10 events):
Event: 3.021 Thread 0x000000000ad1e800 Uncommon trap: reason=bimorphic action=maybe_recompile pc=0x000000000288a590 method=java.util.HashMap.put(Ljava/lang/Object;Ljava/lang/Object;)Ljava/lang/Object; @ 83
Event: 3.256 Thread 0x000000000ad00000 Uncommon trap: reason=unreached action=reinterpret pc=0x00000000028d54c8 method=com.android.dx.cf.code.BytecodeArray.parseInstruction(ILcom/android/dx/cf/code/BytecodeArray$Visitor;)I @ 1198
Event: 3.499 Thread 0x0000000002640800 Uncommon trap: reason=bimorphic action=maybe_recompile pc=0x00000000028d0a28 method=com.android.dx.ssa.LiteralOpUpgrader.tryReplacingWithConstant(Lcom/android/dx/ssa/NormalSsaInsn;)Z @ 52
Event: 3.499 Thread 0x0000000002640800 Uncommon trap: reason=unreached action=reinterpret pc=0x00000000028ff4c8 method=com.android.dx.dex.code.RopToDop.dopFor(Lcom/android/dx/rop/code/Insn;)Lcom/android/dx/dex/code/Dop; @ 747
Event: 3.512 Thread 0x000000000ad00000 Uncommon trap: reason=bimorphic action=maybe_recompile pc=0x00000000028d0a28 method=com.android.dx.ssa.LiteralOpUpgrader.tryReplacingWithConstant(Lcom/android/dx/ssa/NormalSsaInsn;)Z @ 52
Event: 3.513 Thread 0x000000000ad00000 Uncommon trap: reason=bimorphic action=maybe_recompile pc=0x00000000028d0a28 method=com.android.dx.ssa.LiteralOpUpgrader.tryReplacingWithConstant(Lcom/android/dx/ssa/NormalSsaInsn;)Z @ 52
Event: 3.715 Thread 0x0000000002640800 Uncommon trap: reason=unloaded action=reinterpret pc=0x00000000028b962c method=com.android.dx.cf.cst.ConstantPoolParser.parse0(ILjava/util/BitSet;)Lcom/android/dx/rop/cst/Constant; @ 220
Event: 3.786 Thread 0x000000000ad1c800 Uncommon trap: reason=bimorphic action=maybe_recompile pc=0x000000000288a590 method=java.util.HashMap.put(Ljava/lang/Object;Ljava/lang/Object;)Ljava/lang/Object; @ 83
Event: 4.119 Thread 0x000000000ad1c800 Uncommon trap: reason=unreached action=reinterpret pc=0x0000000002942774 method=com.android.dx.cf.code.RopperMachine.run(Lcom/android/dx/cf/code/Frame;II)V @ 1500
Event: 4.135 Thread 0x000000000ad61800 Uncommon trap: reason=null_check action=make_not_entrant pc=0x0000000002950210 method=com.android.dx.dex.file.FieldIdsSection.intern(Lcom/android/dx/rop/cst/CstFieldRef;)Lcom/android/dx/dex/file/FieldIdItem; @ 26

Internal exceptions (10 events):
Event: 1.469 Thread 0x000000000ad61800 Threw 0x00000000eb4b59a0 at C:\re\jdk7u79\2331\hotspot\src\share\vm\prims\jvm.cpp:1304
Event: 1.547 Thread 0x000000000ad1c800 Threw 0x00000000eb556550 at C:\re\jdk7u79\2331\hotspot\src\share\vm\prims\jvm.cpp:1304
Event: 1.707 Thread 0x0000000002640800 Threw 0x00000000eb97d238 at C:\re\jdk7u79\2331\hotspot\src\share\vm\prims\jvm.cpp:1304
Event: 1.742 Thread 0x0000000002640800 Implicit null exception at 0x0000000002828301 to 0x0000000002828641
Event: 2.109 Thread 0x000000000ad1c800 Implicit null exception at 0x000000000285bd47 to 0x000000000285ccdd
Event: 2.609 Thread 0x0000000002640800 Implicit null exception at 0x00000000028883ab to 0x0000000002888a89
Event: 2.909 Thread 0x000000000ad61800 Threw 0x00000000eb816748 at C:\re\jdk7u79\2331\hotspot\src\share\vm\prims\jvm.cpp:1304
Event: 3.005 Thread 0x000000000ad1c800 Threw 0x00000000ec3d3ed8 at C:\re\jdk7u79\2331\hotspot\src\share\vm\prims\jvm.cpp:1304
Event: 3.114 Thread 0x000000000ad00000 Threw 0x00000000ec9a9fe8 at C:\re\jdk7u79\2331\hotspot\src\share\vm\prims\jvm.cpp:1304
Event: 3.786 Thread 0x000000000ad00000 Threw 0x00000000ecc45860 at C:\re\jdk7u79\2331\hotspot\src\share\vm\prims\jvm.cpp:1304

Events (10 events):
Event: 3.786 loading class 0x000000000ac72af0 done
Event: 3.786 Thread 0x000000000ad1c800 Uncommon trap: trap_request=0xffffffc6 fr.pc=0x000000000288a590
Event: 3.786 Thread 0x000000000ad1c800 DEOPT PACKING pc=0x000000000288a590 sp=0x000000000b78e860
Event: 3.786 Thread 0x000000000ad1c800 DEOPT UNPACKING pc=0x00000000027d75a4 sp=0x000000000b78e7f0 mode 2
Event: 4.118 Thread 0x000000000ad1c800 Uncommon trap: trap_request=0xffffffad fr.pc=0x0000000002942774
Event: 4.119 Thread 0x000000000ad1c800 DEOPT PACKING pc=0x0000000002942774 sp=0x000000000b78e6d0
Event: 4.119 Thread 0x000000000ad1c800 DEOPT UNPACKING pc=0x00000000027d75a4 sp=0x000000000b78e668 mode 2
Event: 4.135 Thread 0x000000000ad61800 Uncommon trap: trap_request=0xfffffff4 fr.pc=0x0000000002950210
Event: 4.135 Thread 0x000000000ad61800 DEOPT PACKING pc=0x0000000002950210 sp=0x000000000b58efe0
Event: 4.135 Thread 0x000000000ad61800 DEOPT UNPACKING pc=0x00000000027d75a4 sp=0x000000000b58ef48 mode 2


Dynamic libraries:
0x00007ff71bbd0000 - 0x00007ff71bc03000 	C:\Program Files\Java\jdk1.7.0_79\bin\java.exe
0x00007ff892520000 - 0x00007ff8926cc000 	C:\WINDOWS\SYSTEM32\ntdll.dll
0x00007ff88fdc0000 - 0x00007ff88fefe000 	C:\WINDOWS\system32\KERNEL32.DLL
0x00007ff88fa30000 - 0x00007ff88fb45000 	C:\WINDOWS\system32\KERNELBASE.dll
0x00007ff88e210000 - 0x00007ff88e29e000 	C:\WINDOWS\system32\apphelp.dll
0x00007ff879ed0000 - 0x00007ff879f23000 	C:\WINDOWS\AppPatch\AppPatch64\AcGenral.DLL
0x00007ff8916b0000 - 0x00007ff89175a000 	C:\WINDOWS\system32\msvcrt.dll
0x00007ff88f440000 - 0x00007ff88f46e000 	C:\WINDOWS\SYSTEM32\SspiCli.dll
0x00007ff8922a0000 - 0x00007ff8922f4000 	C:\WINDOWS\system32\SHLWAPI.dll
0x00007ff891430000 - 0x00007ff8915a7000 	C:\WINDOWS\system32\USER32.dll
0x00007ff891890000 - 0x00007ff891a24000 	C:\WINDOWS\system32\ole32.dll
0x00007ff88ff00000 - 0x00007ff891418000 	C:\WINDOWS\system32\SHELL32.dll
0x00007ff88ec10000 - 0x00007ff88ec31000 	C:\WINDOWS\SYSTEM32\USERENV.dll
0x00007ff891d80000 - 0x00007ff891e2a000 	C:\WINDOWS\system32\ADVAPI32.dll
0x00007ff887180000 - 0x00007ff88719e000 	C:\WINDOWS\SYSTEM32\MPR.dll
0x00007ff891a40000 - 0x00007ff891b81000 	C:\WINDOWS\system32\RPCRT4.dll
0x00007ff892240000 - 0x00007ff892299000 	C:\WINDOWS\SYSTEM32\sechost.dll
0x00007ff892010000 - 0x00007ff892221000 	C:\WINDOWS\SYSTEM32\combase.dll
0x00007ff88fba0000 - 0x00007ff88fcf1000 	C:\WINDOWS\system32\GDI32.dll
0x00007ff88f670000 - 0x00007ff88f685000 	C:\WINDOWS\SYSTEM32\profapi.dll
0x00007ff88dbe0000 - 0x00007ff88dc92000 	C:\WINDOWS\SYSTEM32\SHCORE.dll
0x00007ff8915b0000 - 0x00007ff8915e6000 	C:\WINDOWS\system32\IMM32.DLL
0x00007ff891bc0000 - 0x00007ff891d12000 	C:\WINDOWS\system32\MSCTF.dll
0x00007ff88c720000 - 0x00007ff88c99a000 	C:\WINDOWS\WinSxS\amd64_microsoft.windows.common-controls_6595b64144ccf1df_6.0.9600.17810_none_6240b9c7ecbd0bda\COMCTL32.dll
0x0000000076de0000 - 0x0000000076eb2000 	C:\Program Files\Java\jdk1.7.0_79\jre\bin\msvcr100.dll
0x0000000076060000 - 0x0000000076835000 	C:\Program Files\Java\jdk1.7.0_79\jre\bin\server\jvm.dll
0x00007ff8871a0000 - 0x00007ff8871a9000 	C:\WINDOWS\SYSTEM32\WSOCK32.dll
0x00007ff88a6f0000 - 0x00007ff88a712000 	C:\WINDOWS\SYSTEM32\WINMM.dll
0x00007ff891420000 - 0x00007ff891427000 	C:\WINDOWS\system32\PSAPI.DLL
0x00007ff891d20000 - 0x00007ff891d7a000 	C:\WINDOWS\system32\WS2_32.dll
0x00007ff88a6c0000 - 0x00007ff88a6ea000 	C:\WINDOWS\SYSTEM32\WINMMBASE.dll
0x00007ff891bb0000 - 0x00007ff891bb9000 	C:\WINDOWS\system32\NSI.dll
0x00007ff88fb50000 - 0x00007ff88fb9f000 	C:\WINDOWS\SYSTEM32\cfgmgr32.dll
0x00007ff88e460000 - 0x00007ff88e488000 	C:\WINDOWS\SYSTEM32\DEVOBJ.dll
0x0000000077570000 - 0x000000007757f000 	C:\Program Files\Java\jdk1.7.0_79\jre\bin\verify.dll
0x0000000077540000 - 0x0000000077568000 	C:\Program Files\Java\jdk1.7.0_79\jre\bin\java.dll
0x0000000077520000 - 0x0000000077535000 	C:\Program Files\Java\jdk1.7.0_79\jre\bin\zip.dll
0x0000000077500000 - 0x000000007751a000 	C:\Program Files\Java\jdk1.7.0_79\jre\bin\net.dll
0x00007ff88ee80000 - 0x00007ff88eed9000 	C:\WINDOWS\system32\mswsock.dll
0x00000000774e0000 - 0x00000000774f1000 	C:\Program Files\Java\jdk1.7.0_79\jre\bin\nio.dll

VM Arguments:
jvm_args: -Xmx1024M -Dfile.encoding=windows-1252 -Duser.country=AR -Duser.language=es -Duser.variant 
java_command: com.android.dx.command.Main --dex --num-threads=4 --output F:\Proyecto Transporte\Proyectos\AppBase\app\build\intermediates\pre-dexed\debug\classes-139767547c3e39d522c4ea5b298749f82b33c8cb.jar F:\Proyecto Transporte\Proyectos\AppBase\app\build\intermediates\exploded-aar\com.google.android.gms\play-services-ads\7.5.0\jars\classes.jar
Launcher Type: SUN_STANDARD

Environment Variables:
PATH=C:\ProgramData\Oracle\Java\javapath;C:\Program Files (x86)\HP SimplePass\x64;C:\Program Files (x86)\HP SimplePass\;C:\Program Files (x86)\Intel\iCLS Client\;C:\Program Files\Intel\iCLS Client\;C:\WINDOWS\system32;C:\WINDOWS;C:\WINDOWS\System32\Wbem;C:\WINDOWS\System32\WindowsPowerShell\v1.0\;C:\Program Files (x86)\Intel\OpenCL SDK\2.0\bin\x86;C:\Program Files (x86)\Intel\OpenCL SDK\2.0\bin\x64;C:\Program Files\Intel\Intel(R) Management Engine Components\DAL;C:\Program Files\Intel\Intel(R) Management Engine Components\IPT;C:\Program Files (x86)\Intel\Intel(R) Management Engine Components\DAL;C:\Program Files (x86)\Intel\Intel(R) Management Engine Components\IPT;C:\Program Files\TortoiseSVN\bin;C:\Program Files (x86)\Skype\Phone\;C:\Program Files (x86)\Subversion\bin
USERNAME=soled_000
OS=Windows_NT
PROCESSOR_IDENTIFIER=Intel64 Family 6 Model 58 Stepping 9, GenuineIntel



---------------  S Y S T E M  ---------------

OS: Windows 8.1 , 64 bit Build 9600 

CPU:total 8 (4 cores per cpu, 2 threads per core) family 6 model 58 stepping 9, cmov, cx8, fxsr, mmx, sse, sse2, sse3, ssse3, sse4.1, sse4.2, popcnt, avx, aes, erms, ht, tsc, tscinvbit, tscinv

Memory: 4k page, physical 8280028k(2421468k free), swap 8280028k(6292k free)

vm_info: Java HotSpot(TM) 64-Bit Server VM (24.79-b02) for windows-amd64 JRE (1.7.0_79-b15), built on Apr 10 2015 12:36:16 by "java_re" with unknown MS VC++:1600

time: Tue Jun 30 12:08:32 2015
elapsed time: 4 seconds

