#
# There is insufficient memory for the Java Runtime Environment to continue.
# Native memory allocation (malloc) failed to allocate 158096 bytes for Chunk::new
# Possible reasons:
#   The system is out of physical RAM or swap space
#   In 32 bit mode, the process size limit was hit
# Possible solutions:
#   Reduce memory load on the system
#   Increase physical memory or swap space
#   Check if swap backing store is full
#   Use 64 bit Java on a 64 bit OS
#   Decrease Java heap size (-Xmx/-Xms)
#   Decrease number of Java threads
#   Decrease Java thread stack sizes (-Xss)
#   Set larger code cache with -XX:ReservedCodeCacheSize=
# This output file may be truncated or incomplete.
#
#  Out of Memory Error (allocation.cpp:323), pid=2752, tid=7800
#
# JRE version: Java(TM) SE Runtime Environment (7.0_79-b15) (build 1.7.0_79-b15)
# Java VM: Java HotSpot(TM) 64-Bit Server VM (24.79-b02 mixed mode windows-amd64 compressed oops)
# Failed to write core dump. Minidumps are not enabled by default on client versions of Windows
#

---------------  T H R E A D  ---------------

Current thread (0x000000000296f000):  JavaThread "C2 CompilerThread1" daemon [_thread_in_native, id=7800, stack(0x000000000b3f0000,0x000000000b4f0000)]

Stack: [0x000000000b3f0000,0x000000000b4f0000]
[error occurred during error reporting (printing stack bounds), id 0xc0000005]


Current CompileTask:
C2:   7985  545             com.android.dx.dex.code.LocalList::make (102 bytes)


---------------  P R O C E S S  ---------------

Java Threads: ( => current thread )
  0x000000000297e000 JavaThread "Service Thread" daemon [_thread_blocked, id=4116, stack(0x000000000b4f0000,0x000000000b5f0000)]
=>0x000000000296f000 JavaThread "C2 CompilerThread1" daemon [_thread_in_native, id=7800, stack(0x000000000b3f0000,0x000000000b4f0000)]
  0x000000000296d000 JavaThread "C2 CompilerThread0" daemon [_thread_in_native, id=4196, stack(0x000000000b2f0000,0x000000000b3f0000)]
  0x000000000296c000 JavaThread "Attach Listener" daemon [_thread_blocked, id=8024, stack(0x000000000b1f0000,0x000000000b2f0000)]
  0x0000000008cfa000 JavaThread "Signal Dispatcher" daemon [_thread_blocked, id=1832, stack(0x000000000b0f0000,0x000000000b1f0000)]
  0x0000000008ceb000 JavaThread "Finalizer" daemon [_thread_blocked, id=1076, stack(0x000000000abf0000,0x000000000acf0000)]
  0x0000000008cea000 JavaThread "Reference Handler" daemon [_thread_blocked, id=5156, stack(0x000000000aaf0000,0x000000000abf0000)]
  0x0000000002880800 JavaThread "main" [_thread_in_Java, id=3748, stack(0x0000000002750000,0x0000000002850000)]

Other Threads:
  0x0000000008ce6000 VMThread [stack: 0x000000000a9f0000,0x000000000aaf0000] [id=7324]
  0x000000000ad1d000 WatcherThread [stack: 0x000000000b5f0000,0x000000000b6f0000] [id=8120]

VM state:not at safepoint (normal execution)

VM Mutex/Monitor currently owned by a thread: None

Heap
 PSYoungGen      total 71680K, used 44595K [0x00000000eaa80000, 0x00000000ef580000, 0x0000000100000000)
  eden space 66560K, 59% used [0x00000000eaa80000,0x00000000ed112428,0x00000000eeb80000)
  from space 5120K, 99% used [0x00000000ef080000,0x00000000ef57aaa0,0x00000000ef580000)
  to   space 5120K, 0% used [0x00000000eeb80000,0x00000000eeb80000,0x00000000ef080000)
 ParOldGen       total 86016K, used 10890K [0x00000000c0000000, 0x00000000c5400000, 0x00000000eaa80000)
  object space 86016K, 12% used [0x00000000c0000000,0x00000000c0aa2940,0x00000000c5400000)
 PSPermGen       total 21504K, used 6018K [0x00000000bae00000, 0x00000000bc300000, 0x00000000c0000000)
  object space 21504K, 27% used [0x00000000bae00000,0x00000000bb3e0b58,0x00000000bc300000)

Card table byte_map: [0x0000000005ab0000,0x0000000005ce0000] byte_map_base: 0x00000000054d9000

Polling page: 0x0000000002850000

Code Cache  [0x00000000029f0000, 0x0000000002c60000, 0x00000000059f0000)
 total_blobs=788 nmethods=551 adapters=189 free_code_cache=47020Kb largest_free_block=48114368

Compilation events (10 events):
Event: 7.969 Thread 0x000000000296d000 nmethod 548 0x0000000002bfdc90 code [0x0000000002bfddc0, 0x0000000002bfde18]
Event: 7.969 Thread 0x000000000296d000  549             com.android.dx.rop.code.Insn::canThrow (8 bytes)
Event: 7.970 Thread 0x000000000296d000 nmethod 549 0x0000000002bfd950 code [0x0000000002bfdaa0, 0x0000000002bfdb58]
Event: 7.970 Thread 0x000000000296d000  550             com.android.dx.rop.code.RegisterSpec::equalsUsingSimpleType (27 bytes)
Event: 7.971 Thread 0x000000000296d000 nmethod 550 0x0000000002c02210 code [0x0000000002c02360, 0x0000000002c02408]
Event: 7.971 Thread 0x000000000296d000  551             com.android.dx.dex.code.CstInsn::getConstant (5 bytes)
Event: 7.971 Thread 0x000000000296d000 nmethod 551 0x0000000002c02010 code [0x0000000002c02140, 0x0000000002c02198]
Event: 7.971 Thread 0x000000000296d000  552             com.android.dx.rop.code.BasicBlock::canThrow (11 bytes)
Event: 7.973 Thread 0x000000000296d000 nmethod 552 0x0000000002c085d0 code [0x0000000002c08720, 0x0000000002c08858]
Event: 7.973 Thread 0x000000000296d000  553             com.android.dx.dex.code.LocalList$MakeState::snapshot (110 bytes)

GC Heap History (4 events):
Event: 3.818 GC heap before
{Heap before GC invocations=1 (full 0):
 PSYoungGen      total 38400K, used 33280K [0x00000000eaa80000, 0x00000000ed500000, 0x0000000100000000)
  eden space 33280K, 100% used [0x00000000eaa80000,0x00000000ecb00000,0x00000000ecb00000)
  from space 5120K, 0% used [0x00000000ed000000,0x00000000ed000000,0x00000000ed500000)
  to   space 5120K, 0% used [0x00000000ecb00000,0x00000000ecb00000,0x00000000ed000000)
 ParOldGen       total 86016K, used 0K [0x00000000c0000000, 0x00000000c5400000, 0x00000000eaa80000)
  object space 86016K, 0% used [0x00000000c0000000,0x00000000c0000000,0x00000000c5400000)
 PSPermGen       total 21504K, used 5754K [0x00000000bae00000, 0x00000000bc300000, 0x00000000c0000000)
  object space 21504K, 26% used [0x00000000bae00000,0x00000000bb39ea48,0x00000000bc300000)
Event: 3.904 GC heap after
Heap after GC invocations=1 (full 0):
 PSYoungGen      total 38400K, used 5090K [0x00000000eaa80000, 0x00000000ef580000, 0x0000000100000000)
  eden space 33280K, 0% used [0x00000000eaa80000,0x00000000eaa80000,0x00000000ecb00000)
  from space 5120K, 99% used [0x00000000ecb00000,0x00000000ecff89c8,0x00000000ed000000)
  to   space 5120K, 0% used [0x00000000ef080000,0x00000000ef080000,0x00000000ef580000)
 ParOldGen       total 86016K, used 2086K [0x00000000c0000000, 0x00000000c5400000, 0x00000000eaa80000)
  object space 86016K, 2% used [0x00000000c0000000,0x00000000c0209b00,0x00000000c5400000)
 PSPermGen       total 21504K, used 5754K [0x00000000bae00000, 0x00000000bc300000, 0x00000000c0000000)
  object space 21504K, 26% used [0x00000000bae00000,0x00000000bb39ea48,0x00000000bc300000)
}
Event: 4.850 GC heap before
{Heap before GC invocations=2 (full 0):
 PSYoungGen      total 38400K, used 38370K [0x00000000eaa80000, 0x00000000ef580000, 0x0000000100000000)
  eden space 33280K, 100% used [0x00000000eaa80000,0x00000000ecb00000,0x00000000ecb00000)
  from space 5120K, 99% used [0x00000000ecb00000,0x00000000ecff89c8,0x00000000ed000000)
  to   space 5120K, 0% used [0x00000000ef080000,0x00000000ef080000,0x00000000ef580000)
 ParOldGen       total 86016K, used 2086K [0x00000000c0000000, 0x00000000c5400000, 0x00000000eaa80000)
  object space 86016K, 2% used [0x00000000c0000000,0x00000000c0209b00,0x00000000c5400000)
 PSPermGen       total 21504K, used 5802K [0x00000000bae00000, 0x00000000bc300000, 0x00000000c0000000)
  object space 21504K, 26% used [0x00000000bae00000,0x00000000bb3aab48,0x00000000bc300000)
Event: 5.233 GC heap after
Heap after GC invocations=2 (full 0):
 PSYoungGen      total 71680K, used 5098K [0x00000000eaa80000, 0x00000000ef580000, 0x0000000100000000)
  eden space 66560K, 0% used [0x00000000eaa80000,0x00000000eaa80000,0x00000000eeb80000)
  from space 5120K, 99% used [0x00000000ef080000,0x00000000ef57aaa0,0x00000000ef580000)
  to   space 5120K, 0% used [0x00000000eeb80000,0x00000000eeb80000,0x00000000ef080000)
 ParOldGen       total 86016K, used 10890K [0x00000000c0000000, 0x00000000c5400000, 0x00000000eaa80000)
  object space 86016K, 12% used [0x00000000c0000000,0x00000000c0aa2940,0x00000000c5400000)
 PSPermGen       total 21504K, used 5802K [0x00000000bae00000, 0x00000000bc300000, 0x00000000c0000000)
  object space 21504K, 26% used [0x00000000bae00000,0x00000000bb3aab48,0x00000000bc300000)
}

Deoptimization events (10 events):
Event: 6.181 Thread 0x000000000b00c800 Uncommon trap: reason=bimorphic action=maybe_recompile pc=0x0000000002b101d8 method=com.android.dx.cf.code.BytecodeArray.parseInstruction(ILcom/android/dx/cf/code/BytecodeArray$Visitor;)I @ 1130
Event: 6.182 Thread 0x000000000b00c800 Uncommon trap: reason=bimorphic action=maybe_recompile pc=0x0000000002b101d8 method=com.android.dx.cf.code.BytecodeArray.parseInstruction(ILcom/android/dx/cf/code/BytecodeArray$Visitor;)I @ 1130
Event: 6.182 Thread 0x000000000b00c800 Uncommon trap: reason=bimorphic action=maybe_recompile pc=0x0000000002b101d8 method=com.android.dx.cf.code.BytecodeArray.parseInstruction(ILcom/android/dx/cf/code/BytecodeArray$Visitor;)I @ 1130
Event: 6.182 Thread 0x000000000b00c800 Uncommon trap: reason=bimorphic action=maybe_recompile pc=0x0000000002b0fe68 method=com.android.dx.cf.code.BytecodeArray.parseInstruction(ILcom/android/dx/cf/code/BytecodeArray$Visitor;)I @ 955
Event: 6.183 Thread 0x000000000b00c800 Uncommon trap: reason=bimorphic action=maybe_recompile pc=0x0000000002b101d8 method=com.android.dx.cf.code.BytecodeArray.parseInstruction(ILcom/android/dx/cf/code/BytecodeArray$Visitor;)I @ 1130
Event: 7.676 Thread 0x0000000002880800 Uncommon trap: reason=bimorphic action=maybe_recompile pc=0x0000000002a9480c method=java.util.HashMap.put(Ljava/lang/Object;Ljava/lang/Object;)Ljava/lang/Object; @ 83
Event: 7.684 Thread 0x0000000002880800 Uncommon trap: reason=bimorphic action=maybe_recompile pc=0x0000000002a9480c method=java.util.HashMap.put(Ljava/lang/Object;Ljava/lang/Object;)Ljava/lang/Object; @ 83
Event: 7.684 Thread 0x0000000002880800 Uncommon trap: reason=bimorphic action=maybe_recompile pc=0x0000000002a9480c method=java.util.HashMap.put(Ljava/lang/Object;Ljava/lang/Object;)Ljava/lang/Object; @ 83
Event: 7.685 Thread 0x0000000002880800 Uncommon trap: reason=bimorphic action=maybe_recompile pc=0x0000000002a9480c method=java.util.HashMap.put(Ljava/lang/Object;Ljava/lang/Object;)Ljava/lang/Object; @ 83
Event: 7.921 Thread 0x0000000002880800 Uncommon trap: reason=unreached action=reinterpret pc=0x0000000002bf5d04 method=com.android.dx.dex.code.LocalList$MakeState.snapshot(ILcom/android/dx/rop/code/RegisterSpecSet;)V @ 51

Internal exceptions (10 events):
Event: 7.805 Thread 0x0000000002880800 Threw 0x00000000ecefbc28 at C:\re\jdk7u79\2331\hotspot\src\share\vm\prims\jvm.cpp:1304
Event: 7.805 Thread 0x0000000002880800 Threw 0x00000000ecf00d50 at C:\re\jdk7u79\2331\hotspot\src\share\vm\prims\jvm.cpp:1304
Event: 7.807 Thread 0x0000000002880800 Threw 0x00000000ecf07220 at C:\re\jdk7u79\2331\hotspot\src\share\vm\prims\jvm.cpp:1304
Event: 7.807 Thread 0x0000000002880800 Threw 0x00000000ecf0a0c0 at C:\re\jdk7u79\2331\hotspot\src\share\vm\prims\jvm.cpp:1304
Event: 7.808 Thread 0x0000000002880800 Threw 0x00000000ecf0ee40 at C:\re\jdk7u79\2331\hotspot\src\share\vm\prims\jvm.cpp:1304
Event: 7.809 Thread 0x0000000002880800 Threw 0x00000000ecf13470 at C:\re\jdk7u79\2331\hotspot\src\share\vm\prims\jvm.cpp:1304
Event: 7.844 Thread 0x0000000002880800 Threw 0x00000000ecf40f98 at C:\re\jdk7u79\2331\hotspot\src\share\vm\prims\jvm.cpp:1304
Event: 7.855 Thread 0x0000000002880800 Threw 0x00000000ecf54ba0 at C:\re\jdk7u79\2331\hotspot\src\share\vm\prims\jvm.cpp:1304
Event: 7.856 Thread 0x0000000002880800 Threw 0x00000000ecf57be0 at C:\re\jdk7u79\2331\hotspot\src\share\vm\prims\jvm.cpp:1304
Event: 7.857 Thread 0x0000000002880800 Threw 0x00000000ecf5acc8 at C:\re\jdk7u79\2331\hotspot\src\share\vm\prims\jvm.cpp:1304

Events (10 events):
Event: 7.844 loading class 0x000000000aeed2d0 done
Event: 7.855 loading class 0x000000000c0f0f90
Event: 7.855 loading class 0x000000000c0f0f90 done
Event: 7.856 loading class 0x000000000af0d4e0
Event: 7.856 loading class 0x000000000af0d4e0 done
Event: 7.857 loading class 0x000000000ad45de0
Event: 7.857 loading class 0x000000000ad45de0 done
Event: 7.921 Thread 0x0000000002880800 Uncommon trap: trap_request=0xffffffad fr.pc=0x0000000002bf5d04
Event: 7.921 Thread 0x0000000002880800 DEOPT PACKING pc=0x0000000002bf5d04 sp=0x000000000284eb90
Event: 7.921 Thread 0x0000000002880800 DEOPT UNPACKING pc=0x0000000002a275a4 sp=0x000000000284eb68 mode 2


Dynamic libraries:
0x00007ff6a8190000 - 0x00007ff6a81c3000 	C:\Program Files\Java\jdk1.7.0_79\bin\java.exe
0x00007ffc88860000 - 0x00007ffc88a0c000 	C:\WINDOWS\SYSTEM32\ntdll.dll
0x00007ffc87eb0000 - 0x00007ffc87fee000 	C:\WINDOWS\system32\KERNEL32.DLL
0x00007ffc85b80000 - 0x00007ffc85c95000 	C:\WINDOWS\system32\KERNELBASE.dll
0x00007ffc84550000 - 0x00007ffc845de000 	C:\WINDOWS\system32\apphelp.dll
0x00007ffc6a5c0000 - 0x00007ffc6a613000 	C:\WINDOWS\AppPatch\AppPatch64\AcGenral.DLL
0x00007ffc87b50000 - 0x00007ffc87bfa000 	C:\WINDOWS\system32\msvcrt.dll
0x00007ffc85780000 - 0x00007ffc857ae000 	C:\WINDOWS\SYSTEM32\SspiCli.dll
0x00007ffc87af0000 - 0x00007ffc87b44000 	C:\WINDOWS\system32\SHLWAPI.dll
0x00007ffc877d0000 - 0x00007ffc87947000 	C:\WINDOWS\system32\USER32.dll
0x00007ffc87950000 - 0x00007ffc87ae4000 	C:\WINDOWS\system32\ole32.dll
0x00007ffc85ee0000 - 0x00007ffc873f8000 	C:\WINDOWS\system32\SHELL32.dll
0x00007ffc84f50000 - 0x00007ffc84f71000 	C:\WINDOWS\SYSTEM32\USERENV.dll
0x00007ffc87e00000 - 0x00007ffc87eaa000 	C:\WINDOWS\system32\ADVAPI32.dll
0x00007ffc7b4b0000 - 0x00007ffc7b4ce000 	C:\WINDOWS\SYSTEM32\MPR.dll
0x00007ffc87620000 - 0x00007ffc87761000 	C:\WINDOWS\system32\RPCRT4.dll
0x00007ffc87770000 - 0x00007ffc877c9000 	C:\WINDOWS\SYSTEM32\sechost.dll
0x00007ffc88450000 - 0x00007ffc88661000 	C:\WINDOWS\SYSTEM32\combase.dll
0x00007ffc87ff0000 - 0x00007ffc88141000 	C:\WINDOWS\system32\GDI32.dll
0x00007ffc859b0000 - 0x00007ffc859c5000 	C:\WINDOWS\SYSTEM32\profapi.dll
0x00007ffc83f20000 - 0x00007ffc83fd2000 	C:\WINDOWS\SYSTEM32\SHCORE.dll
0x00007ffc87dc0000 - 0x00007ffc87df6000 	C:\WINDOWS\system32\IMM32.DLL
0x00007ffc87c00000 - 0x00007ffc87d52000 	C:\WINDOWS\system32\MSCTF.dll
0x00007ffc83600000 - 0x00007ffc8387a000 	C:\WINDOWS\WinSxS\amd64_microsoft.windows.common-controls_6595b64144ccf1df_6.0.9600.17810_none_6240b9c7ecbd0bda\COMCTL32.dll
0x0000000074e50000 - 0x0000000074f22000 	C:\Program Files\Java\jdk1.7.0_79\jre\bin\msvcr100.dll
0x00000000752e0000 - 0x0000000075ab5000 	C:\Program Files\Java\jdk1.7.0_79\jre\bin\server\jvm.dll
0x00007ffc6c070000 - 0x00007ffc6c079000 	C:\WINDOWS\SYSTEM32\WSOCK32.dll
0x00007ffc80ac0000 - 0x00007ffc80ae2000 	C:\WINDOWS\SYSTEM32\WINMM.dll
0x00007ffc88150000 - 0x00007ffc88157000 	C:\WINDOWS\system32\PSAPI.DLL
0x00007ffc87d60000 - 0x00007ffc87dba000 	C:\WINDOWS\system32\WS2_32.dll
0x00007ffc80a90000 - 0x00007ffc80aba000 	C:\WINDOWS\SYSTEM32\WINMMBASE.dll
0x00007ffc88160000 - 0x00007ffc88169000 	C:\WINDOWS\system32\NSI.dll
0x00007ffc85a80000 - 0x00007ffc85acf000 	C:\WINDOWS\SYSTEM32\cfgmgr32.dll
0x00007ffc847d0000 - 0x00007ffc847f8000 	C:\WINDOWS\SYSTEM32\DEVOBJ.dll
0x0000000076030000 - 0x000000007603f000 	C:\Program Files\Java\jdk1.7.0_79\jre\bin\verify.dll
0x0000000076000000 - 0x0000000076028000 	C:\Program Files\Java\jdk1.7.0_79\jre\bin\java.dll
0x0000000075fe0000 - 0x0000000075ff5000 	C:\Program Files\Java\jdk1.7.0_79\jre\bin\zip.dll
0x0000000075fc0000 - 0x0000000075fda000 	C:\Program Files\Java\jdk1.7.0_79\jre\bin\net.dll
0x00007ffc851c0000 - 0x00007ffc85219000 	C:\WINDOWS\system32\mswsock.dll
0x0000000075fa0000 - 0x0000000075fb1000 	C:\Program Files\Java\jdk1.7.0_79\jre\bin\nio.dll

VM Arguments:
jvm_args: -Xmx1024M -Dfile.encoding=windows-1252 -Duser.country=AR -Duser.language=es -Duser.variant 
java_command: com.android.dx.command.Main --dex --num-threads=4 --output F:\Proyecto Transporte\Proyectos\AppBase\app\build\intermediates\pre-dexed\debug\classes-5237a4640c46f0e15549f0c898eae8de1e48daa4.jar F:\Proyecto Transporte\Proyectos\AppBase\app\build\intermediates\exploded-aar\com.digits.sdk.android\digits\1.1.0\jars\classes.jar
Launcher Type: SUN_STANDARD

Environment Variables:
PATH=C:\ProgramData\Oracle\Java\javapath;C:\Program Files (x86)\HP SimplePass\x64;C:\Program Files (x86)\HP SimplePass\;C:\Program Files (x86)\Intel\iCLS Client\;C:\Program Files\Intel\iCLS Client\;C:\WINDOWS\system32;C:\WINDOWS;C:\WINDOWS\System32\Wbem;C:\WINDOWS\System32\WindowsPowerShell\v1.0\;C:\Program Files (x86)\Intel\OpenCL SDK\2.0\bin\x86;C:\Program Files (x86)\Intel\OpenCL SDK\2.0\bin\x64;C:\Program Files\Intel\Intel(R) Management Engine Components\DAL;C:\Program Files\Intel\Intel(R) Management Engine Components\IPT;C:\Program Files (x86)\Intel\Intel(R) Management Engine Components\DAL;C:\Program Files (x86)\Intel\Intel(R) Management Engine Components\IPT;C:\Program Files\TortoiseSVN\bin;C:\Program Files (x86)\Skype\Phone\;C:\Program Files (x86)\Subversion\bin
USERNAME=soled_000
OS=Windows_NT
PROCESSOR_IDENTIFIER=Intel64 Family 6 Model 58 Stepping 9, GenuineIntel



---------------  S Y S T E M  ---------------

OS: Windows 8.1 , 64 bit Build 9600 

CPU:total 8 (4 cores per cpu, 2 threads per core) family 6 model 58 stepping 9, cmov, cx8, fxsr, mmx, sse, sse2, sse3, ssse3, sse4.1, sse4.2, popcnt, avx, aes, erms, ht, tsc, tscinvbit, tscinv

Memory: 4k page, physical 8280028k(2162648k free), swap 8280028k(5132k free)

vm_info: Java HotSpot(TM) 64-Bit Server VM (24.79-b02) for windows-amd64 JRE (1.7.0_79-b15), built on Apr 10 2015 12:36:16 by "java_re" with unknown MS VC++:1600

time: Wed Jul 08 10:16:38 2015
elapsed time: 7 seconds

