#
# There is insufficient memory for the Java Runtime Environment to continue.
# Native memory allocation (malloc) failed to allocate 64000 bytes for Chunk::new
# Possible reasons:
#   The system is out of physical RAM or swap space
#   In 32 bit mode, the process size limit was hit
# Possible solutions:
#   Reduce memory load on the system
#   Increase physical memory or swap space
#   Check if swap backing store is full
#   Use 64 bit Java on a 64 bit OS
#   Decrease Java heap size (-Xmx/-Xms)
#   Decrease number of Java threads
#   Decrease Java thread stack sizes (-Xss)
#   Set larger code cache with -XX:ReservedCodeCacheSize=
# This output file may be truncated or incomplete.
#
#  Out of Memory Error (allocation.cpp:323), pid=7744, tid=7184
#
# JRE version: Java(TM) SE Runtime Environment (7.0_79-b15) (build 1.7.0_79-b15)
# Java VM: Java HotSpot(TM) 64-Bit Server VM (24.79-b02 mixed mode windows-amd64 compressed oops)
# Failed to write core dump. Minidumps are not enabled by default on client versions of Windows
#

---------------  T H R E A D  ---------------

Current thread (0x0000000001f71000):  JavaThread "C2 CompilerThread1" daemon [_thread_in_native, id=7184, stack(0x000000000a880000,0x000000000a980000)]

Stack: [0x000000000a880000,0x000000000a980000]
[error occurred during error reporting (printing stack bounds), id 0xc0000005]


[error occurred during error reporting (printing native stack), id 0xc0000005]


Current CompileTask:
C2:   5517  403             com.android.dx.ssa.ConstCollector::getConstsSortedByCountUse (386 bytes)


---------------  P R O C E S S  ---------------

Java Threads: ( => current thread )
  0x000000000a3df000 JavaThread "pool-1-thread-4" [_thread_blocked, id=7292, stack(0x000000000af80000,0x000000000b080000)]
  0x000000000a3dc800 JavaThread "pool-1-thread-3" [_thread_blocked, id=3548, stack(0x000000000ae80000,0x000000000af80000)]
  0x000000000a3db800 JavaThread "pool-1-thread-2" [_thread_blocked, id=188, stack(0x000000000ad80000,0x000000000ae80000)]
  0x000000000a2b4800 JavaThread "pool-2-thread-1" [_thread_blocked, id=7312, stack(0x000000000ac80000,0x000000000ad80000)]
  0x000000000a405000 JavaThread "pool-1-thread-1" [_thread_in_vm, id=788, stack(0x000000000ab80000,0x000000000ac80000)]
  0x0000000001f72000 JavaThread "Service Thread" daemon [_thread_blocked, id=7424, stack(0x000000000a980000,0x000000000aa80000)]
=>0x0000000001f71000 JavaThread "C2 CompilerThread1" daemon [_thread_in_native, id=7184, stack(0x000000000a880000,0x000000000a980000)]
  0x0000000001f6f800 JavaThread "C2 CompilerThread0" daemon [_thread_in_native, id=7860, stack(0x000000000a780000,0x000000000a880000)]
  0x0000000001f6f000 JavaThread "Attach Listener" daemon [_thread_blocked, id=1924, stack(0x000000000a680000,0x000000000a780000)]
  0x0000000001f6a000 JavaThread "Signal Dispatcher" daemon [_thread_blocked, id=7328, stack(0x000000000a580000,0x000000000a680000)]
  0x00000000081ba000 JavaThread "Finalizer" daemon [_thread_blocked, id=7192, stack(0x000000000a080000,0x000000000a180000)]
  0x00000000081b9000 JavaThread "Reference Handler" daemon [_thread_blocked, id=5904, stack(0x0000000009f80000,0x000000000a080000)]
  0x0000000001e80800 JavaThread "main" [_thread_blocked, id=6568, stack(0x0000000001d80000,0x0000000001e80000)]

Other Threads:
  0x00000000081b5800 VMThread [stack: 0x0000000009e80000,0x0000000009f80000] [id=6696]
  0x000000000a1b4800 WatcherThread [stack: 0x000000000aa80000,0x000000000ab80000] [id=7316]

VM state:not at safepoint (normal execution)

VM Mutex/Monitor currently owned by a thread: None

Heap
 PSYoungGen      total 71680K, used 9149K [0x00000000eaa80000, 0x00000000ef580000, 0x0000000100000000)
  eden space 66560K, 6% used [0x00000000eaa80000,0x00000000eae71998,0x00000000eeb80000)
  from space 5120K, 99% used [0x00000000ef080000,0x00000000ef57dc88,0x00000000ef580000)
  to   space 5120K, 0% used [0x00000000eeb80000,0x00000000eeb80000,0x00000000ef080000)
 ParOldGen       total 86016K, used 5920K [0x00000000c0000000, 0x00000000c5400000, 0x00000000eaa80000)
  object space 86016K, 6% used [0x00000000c0000000,0x00000000c05c82e0,0x00000000c5400000)
 PSPermGen       total 21504K, used 5782K [0x00000000bae00000, 0x00000000bc300000, 0x00000000c0000000)
  object space 21504K, 26% used [0x00000000bae00000,0x00000000bb3a5a98,0x00000000bc300000)

Card table byte_map: [0x0000000004f80000,0x00000000051b0000] byte_map_base: 0x00000000049a9000

Polling page: 0x0000000000490000

Code Cache  [0x0000000001f80000, 0x00000000021f0000, 0x0000000004f80000)
 total_blobs=637 nmethods=400 adapters=189 free_code_cache=47469Kb largest_free_block=48574400

Compilation events (10 events):
Event: 5.241 Thread 0x0000000001f6f800  398             com.android.dx.rop.type.Type::getFrameType (58 bytes)
Event: 5.241 Thread 0x0000000001f71000  399             com.android.dx.rop.type.Type::getFrameType (5 bytes)
Event: 5.242 Thread 0x0000000001f6f800 nmethod 398 0x0000000002109b50 code [0x0000000002109c80, 0x0000000002109cf8]
Event: 5.242 Thread 0x0000000001f71000 nmethod 399 0x000000000210c690 code [0x000000000210c7c0, 0x000000000210c838]
Event: 5.243 Thread 0x0000000001f6f800  400   !         com.android.dx.rop.type.Type::intern (319 bytes)
Event: 5.266 Thread 0x0000000001f6f800 nmethod 400 0x0000000002112cd0 code [0x0000000002112ee0, 0x0000000002113f10]
Event: 5.503 Thread 0x0000000001f71000  401             com.android.dx.rop.cst.CstString::isCategory2 (2 bytes)
Event: 5.503 Thread 0x0000000001f6f800  402             com.android.dx.cf.code.Ropper::getRopMethod (64 bytes)
Event: 5.503 Thread 0x0000000001f71000 nmethod 401 0x0000000002115650 code [0x0000000002115780, 0x00000000021157d8]
Event: 5.503 Thread 0x0000000001f71000  403             com.android.dx.ssa.ConstCollector::getConstsSortedByCountUse (386 bytes)

GC Heap History (4 events):
Event: 2.998 GC heap before
{Heap before GC invocations=1 (full 0):
 PSYoungGen      total 38400K, used 33280K [0x00000000eaa80000, 0x00000000ed500000, 0x0000000100000000)
  eden space 33280K, 100% used [0x00000000eaa80000,0x00000000ecb00000,0x00000000ecb00000)
  from space 5120K, 0% used [0x00000000ed000000,0x00000000ed000000,0x00000000ed500000)
  to   space 5120K, 0% used [0x00000000ecb00000,0x00000000ecb00000,0x00000000ed000000)
 ParOldGen       total 86016K, used 0K [0x00000000c0000000, 0x00000000c5400000, 0x00000000eaa80000)
  object space 86016K, 0% used [0x00000000c0000000,0x00000000c0000000,0x00000000c5400000)
 PSPermGen       total 21504K, used 5716K [0x00000000bae00000, 0x00000000bc300000, 0x00000000c0000000)
  object space 21504K, 26% used [0x00000000bae00000,0x00000000bb3953a8,0x00000000bc300000)
Event: 3.196 GC heap after
Heap after GC invocations=1 (full 0):
 PSYoungGen      total 38400K, used 5093K [0x00000000eaa80000, 0x00000000ef580000, 0x0000000100000000)
  eden space 33280K, 0% used [0x00000000eaa80000,0x00000000eaa80000,0x00000000ecb00000)
  from space 5120K, 99% used [0x00000000ecb00000,0x00000000ecff9530,0x00000000ed000000)
  to   space 5120K, 0% used [0x00000000ef080000,0x00000000ef080000,0x00000000ef580000)
 ParOldGen       total 86016K, used 1375K [0x00000000c0000000, 0x00000000c5400000, 0x00000000eaa80000)
  object space 86016K, 1% used [0x00000000c0000000,0x00000000c0157dc8,0x00000000c5400000)
 PSPermGen       total 21504K, used 5716K [0x00000000bae00000, 0x00000000bc300000, 0x00000000c0000000)
  object space 21504K, 26% used [0x00000000bae00000,0x00000000bb3953a8,0x00000000bc300000)
}
Event: 5.286 GC heap before
{Heap before GC invocations=2 (full 0):
 PSYoungGen      total 38400K, used 38373K [0x00000000eaa80000, 0x00000000ef580000, 0x0000000100000000)
  eden space 33280K, 100% used [0x00000000eaa80000,0x00000000ecb00000,0x00000000ecb00000)
  from space 5120K, 99% used [0x00000000ecb00000,0x00000000ecff9530,0x00000000ed000000)
  to   space 5120K, 0% used [0x00000000ef080000,0x00000000ef080000,0x00000000ef580000)
 ParOldGen       total 86016K, used 1375K [0x00000000c0000000, 0x00000000c5400000, 0x00000000eaa80000)
  object space 86016K, 1% used [0x00000000c0000000,0x00000000c0157dc8,0x00000000c5400000)
 PSPermGen       total 21504K, used 5781K [0x00000000bae00000, 0x00000000bc300000, 0x00000000c0000000)
  object space 21504K, 26% used [0x00000000bae00000,0x00000000bb3a57d8,0x00000000bc300000)
Event: 5.500 GC heap after
Heap after GC invocations=2 (full 0):
 PSYoungGen      total 71680K, used 5111K [0x00000000eaa80000, 0x00000000ef580000, 0x0000000100000000)
  eden space 66560K, 0% used [0x00000000eaa80000,0x00000000eaa80000,0x00000000eeb80000)
  from space 5120K, 99% used [0x00000000ef080000,0x00000000ef57dc88,0x00000000ef580000)
  to   space 5120K, 0% used [0x00000000eeb80000,0x00000000eeb80000,0x00000000ef080000)
 ParOldGen       total 86016K, used 5920K [0x00000000c0000000, 0x00000000c5400000, 0x00000000eaa80000)
  object space 86016K, 6% used [0x00000000c0000000,0x00000000c05c82e0,0x00000000c5400000)
 PSPermGen       total 21504K, used 5781K [0x00000000bae00000, 0x00000000bc300000, 0x00000000c0000000)
  object space 21504K, 26% used [0x00000000bae00000,0x00000000bb3a57d8,0x00000000bc300000)
}

Deoptimization events (10 events):
Event: 1.770 Thread 0x000000000a3dc800 Uncommon trap: reason=class_check action=maybe_recompile pc=0x0000000002000f44 method=com.android.dx.ssa.NormalSsaInsn.accept(Lcom/android/dx/ssa/SsaInsn$Visitor;)V @ 9
Event: 2.187 Thread 0x000000000a3db800 Uncommon trap: reason=class_check action=maybe_recompile pc=0x0000000002000f44 method=com.android.dx.ssa.NormalSsaInsn.accept(Lcom/android/dx/ssa/SsaInsn$Visitor;)V @ 9
Event: 2.211 Thread 0x000000000a3df000 Uncommon trap: reason=unreached action=reinterpret pc=0x0000000002013f04 method=com.android.dx.rop.cst.Constant.compareTo(Lcom/android/dx/rop/cst/Constant;)I @ 12
Event: 2.296 Thread 0x000000000a3db800 Uncommon trap: reason=null_check action=make_not_entrant pc=0x00000000020493e0 method=com.android.dx.rop.code.RegisterSpec.equals(Ljava/lang/Object;)Z @ 1
Event: 2.832 Thread 0x000000000a3db800 Uncommon trap: reason=unreached action=reinterpret pc=0x0000000002071820 method=com.android.dx.rop.code.LocalVariableExtractor.processBlock(I)V @ 138
Event: 3.840 Thread 0x000000000a3dc800 Uncommon trap: reason=class_check action=maybe_recompile pc=0x000000000208932c method=com.android.dx.cf.code.Ropper.processBlock(Lcom/android/dx/cf/code/ByteBlock;Lcom/android/dx/cf/code/Frame;[I)V @ 777
Event: 3.843 Thread 0x000000000a3dc800 Uncommon trap: reason=class_check action=maybe_recompile pc=0x000000000208932c method=com.android.dx.cf.code.Ropper.processBlock(Lcom/android/dx/cf/code/ByteBlock;Lcom/android/dx/cf/code/Frame;[I)V @ 777
Event: 3.870 Thread 0x000000000a3dc800 Uncommon trap: reason=unreached action=reinterpret pc=0x00000000020508f0 method=com.android.dx.ssa.SCCP.simulateBranch(Lcom/android/dx/ssa/SsaInsn;)V @ 132
Event: 4.072 Thread 0x000000000a3df000 Uncommon trap: reason=class_check action=maybe_recompile pc=0x000000000208932c method=com.android.dx.cf.code.Ropper.processBlock(Lcom/android/dx/cf/code/ByteBlock;Lcom/android/dx/cf/code/Frame;[I)V @ 777
Event: 5.243 Thread 0x0000000001e80800 Uncommon trap: reason=null_check action=make_not_entrant pc=0x00000000020be3b4 method=com.android.dx.rop.type.Type.putIntern(Lcom/android/dx/rop/type/Type;)Lcom/android/dx/rop/type/Type; @ 18

Internal exceptions (10 events):
Event: 0.834 Thread 0x000000000a3df000 Threw 0x00000000eb4a9f28 at C:\re\jdk7u79\2331\hotspot\src\share\vm\prims\jvm.cpp:1304
Event: 0.835 Thread 0x0000000001e80800 Threw 0x00000000eb1f9ef0 at C:\re\jdk7u79\2331\hotspot\src\share\vm\prims\jvm.cpp:1304
Event: 0.840 Thread 0x000000000a3db800 Threw 0x00000000eb3fa0e8 at C:\re\jdk7u79\2331\hotspot\src\share\vm\prims\jvm.cpp:1304
Event: 0.844 Thread 0x000000000a3db800 Threw 0x00000000eb4046e8 at C:\re\jdk7u79\2331\hotspot\src\share\vm\prims\jvm.cpp:1304
Event: 0.860 Thread 0x000000000a3db800 Threw 0x00000000eb434a20 at C:\re\jdk7u79\2331\hotspot\src\share\vm\prims\jvm.cpp:1304
Event: 1.027 Thread 0x0000000001e80800 Implicit null exception at 0x0000000001ff8c55 to 0x0000000001ff8f99
Event: 1.764 Thread 0x000000000a3dc800 Implicit null exception at 0x0000000001ffd892 to 0x0000000001ffd982
Event: 2.296 Thread 0x000000000a3db800 Implicit null exception at 0x000000000204873e to 0x00000000020493b1
Event: 3.839 Thread 0x000000000a3dc800 Threw 0x00000000eac0cca0 at C:\re\jdk7u79\2331\hotspot\src\share\vm\prims\jvm.cpp:1304
Event: 5.243 Thread 0x0000000001e80800 Implicit null exception at 0x00000000020bdcc3 to 0x00000000020be3a5

Events (10 events):
Event: 5.501 Executing VM operation: RevokeBias
Event: 5.501 Executing VM operation: RevokeBias done
Event: 5.501 Executing VM operation: RevokeBias
Event: 5.501 Executing VM operation: RevokeBias done
Event: 5.501 Executing VM operation: RevokeBias
Event: 5.501 Executing VM operation: RevokeBias done
Event: 5.501 Executing VM operation: RevokeBias
Event: 5.501 Executing VM operation: RevokeBias done
Event: 5.501 Executing VM operation: RevokeBias
Event: 5.501 Executing VM operation: RevokeBias done


Dynamic libraries:
0x00007ff71bbd0000 - 0x00007ff71bc03000 	C:\Program Files\Java\jdk1.7.0_79\bin\java.exe
0x00007ff892520000 - 0x00007ff8926cc000 	C:\WINDOWS\SYSTEM32\ntdll.dll
0x00007ff88fdc0000 - 0x00007ff88fefe000 	C:\WINDOWS\system32\KERNEL32.DLL
0x00007ff88fa30000 - 0x00007ff88fb45000 	C:\WINDOWS\system32\KERNELBASE.dll
0x00007ff88e210000 - 0x00007ff88e29e000 	C:\WINDOWS\system32\apphelp.dll
0x00007ff879ed0000 - 0x00007ff879f23000 	C:\WINDOWS\AppPatch\AppPatch64\AcGenral.DLL
0x00007ff8916b0000 - 0x00007ff89175a000 	C:\WINDOWS\system32\msvcrt.dll
0x00007ff88f440000 - 0x00007ff88f46e000 	C:\WINDOWS\SYSTEM32\SspiCli.dll
0x00007ff8922a0000 - 0x00007ff8922f4000 	C:\WINDOWS\system32\SHLWAPI.dll
0x00007ff891430000 - 0x00007ff8915a7000 	C:\WINDOWS\system32\USER32.dll
0x00007ff891890000 - 0x00007ff891a24000 	C:\WINDOWS\system32\ole32.dll
0x00007ff88ff00000 - 0x00007ff891418000 	C:\WINDOWS\system32\SHELL32.dll
0x00007ff88ec10000 - 0x00007ff88ec31000 	C:\WINDOWS\SYSTEM32\USERENV.dll
0x00007ff891d80000 - 0x00007ff891e2a000 	C:\WINDOWS\system32\ADVAPI32.dll
0x00007ff887180000 - 0x00007ff88719e000 	C:\WINDOWS\SYSTEM32\MPR.dll
0x00007ff891a40000 - 0x00007ff891b81000 	C:\WINDOWS\system32\RPCRT4.dll
0x00007ff892240000 - 0x00007ff892299000 	C:\WINDOWS\SYSTEM32\sechost.dll
0x00007ff892010000 - 0x00007ff892221000 	C:\WINDOWS\SYSTEM32\combase.dll
0x00007ff88fba0000 - 0x00007ff88fcf1000 	C:\WINDOWS\system32\GDI32.dll
0x00007ff88f670000 - 0x00007ff88f685000 	C:\WINDOWS\SYSTEM32\profapi.dll
0x00007ff88dbe0000 - 0x00007ff88dc92000 	C:\WINDOWS\SYSTEM32\SHCORE.dll
0x00007ff8915b0000 - 0x00007ff8915e6000 	C:\WINDOWS\system32\IMM32.DLL
0x00007ff891bc0000 - 0x00007ff891d12000 	C:\WINDOWS\system32\MSCTF.dll
0x00007ff88c720000 - 0x00007ff88c99a000 	C:\WINDOWS\WinSxS\amd64_microsoft.windows.common-controls_6595b64144ccf1df_6.0.9600.17810_none_6240b9c7ecbd0bda\COMCTL32.dll
0x0000000076de0000 - 0x0000000076eb2000 	C:\Program Files\Java\jdk1.7.0_79\jre\bin\msvcr100.dll
0x0000000076060000 - 0x0000000076835000 	C:\Program Files\Java\jdk1.7.0_79\jre\bin\server\jvm.dll
0x00007ff8871a0000 - 0x00007ff8871a9000 	C:\WINDOWS\SYSTEM32\WSOCK32.dll
0x00007ff88a6f0000 - 0x00007ff88a712000 	C:\WINDOWS\SYSTEM32\WINMM.dll
0x00007ff891420000 - 0x00007ff891427000 	C:\WINDOWS\system32\PSAPI.DLL
0x00007ff891d20000 - 0x00007ff891d7a000 	C:\WINDOWS\system32\WS2_32.dll
0x00007ff88a6c0000 - 0x00007ff88a6ea000 	C:\WINDOWS\SYSTEM32\WINMMBASE.dll
0x00007ff891bb0000 - 0x00007ff891bb9000 	C:\WINDOWS\system32\NSI.dll
0x00007ff88fb50000 - 0x00007ff88fb9f000 	C:\WINDOWS\SYSTEM32\cfgmgr32.dll
0x00007ff88e460000 - 0x00007ff88e488000 	C:\WINDOWS\SYSTEM32\DEVOBJ.dll
0x0000000077570000 - 0x000000007757f000 	C:\Program Files\Java\jdk1.7.0_79\jre\bin\verify.dll
0x0000000077540000 - 0x0000000077568000 	C:\Program Files\Java\jdk1.7.0_79\jre\bin\java.dll
0x0000000077520000 - 0x0000000077535000 	C:\Program Files\Java\jdk1.7.0_79\jre\bin\zip.dll
0x0000000077500000 - 0x000000007751a000 	C:\Program Files\Java\jdk1.7.0_79\jre\bin\net.dll
0x00007ff88ee80000 - 0x00007ff88eed9000 	C:\WINDOWS\system32\mswsock.dll
0x00000000774e0000 - 0x00000000774f1000 	C:\Program Files\Java\jdk1.7.0_79\jre\bin\nio.dll

VM Arguments:
jvm_args: -Xmx1024M -Dfile.encoding=windows-1252 -Duser.country=AR -Duser.language=es -Duser.variant 
java_command: com.android.dx.command.Main --dex --num-threads=4 --output F:\Proyecto Transporte\Proyectos\AppBase\app\build\intermediates\pre-dexed\debug\classes-0e04ccd8ec0de8581318fc663c492a4307ad74f7.jar F:\Proyecto Transporte\Proyectos\AppBase\app\build\intermediates\exploded-aar\com.google.android.gms\play-services-games\7.5.0\jars\classes.jar
Launcher Type: SUN_STANDARD

Environment Variables:
PATH=C:\ProgramData\Oracle\Java\javapath;C:\Program Files (x86)\HP SimplePass\x64;C:\Program Files (x86)\HP SimplePass\;C:\Program Files (x86)\Intel\iCLS Client\;C:\Program Files\Intel\iCLS Client\;C:\WINDOWS\system32;C:\WINDOWS;C:\WINDOWS\System32\Wbem;C:\WINDOWS\System32\WindowsPowerShell\v1.0\;C:\Program Files (x86)\Intel\OpenCL SDK\2.0\bin\x86;C:\Program Files (x86)\Intel\OpenCL SDK\2.0\bin\x64;C:\Program Files\Intel\Intel(R) Management Engine Components\DAL;C:\Program Files\Intel\Intel(R) Management Engine Components\IPT;C:\Program Files (x86)\Intel\Intel(R) Management Engine Components\DAL;C:\Program Files (x86)\Intel\Intel(R) Management Engine Components\IPT;C:\Program Files\TortoiseSVN\bin;C:\Program Files (x86)\Skype\Phone\;C:\Program Files (x86)\Subversion\bin
USERNAME=soled_000
OS=Windows_NT
PROCESSOR_IDENTIFIER=Intel64 Family 6 Model 58 Stepping 9, GenuineIntel



---------------  S Y S T E M  ---------------

OS: Windows 8.1 , 64 bit Build 9600 

CPU:total 8 (4 cores per cpu, 2 threads per core) family 6 model 58 stepping 9, cmov, cx8, fxsr, mmx, sse, sse2, sse3, ssse3, sse4.1, sse4.2, popcnt, avx, aes, erms, ht, tsc, tscinvbit, tscinv

Memory: 4k page, physical 8280028k(2597720k free), swap 8280028k(3812k free)

vm_info: Java HotSpot(TM) 64-Bit Server VM (24.79-b02) for windows-amd64 JRE (1.7.0_79-b15), built on Apr 10 2015 12:36:16 by "java_re" with unknown MS VC++:1600

time: Tue Jun 30 12:10:25 2015
elapsed time: 5 seconds

