#
# There is insufficient memory for the Java Runtime Environment to continue.
# Native memory allocation (malloc) failed to allocate 362896 bytes for Chunk::new
# Possible reasons:
#   The system is out of physical RAM or swap space
#   In 32 bit mode, the process size limit was hit
# Possible solutions:
#   Reduce memory load on the system
#   Increase physical memory or swap space
#   Check if swap backing store is full
#   Use 64 bit Java on a 64 bit OS
#   Decrease Java heap size (-Xmx/-Xms)
#   Decrease number of Java threads
#   Decrease Java thread stack sizes (-Xss)
#   Set larger code cache with -XX:ReservedCodeCacheSize=
# This output file may be truncated or incomplete.
#
#  Out of Memory Error (allocation.cpp:323), pid=2124, tid=7416
#
# JRE version: Java(TM) SE Runtime Environment (7.0_79-b15) (build 1.7.0_79-b15)
# Java VM: Java HotSpot(TM) 64-Bit Server VM (24.79-b02 mixed mode windows-amd64 compressed oops)
# Failed to write core dump. Minidumps are not enabled by default on client versions of Windows
#

---------------  T H R E A D  ---------------

Current thread (0x00000000024cf800):  JavaThread "C2 CompilerThread1" daemon [_thread_in_native, id=7416, stack(0x000000000aec0000,0x000000000afc0000)]

Stack: [0x000000000aec0000,0x000000000afc0000]
[error occurred during error reporting (printing stack bounds), id 0xc0000005]


[error occurred during error reporting (printing native stack), id 0xc0000005]


Current CompileTask:
C2:   3947  361             com.android.dx.ssa.SsaMethod::makeExitBlock (134 bytes)


---------------  P R O C E S S  ---------------

Java Threads: ( => current thread )
  0x000000000aa42000 JavaThread "pool-1-thread-4" [_thread_in_Java, id=7180, stack(0x000000000b5c0000,0x000000000b6c0000)]
  0x000000000aa3f800 JavaThread "pool-1-thread-3" [_thread_in_vm, id=7940, stack(0x000000000b4c0000,0x000000000b5c0000)]
  0x000000000aa3e800 JavaThread "pool-1-thread-2" [_thread_in_vm, id=8008, stack(0x000000000b3c0000,0x000000000b4c0000)]
  0x000000000aa3e000 JavaThread "pool-2-thread-1" [_thread_blocked, id=232, stack(0x000000000b2c0000,0x000000000b3c0000)]
  0x000000000aa30000 JavaThread "pool-1-thread-1" [_thread_in_Java, id=2144, stack(0x000000000b1c0000,0x000000000b2c0000)]
  0x00000000024d4800 JavaThread "Service Thread" daemon [_thread_blocked, id=4952, stack(0x000000000afc0000,0x000000000b0c0000)]
=>0x00000000024cf800 JavaThread "C2 CompilerThread1" daemon [_thread_in_native, id=7416, stack(0x000000000aec0000,0x000000000afc0000)]
  0x00000000024cd800 JavaThread "C2 CompilerThread0" daemon [_thread_in_native, id=7284, stack(0x000000000adc0000,0x000000000aec0000)]
  0x00000000024cd000 JavaThread "Attach Listener" daemon [_thread_blocked, id=5704, stack(0x000000000acc0000,0x000000000adc0000)]
  0x00000000024c8000 JavaThread "Signal Dispatcher" daemon [_thread_blocked, id=7320, stack(0x000000000abc0000,0x000000000acc0000)]
  0x00000000087df800 JavaThread "Finalizer" daemon [_thread_blocked, id=7836, stack(0x000000000a6c0000,0x000000000a7c0000)]
  0x00000000087d9000 JavaThread "Reference Handler" daemon [_thread_blocked, id=6660, stack(0x000000000a5c0000,0x000000000a6c0000)]
  0x00000000023e0800 JavaThread "main" [_thread_in_Java, id=804, stack(0x0000000002280000,0x0000000002380000)]

Other Threads:
  0x00000000087d5800 VMThread [stack: 0x000000000a4c0000,0x000000000a5c0000] [id=8044]
  0x00000000024d9800 WatcherThread [stack: 0x000000000b0c0000,0x000000000b1c0000] [id=8168]

VM state:not at safepoint (normal execution)

VM Mutex/Monitor currently owned by a thread: None

Heap
 PSYoungGen      total 71680K, used 7532K [0x00000000eaa80000, 0x00000000ef580000, 0x0000000100000000)
  eden space 66560K, 3% used [0x00000000eaa80000,0x00000000eace1d28,0x00000000eeb80000)
  from space 5120K, 99% used [0x00000000eeb80000,0x00000000ef0795c8,0x00000000ef080000)
  to   space 5120K, 0% used [0x00000000ef080000,0x00000000ef080000,0x00000000ef580000)
 ParOldGen       total 86016K, used 16840K [0x00000000c0000000, 0x00000000c5400000, 0x00000000eaa80000)
  object space 86016K, 19% used [0x00000000c0000000,0x00000000c10723b8,0x00000000c5400000)
 PSPermGen       total 21504K, used 5899K [0x00000000bae00000, 0x00000000bc300000, 0x00000000c0000000)
  object space 21504K, 27% used [0x00000000bae00000,0x00000000bb3c2d78,0x00000000bc300000)

Card table byte_map: [0x00000000055a0000,0x00000000057d0000] byte_map_base: 0x0000000004fc9000

Polling page: 0x0000000000a50000

Code Cache  [0x00000000024e0000, 0x0000000002750000, 0x00000000054e0000)
 total_blobs=599 nmethods=362 adapters=189 free_code_cache=47710Kb largest_free_block=48821376

Compilation events (10 events):
Event: 3.872 Thread 0x00000000024cf800 nmethod 358 0x000000000262a7d0 code [0x000000000262a900, 0x000000000262a958]
Event: 3.872 Thread 0x00000000024cf800  359             com.android.dx.ssa.RegisterMapper::<init> (5 bytes)
Event: 3.872 Thread 0x00000000024cf800 nmethod 359 0x000000000262f050 code [0x000000000262f180, 0x000000000262f1d8]
Event: 3.872 Thread 0x00000000024cf800  360             com.android.dx.rop.type.StdTypeList::get (9 bytes)
Event: 3.873 Thread 0x00000000024cf800 nmethod 360 0x0000000002644ed0 code [0x0000000002645020, 0x00000000026450d8]
Event: 3.873 Thread 0x00000000024cf800  361             com.android.dx.ssa.SsaMethod::makeExitBlock (134 bytes)
Event: 3.874 Thread 0x00000000024cd800 nmethod 357 0x0000000002635150 code [0x0000000002635300, 0x0000000002635870]
Event: 3.874 Thread 0x00000000024cd800  362             com.android.dx.rop.type.Type::getBasicType (5 bytes)
Event: 3.874 Thread 0x00000000024cd800 nmethod 362 0x0000000002644cd0 code [0x0000000002644e00, 0x0000000002644e58]
Event: 3.874 Thread 0x00000000024cd800  363             com.android.dx.ssa.ConstCollector::getConstsSortedByCountUse (386 bytes)

GC Heap History (6 events):
Event: 2.525 GC heap before
{Heap before GC invocations=1 (full 0):
 PSYoungGen      total 38400K, used 33280K [0x00000000eaa80000, 0x00000000ed500000, 0x0000000100000000)
  eden space 33280K, 100% used [0x00000000eaa80000,0x00000000ecb00000,0x00000000ecb00000)
  from space 5120K, 0% used [0x00000000ed000000,0x00000000ed000000,0x00000000ed500000)
  to   space 5120K, 0% used [0x00000000ecb00000,0x00000000ecb00000,0x00000000ed000000)
 ParOldGen       total 86016K, used 0K [0x00000000c0000000, 0x00000000c5400000, 0x00000000eaa80000)
  object space 86016K, 0% used [0x00000000c0000000,0x00000000c0000000,0x00000000c5400000)
 PSPermGen       total 21504K, used 5741K [0x00000000bae00000, 0x00000000bc300000, 0x00000000c0000000)
  object space 21504K, 26% used [0x00000000bae00000,0x00000000bb39b5f0,0x00000000bc300000)
Event: 2.562 GC heap after
Heap after GC invocations=1 (full 0):
 PSYoungGen      total 38400K, used 5115K [0x00000000eaa80000, 0x00000000ef580000, 0x0000000100000000)
  eden space 33280K, 0% used [0x00000000eaa80000,0x00000000eaa80000,0x00000000ecb00000)
  from space 5120K, 99% used [0x00000000ecb00000,0x00000000ecffec18,0x00000000ed000000)
  to   space 5120K, 0% used [0x00000000ef080000,0x00000000ef080000,0x00000000ef580000)
 ParOldGen       total 86016K, used 1844K [0x00000000c0000000, 0x00000000c5400000, 0x00000000eaa80000)
  object space 86016K, 2% used [0x00000000c0000000,0x00000000c01cd360,0x00000000c5400000)
 PSPermGen       total 21504K, used 5741K [0x00000000bae00000, 0x00000000bc300000, 0x00000000c0000000)
  object space 21504K, 26% used [0x00000000bae00000,0x00000000bb39b5f0,0x00000000bc300000)
}
Event: 3.150 GC heap before
{Heap before GC invocations=2 (full 0):
 PSYoungGen      total 38400K, used 38395K [0x00000000eaa80000, 0x00000000ef580000, 0x0000000100000000)
  eden space 33280K, 100% used [0x00000000eaa80000,0x00000000ecb00000,0x00000000ecb00000)
  from space 5120K, 99% used [0x00000000ecb00000,0x00000000ecffec18,0x00000000ed000000)
  to   space 5120K, 0% used [0x00000000ef080000,0x00000000ef080000,0x00000000ef580000)
 ParOldGen       total 86016K, used 1844K [0x00000000c0000000, 0x00000000c5400000, 0x00000000eaa80000)
  object space 86016K, 2% used [0x00000000c0000000,0x00000000c01cd360,0x00000000c5400000)
 PSPermGen       total 21504K, used 5825K [0x00000000bae00000, 0x00000000bc300000, 0x00000000c0000000)
  object space 21504K, 27% used [0x00000000bae00000,0x00000000bb3b0590,0x00000000bc300000)
Event: 3.197 GC heap after
Heap after GC invocations=2 (full 0):
 PSYoungGen      total 71680K, used 5089K [0x00000000eaa80000, 0x00000000ef580000, 0x0000000100000000)
  eden space 66560K, 0% used [0x00000000eaa80000,0x00000000eaa80000,0x00000000eeb80000)
  from space 5120K, 99% used [0x00000000ef080000,0x00000000ef578508,0x00000000ef580000)
  to   space 5120K, 0% used [0x00000000eeb80000,0x00000000eeb80000,0x00000000ef080000)
 ParOldGen       total 86016K, used 6794K [0x00000000c0000000, 0x00000000c5400000, 0x00000000eaa80000)
  object space 86016K, 7% used [0x00000000c0000000,0x00000000c06a2910,0x00000000c5400000)
 PSPermGen       total 21504K, used 5825K [0x00000000bae00000, 0x00000000bc300000, 0x00000000c0000000)
  object space 21504K, 27% used [0x00000000bae00000,0x00000000bb3b0590,0x00000000bc300000)
}
Event: 3.882 GC heap before
{Heap before GC invocations=3 (full 0):
 PSYoungGen      total 71680K, used 71649K [0x00000000eaa80000, 0x00000000ef580000, 0x0000000100000000)
  eden space 66560K, 100% used [0x00000000eaa80000,0x00000000eeb80000,0x00000000eeb80000)
  from space 5120K, 99% used [0x00000000ef080000,0x00000000ef578508,0x00000000ef580000)
  to   space 5120K, 0% used [0x00000000eeb80000,0x00000000eeb80000,0x00000000ef080000)
 ParOldGen       total 86016K, used 6794K [0x00000000c0000000, 0x00000000c5400000, 0x00000000eaa80000)
  object space 86016K, 7% used [0x00000000c0000000,0x00000000c06a2910,0x00000000c5400000)
 PSPermGen       total 21504K, used 5898K [0x00000000bae00000, 0x00000000bc300000, 0x00000000c0000000)
  object space 21504K, 27% used [0x00000000bae00000,0x00000000bb3c28f8,0x00000000bc300000)
Event: 3.931 GC heap after
Heap after GC invocations=3 (full 0):
 PSYoungGen      total 71680K, used 5093K [0x00000000eaa80000, 0x00000000ef580000, 0x0000000100000000)
  eden space 66560K, 0% used [0x00000000eaa80000,0x00000000eaa80000,0x00000000eeb80000)
  from space 5120K, 99% used [0x00000000eeb80000,0x00000000ef0795c8,0x00000000ef080000)
  to   space 5120K, 0% used [0x00000000ef080000,0x00000000ef080000,0x00000000ef580000)
 ParOldGen       total 86016K, used 16840K [0x00000000c0000000, 0x00000000c5400000, 0x00000000eaa80000)
  object space 86016K, 19% used [0x00000000c0000000,0x00000000c10723b8,0x00000000c5400000)
 PSPermGen       total 21504K, used 5898K [0x00000000bae00000, 0x00000000bc300000, 0x00000000c0000000)
  object space 21504K, 27% used [0x00000000bae00000,0x00000000bb3c28f8,0x00000000bc300000)
}

Deoptimization events (10 events):
Event: 3.526 Thread 0x000000000aa30000 Uncommon trap: reason=unreached action=reinterpret pc=0x00000000025bfa28 method=com.android.dx.rop.code.LocalVariableExtractor.processBlock(I)V @ 195
Event: 3.563 Thread 0x000000000aa3f800 Uncommon trap: reason=bimorphic action=maybe_recompile pc=0x000000000259fe80 method=java.util.HashMap.put(Ljava/lang/Object;Ljava/lang/Object;)Ljava/lang/Object; @ 83
Event: 3.605 Thread 0x00000000023e0800 Uncommon trap: reason=unreached action=reinterpret pc=0x00000000025bbcbc method=com.android.dx.ssa.SCCP.simulateBranch(Lcom/android/dx/ssa/SsaInsn;)V @ 132
Event: 3.606 Thread 0x00000000023e0800 Uncommon trap: reason=unloaded action=reinterpret pc=0x0000000002606de4 method=com.android.dx.ssa.LiteralOpUpgrader$1.visitNonMoveInsn(Lcom/android/dx/ssa/NormalSsaInsn;)V @ 72
Event: 3.607 Thread 0x00000000023e0800 Uncommon trap: reason=unreached action=reinterpret pc=0x0000000002627a50 method=com.android.dx.rop.code.LocalItem.compareHandlesNulls(Lcom/android/dx/rop/cst/CstString;Lcom/android/dx/rop/cst/CstString;)I @ 14
Event: 3.608 Thread 0x00000000023e0800 Uncommon trap: reason=unreached action=reinterpret pc=0x000000000260f708 method=com.android.dx.rop.code.LocalItem.compareHandlesNulls(Lcom/android/dx/rop/cst/CstString;Lcom/android/dx/rop/cst/CstString;)I @ 14
Event: 3.705 Thread 0x000000000aa30000 Uncommon trap: reason=unreached action=reinterpret pc=0x00000000026040d4 method=com.android.dx.cf.code.BaseMachine.getLocalTarget(Z)Lcom/android/dx/rop/code/RegisterSpec; @ 131
Event: 3.732 Thread 0x000000000aa30000 Uncommon trap: reason=bimorphic action=maybe_recompile pc=0x000000000259fe80 method=java.util.HashMap.put(Ljava/lang/Object;Ljava/lang/Object;)Ljava/lang/Object; @ 83
Event: 3.771 Thread 0x00000000023e0800 Uncommon trap: reason=null_check action=make_not_entrant pc=0x000000000259933c method=com.android.dx.ssa.SsaRenamer.getLocalForNewReg(I)Lcom/android/dx/rop/code/LocalItem; @ 19
Event: 3.873 Thread 0x000000000aa3f800 Uncommon trap: reason=null_check action=make_not_entrant pc=0x000000000258dad0 method=com.android.dx.rop.type.Type.equals(Ljava/lang/Object;)Z @ 8

Internal exceptions (10 events):
Event: 2.952 Thread 0x00000000023e0800 Threw 0x00000000ebc38328 at C:\re\jdk7u79\2331\hotspot\src\share\vm\prims\jvm.cpp:1304
Event: 2.954 Thread 0x000000000aa3e800 Threw 0x00000000eb79dbe8 at C:\re\jdk7u79\2331\hotspot\src\share\vm\prims\jvm.cpp:1304
Event: 3.011 Thread 0x00000000023e0800 Threw 0x00000000ec20fcb8 at C:\re\jdk7u79\2331\hotspot\src\share\vm\prims\jvm.cpp:1304
Event: 3.545 Thread 0x00000000023e0800 Threw 0x00000000ecb549d0 at C:\re\jdk7u79\2331\hotspot\src\share\vm\prims\jvm.cpp:1304
Event: 3.551 Thread 0x000000000aa30000 Threw 0x00000000ecca5888 at C:\re\jdk7u79\2331\hotspot\src\share\vm\prims\jvm.cpp:1304
Event: 3.606 Thread 0x00000000023e0800 Threw 0x00000000ecdb1830 at C:\re\jdk7u79\2331\hotspot\src\share\vm\prims\jvm.cpp:1304
Event: 3.607 Thread 0x00000000023e0800 Implicit null exception at 0x00000000026272ce to 0x0000000002627a29
Event: 3.608 Thread 0x00000000023e0800 Implicit null exception at 0x000000000260f4a8 to 0x000000000260f6f5
Event: 3.771 Thread 0x00000000023e0800 Implicit null exception at 0x00000000025981d4 to 0x000000000259930d
Event: 3.873 Thread 0x000000000aa3f800 Implicit null exception at 0x000000000258d9d2 to 0x000000000258dac2

Events (10 events):
Event: 3.732 Thread 0x000000000aa30000 DEOPT PACKING pc=0x000000000259fe80 sp=0x000000000b2be540
Event: 3.732 Thread 0x000000000aa30000 DEOPT UNPACKING pc=0x00000000025175a4 sp=0x000000000b2be4e8 mode 2
Event: 3.771 Thread 0x00000000023e0800 Uncommon trap: trap_request=0xfffffff4 fr.pc=0x000000000259933c
Event: 3.771 Thread 0x00000000023e0800 DEOPT PACKING pc=0x000000000259933c sp=0x000000000237e6f0
Event: 3.771 Thread 0x00000000023e0800 DEOPT UNPACKING pc=0x00000000025175a4 sp=0x000000000237e480 mode 2
Event: 3.873 Thread 0x000000000aa3f800 Uncommon trap: trap_request=0xfffffff4 fr.pc=0x000000000258dad0
Event: 3.873 Thread 0x000000000aa3f800 DEOPT PACKING pc=0x000000000258dad0 sp=0x000000000b5be9d0
Event: 3.873 Thread 0x000000000aa3f800 DEOPT UNPACKING pc=0x00000000025175a4 sp=0x000000000b5be968 mode 2
Event: 3.882 Executing VM operation: ParallelGCFailedAllocation
Event: 3.931 Executing VM operation: ParallelGCFailedAllocation done


Dynamic libraries:
0x00007ff71bbd0000 - 0x00007ff71bc03000 	C:\Program Files\Java\jdk1.7.0_79\bin\java.exe
0x00007ff892520000 - 0x00007ff8926cc000 	C:\WINDOWS\SYSTEM32\ntdll.dll
0x00007ff88fdc0000 - 0x00007ff88fefe000 	C:\WINDOWS\system32\KERNEL32.DLL
0x00007ff88fa30000 - 0x00007ff88fb45000 	C:\WINDOWS\system32\KERNELBASE.dll
0x00007ff88e210000 - 0x00007ff88e29e000 	C:\WINDOWS\system32\apphelp.dll
0x00007ff879ed0000 - 0x00007ff879f23000 	C:\WINDOWS\AppPatch\AppPatch64\AcGenral.DLL
0x00007ff8916b0000 - 0x00007ff89175a000 	C:\WINDOWS\system32\msvcrt.dll
0x00007ff88f440000 - 0x00007ff88f46e000 	C:\WINDOWS\SYSTEM32\SspiCli.dll
0x00007ff8922a0000 - 0x00007ff8922f4000 	C:\WINDOWS\system32\SHLWAPI.dll
0x00007ff891430000 - 0x00007ff8915a7000 	C:\WINDOWS\system32\USER32.dll
0x00007ff891890000 - 0x00007ff891a24000 	C:\WINDOWS\system32\ole32.dll
0x00007ff88ff00000 - 0x00007ff891418000 	C:\WINDOWS\system32\SHELL32.dll
0x00007ff88ec10000 - 0x00007ff88ec31000 	C:\WINDOWS\SYSTEM32\USERENV.dll
0x00007ff891d80000 - 0x00007ff891e2a000 	C:\WINDOWS\system32\ADVAPI32.dll
0x00007ff887180000 - 0x00007ff88719e000 	C:\WINDOWS\SYSTEM32\MPR.dll
0x00007ff891a40000 - 0x00007ff891b81000 	C:\WINDOWS\system32\RPCRT4.dll
0x00007ff892240000 - 0x00007ff892299000 	C:\WINDOWS\SYSTEM32\sechost.dll
0x00007ff892010000 - 0x00007ff892221000 	C:\WINDOWS\SYSTEM32\combase.dll
0x00007ff88fba0000 - 0x00007ff88fcf1000 	C:\WINDOWS\system32\GDI32.dll
0x00007ff88f670000 - 0x00007ff88f685000 	C:\WINDOWS\SYSTEM32\profapi.dll
0x00007ff88dbe0000 - 0x00007ff88dc92000 	C:\WINDOWS\SYSTEM32\SHCORE.dll
0x00007ff8915b0000 - 0x00007ff8915e6000 	C:\WINDOWS\system32\IMM32.DLL
0x00007ff891bc0000 - 0x00007ff891d12000 	C:\WINDOWS\system32\MSCTF.dll
0x00007ff88c720000 - 0x00007ff88c99a000 	C:\WINDOWS\WinSxS\amd64_microsoft.windows.common-controls_6595b64144ccf1df_6.0.9600.17810_none_6240b9c7ecbd0bda\COMCTL32.dll
0x0000000076de0000 - 0x0000000076eb2000 	C:\Program Files\Java\jdk1.7.0_79\jre\bin\msvcr100.dll
0x0000000076060000 - 0x0000000076835000 	C:\Program Files\Java\jdk1.7.0_79\jre\bin\server\jvm.dll
0x00007ff8871a0000 - 0x00007ff8871a9000 	C:\WINDOWS\SYSTEM32\WSOCK32.dll
0x00007ff88a6f0000 - 0x00007ff88a712000 	C:\WINDOWS\SYSTEM32\WINMM.dll
0x00007ff891420000 - 0x00007ff891427000 	C:\WINDOWS\system32\PSAPI.DLL
0x00007ff891d20000 - 0x00007ff891d7a000 	C:\WINDOWS\system32\WS2_32.dll
0x00007ff88a6c0000 - 0x00007ff88a6ea000 	C:\WINDOWS\SYSTEM32\WINMMBASE.dll
0x00007ff891bb0000 - 0x00007ff891bb9000 	C:\WINDOWS\system32\NSI.dll
0x00007ff88fb50000 - 0x00007ff88fb9f000 	C:\WINDOWS\SYSTEM32\cfgmgr32.dll
0x00007ff88e460000 - 0x00007ff88e488000 	C:\WINDOWS\SYSTEM32\DEVOBJ.dll
0x0000000077570000 - 0x000000007757f000 	C:\Program Files\Java\jdk1.7.0_79\jre\bin\verify.dll
0x0000000077540000 - 0x0000000077568000 	C:\Program Files\Java\jdk1.7.0_79\jre\bin\java.dll
0x0000000077520000 - 0x0000000077535000 	C:\Program Files\Java\jdk1.7.0_79\jre\bin\zip.dll
0x0000000077500000 - 0x000000007751a000 	C:\Program Files\Java\jdk1.7.0_79\jre\bin\net.dll
0x00007ff88ee80000 - 0x00007ff88eed9000 	C:\WINDOWS\system32\mswsock.dll
0x00000000774e0000 - 0x00000000774f1000 	C:\Program Files\Java\jdk1.7.0_79\jre\bin\nio.dll

VM Arguments:
jvm_args: -Xmx1024M -Dfile.encoding=windows-1252 -Duser.country=AR -Duser.language=es -Duser.variant 
java_command: com.android.dx.command.Main --dex --num-threads=4 --output F:\Proyecto Transporte\Proyectos\AppBase\app\build\intermediates\pre-dexed\debug\classes-5f959e2fd975ea2f886b1bc685b0316e4e445305.jar F:\Proyecto Transporte\Proyectos\AppBase\app\build\intermediates\exploded-aar\com.android.support\support-v4\22.2.0\jars\classes.jar
Launcher Type: SUN_STANDARD

Environment Variables:
PATH=C:\ProgramData\Oracle\Java\javapath;C:\Program Files (x86)\HP SimplePass\x64;C:\Program Files (x86)\HP SimplePass\;C:\Program Files (x86)\Intel\iCLS Client\;C:\Program Files\Intel\iCLS Client\;C:\WINDOWS\system32;C:\WINDOWS;C:\WINDOWS\System32\Wbem;C:\WINDOWS\System32\WindowsPowerShell\v1.0\;C:\Program Files (x86)\Intel\OpenCL SDK\2.0\bin\x86;C:\Program Files (x86)\Intel\OpenCL SDK\2.0\bin\x64;C:\Program Files\Intel\Intel(R) Management Engine Components\DAL;C:\Program Files\Intel\Intel(R) Management Engine Components\IPT;C:\Program Files (x86)\Intel\Intel(R) Management Engine Components\DAL;C:\Program Files (x86)\Intel\Intel(R) Management Engine Components\IPT;C:\Program Files\TortoiseSVN\bin;C:\Program Files (x86)\Skype\Phone\;C:\Program Files (x86)\Subversion\bin
USERNAME=soled_000
OS=Windows_NT
PROCESSOR_IDENTIFIER=Intel64 Family 6 Model 58 Stepping 9, GenuineIntel



---------------  S Y S T E M  ---------------

OS: Windows 8.1 , 64 bit Build 9600 

CPU:total 8 (4 cores per cpu, 2 threads per core) family 6 model 58 stepping 9, cmov, cx8, fxsr, mmx, sse, sse2, sse3, ssse3, sse4.1, sse4.2, popcnt, avx, aes, erms, ht, tsc, tscinvbit, tscinv

Memory: 4k page, physical 8280028k(2391104k free), swap 8280028k(5312k free)

vm_info: Java HotSpot(TM) 64-Bit Server VM (24.79-b02) for windows-amd64 JRE (1.7.0_79-b15), built on Apr 10 2015 12:36:16 by "java_re" with unknown MS VC++:1600

time: Tue Jun 30 12:12:50 2015
elapsed time: 3 seconds

