#
# There is insufficient memory for the Java Runtime Environment to continue.
# Native memory allocation (malloc) failed to allocate 562336 bytes for Chunk::new
# Possible reasons:
#   The system is out of physical RAM or swap space
#   In 32 bit mode, the process size limit was hit
# Possible solutions:
#   Reduce memory load on the system
#   Increase physical memory or swap space
#   Check if swap backing store is full
#   Use 64 bit Java on a 64 bit OS
#   Decrease Java heap size (-Xmx/-Xms)
#   Decrease number of Java threads
#   Decrease Java thread stack sizes (-Xss)
#   Set larger code cache with -XX:ReservedCodeCacheSize=
# This output file may be truncated or incomplete.
#
#  Out of Memory Error (allocation.cpp:323), pid=6312, tid=2836
#
# JRE version: Java(TM) SE Runtime Environment (7.0_79-b15) (build 1.7.0_79-b15)
# Java VM: Java HotSpot(TM) 64-Bit Server VM (24.79-b02 mixed mode windows-amd64 compressed oops)
# Failed to write core dump. Minidumps are not enabled by default on client versions of Windows
#

---------------  T H R E A D  ---------------

Current thread (0x000000000206d000):  JavaThread "C2 CompilerThread1" daemon [_thread_in_native, id=2836, stack(0x000000000aa50000,0x000000000ab50000)]

Stack: [0x000000000aa50000,0x000000000ab50000]
[error occurred during error reporting (printing stack bounds), id 0xc0000005]


[error occurred during error reporting (printing native stack), id 0xc0000005]


Current CompileTask:
C2:   4192  290   !         com.android.dx.cf.cst.ConstantPoolParser::parse0 (731 bytes)


---------------  P R O C E S S  ---------------

Java Threads: ( => current thread )
  0x000000000a5e3000 JavaThread "pool-1-thread-4" [_thread_blocked, id=6148, stack(0x000000000b150000,0x000000000b250000)]
  0x000000000a533000 JavaThread "pool-1-thread-3" [_thread_blocked, id=4612, stack(0x000000000b050000,0x000000000b150000)]
  0x000000000a53b000 JavaThread "pool-1-thread-2" [_thread_in_Java, id=7768, stack(0x000000000af50000,0x000000000b050000)]
  0x000000000a642800 JavaThread "pool-2-thread-1" [_thread_blocked, id=5448, stack(0x000000000ae50000,0x000000000af50000)]
  0x000000000a641800 JavaThread "pool-1-thread-1" [_thread_blocked, id=2132, stack(0x000000000ad50000,0x000000000ae50000)]
  0x000000000206d800 JavaThread "Service Thread" daemon [_thread_blocked, id=7688, stack(0x000000000ab50000,0x000000000ac50000)]
=>0x000000000206d000 JavaThread "C2 CompilerThread1" daemon [_thread_in_native, id=2836, stack(0x000000000aa50000,0x000000000ab50000)]
  0x000000000205d800 JavaThread "C2 CompilerThread0" daemon [_thread_in_native, id=3988, stack(0x000000000a950000,0x000000000aa50000)]
  0x000000000205d000 JavaThread "Attach Listener" daemon [_thread_blocked, id=6476, stack(0x000000000a850000,0x000000000a950000)]
  0x0000000002058000 JavaThread "Signal Dispatcher" daemon [_thread_blocked, id=7732, stack(0x000000000a750000,0x000000000a850000)]
  0x000000000836f800 JavaThread "Finalizer" daemon [_thread_blocked, id=6172, stack(0x000000000a250000,0x000000000a350000)]
  0x0000000008369000 JavaThread "Reference Handler" daemon [_thread_blocked, id=2056, stack(0x000000000a150000,0x000000000a250000)]
  0x0000000001f70800 JavaThread "main" [_thread_in_vm, id=7264, stack(0x0000000001e70000,0x0000000001f70000)]

Other Threads:
  0x0000000008365000 VMThread [stack: 0x000000000a050000,0x000000000a150000] [id=5112]
  0x000000000a37d000 WatcherThread [stack: 0x000000000ac50000,0x000000000ad50000] [id=7804]

VM state:not at safepoint (normal execution)

VM Mutex/Monitor currently owned by a thread: None

Heap
 PSYoungGen      total 38400K, used 10832K [0x00000000eaa80000, 0x00000000ed500000, 0x0000000100000000)
  eden space 33280K, 17% used [0x00000000eaa80000,0x00000000eb0181f8,0x00000000ecb00000)
  from space 5120K, 99% used [0x00000000ed000000,0x00000000ed4fc178,0x00000000ed500000)
  to   space 5120K, 0% used [0x00000000ecb00000,0x00000000ecb00000,0x00000000ed000000)
 ParOldGen       total 86016K, used 15583K [0x00000000c0000000, 0x00000000c5400000, 0x00000000eaa80000)
  object space 86016K, 18% used [0x00000000c0000000,0x00000000c0f37d38,0x00000000c5400000)
 PSPermGen       total 21504K, used 5802K [0x00000000bae00000, 0x00000000bc300000, 0x00000000c0000000)
  object space 21504K, 26% used [0x00000000bae00000,0x00000000bb3aab50,0x00000000bc300000)

Card table byte_map: [0x0000000005130000,0x0000000005360000] byte_map_base: 0x0000000004b59000

Polling page: 0x0000000001dc0000

Code Cache  [0x0000000002070000, 0x00000000022e0000, 0x0000000005070000)
 total_blobs=527 nmethods=290 adapters=189 free_code_cache=47947Kb largest_free_block=49052672

Compilation events (10 events):
Event: 3.680 Thread 0x000000000205d800 nmethod 286 0x0000000002194590 code [0x00000000021946e0, 0x0000000002194748]
Event: 3.680 Thread 0x000000000205d800  287             com.android.dx.ssa.SsaMethod::buildUseList (112 bytes)
Event: 4.160 Thread 0x000000000205d800 nmethod 287 0x000000000218be90 code [0x000000000218c060, 0x000000000218c848]
Event: 4.160 Thread 0x000000000205d800  288             com.android.dx.ssa.back.SsaToRop::removePhiFunctions (83 bytes)
Event: 4.173 Thread 0x000000000206d000 nmethod 285 0x00000000021a3f50 code [0x00000000021a41c0, 0x00000000021a5010]
Event: 4.173 Thread 0x000000000206d000  289             com.android.dx.ssa.SsaBasicBlock::getCountPhiInsns (45 bytes)
Event: 4.176 Thread 0x000000000206d000 nmethod 289 0x0000000002192150 code [0x00000000021922a0, 0x0000000002192498]
Event: 4.176 Thread 0x000000000206d000  290   !         com.android.dx.cf.cst.ConstantPoolParser::parse0 (731 bytes)
Event: 4.187 Thread 0x000000000205d800 nmethod 288 0x00000000021a60d0 code [0x00000000021a62e0, 0x00000000021a6e70]
Event: 4.187 Thread 0x000000000205d800  291             com.android.dx.ssa.SCCP::simulateStmt (481 bytes)

GC Heap History (4 events):
Event: 2.309 GC heap before
{Heap before GC invocations=1 (full 0):
 PSYoungGen      total 38400K, used 33280K [0x00000000eaa80000, 0x00000000ed500000, 0x0000000100000000)
  eden space 33280K, 100% used [0x00000000eaa80000,0x00000000ecb00000,0x00000000ecb00000)
  from space 5120K, 0% used [0x00000000ed000000,0x00000000ed000000,0x00000000ed500000)
  to   space 5120K, 0% used [0x00000000ecb00000,0x00000000ecb00000,0x00000000ed000000)
 ParOldGen       total 86016K, used 0K [0x00000000c0000000, 0x00000000c5400000, 0x00000000eaa80000)
  object space 86016K, 0% used [0x00000000c0000000,0x00000000c0000000,0x00000000c5400000)
 PSPermGen       total 21504K, used 5740K [0x00000000bae00000, 0x00000000bc300000, 0x00000000c0000000)
  object space 21504K, 26% used [0x00000000bae00000,0x00000000bb39b280,0x00000000bc300000)
Event: 3.307 GC heap after
Heap after GC invocations=1 (full 0):
 PSYoungGen      total 38400K, used 5108K [0x00000000eaa80000, 0x00000000ed500000, 0x0000000100000000)
  eden space 33280K, 0% used [0x00000000eaa80000,0x00000000eaa80000,0x00000000ecb00000)
  from space 5120K, 99% used [0x00000000ecb00000,0x00000000ecffd398,0x00000000ed000000)
  to   space 5120K, 0% used [0x00000000ed000000,0x00000000ed000000,0x00000000ed500000)
 ParOldGen       total 86016K, used 4928K [0x00000000c0000000, 0x00000000c5400000, 0x00000000eaa80000)
  object space 86016K, 5% used [0x00000000c0000000,0x00000000c04d03a0,0x00000000c5400000)
 PSPermGen       total 21504K, used 5740K [0x00000000bae00000, 0x00000000bc300000, 0x00000000c0000000)
  object space 21504K, 26% used [0x00000000bae00000,0x00000000bb39b280,0x00000000bc300000)
}
Event: 3.740 GC heap before
{Heap before GC invocations=2 (full 0):
 PSYoungGen      total 38400K, used 38388K [0x00000000eaa80000, 0x00000000ed500000, 0x0000000100000000)
  eden space 33280K, 100% used [0x00000000eaa80000,0x00000000ecb00000,0x00000000ecb00000)
  from space 5120K, 99% used [0x00000000ecb00000,0x00000000ecffd398,0x00000000ed000000)
  to   space 5120K, 0% used [0x00000000ed000000,0x00000000ed000000,0x00000000ed500000)
 ParOldGen       total 86016K, used 4928K [0x00000000c0000000, 0x00000000c5400000, 0x00000000eaa80000)
  object space 86016K, 5% used [0x00000000c0000000,0x00000000c04d03a0,0x00000000c5400000)
 PSPermGen       total 21504K, used 5799K [0x00000000bae00000, 0x00000000bc300000, 0x00000000c0000000)
  object space 21504K, 26% used [0x00000000bae00000,0x00000000bb3a9e70,0x00000000bc300000)
Event: 4.159 GC heap after
Heap after GC invocations=2 (full 0):
 PSYoungGen      total 38400K, used 5104K [0x00000000eaa80000, 0x00000000ed500000, 0x0000000100000000)
  eden space 33280K, 0% used [0x00000000eaa80000,0x00000000eaa80000,0x00000000ecb00000)
  from space 5120K, 99% used [0x00000000ed000000,0x00000000ed4fc178,0x00000000ed500000)
  to   space 5120K, 0% used [0x00000000ecb00000,0x00000000ecb00000,0x00000000ed000000)
 ParOldGen       total 86016K, used 15583K [0x00000000c0000000, 0x00000000c5400000, 0x00000000eaa80000)
  object space 86016K, 18% used [0x00000000c0000000,0x00000000c0f37d38,0x00000000c5400000)
 PSPermGen       total 21504K, used 5799K [0x00000000bae00000, 0x00000000bc300000, 0x00000000c0000000)
  object space 21504K, 26% used [0x00000000bae00000,0x00000000bb3a9e70,0x00000000bc300000)
}

Deoptimization events (10 events):
Event: 3.416 Thread 0x0000000001f70800 Uncommon trap: reason=bimorphic action=maybe_recompile pc=0x000000000215f158 method=com.android.dx.cf.code.BytecodeArray.parseInstruction(ILcom/android/dx/cf/code/BytecodeArray$Visitor;)I @ 939
Event: 3.416 Thread 0x0000000001f70800 Uncommon trap: reason=bimorphic action=maybe_recompile pc=0x000000000215f058 method=com.android.dx.cf.code.BytecodeArray.parseInstruction(ILcom/android/dx/cf/code/BytecodeArray$Visitor;)I @ 907
Event: 3.416 Thread 0x0000000001f70800 Uncommon trap: reason=bimorphic action=maybe_recompile pc=0x000000000215f554 method=com.android.dx.cf.code.BytecodeArray.parseInstruction(ILcom/android/dx/cf/code/BytecodeArray$Visitor;)I @ 1224
Event: 3.416 Thread 0x0000000001f70800 Uncommon trap: reason=bimorphic action=maybe_recompile pc=0x000000000215f0d8 method=com.android.dx.cf.code.BytecodeArray.parseInstruction(ILcom/android/dx/cf/code/BytecodeArray$Visitor;)I @ 923
Event: 3.416 Thread 0x0000000001f70800 Uncommon trap: reason=bimorphic action=maybe_recompile pc=0x000000000215f554 method=com.android.dx.cf.code.BytecodeArray.parseInstruction(ILcom/android/dx/cf/code/BytecodeArray$Visitor;)I @ 1224
Event: 3.417 Thread 0x0000000001f70800 Uncommon trap: reason=class_check action=maybe_recompile pc=0x000000000214f8f0 method=com.android.dx.cf.code.Ropper.processBlock(Lcom/android/dx/cf/code/ByteBlock;Lcom/android/dx/cf/code/Frame;[I)V @ 777
Event: 3.417 Thread 0x0000000001f70800 Uncommon trap: reason=class_check action=maybe_recompile pc=0x000000000214f8f0 method=com.android.dx.cf.code.Ropper.processBlock(Lcom/android/dx/cf/code/ByteBlock;Lcom/android/dx/cf/code/Frame;[I)V @ 777
Event: 3.420 Thread 0x0000000001f70800 Uncommon trap: reason=unreached action=reinterpret pc=0x00000000020eea04 method=com.android.dx.rop.cst.Constant.compareTo(Lcom/android/dx/rop/cst/Constant;)I @ 12
Event: 3.456 Thread 0x000000000a53b000 Uncommon trap: reason=class_check action=maybe_recompile pc=0x000000000212187c method=com.android.dx.ssa.SsaConverter.placePhiFunctions(Lcom/android/dx/ssa/SsaMethod;Lcom/android/dx/ssa/LocalVariableInfo;I)V @ 257
Event: 3.676 Thread 0x000000000a533000 Uncommon trap: reason=class_check action=maybe_recompile pc=0x00000000021400b8 method=java.util.HashMap.put(Ljava/lang/Object;Ljava/lang/Object;)Ljava/lang/Object; @ 83

Internal exceptions (10 events):
Event: 1.375 Thread 0x0000000001f70800 Threw 0x00000000eb794c68 at C:\re\jdk7u79\2331\hotspot\src\share\vm\prims\jvm.cpp:1304
Event: 1.412 Thread 0x000000000a641800 Implicit null exception at 0x00000000020efba8 to 0x00000000020efed9
Event: 1.468 Thread 0x000000000a5e3000 Threw 0x00000000eb9d6a98 at C:\re\jdk7u79\2331\hotspot\src\share\vm\prims\jvm.cpp:1304
Event: 1.792 Thread 0x000000000a533000 Implicit null exception at 0x00000000021111b3 to 0x00000000021118dd
Event: 2.047 Thread 0x0000000001f70800 Implicit null exception at 0x0000000002129a80 to 0x000000000212ab75
Event: 2.149 Thread 0x0000000001f70800 Implicit null exception at 0x000000000213bceb to 0x000000000213c3c9
Event: 3.415 Thread 0x0000000001f70800 Threw 0x00000000eb205d20 at C:\re\jdk7u79\2331\hotspot\src\share\vm\prims\jvm.cpp:1304
Event: 3.453 Thread 0x000000000a53b000 Threw 0x00000000eb72aa98 at C:\re\jdk7u79\2331\hotspot\src\share\vm\prims\jvm.cpp:1304
Event: 3.457 Thread 0x000000000a53b000 Threw 0x00000000eb773d88 at C:\re\jdk7u79\2331\hotspot\src\share\vm\prims\jvm.cpp:1304
Event: 3.631 Thread 0x0000000001f70800 Threw 0x00000000ec914930 at C:\re\jdk7u79\2331\hotspot\src\share\vm\prims\jvm.cpp:1304

Events (10 events):
Event: 3.457 Thread 0x000000000a53b000 DEOPT UNPACKING pc=0x00000000020a75a4 sp=0x000000000b04ed20 mode 2
Event: 3.457 loading class 0x000000000a570650
Event: 3.457 loading class 0x000000000a570650 done
Event: 3.631 loading class 0x000000000a5d61a0
Event: 3.631 loading class 0x000000000a5d61a0 done
Event: 3.675 Thread 0x000000000a533000 Uncommon trap: trap_request=0xffffffde fr.pc=0x00000000021400b8
Event: 3.676 Thread 0x000000000a533000 DEOPT PACKING pc=0x00000000021400b8 sp=0x000000000b14eaf0
Event: 3.676 Thread 0x000000000a533000 DEOPT UNPACKING pc=0x00000000020a75a4 sp=0x000000000b14ea98 mode 2
Event: 3.688 Executing VM operation: ParallelGCFailedAllocation
Event: 4.159 Executing VM operation: ParallelGCFailedAllocation done


Dynamic libraries:
0x00007ff70f950000 - 0x00007ff70f983000 	C:\Program Files\Java\jdk1.7.0_79\bin\java.exe
0x00007ff9f8a60000 - 0x00007ff9f8c0c000 	C:\WINDOWS\SYSTEM32\ntdll.dll
0x00007ff9f6770000 - 0x00007ff9f68ae000 	C:\WINDOWS\system32\KERNEL32.DLL
0x00007ff9f5f70000 - 0x00007ff9f6085000 	C:\WINDOWS\system32\KERNELBASE.dll
0x00007ff9f44a0000 - 0x00007ff9f452e000 	C:\WINDOWS\system32\apphelp.dll
0x00007ff9e6750000 - 0x00007ff9e67a3000 	C:\WINDOWS\AppPatch\AppPatch64\AcGenral.DLL
0x00007ff9f60e0000 - 0x00007ff9f618a000 	C:\WINDOWS\system32\msvcrt.dll
0x00007ff9f5980000 - 0x00007ff9f59ae000 	C:\WINDOWS\SYSTEM32\SspiCli.dll
0x00007ff9f85e0000 - 0x00007ff9f8634000 	C:\WINDOWS\system32\SHLWAPI.dll
0x00007ff9f8640000 - 0x00007ff9f87b7000 	C:\WINDOWS\system32\USER32.dll
0x00007ff9f6d10000 - 0x00007ff9f6ea4000 	C:\WINDOWS\system32\ole32.dll
0x00007ff9f70c0000 - 0x00007ff9f85d8000 	C:\WINDOWS\system32\SHELL32.dll
0x00007ff9f5150000 - 0x00007ff9f5171000 	C:\WINDOWS\SYSTEM32\USERENV.dll
0x00007ff9f7010000 - 0x00007ff9f70ba000 	C:\WINDOWS\system32\ADVAPI32.dll
0x00007ff9ec360000 - 0x00007ff9ec37e000 	C:\WINDOWS\SYSTEM32\MPR.dll
0x00007ff9f6230000 - 0x00007ff9f6371000 	C:\WINDOWS\system32\RPCRT4.dll
0x00007ff9f6920000 - 0x00007ff9f6979000 	C:\WINDOWS\SYSTEM32\sechost.dll
0x00007ff9f6990000 - 0x00007ff9f6ba1000 	C:\WINDOWS\SYSTEM32\combase.dll
0x00007ff9f6bb0000 - 0x00007ff9f6d01000 	C:\WINDOWS\system32\GDI32.dll
0x00007ff9f5bb0000 - 0x00007ff9f5bc5000 	C:\WINDOWS\SYSTEM32\profapi.dll
0x00007ff9f4180000 - 0x00007ff9f4232000 	C:\WINDOWS\SYSTEM32\SHCORE.dll
0x00007ff9f61f0000 - 0x00007ff9f6226000 	C:\WINDOWS\system32\IMM32.DLL
0x00007ff9f6eb0000 - 0x00007ff9f7002000 	C:\WINDOWS\system32\MSCTF.dll
0x00007ff9f3800000 - 0x00007ff9f3a7a000 	C:\WINDOWS\WinSxS\amd64_microsoft.windows.common-controls_6595b64144ccf1df_6.0.9600.17810_none_6240b9c7ecbd0bda\COMCTL32.dll
0x000000005b7b0000 - 0x000000005b882000 	C:\Program Files\Java\jdk1.7.0_79\jre\bin\msvcr100.dll
0x000000005bba0000 - 0x000000005c375000 	C:\Program Files\Java\jdk1.7.0_79\jre\bin\server\jvm.dll
0x00007ff9eb7d0000 - 0x00007ff9eb7d9000 	C:\WINDOWS\SYSTEM32\WSOCK32.dll
0x00007ff9f0ce0000 - 0x00007ff9f0d02000 	C:\WINDOWS\SYSTEM32\WINMM.dll
0x00007ff9f88a0000 - 0x00007ff9f88a7000 	C:\WINDOWS\system32\PSAPI.DLL
0x00007ff9f6190000 - 0x00007ff9f61ea000 	C:\WINDOWS\system32\WS2_32.dll
0x00007ff9f0cb0000 - 0x00007ff9f0cda000 	C:\WINDOWS\SYSTEM32\WINMMBASE.dll
0x00007ff9f64c0000 - 0x00007ff9f64c9000 	C:\WINDOWS\system32\NSI.dll
0x00007ff9f6090000 - 0x00007ff9f60df000 	C:\WINDOWS\SYSTEM32\cfgmgr32.dll
0x00007ff9f49b0000 - 0x00007ff9f49d8000 	C:\WINDOWS\SYSTEM32\DEVOBJ.dll
0x000000005bb90000 - 0x000000005bb9f000 	C:\Program Files\Java\jdk1.7.0_79\jre\bin\verify.dll
0x000000005bb60000 - 0x000000005bb88000 	C:\Program Files\Java\jdk1.7.0_79\jre\bin\java.dll
0x000000005bb40000 - 0x000000005bb55000 	C:\Program Files\Java\jdk1.7.0_79\jre\bin\zip.dll
0x000000005bb20000 - 0x000000005bb3a000 	C:\Program Files\Java\jdk1.7.0_79\jre\bin\net.dll
0x00007ff9f53c0000 - 0x00007ff9f5419000 	C:\WINDOWS\system32\mswsock.dll
0x000000005bb00000 - 0x000000005bb11000 	C:\Program Files\Java\jdk1.7.0_79\jre\bin\nio.dll

VM Arguments:
jvm_args: -Xmx1024M -Dfile.encoding=windows-1252 -Duser.country=AR -Duser.language=es -Duser.variant 
java_command: com.android.dx.command.Main --dex --num-threads=4 --output F:\Proyecto Transporte\Proyectos\AppBase\app\build\intermediates\pre-dexed\debug\classes-5237a4640c46f0e15549f0c898eae8de1e48daa4.jar F:\Proyecto Transporte\Proyectos\AppBase\app\build\intermediates\exploded-aar\com.digits.sdk.android\digits\1.1.0\jars\classes.jar
Launcher Type: SUN_STANDARD

Environment Variables:
PATH=C:\ProgramData\Oracle\Java\javapath;C:\Program Files (x86)\HP SimplePass\x64;C:\Program Files (x86)\HP SimplePass\;C:\Program Files (x86)\Intel\iCLS Client\;C:\Program Files\Intel\iCLS Client\;C:\WINDOWS\system32;C:\WINDOWS;C:\WINDOWS\System32\Wbem;C:\WINDOWS\System32\WindowsPowerShell\v1.0\;C:\Program Files (x86)\Intel\OpenCL SDK\2.0\bin\x86;C:\Program Files (x86)\Intel\OpenCL SDK\2.0\bin\x64;C:\Program Files\Intel\Intel(R) Management Engine Components\DAL;C:\Program Files\Intel\Intel(R) Management Engine Components\IPT;C:\Program Files (x86)\Intel\Intel(R) Management Engine Components\DAL;C:\Program Files (x86)\Intel\Intel(R) Management Engine Components\IPT;C:\Program Files\TortoiseSVN\bin;C:\Program Files (x86)\Skype\Phone\;C:\Program Files (x86)\Subversion\bin
USERNAME=soled_000
OS=Windows_NT
PROCESSOR_IDENTIFIER=Intel64 Family 6 Model 58 Stepping 9, GenuineIntel



---------------  S Y S T E M  ---------------

OS: Windows 8.1 , 64 bit Build 9600 

CPU:total 8 (4 cores per cpu, 2 threads per core) family 6 model 58 stepping 9, cmov, cx8, fxsr, mmx, sse, sse2, sse3, ssse3, sse4.1, sse4.2, popcnt, avx, aes, erms, ht, tsc, tscinvbit, tscinv

Memory: 4k page, physical 8280028k(1968044k free), swap 8280028k(4772k free)

vm_info: Java HotSpot(TM) 64-Bit Server VM (24.79-b02) for windows-amd64 JRE (1.7.0_79-b15), built on Apr 10 2015 12:36:16 by "java_re" with unknown MS VC++:1600

time: Fri Jun 26 15:21:20 2015
elapsed time: 4 seconds

